============================================================
YTD V2 A/B BACKTEST: Top-5 Ranked + Trade Cap
Period: Jan 2 - Mar 12, 2026 (85 trading days)
Starting equity: $30,000
Max 5 trades/day, daily loss limit $-1,500
============================================================
[1/85] 2025-09-02: 6 scanned → 6 passed → top 5 selected (risk A=$750, B=$750)
    #1 HWH: vol=36,322,616, gap=80%, float=0.4M
    #2 GCTK: vol=4,832,414, gap=40%, float=0.8M
    #3 SHFS: vol=4,630,981, gap=94%, float=1.3M
    #4 UUU: vol=4,262,527, gap=28%, float=1.6M
    #5 SSKN: vol=12,037,910, gap=68%, float=2.0M
    HWH: ticks=941,737 armed=2 signals=2 trades=2 pnl=+1699
    GCTK: ticks=43,494 armed=0 signals=0 trades=0 pnl=+0
    SHFS: ticks=322,072 armed=3 signals=3 trades=3 pnl=+2833
    UUU: ticks=488,610 armed=1 signals=1 trades=1 pnl=+1282
    SSKN: ticks=287,635 armed=3 signals=3 trades=2 pnl=-295
    HWH: ticks=941,737 armed=2 signals=2 trades=2 pnl=+1699
    GCTK: ticks=43,494 armed=0 signals=0 trades=0 pnl=+0
    SHFS: ticks=322,072 armed=3 signals=3 trades=3 pnl=+2833
    UUU: ticks=488,610 armed=1 signals=1 trades=1 pnl=+1282
    SSKN: ticks=287,635 armed=3 signals=3 trades=2 pnl=-295
  A: 3 trades, $+4,223, eq=$34,223 | B: 3 trades, $+4,223, eq=$34,223
[2/85] 2025-09-03: 7 scanned → 7 passed → top 5 selected (risk A=$855, B=$855)
    #1 STI: vol=31,095,446, gap=145%, float=2.2M
    #2 AIHS: vol=10,405,597, gap=37%, float=4.4M
    #3 BTBD: vol=3,401,453, gap=63%, float=3.1M
    #4 SINT: vol=1,460,172, gap=32%, float=3.0M
    #5 BAOS: vol=289,261, gap=18%, float=0.9M
    STI: ticks=309,293 armed=0 signals=0 trades=0 pnl=+0
    AIHS: ticks=1,124,733 armed=3 signals=3 trades=3 pnl=+1177
    BTBD: ticks=497,984 armed=3 signals=3 trades=3 pnl=-1115
    SINT: ticks=344,885 armed=2 signals=1 trades=1 pnl=-366
    BAOS: ticks=196,075 armed=5 signals=5 trades=3 pnl=+7988
    STI: ticks=309,293 armed=0 signals=0 trades=0 pnl=+0
    AIHS: ticks=1,124,733 armed=3 signals=3 trades=3 pnl=+1177
    BTBD: ticks=497,984 armed=3 signals=3 trades=3 pnl=-1115
    SINT: ticks=344,885 armed=2 signals=1 trades=1 pnl=-366
    BAOS: ticks=196,075 armed=5 signals=5 trades=3 pnl=+7988
  A: 2 trades, $+147, eq=$34,370 | B: 2 trades, $+147, eq=$34,370
[3/85] 2025-09-04: 7 scanned → 7 passed → top 5 selected (risk A=$859, B=$859)
    #1 BRIA: vol=10,186,227, gap=98%, float=5.9M
    #2 BBLG: vol=3,132,384, gap=28%, float=1.8M
    #3 POLA: vol=1,013,505, gap=46%, float=1.9M
    #4 NCI: vol=6,844,048, gap=27%, float=3.5M
    #5 SNTG: vol=775,566, gap=16%, float=1.1M
    BRIA: ticks=99,730 armed=0 signals=0 trades=0 pnl=+0
    BBLG: ticks=628,970 armed=4 signals=4 trades=4 pnl=+841
    BRIA: ticks=99,730 armed=0 signals=0 trades=0 pnl=+0
    BBLG: ticks=628,970 armed=4 signals=4 trades=4 pnl=+841
  A: 2 trades, $-92, eq=$34,278 | B: 2 trades, $-92, eq=$34,278
[4/85] 2025-09-05: 3 scanned → 3 passed → top 3 selected (risk A=$856, B=$856)
    #1 HOUR: vol=26,140,886, gap=57%, float=1.7M
    #2 VEEE: vol=14,332,327, gap=58%, float=8.2M
    #3 CERO: vol=69,194, gap=25%, float=1.2M
    HOUR: ticks=659,833 armed=2 signals=2 trades=2 pnl=+879
    VEEE: ticks=335,946 armed=1 signals=1 trades=1 pnl=-95
    CERO: ticks=59,943 armed=3 signals=3 trades=1 pnl=-817
    HOUR: ticks=659,833 armed=2 signals=2 trades=2 pnl=+879
    VEEE: ticks=335,946 armed=1 signals=1 trades=1 pnl=-95
    CERO: ticks=59,943 armed=3 signals=3 trades=1 pnl=-817
  A: 2 trades, $+879, eq=$35,157 | B: 2 trades, $+879, eq=$35,157
[5/85] 2025-09-08: 0 scanned, 0 passed filter, 0 selected
[6/85] 2025-09-09: 6 scanned → 5 passed → top 5 selected (risk A=$878, B=$878)
    #1 BON: vol=25,243,977, gap=106%, float=6.0M
    #2 CWD: vol=20,465,530, gap=368%, float=5.5M
    #3 SBLX: vol=377,481, gap=25%, float=0.6M
    #4 UOKA: vol=81,314, gap=15%, float=1.1M
    #5 YJ: vol=51,386, gap=20%, float=2.5M
    BON: ticks=366,473 armed=2 signals=2 trades=2 pnl=+172
    CWD: ticks=1,796,411 armed=6 signals=6 trades=5 pnl=+4009
    BON: ticks=366,473 armed=2 signals=2 trades=2 pnl=+172
    CWD: ticks=1,796,411 armed=6 signals=6 trades=5 pnl=+4009
  A: 5 trades, $+3,465, eq=$38,622 | B: 5 trades, $+3,465, eq=$38,622
[7/85] 2025-09-10: 12 scanned → 12 passed → top 5 selected (risk A=$965, B=$965)
    #1 RBNE: vol=15,002,332, gap=81%, float=2.7M
    #2 JBDI: vol=24,054,803, gap=138%, float=3.8M
    #3 AEHL: vol=3,242,821, gap=313%, float=1.1M
    #4 TANH: vol=9,207,755, gap=35%, float=1.4M
    #5 GLE: vol=27,069,288, gap=320%, float=4.3M
    RBNE: ticks=380,882 armed=3 signals=3 trades=3 pnl=+2058
    JBDI: ticks=105,469 armed=0 signals=0 trades=0 pnl=+0
    AEHL: ticks=310,120 armed=0 signals=0 trades=0 pnl=+0
    TANH: ticks=50,601 armed=1 signals=1 trades=1 pnl=+1895
    GLE: ticks=568,197 armed=0 signals=0 trades=0 pnl=+0
    RBNE: ticks=380,882 armed=3 signals=3 trades=3 pnl=+2058
    JBDI: ticks=105,469 armed=0 signals=0 trades=0 pnl=+0
    AEHL: ticks=310,120 armed=0 signals=0 trades=0 pnl=+0
    TANH: ticks=50,601 armed=1 signals=1 trades=1 pnl=+1895
    GLE: ticks=568,197 armed=0 signals=0 trades=0 pnl=+0
  A: 2 trades, $+817, eq=$39,439 | B: 2 trades, $+817, eq=$39,439
[8/85] 2025-09-11: 8 scanned → 8 passed → top 5 selected (risk A=$985, B=$985)
    #1 AMST: vol=13,756,656, gap=68%, float=3.0M
    #2 SLXN: vol=2,884,512, gap=268%, float=3.0M
    #3 GRI: vol=6,653,589, gap=84%, float=1.4M
    #4 VNCE: vol=11,348,256, gap=108%, float=2.6M
    #5 TWG: vol=2,016,482, gap=37%, float=0.4M
    AMST: ticks=239,237 armed=0 signals=0 trades=0 pnl=+0
    SLXN: ticks=277,266 armed=1 signals=1 trades=0 pnl=+0
    GRI: ticks=312,008 armed=2 signals=2 trades=2 pnl=+2640
    VNCE: ticks=417,903 armed=1 signals=1 trades=0 pnl=+0
    TWG: ticks=12,420 armed=0 signals=0 trades=0 pnl=+0
    AMST: ticks=239,237 armed=0 signals=0 trades=0 pnl=+0
    SLXN: ticks=277,266 armed=1 signals=1 trades=0 pnl=+0
    GRI: ticks=312,008 armed=2 signals=2 trades=2 pnl=+2640
    VNCE: ticks=417,903 armed=1 signals=1 trades=0 pnl=+0
    TWG: ticks=12,420 armed=0 signals=0 trades=0 pnl=+0
  A: 2 trades, $+2,640, eq=$42,079 | B: 2 trades, $+2,640, eq=$42,079
[9/85] 2025-09-12: 5 scanned → 5 passed → top 5 selected (risk A=$1051, B=$1051)
    #1 COCP: vol=27,028,997, gap=115%, float=6.8M
    #2 GCTK: vol=13,529,524, gap=173%, float=0.8M
    #3 UOKA: vol=2,684,719, gap=25%, float=1.1M
    #4 BGLC: vol=1,540,580, gap=11%, float=1.3M
    #5 MGIH: vol=10,033,575, gap=43%, float=1.2M
    COCP: ticks=442,730 armed=3 signals=3 trades=2 pnl=+643
    GCTK: ticks=461,561 armed=1 signals=1 trades=1 pnl=+2154
    UOKA: ticks=209,760 armed=2 signals=2 trades=2 pnl=+2635
    BGLC: ticks=8,664 armed=0 signals=0 trades=0 pnl=+0
    MGIH: ticks=54,953 armed=0 signals=0 trades=0 pnl=+0
    COCP: ticks=442,730 armed=3 signals=3 trades=2 pnl=+643
    GCTK: ticks=461,561 armed=1 signals=1 trades=1 pnl=+2154
    UOKA: ticks=209,760 armed=2 signals=2 trades=2 pnl=+2635
    BGLC: ticks=8,664 armed=0 signals=0 trades=0 pnl=+0
    MGIH: ticks=54,953 armed=0 signals=0 trades=0 pnl=+0
  A: 3 trades, $+230, eq=$42,309 | B: 3 trades, $+230, eq=$42,309
[10/85] 2025-09-15: 9 scanned → 8 passed → top 5 selected (risk A=$1057, B=$1057)
    #1 IHT: vol=6,324,508, gap=90%, float=2.8M
    #2 EVTV: vol=4,525,356, gap=61%, float=3.0M
    #3 MBAI: vol=21,250,170, gap=215%, float=4.7M
    #4 DCOY: vol=1,661,184, gap=26%, float=0.5M
    #5 FRGT: vol=619,824, gap=45%, float=0.5M
    IHT: ticks=84,658 armed=0 signals=0 trades=0 pnl=+0
    EVTV: ticks=164,952 armed=2 signals=2 trades=2 pnl=+3224
    MBAI: ticks=517,989 armed=4 signals=4 trades=3 pnl=-240
    DCOY: ticks=51,230 armed=3 signals=3 trades=2 pnl=+5762
    FRGT: ticks=177,339 armed=2 signals=1 trades=1 pnl=+1302
    IHT: ticks=84,658 armed=0 signals=0 trades=0 pnl=+0
    EVTV: ticks=164,952 armed=2 signals=2 trades=2 pnl=+3224
    MBAI: ticks=517,989 armed=4 signals=4 trades=3 pnl=-240
    DCOY: ticks=51,230 armed=3 signals=3 trades=2 pnl=+5762
    FRGT: ticks=177,339 armed=2 signals=1 trades=1 pnl=+1302
  A: 2 trades, $-89, eq=$42,220 | B: 2 trades, $-89, eq=$42,220
[11/85] 2025-09-16: 7 scanned → 7 passed → top 5 selected (risk A=$1055, B=$1055)
    #1 FGI: vol=18,494,893, gap=282%, float=0.5M
    #2 PRHI: vol=19,685,985, gap=84%, float=3.4M
    #3 SLMT: vol=261,414, gap=49%, float=1.5M
    #4 TANH: vol=9,942,838, gap=15%, float=1.4M
    #5 APVO: vol=687,777, gap=69%, float=0.9M
    FGI: ticks=301,515 armed=0 signals=0 trades=0 pnl=+0
    PRHI: ticks=91,089 armed=0 signals=0 trades=0 pnl=+0
    SLMT: ticks=44,422 armed=2 signals=2 trades=2 pnl=+650
    TANH: ticks=24,529 armed=0 signals=0 trades=0 pnl=+0
    APVO: ticks=486,336 armed=3 signals=2 trades=2 pnl=+687
    FGI: ticks=301,515 armed=0 signals=0 trades=0 pnl=+0
    PRHI: ticks=91,089 armed=0 signals=0 trades=0 pnl=+0
    SLMT: ticks=44,422 armed=2 signals=2 trades=2 pnl=+650
    TANH: ticks=24,529 armed=0 signals=0 trades=0 pnl=+0
    APVO: ticks=486,336 armed=3 signals=2 trades=2 pnl=+687
  A: 3 trades, $+2,392, eq=$44,612 | B: 3 trades, $+2,392, eq=$44,612
[12/85] 2025-09-17: 7 scanned → 7 passed → top 5 selected (risk A=$1115, B=$1115)
    #1 IPM: vol=24,783,891, gap=54%, float=5.7M
    #2 SQFT: vol=9,709,864, gap=45%, float=0.7M
    #3 GV: vol=12,537,328, gap=75%, float=4.0M
    #4 HIND: vol=2,055,967, gap=143%, float=1.5M
    #5 SPRC: vol=17,174,837, gap=107%, float=0.4M
    IPM: ticks=219,806 armed=0 signals=0 trades=0 pnl=+0
    SQFT: ticks=39,708 armed=0 signals=0 trades=0 pnl=+0
    GV: ticks=411,182 armed=3 signals=2 trades=1 pnl=-1002
    HIND: ticks=210,551 armed=1 signals=1 trades=1 pnl=+20309
    SPRC: ticks=584,547 armed=0 signals=0 trades=0 pnl=+0
    IPM: ticks=219,806 armed=0 signals=0 trades=0 pnl=+0
    SQFT: ticks=39,708 armed=0 signals=0 trades=0 pnl=+0
    GV: ticks=411,182 armed=3 signals=2 trades=1 pnl=-1002
    HIND: ticks=210,551 armed=1 signals=1 trades=1 pnl=+20309
    SPRC: ticks=584,547 armed=0 signals=0 trades=0 pnl=+0
  A: 1 trades, $-1,002, eq=$43,610 | B: 1 trades, $-1,002, eq=$43,610
[13/85] 2025-09-18: 5 scanned → 5 passed → top 5 selected (risk A=$1090, B=$1090)
    #1 PBM: vol=10,062,107, gap=25%, float=0.3M
    #2 BRFH: vol=1,125,068, gap=20%, float=7.0M
    #3 APVO: vol=26,900,826, gap=72%, float=0.9M
    #4 MAMO: vol=738,249, gap=10%, float=4.9M
    #5 RMCF: vol=501,948, gap=22%, float=4.9M
    PBM: ticks=128,683 armed=0 signals=0 trades=0 pnl=+0
    BRFH: ticks=22,234 armed=0 signals=0 trades=0 pnl=+0
    APVO: ticks=306,447 armed=0 signals=0 trades=0 pnl=+0
    MAMO: ticks=11,250 armed=1 signals=1 trades=1 pnl=+2616
    RMCF: ticks=12,502 armed=0 signals=0 trades=0 pnl=+0
    PBM: ticks=128,683 armed=0 signals=0 trades=0 pnl=+0
    BRFH: ticks=22,234 armed=0 signals=0 trades=0 pnl=+0
    APVO: ticks=306,447 armed=0 signals=0 trades=0 pnl=+0
    MAMO: ticks=11,250 armed=1 signals=1 trades=1 pnl=+2616
    RMCF: ticks=12,502 armed=0 signals=0 trades=0 pnl=+0
  A: 1 trades, $+2,616, eq=$46,226 | B: 1 trades, $+2,616, eq=$46,226
[14/85] 2025-09-19: 5 scanned → 5 passed → top 5 selected (risk A=$1155, B=$1155)
    #1 AGMH: vol=27,355,165, gap=203%, float=1.9M
    #2 VRCA: vol=4,713,448, gap=11%, float=3.3M
    #3 XXII: vol=12,569,822, gap=18%, float=0.4M
    #4 FATN: vol=839,999, gap=20%, float=6.2M
    #5 BRFH: vol=542,058, gap=38%, float=7.0M
    AGMH: ticks=1,494,394 armed=3 signals=3 trades=3 pnl=+1537
    VRCA: ticks=66,598 armed=2 signals=2 trades=2 pnl=+422
    XXII: ticks=45,429 armed=0 signals=0 trades=0 pnl=+0
    FATN: ticks=60,340 armed=1 signals=1 trades=1 pnl=+32
    BRFH: ticks=10,824 armed=2 signals=1 trades=0 pnl=+0
    AGMH: ticks=1,494,394 armed=3 signals=3 trades=3 pnl=+1537
    VRCA: ticks=66,598 armed=2 signals=2 trades=2 pnl=+422
    XXII: ticks=45,429 armed=0 signals=0 trades=0 pnl=+0
    FATN: ticks=60,340 armed=1 signals=1 trades=1 pnl=+32
    BRFH: ticks=10,824 armed=2 signals=2 trades=0 pnl=+0
  A: 1 trades, $+1,093, eq=$47,319 | B: 1 trades, $+1,093, eq=$47,319
[15/85] 2025-09-22: 6 scanned → 6 passed → top 5 selected (risk A=$1182, B=$1182)
    #1 AVX: vol=27,194,614, gap=349%, float=2.0M
    #2 AIXC: vol=28,569,296, gap=203%, float=5.1M
    #3 BOXL: vol=28,333,727, gap=92%, float=0.7M
    #4 ONCO: vol=503,340, gap=12%, float=1.3M
    #5 ARBB: vol=769,355, gap=28%, float=1.1M
    AVX: ticks=1,129,891 armed=3 signals=3 trades=3 pnl=+9614
    AIXC: ticks=324,147 armed=0 signals=0 trades=0 pnl=+0
    BOXL: ticks=1,387,052 armed=5 signals=5 trades=5 pnl=+10932
    ONCO: ticks=20,283 armed=1 signals=1 trades=1 pnl=+42
    ARBB: ticks=34,120 armed=2 signals=1 trades=1 pnl=+1345
    AVX: ticks=1,129,891 armed=3 signals=3 trades=3 pnl=+9614
    AIXC: ticks=324,147 armed=0 signals=0 trades=0 pnl=+0
    BOXL: ticks=1,387,052 armed=5 signals=5 trades=5 pnl=+10932
    ONCO: ticks=20,283 armed=1 signals=1 trades=1 pnl=+42
    ARBB: ticks=34,120 armed=2 signals=1 trades=1 pnl=+1345
  A: 2 trades, $+7,279, eq=$54,598 | B: 2 trades, $+7,279, eq=$54,598
[16/85] 2025-09-23: 2 scanned → 2 passed → top 2 selected (risk A=$1364, B=$1364)
    #1 SLE: vol=12,160,357, gap=184%, float=0.1M
    #2 SSKN: vol=54,741,670, gap=94%, float=2.0M
    SLE: ticks=450,257 armed=0 signals=0 trades=0 pnl=+0
    SSKN: ticks=238,890 armed=0 signals=0 trades=0 pnl=+0
    SLE: ticks=450,257 armed=0 signals=0 trades=0 pnl=+0
    SSKN: ticks=238,890 armed=0 signals=0 trades=0 pnl=+0
  A: 0 trades, $+0, eq=$54,598 | B: 0 trades, $+0, eq=$54,598
[17/85] 2025-09-24: 6 scanned → 5 passed → top 5 selected (risk A=$1364, B=$1364)
    #1 AQMS: vol=9,386,499, gap=52%, float=2.7M
    #2 CYCN: vol=7,106,916, gap=38%, float=2.7M
    #3 JZXN: vol=18,618,199, gap=44%, float=1.3M
    #4 SHFS: vol=7,499,649, gap=155%, float=1.3M
    #5 LUCY: vol=4,948,577, gap=11%, float=5.0M
    AQMS: ticks=42,696 armed=0 signals=0 trades=0 pnl=+0
    CYCN: ticks=52,198 armed=0 signals=0 trades=0 pnl=+0
    JZXN: ticks=366,342 armed=2 signals=2 trades=2 pnl=-584
    AQMS: ticks=42,696 armed=0 signals=0 trades=0 pnl=+0
    CYCN: ticks=52,198 armed=0 signals=0 trades=0 pnl=+0
    JZXN: ticks=366,342 armed=2 signals=2 trades=2 pnl=-584
  A: 2 trades, $-584, eq=$54,014 | B: 2 trades, $-584, eq=$54,014
[18/85] 2025-09-25: 0 scanned, 0 passed filter, 0 selected
[19/85] 2025-09-26: 1 scanned → 1 passed → top 1 selected (risk A=$1350, B=$1350)
    #1 EGG: vol=90,237, gap=15%, float=8.3M
    EGG: ticks=4,067 armed=2 signals=1 trades=1 pnl=-250
    EGG: ticks=4,067 armed=2 signals=2 trades=1 pnl=-250
  A: 1 trades, $-250, eq=$53,764 | B: 1 trades, $-250, eq=$53,764
[20/85] 2025-09-29: 5 scanned → 5 passed → top 5 selected (risk A=$1344, B=$1344)
    #1 JFB: vol=7,190,248, gap=81%, float=1.5M
    #2 SCOR: vol=208,896, gap=27%, float=1.1M
    #3 DWTX: vol=144,125, gap=69%, float=1.4M
    #4 BQ: vol=234,572, gap=27%, float=2.8M
    #5 ENSC: vol=169,788, gap=11%, float=3.1M
    JFB: ticks=275,642 armed=1 signals=1 trades=1 pnl=-71
    SCOR: ticks=32,412 armed=4 signals=4 trades=3 pnl=-1789
    DWTX: ticks=620,312 armed=0 signals=0 trades=0 pnl=+0
    BQ: ticks=283,676 armed=1 signals=1 trades=1 pnl=-1178
    ENSC: ticks=1,155 armed=0 signals=0 trades=0 pnl=+0
    JFB: ticks=275,642 armed=1 signals=1 trades=1 pnl=-71
    SCOR: ticks=32,412 armed=4 signals=4 trades=3 pnl=-1789
    DWTX: ticks=620,312 armed=0 signals=0 trades=0 pnl=+0
    BQ: ticks=283,676 armed=1 signals=1 trades=1 pnl=-1178
    ENSC: ticks=1,155 armed=0 signals=0 trades=0 pnl=+0
  A: 1 trades, $+305, eq=$54,069 | B: 1 trades, $+305, eq=$54,069
[21/85] 2025-09-30: 0 scanned, 0 passed filter, 0 selected
[22/85] 2025-10-01: 4 scanned → 4 passed → top 4 selected (risk A=$1351, B=$1351)
    #1 GLXG: vol=12,025,113, gap=34%, float=0.6M
    #2 UCFI: vol=2,122,294, gap=69%, float=4.5M
    #3 HCTI: vol=17,279,422, gap=20%, float=0.1M
    #4 AKAN: vol=1,530,745, gap=64%, float=0.1M
    GLXG: ticks=79,096 armed=0 signals=0 trades=0 pnl=+0
    UCFI: ticks=48,213 armed=0 signals=0 trades=0 pnl=+0
    HCTI: ticks=124,918 armed=3 signals=3 trades=1 pnl=-678
    AKAN: ticks=209,592 armed=1 signals=1 trades=1 pnl=+3794
    GLXG: ticks=79,096 armed=0 signals=0 trades=0 pnl=+0
    UCFI: ticks=48,213 armed=0 signals=0 trades=0 pnl=+0
    HCTI: ticks=124,918 armed=3 signals=3 trades=1 pnl=-678
    AKAN: ticks=209,592 armed=1 signals=1 trades=1 pnl=+3794
  A: 2 trades, $+3,116, eq=$57,185 | B: 2 trades, $+3,116, eq=$57,185
[23/85] 2025-10-02: 0 scanned, 0 passed filter, 0 selected
[24/85] 2025-10-03: 2 scanned → 2 passed → top 2 selected (risk A=$1429, B=$1429)
    #1 XELB: vol=8,008,649, gap=34%, float=3.3M
    #2 ASTC: vol=406,918, gap=18%, float=1.3M
    XELB: ticks=101,530 armed=0 signals=0 trades=0 pnl=+0
    ASTC: ticks=264,609 armed=1 signals=1 trades=1 pnl=+0
    XELB: ticks=101,530 armed=0 signals=0 trades=0 pnl=+0
    ASTC: ticks=264,609 armed=1 signals=1 trades=1 pnl=+0
  A: 0 trades, $+0, eq=$57,185 | B: 0 trades, $+0, eq=$57,185
[25/85] 2025-10-06: 4 scanned → 4 passed → top 4 selected (risk A=$1429, B=$1429)
    #1 SPRB: vol=5,251,754, gap=107%, float=0.4M
    #2 SOPA: vol=50,430,621, gap=119%, float=5.7M
    #3 BTTC: vol=1,309,807, gap=20%, float=1.3M
    #4 GRAN: vol=176,885, gap=30%, float=4.7M
    SPRB: ticks=612,346 armed=4 signals=4 trades=4 pnl=+14579
    SOPA: ticks=375,843 armed=0 signals=0 trades=0 pnl=+0
    BTTC: ticks=20,769 armed=0 signals=0 trades=0 pnl=+0
    GRAN: ticks=7,725 armed=0 signals=0 trades=0 pnl=+0
    SPRB: ticks=612,346 armed=4 signals=4 trades=4 pnl=+14579
    SOPA: ticks=375,843 armed=0 signals=0 trades=0 pnl=+0
    BTTC: ticks=20,769 armed=0 signals=0 trades=0 pnl=+0
    GRAN: ticks=7,725 armed=0 signals=0 trades=0 pnl=+0
  A: 1 trades, $+371, eq=$57,556 | B: 1 trades, $+371, eq=$57,556
[26/85] 2025-10-07: 4 scanned → 4 passed → top 4 selected (risk A=$1438, B=$1438)
    #1 CISS: vol=17,940,527, gap=49%, float=0.1M
    #2 BJDX: vol=2,325,497, gap=32%, float=0.4M
    #3 ELAB: vol=442,358, gap=20%, float=2.1M
    #4 SNOA: vol=105,542, gap=11%, float=1.7M
    CISS: ticks=493,893 armed=3 signals=3 trades=2 pnl=+3846
    BJDX: ticks=115,003 armed=1 signals=1 trades=1 pnl=-719
    ELAB: ticks=11,537 armed=1 signals=1 trades=1 pnl=+455
    SNOA: ticks=2,967 armed=0 signals=0 trades=0 pnl=+0
    CISS: ticks=493,893 armed=3 signals=3 trades=2 pnl=+3846
    BJDX: ticks=115,003 armed=1 signals=1 trades=1 pnl=-719
    ELAB: ticks=11,537 armed=1 signals=1 trades=1 pnl=+455
    SNOA: ticks=2,967 armed=0 signals=0 trades=0 pnl=+0
  A: 1 trades, $-404, eq=$57,152 | B: 1 trades, $-404, eq=$57,152
[27/85] 2025-10-08: 7 scanned → 7 passed → top 5 selected (risk A=$1428, B=$1428)
    #1 XBIO: vol=20,737,135, gap=241%, float=1.3M
    #2 RNAZ: vol=2,577,538, gap=60%, float=0.8M
    #3 UPC: vol=5,612,628, gap=121%, float=0.6M
    #4 ACXP: vol=10,634,881, gap=93%, float=2.0M
    #5 ATON: vol=7,157,272, gap=163%, float=0.8M
    XBIO: ticks=317,458 armed=0 signals=0 trades=0 pnl=+0
    RNAZ: ticks=200,367 armed=3 signals=3 trades=3 pnl=+9805
    UPC: ticks=346,009 armed=2 signals=2 trades=2 pnl=+2327
    ACXP: ticks=130,533 armed=0 signals=0 trades=0 pnl=+0
    ATON: ticks=484,033 armed=3 signals=3 trades=3 pnl=+4708
    XBIO: ticks=317,458 armed=0 signals=0 trades=0 pnl=+0
    RNAZ: ticks=200,367 armed=3 signals=3 trades=3 pnl=+9805
    UPC: ticks=346,009 armed=2 signals=2 trades=2 pnl=+2327
    ACXP: ticks=130,533 armed=0 signals=0 trades=0 pnl=+0
    ATON: ticks=484,033 armed=3 signals=3 trades=3 pnl=+4708
  A: 0 trades, $+0, eq=$57,152 | B: 0 trades, $+0, eq=$57,152
[28/85] 2025-10-09: 5 scanned → 5 passed → top 5 selected (risk A=$1428, B=$1428)
    #1 TCRT: vol=17,460,005, gap=21%, float=1.9M
    #2 BAOS: vol=19,582,088, gap=52%, float=0.9M
    #3 BJDX: vol=18,762,348, gap=155%, float=0.4M
    #4 AMBO: vol=1,406,556, gap=44%, float=0.1M
    #5 SUGP: vol=416,823, gap=15%, float=4.0M
    TCRT: ticks=55,968 armed=0 signals=0 trades=0 pnl=+0
    BAOS: ticks=65,923 armed=0 signals=0 trades=0 pnl=+0
    BJDX: ticks=609,414 armed=2 signals=2 trades=2 pnl=+397
    AMBO: ticks=16,191 armed=0 signals=0 trades=0 pnl=+0
    SUGP: ticks=17,094 armed=0 signals=0 trades=0 pnl=+0
    TCRT: ticks=55,968 armed=0 signals=0 trades=0 pnl=+0
    BAOS: ticks=65,923 armed=0 signals=0 trades=0 pnl=+0
    BJDX: ticks=609,414 armed=2 signals=2 trades=2 pnl=+397
    AMBO: ticks=16,191 armed=0 signals=0 trades=0 pnl=+0
    SUGP: ticks=17,094 armed=0 signals=0 trades=0 pnl=+0
  A: 0 trades, $+0, eq=$57,152 | B: 0 trades, $+0, eq=$57,152
[29/85] 2025-10-10: 3 scanned → 3 passed → top 3 selected (risk A=$1428, B=$1428)
    #1 OLOX: vol=24,409,951, gap=87%, float=5.5M
    #2 YHGJ: vol=1,046,301, gap=40%, float=0.8M
    #3 WAI: vol=7,738,198, gap=41%, float=0.5M
    OLOX: ticks=397,092 armed=0 signals=0 trades=0 pnl=+0
    YHGJ: ticks=28,395 armed=0 signals=0 trades=0 pnl=+0
    WAI: ticks=108,468 armed=0 signals=0 trades=0 pnl=+0
    OLOX: ticks=397,092 armed=0 signals=0 trades=0 pnl=+0
    YHGJ: ticks=28,395 armed=0 signals=0 trades=0 pnl=+0
    WAI: ticks=108,468 armed=0 signals=0 trades=0 pnl=+0
  A: 0 trades, $+0, eq=$57,152 | B: 0 trades, $+0, eq=$57,152
[30/85] 2025-10-13: 8 scanned → 8 passed → top 5 selected (risk A=$1428, B=$1428)
    #1 STI: vol=13,256,575, gap=137%, float=2.2M
    #2 PMAX: vol=16,984,547, gap=117%, float=0.4M
    #3 NAMM: vol=6,401,278, gap=21%, float=6.8M
    #4 ACON: vol=2,309,367, gap=25%, float=0.7M
    #5 VCIG: vol=2,506,418, gap=49%, float=0.1M
    STI: ticks=899,293 armed=3 signals=3 trades=3 pnl=+345
    PMAX: ticks=93,327 armed=0 signals=0 trades=0 pnl=+0
    NAMM: ticks=166,018 armed=4 signals=4 trades=3 pnl=-120
    STI: ticks=899,293 armed=3 signals=3 trades=3 pnl=+345
    PMAX: ticks=93,327 armed=0 signals=0 trades=0 pnl=+0
    NAMM: ticks=166,018 armed=4 signals=4 trades=3 pnl=-120
  A: 2 trades, $-685, eq=$56,467 | B: 2 trades, $-685, eq=$56,467
[31/85] 2025-10-14: 7 scanned → 7 passed → top 5 selected (risk A=$1411, B=$1411)
    #1 JDZG: vol=6,871,171, gap=88%, float=2.8M
    #2 GWAV: vol=6,957,520, gap=107%, float=0.8M
    #3 ELAB: vol=10,066,530, gap=115%, float=2.1M
    #4 RDGT: vol=194,379, gap=34%, float=5.1M
    #5 SBLX: vol=2,648,465, gap=22%, float=0.6M
    JDZG: ticks=358,809 armed=2 signals=2 trades=1 pnl=+1260
    GWAV: ticks=281,490 armed=2 signals=2 trades=2 pnl=+1721
    ELAB: ticks=151,801 armed=0 signals=0 trades=0 pnl=+0
    RDGT: ticks=2,026 armed=2 signals=0 trades=0 pnl=+0
    SBLX: ticks=92,400 armed=1 signals=1 trades=1 pnl=+1656
    JDZG: ticks=358,809 armed=2 signals=2 trades=1 pnl=+1260
    GWAV: ticks=281,490 armed=2 signals=2 trades=2 pnl=+1721
    ELAB: ticks=151,801 armed=0 signals=0 trades=0 pnl=+0
    RDGT: ticks=2,026 armed=2 signals=0 trades=0 pnl=+0
    SBLX: ticks=92,400 armed=1 signals=1 trades=1 pnl=+1656
  A: 1 trades, $+1,260, eq=$57,727 | B: 1 trades, $+1,260, eq=$57,727
[32/85] 2025-10-15: 8 scanned → 7 passed → top 5 selected (risk A=$1443, B=$1443)
    #1 PFAI: vol=29,636,243, gap=128%, float=3.6M
    #2 SDOT: vol=7,509,392, gap=152%, float=0.8M
    #3 RKDA: vol=12,656,370, gap=49%, float=1.4M
    #4 COOT: vol=44,367,256, gap=310%, float=6.4M
    #5 SEED: vol=14,315,423, gap=66%, float=7.0M
    PFAI: ticks=172,035 armed=0 signals=0 trades=0 pnl=+0
    SDOT: ticks=161,876 armed=0 signals=0 trades=0 pnl=+0
    RKDA: ticks=87,641 armed=0 signals=0 trades=0 pnl=+0
    COOT: ticks=725,711 armed=5 signals=5 trades=5 pnl=-74
    PFAI: ticks=172,035 armed=0 signals=0 trades=0 pnl=+0
    SDOT: ticks=161,876 armed=0 signals=0 trades=0 pnl=+0
    RKDA: ticks=87,641 armed=0 signals=0 trades=0 pnl=+0
    COOT: ticks=725,711 armed=5 signals=5 trades=5 pnl=-74
  A: 5 trades, $-74, eq=$57,653 | B: 5 trades, $-74, eq=$57,653
[33/85] 2025-10-16: 8 scanned → 8 passed → top 5 selected (risk A=$1441, B=$1441)
    #1 LGCB: vol=31,312,678, gap=102%, float=1.7M
    #2 AUUD: vol=21,019,611, gap=28%, float=3.1M
    #3 SBFM: vol=10,781,838, gap=24%, float=4.9M
    #4 RYOJ: vol=8,368,300, gap=129%, float=2.0M
    #5 NXTC: vol=155,234, gap=10%, float=1.5M
    LGCB: ticks=115,502 armed=0 signals=0 trades=0 pnl=+0
    AUUD: ticks=117,623 armed=0 signals=0 trades=0 pnl=+0
    SBFM: ticks=170,373 armed=0 signals=0 trades=0 pnl=+0
    RYOJ: ticks=161,991 armed=0 signals=0 trades=0 pnl=+0
    NXTC: ticks=653 armed=0 signals=0 trades=0 pnl=+0
    LGCB: ticks=115,502 armed=0 signals=0 trades=0 pnl=+0
    AUUD: ticks=117,623 armed=0 signals=0 trades=0 pnl=+0
    SBFM: ticks=170,373 armed=0 signals=0 trades=0 pnl=+0
    RYOJ: ticks=161,991 armed=0 signals=0 trades=0 pnl=+0
    NXTC: ticks=653 armed=0 signals=0 trades=0 pnl=+0
  A: 0 trades, $+0, eq=$57,653 | B: 0 trades, $+0, eq=$57,653
[34/85] 2025-10-17: 3 scanned → 3 passed → top 3 selected (risk A=$1441, B=$1441)
    #1 ARTV: vol=14,494,301, gap=131%, float=4.1M
    #2 AKAN: vol=5,977,074, gap=31%, float=0.1M
    #3 KZR: vol=729,729, gap=38%, float=6.4M
    ARTV: ticks=438,693 armed=0 signals=0 trades=0 pnl=+0
    AKAN: ticks=83,800 armed=0 signals=0 trades=0 pnl=+0
    KZR: ticks=24,701 armed=0 signals=0 trades=0 pnl=+0
    ARTV: ticks=438,693 armed=0 signals=0 trades=0 pnl=+0
    AKAN: ticks=83,800 armed=0 signals=0 trades=0 pnl=+0
    KZR: ticks=24,701 armed=0 signals=0 trades=0 pnl=+0
  A: 0 trades, $+0, eq=$57,653 | B: 0 trades, $+0, eq=$57,653
[35/85] 2025-10-20: 3 scanned → 3 passed → top 3 selected (risk A=$1441, B=$1441)
    #1 FGI: vol=5,898,216, gap=43%, float=0.5M
    #2 SINT: vol=2,001,909, gap=11%, float=3.0M
    #3 GNLN: vol=506,762, gap=66%, float=1.1M
    FGI: ticks=60,248 armed=0 signals=0 trades=0 pnl=+0
    SINT: ticks=65,821 armed=0 signals=0 trades=0 pnl=+0
    GNLN: ticks=134,167 armed=1 signals=1 trades=1 pnl=+12003
    FGI: ticks=60,248 armed=0 signals=0 trades=0 pnl=+0
    SINT: ticks=65,821 armed=0 signals=0 trades=0 pnl=+0
    GNLN: ticks=134,167 armed=1 signals=1 trades=1 pnl=+12003
  A: 1 trades, $+12,003, eq=$69,656 | B: 1 trades, $+12,003, eq=$69,656
[36/85] 2025-10-21: 4 scanned → 4 passed → top 4 selected (risk A=$1741, B=$1741)
    #1 BOF: vol=12,889,256, gap=44%, float=9.2M
    #2 AMCI: vol=1,463,785, gap=67%, float=1.2M
    #3 JWEL: vol=6,103,529, gap=19%, float=1.8M
    #4 RYOJ: vol=6,099,938, gap=34%, float=2.0M
    BOF: ticks=290,583 armed=3 signals=3 trades=3 pnl=-3
    BOF: ticks=290,583 armed=3 signals=3 trades=3 pnl=-3
  A: 2 trades, $-109, eq=$69,547 | B: 2 trades, $-109, eq=$69,547
[37/85] 2025-10-22: 3 scanned → 3 passed → top 3 selected (risk A=$1738, B=$1738)
    #1 BDSX: vol=2,065,241, gap=18%, float=3.7M
    #2 SBEV: vol=9,122,848, gap=30%, float=2.4M
    #3 HHS: vol=863,476, gap=12%, float=5.1M
    BDSX: ticks=54,760 armed=0 signals=0 trades=0 pnl=+0
    SBEV: ticks=134,698 armed=0 signals=0 trades=0 pnl=+0
    HHS: ticks=11,016 armed=0 signals=0 trades=0 pnl=+0
    BDSX: ticks=54,760 armed=0 signals=0 trades=0 pnl=+0
    SBEV: ticks=134,698 armed=0 signals=0 trades=0 pnl=+0
    HHS: ticks=11,016 armed=0 signals=0 trades=0 pnl=+0
  A: 0 trades, $+0, eq=$69,547 | B: 0 trades, $+0, eq=$69,547
[38/85] 2025-10-23: 5 scanned → 5 passed → top 5 selected (risk A=$1738, B=$1738)
    #1 IMCC: vol=12,445,683, gap=26%, float=3.1M
    #2 SLMT: vol=2,951,370, gap=70%, float=1.5M
    #3 VCIG: vol=3,536,840, gap=18%, float=0.1M
    #4 OLOX: vol=13,668,359, gap=41%, float=5.5M
    #5 MGN: vol=3,568,547, gap=15%, float=5.0M
    IMCC: ticks=167,442 armed=3 signals=3 trades=2 pnl=-429
    SLMT: ticks=131,356 armed=0 signals=0 trades=0 pnl=+0
    VCIG: ticks=54,880 armed=3 signals=2 trades=2 pnl=-931
    OLOX: ticks=149,293 armed=0 signals=0 trades=0 pnl=+0
    MGN: ticks=25,887 armed=0 signals=0 trades=0 pnl=+0
    IMCC: ticks=167,442 armed=3 signals=3 trades=2 pnl=-429
    SLMT: ticks=131,356 armed=0 signals=0 trades=0 pnl=+0
    VCIG: ticks=54,880 armed=3 signals=2 trades=2 pnl=-931
    OLOX: ticks=149,293 armed=0 signals=0 trades=0 pnl=+0
    MGN: ticks=25,887 armed=0 signals=0 trades=0 pnl=+0
  A: 1 trades, $+310, eq=$69,857 | B: 1 trades, $+310, eq=$69,857
[39/85] 2025-10-24: 2 scanned → 2 passed → top 2 selected (risk A=$1746, B=$1746)
    #1 AIXC: vol=23,223,545, gap=72%, float=5.1M
    #2 NEUP: vol=3,727,118, gap=39%, float=4.2M
    AIXC: ticks=216,215 armed=0 signals=0 trades=0 pnl=+0
    NEUP: ticks=607,543 armed=3 signals=3 trades=2 pnl=-665
    AIXC: ticks=216,215 armed=0 signals=0 trades=0 pnl=+0
    NEUP: ticks=607,543 armed=3 signals=3 trades=2 pnl=-665
  A: 0 trades, $+0, eq=$69,857 | B: 0 trades, $+0, eq=$69,857
[40/85] 2025-10-27: 2 scanned → 2 passed → top 2 selected (risk A=$1746, B=$1746)
    #1 BKYI: vol=64,964,732, gap=169%, float=9.6M
    #2 KITT: vol=21,906,078, gap=75%, float=5.4M
    BKYI: ticks=574,202 armed=0 signals=0 trades=0 pnl=+0
    KITT: ticks=417,905 armed=3 signals=3 trades=3 pnl=+252
    BKYI: ticks=574,202 armed=0 signals=0 trades=0 pnl=+0
    KITT: ticks=417,905 armed=3 signals=3 trades=3 pnl=+252
  A: 3 trades, $+252, eq=$70,109 | B: 3 trades, $+252, eq=$70,109
[41/85] 2025-10-28: 2 scanned → 2 passed → top 2 selected (risk A=$1752, B=$1752)
    #1 POLA: vol=9,124,315, gap=27%, float=1.9M
    #2 VSEE: vol=58,418,635, gap=308%, float=7.2M
    POLA: ticks=172,287 armed=0 signals=0 trades=0 pnl=+0
    VSEE: ticks=710,885 armed=5 signals=3 trades=3 pnl=+1998
    POLA: ticks=172,287 armed=0 signals=0 trades=0 pnl=+0
    VSEE: ticks=710,885 armed=5 signals=3 trades=3 pnl=+1998
  A: 3 trades, $+1,998, eq=$72,107 | B: 3 trades, $+1,998, eq=$72,107
[42/85] 2025-10-29: 1 scanned → 1 passed → top 1 selected (risk A=$1802, B=$1802)
    #1 ERNA: vol=23,801,986, gap=68%, float=2.5M
    ERNA: ticks=731,915 armed=4 signals=4 trades=2 pnl=-142
    ERNA: ticks=731,915 armed=4 signals=4 trades=2 pnl=-142
  A: 2 trades, $-142, eq=$71,965 | B: 2 trades, $-142, eq=$71,965
[43/85] 2025-10-30: 4 scanned → 4 passed → top 4 selected (risk A=$1799, B=$1799)
    #1 VIVS: vol=12,535,891, gap=32%, float=2.6M
    #2 VCIG: vol=21,665,423, gap=133%, float=0.1M
    #3 ARBB: vol=1,052,948, gap=24%, float=1.1M
    #4 QCLS: vol=2,611,956, gap=28%, float=1.6M
    VIVS: ticks=93,310 armed=0 signals=0 trades=0 pnl=+0
    VCIG: ticks=268,168 armed=0 signals=0 trades=0 pnl=+0
    ARBB: ticks=15,124 armed=0 signals=0 trades=0 pnl=+0
    QCLS: ticks=54,008 armed=2 signals=2 trades=1 pnl=-397
    VIVS: ticks=93,310 armed=0 signals=0 trades=0 pnl=+0
    VCIG: ticks=268,168 armed=0 signals=0 trades=0 pnl=+0
    ARBB: ticks=15,124 armed=0 signals=0 trades=0 pnl=+0
    QCLS: ticks=54,008 armed=2 signals=2 trades=1 pnl=-397
  A: 0 trades, $+0, eq=$71,965 | B: 0 trades, $+0, eq=$71,965
[44/85] 2025-10-31: 5 scanned → 5 passed → top 5 selected (risk A=$1799, B=$1799)
    #1 DFSC: vol=15,257,041, gap=28%, float=1.2M
    #2 TGE: vol=953,190, gap=38%, float=7.5M
    #3 WAI: vol=3,025,549, gap=18%, float=0.5M
    #4 FMFC: vol=2,052,321, gap=44%, float=8.7M
    #5 DLHC: vol=288,487, gap=16%, float=6.3M
    DFSC: ticks=169,815 armed=0 signals=0 trades=0 pnl=+0
    TGE: ticks=119,112 armed=2 signals=2 trades=2 pnl=-78
    WAI: ticks=16,601 armed=0 signals=0 trades=0 pnl=+0
    FMFC: ticks=37,075 armed=2 signals=1 trades=1 pnl=+866
    DLHC: ticks=15,732 armed=0 signals=0 trades=0 pnl=+0
    DFSC: ticks=169,815 armed=0 signals=0 trades=0 pnl=+0
    TGE: ticks=119,112 armed=2 signals=2 trades=2 pnl=-78
    WAI: ticks=16,601 armed=0 signals=0 trades=0 pnl=+0
    FMFC: ticks=37,075 armed=2 signals=1 trades=1 pnl=+866
    DLHC: ticks=15,732 armed=0 signals=0 trades=0 pnl=+0
  A: 3 trades, $+788, eq=$72,753 | B: 3 trades, $+788, eq=$72,753
[45/85] 2025-11-03: 3 scanned → 2 passed → top 2 selected (risk A=$1818, B=$1818)
    #1 NCRA: vol=4,484,255, gap=67%, float=6.2M
    #2 SHPH: vol=1,186,793, gap=18%, float=1.6M
    NCRA: ticks=250,905 armed=0 signals=0 trades=0 pnl=+0
    SHPH: ticks=38,033 armed=1 signals=1 trades=1 pnl=+371
    NCRA: ticks=250,905 armed=0 signals=0 trades=0 pnl=+0
    SHPH: ticks=38,033 armed=1 signals=1 trades=1 pnl=+371
  A: 0 trades, $+0, eq=$72,753 | B: 0 trades, $+0, eq=$72,753
[46/85] 2025-11-04: 2 scanned, 0 passed filter, 0 selected
[47/85] 2025-11-05: 2 scanned → 2 passed → top 2 selected (risk A=$1818, B=$1818)
    #1 SMX: vol=18,720,948, gap=42%, float=0.0M
    #2 TULP: vol=73,355, gap=19%, float=1.0M
    SMX: ticks=202,717 armed=0 signals=0 trades=0 pnl=+0
    TULP: ticks=1,681 armed=2 signals=0 trades=0 pnl=+0
    SMX: ticks=202,717 armed=0 signals=0 trades=0 pnl=+0
    TULP: ticks=1,681 armed=2 signals=1 trades=0 pnl=+0
  A: 0 trades, $+0, eq=$72,753 | B: 0 trades, $+0, eq=$72,753
[48/85] 2025-11-06: 1 scanned → 1 passed → top 1 selected (risk A=$1818, B=$1818)
    #1 GMEX: vol=6,866,953, gap=36%, float=1.4M
    GMEX: ticks=422,996 armed=2 signals=2 trades=2 pnl=+1505
    GMEX: ticks=422,996 armed=2 signals=2 trades=2 pnl=+1505
  A: 1 trades, $+1,502, eq=$74,255 | B: 1 trades, $+1,502, eq=$74,255
[49/85] 2025-11-07: 1 scanned → 1 passed → top 1 selected (risk A=$1856, B=$1856)
    #1 MSGM: vol=19,911,893, gap=110%, float=2.5M
    MSGM: ticks=525,392 armed=0 signals=0 trades=0 pnl=+0
    MSGM: ticks=525,392 armed=0 signals=0 trades=0 pnl=+0
  A: 0 trades, $+0, eq=$74,255 | B: 0 trades, $+0, eq=$74,255
[50/85] 2025-11-10: 5 scanned → 5 passed → top 5 selected (risk A=$1856, B=$1856)
    #1 VERO: vol=8,853,331, gap=16%, float=1.6M
    #2 MOVE: vol=1,632,123, gap=21%, float=0.6M
    #3 DCOY: vol=772,867, gap=11%, float=0.5M
    #4 HKIT: vol=332,016, gap=17%, float=8.7M
    #5 OESX: vol=56,434, gap=15%, float=3.4M
    VERO: ticks=227,335 armed=1 signals=1 trades=1 pnl=+265
    MOVE: ticks=583,065 armed=3 signals=3 trades=3 pnl=+8428
    DCOY: ticks=5,679 armed=1 signals=1 trades=1 pnl=+1904
    HKIT: ticks=1,726 armed=0 signals=0 trades=0 pnl=+0
    OESX: ticks=1,279 armed=1 signals=0 trades=0 pnl=+0
    VERO: ticks=227,335 armed=1 signals=1 trades=1 pnl=+265
    MOVE: ticks=583,065 armed=3 signals=3 trades=3 pnl=+8428
    DCOY: ticks=5,679 armed=1 signals=1 trades=1 pnl=+1904
    HKIT: ticks=1,726 armed=0 signals=0 trades=0 pnl=+0
    OESX: ticks=1,279 armed=1 signals=0 trades=0 pnl=+0
  A: 1 trades, $+265, eq=$74,520 | B: 1 trades, $+265, eq=$74,520
[51/85] 2025-11-11: 5 scanned → 5 passed → top 5 selected (risk A=$1863, B=$1863)
    #1 BODI: vol=3,634,639, gap=39%, float=3.2M
    #2 RAIN: vol=1,655,027, gap=27%, float=2.8M
    #3 VCIG: vol=13,962,786, gap=16%, float=0.1M
    #4 WHLR: vol=300,669, gap=13%, float=0.2M
    #5 ZENA: vol=4,520,238, gap=16%, float=8.4M
    BODI: ticks=130,620 armed=0 signals=0 trades=0 pnl=+0
    RAIN: ticks=43,858 armed=2 signals=1 trades=1 pnl=+5821
    VCIG: ticks=145,443 armed=0 signals=0 trades=0 pnl=+0
    WHLR: ticks=3,523 armed=2 signals=2 trades=1 pnl=+198
    ZENA: ticks=73,295 armed=1 signals=0 trades=0 pnl=+0
    BODI: ticks=130,620 armed=0 signals=0 trades=0 pnl=+0
    RAIN: ticks=43,858 armed=2 signals=1 trades=1 pnl=+5821
    VCIG: ticks=145,443 armed=0 signals=0 trades=0 pnl=+0
    WHLR: ticks=3,523 armed=2 signals=2 trades=1 pnl=+198
    ZENA: ticks=73,295 armed=1 signals=0 trades=0 pnl=+0
  A: 1 trades, $+198, eq=$74,718 | B: 1 trades, $+198, eq=$74,718
[52/85] 2025-11-12: 1 scanned → 1 passed → top 1 selected (risk A=$1867, B=$1867)
    #1 CMCT: vol=3,128,648, gap=72%, float=0.7M
    CMCT: ticks=671,476 armed=1 signals=1 trades=1 pnl=-933
    CMCT: ticks=671,476 armed=1 signals=1 trades=1 pnl=-933
  A: 1 trades, $-933, eq=$73,785 | B: 1 trades, $-933, eq=$73,785
[53/85] 2025-11-13: 4 scanned → 3 passed → top 3 selected (risk A=$1844, B=$1844)
    #1 LVLU: vol=1,837,053, gap=21%, float=1.2M
    #2 MGRX: vol=5,718,506, gap=33%, float=9.1M
    #3 AVX: vol=1,602,959, gap=17%, float=2.0M
    LVLU: ticks=20,573 armed=0 signals=0 trades=0 pnl=+0
    MGRX: ticks=300,687 armed=0 signals=0 trades=0 pnl=+0
    AVX: ticks=11,727 armed=0 signals=0 trades=0 pnl=+0
    LVLU: ticks=20,573 armed=0 signals=0 trades=0 pnl=+0
    MGRX: ticks=300,687 armed=0 signals=0 trades=0 pnl=+0
    AVX: ticks=11,727 armed=0 signals=0 trades=0 pnl=+0
  A: 0 trades, $+0, eq=$73,785 | B: 0 trades, $+0, eq=$73,785
[54/85] 2025-11-14: 1 scanned → 1 passed → top 1 selected (risk A=$1844, B=$1844)
    #1 TRNR: vol=496,910, gap=20%, float=0.2M
    TRNR: ticks=19,580 armed=0 signals=0 trades=0 pnl=+0
    TRNR: ticks=19,580 armed=0 signals=0 trades=0 pnl=+0
  A: 0 trades, $+0, eq=$73,785 | B: 0 trades, $+0, eq=$73,785
[55/85] 2025-11-17: 1 scanned → 1 passed → top 1 selected (risk A=$1844, B=$1844)
    #1 VEEE: vol=8,743,376, gap=16%, float=8.2M
    VEEE: ticks=35,628 armed=0 signals=0 trades=0 pnl=+0
    VEEE: ticks=35,628 armed=0 signals=0 trades=0 pnl=+0
  A: 0 trades, $+0, eq=$73,785 | B: 0 trades, $+0, eq=$73,785
[56/85] 2025-11-18: 1 scanned → 1 passed → top 1 selected (risk A=$1844, B=$1844)
    #1 LPCN: vol=89,512, gap=12%, float=4.9M
    LPCN: ticks=1,781 armed=1 signals=0 trades=0 pnl=+0
    LPCN: ticks=1,781 armed=1 signals=1 trades=1 pnl=-1277
  A: 0 trades, $+0, eq=$73,785 | B: 1 trades, $-1,277, eq=$72,508
[57/85] 2025-11-19: 0 scanned, 0 passed filter, 0 selected
[58/85] 2025-11-20: 2 scanned → 2 passed → top 2 selected (risk A=$1844, B=$1812)
    #1 MNDR: vol=17,405,335, gap=83%, float=0.7M
    #2 PBM: vol=5,249,304, gap=20%, float=0.3M
    MNDR: ticks=290,644 armed=0 signals=0 trades=0 pnl=+0
    PBM: ticks=183,550 armed=0 signals=0 trades=0 pnl=+0
    MNDR: ticks=290,644 armed=0 signals=0 trades=0 pnl=+0
    PBM: ticks=183,550 armed=0 signals=0 trades=0 pnl=+0
  A: 0 trades, $+0, eq=$73,785 | B: 0 trades, $+0, eq=$72,508
[59/85] 2025-11-21: 3 scanned → 3 passed → top 3 selected (risk A=$1844, B=$1812)
    #1 MNDR: vol=11,565,470, gap=38%, float=0.7M
    #2 SHPH: vol=1,159,945, gap=16%, float=1.6M
    #3 MFI: vol=118,369, gap=21%, float=0.5M
    MNDR: ticks=322,669 armed=1 signals=1 trades=1 pnl=-922
    SHPH: ticks=24,281 armed=0 signals=0 trades=0 pnl=+0
    MFI: ticks=22,140 armed=1 signals=0 trades=0 pnl=+0
    MNDR: ticks=322,669 armed=1 signals=1 trades=1 pnl=-906
    SHPH: ticks=24,281 armed=0 signals=0 trades=0 pnl=+0
    MFI: ticks=22,140 armed=1 signals=0 trades=0 pnl=+0
  A: 1 trades, $-922, eq=$72,863 | B: 1 trades, $-906, eq=$71,602
[60/85] 2025-11-24: 3 scanned → 3 passed → top 3 selected (risk A=$1821, B=$1790)
    #1 AEHL: vol=8,834,484, gap=76%, float=1.1M
    #2 ATON: vol=5,552,805, gap=59%, float=0.8M
    #3 JXG: vol=2,704,457, gap=20%, float=0.2M
    AEHL: ticks=234,266 armed=1 signals=0 trades=0 pnl=+0
    ATON: ticks=289,050 armed=2 signals=2 trades=2 pnl=+186
    JXG: ticks=24,320 armed=0 signals=0 trades=0 pnl=+0
    AEHL: ticks=234,266 armed=1 signals=0 trades=0 pnl=+0
    ATON: ticks=289,050 armed=2 signals=2 trades=2 pnl=+186
    JXG: ticks=24,320 armed=0 signals=0 trades=0 pnl=+0
  A: 0 trades, $+0, eq=$72,863 | B: 0 trades, $+0, eq=$71,602
[61/85] 2025-11-25: 1 scanned → 1 passed → top 1 selected (risk A=$1821, B=$1790)
    #1 CETY: vol=78,789,162, gap=92%, float=4.2M
    CETY: ticks=605,373 armed=1 signals=1 trades=0 pnl=+0
    CETY: ticks=605,373 armed=1 signals=1 trades=0 pnl=+0
  A: 0 trades, $+0, eq=$72,863 | B: 0 trades, $+0, eq=$71,602
[62/85] 2025-11-26: 2 scanned → 2 passed → top 2 selected (risk A=$1821, B=$1790)
    #1 SPRC: vol=12,352,315, gap=33%, float=0.4M
    #2 ATON: vol=3,704,486, gap=14%, float=0.8M
    SPRC: ticks=324,432 armed=0 signals=0 trades=0 pnl=+0
    ATON: ticks=48,196 armed=1 signals=1 trades=0 pnl=+0
    SPRC: ticks=324,432 armed=0 signals=0 trades=0 pnl=+0
    ATON: ticks=48,196 armed=1 signals=1 trades=0 pnl=+0
  A: 0 trades, $+0, eq=$72,863 | B: 0 trades, $+0, eq=$71,602
[63/85] 2025-11-28: 1 scanned → 1 passed → top 1 selected (risk A=$1821, B=$1790)
    #1 CDT: vol=2,314,507, gap=12%, float=1.4M
    CDT: ticks=15,619 armed=0 signals=0 trades=0 pnl=+0
    CDT: ticks=15,619 armed=0 signals=0 trades=0 pnl=+0
  A: 0 trades, $+0, eq=$72,863 | B: 0 trades, $+0, eq=$71,602
[64/85] 2025-12-01: 2 scanned → 2 passed → top 2 selected (risk A=$1821, B=$1790)
    #1 QTTB: vol=639,243, gap=70%, float=5.0M
    #2 WBUY: vol=4,072,201, gap=31%, float=0.9M
    QTTB: ticks=1,147,296 armed=4 signals=4 trades=4 pnl=+3382
    WBUY: ticks=68,059 armed=0 signals=0 trades=0 pnl=+0
    QTTB: ticks=1,147,296 armed=4 signals=4 trades=4 pnl=+3343
    WBUY: ticks=68,059 armed=0 signals=0 trades=0 pnl=+0
  A: 1 trades, $-235, eq=$72,628 | B: 1 trades, $-231, eq=$71,371
[65/85] 2025-12-02: 3 scanned → 3 passed → top 3 selected (risk A=$1815, B=$1784)
    #1 TAOP: vol=8,355,897, gap=59%, float=1.0M
    #2 PLRZ: vol=4,001,355, gap=64%, float=0.9M
    #3 ACON: vol=52,354, gap=12%, float=0.7M
    TAOP: ticks=87,550 armed=0 signals=0 trades=0 pnl=+0
    PLRZ: ticks=1,011,424 armed=3 signals=3 trades=3 pnl=+1041
    ACON: ticks=1,430 armed=1 signals=0 trades=0 pnl=+0
    TAOP: ticks=87,550 armed=0 signals=0 trades=0 pnl=+0
    PLRZ: ticks=1,011,424 armed=3 signals=3 trades=3 pnl=+1041
    ACON: ticks=1,430 armed=1 signals=1 trades=0 pnl=+0
  A: 0 trades, $+0, eq=$72,628 | B: 0 trades, $+0, eq=$71,371
[66/85] 2025-12-03: 3 scanned → 3 passed → top 3 selected (risk A=$1815, B=$1784)
    #1 HTOO: vol=10,009,260, gap=28%, float=0.6M
    #2 PMAX: vol=10,658,848, gap=41%, float=0.4M
    #3 QCLS: vol=2,145,792, gap=17%, float=1.6M
    HTOO: ticks=217,253 armed=1 signals=1 trades=1 pnl=-1815
    HTOO: ticks=217,253 armed=1 signals=1 trades=1 pnl=-1784
  A: 1 trades, $-1,815, eq=$70,813 | B: 1 trades, $-1,784, eq=$69,587
[67/85] 2025-12-04: 3 scanned → 3 passed → top 3 selected (risk A=$1770, B=$1739)
    #1 MAMO: vol=1,054,649, gap=16%, float=4.9M
    #2 UPC: vol=72,170, gap=23%, float=0.6M
    #3 ACON: vol=68,335, gap=14%, float=0.7M
    MAMO: ticks=32,100 armed=0 signals=0 trades=0 pnl=+0
    UPC: ticks=4,369 armed=0 signals=0 trades=0 pnl=+0
    ACON: ticks=1,865 armed=0 signals=0 trades=0 pnl=+0
    MAMO: ticks=32,100 armed=0 signals=0 trades=0 pnl=+0
    UPC: ticks=4,369 armed=0 signals=0 trades=0 pnl=+0
    ACON: ticks=1,865 armed=0 signals=0 trades=0 pnl=+0
  A: 0 trades, $+0, eq=$70,813 | B: 0 trades, $+0, eq=$69,587
[68/85] 2025-12-05: 4 scanned → 4 passed → top 4 selected (risk A=$1770, B=$1739)
    #1 WHLR: vol=13,277,117, gap=73%, float=0.2M
    #2 LICN: vol=263,167, gap=17%, float=0.8M
    #3 PCSC: vol=410,808, gap=12%, float=8.6M
    #4 SPRC: vol=7,050,054, gap=14%, float=0.4M
    WHLR: ticks=688,864 armed=4 signals=3 trades=3 pnl=+7674
    LICN: ticks=4,089 armed=0 signals=0 trades=0 pnl=+0
    PCSC: ticks=5,891 armed=1 signals=0 trades=0 pnl=+0
    SPRC: ticks=39,678 armed=0 signals=0 trades=0 pnl=+0
    WHLR: ticks=688,864 armed=4 signals=3 trades=3 pnl=+7674
    LICN: ticks=4,089 armed=0 signals=0 trades=0 pnl=+0
    PCSC: ticks=5,891 armed=1 signals=0 trades=0 pnl=+0
    SPRC: ticks=39,678 armed=0 signals=0 trades=0 pnl=+0
  A: 0 trades, $+0, eq=$70,813 | B: 0 trades, $+0, eq=$69,587
[69/85] 2025-12-08: 7 scanned → 7 passed → top 5 selected (risk A=$1770, B=$1739)
    #1 CETX: vol=22,317,607, gap=321%, float=0.8M
    #2 ELAB: vol=1,828,721, gap=12%, float=2.1M
    #3 TWG: vol=3,475,108, gap=75%, float=0.4M
    #4 MRNO: vol=55,827, gap=23%, float=1.4M
    #5 HWH: vol=832,585, gap=20%, float=0.4M
    CETX: ticks=802,280 armed=1 signals=1 trades=1 pnl=+8435
    ELAB: ticks=52,557 armed=2 signals=2 trades=2 pnl=+273
    TWG: ticks=104,243 armed=0 signals=0 trades=0 pnl=+0
    MRNO: ticks=5,256 armed=2 signals=1 trades=0 pnl=+0
    HWH: ticks=35,714 armed=0 signals=0 trades=0 pnl=+0
    CETX: ticks=802,280 armed=1 signals=1 trades=1 pnl=+8435
    ELAB: ticks=52,557 armed=2 signals=2 trades=2 pnl=+273
    TWG: ticks=104,243 armed=0 signals=0 trades=0 pnl=+0
    MRNO: ticks=5,256 armed=2 signals=1 trades=0 pnl=+0
    HWH: ticks=35,714 armed=0 signals=0 trades=0 pnl=+0
  A: 0 trades, $+0, eq=$70,813 | B: 0 trades, $+0, eq=$69,587
[70/85] 2025-12-09: 7 scanned → 7 passed → top 5 selected (risk A=$1770, B=$1739)
    #1 OCG: vol=727,095, gap=14%, float=0.1M
    #2 XCUR: vol=5,312,348, gap=66%, float=3.4M
    #3 SNTI: vol=3,760,490, gap=26%, float=9.7M
    #4 VOR: vol=10,158,369, gap=38%, float=4.9M
    #5 PBM: vol=8,259,537, gap=22%, float=0.3M
    OCG: ticks=182,840 armed=2 signals=2 trades=2 pnl=+1717
    XCUR: ticks=294,023 armed=0 signals=0 trades=0 pnl=+0
    SNTI: ticks=423,954 armed=2 signals=1 trades=1 pnl=+80
    VOR: ticks=216,269 armed=0 signals=0 trades=0 pnl=+0
    PBM: ticks=113,308 armed=0 signals=0 trades=0 pnl=+0
    OCG: ticks=182,840 armed=2 signals=2 trades=2 pnl=+1717
    XCUR: ticks=294,023 armed=0 signals=0 trades=0 pnl=+0
    SNTI: ticks=423,954 armed=2 signals=1 trades=1 pnl=+80
    VOR: ticks=216,269 armed=0 signals=0 trades=0 pnl=+0
    PBM: ticks=113,308 armed=0 signals=0 trades=0 pnl=+0
  A: 1 trades, $+0, eq=$70,813 | B: 1 trades, $+0, eq=$69,587
[71/85] 2025-12-10: 4 scanned → 4 passed → top 4 selected (risk A=$1770, B=$1739)
    #1 ENVB: vol=8,094,084, gap=107%, float=0.5M
    #2 ESHA: vol=196,072, gap=44%, float=1.0M
    #3 GWAV: vol=381,129, gap=15%, float=0.8M
    #4 AHT: vol=433,106, gap=18%, float=6.0M
    ENVB: ticks=408,259 armed=0 signals=0 trades=0 pnl=+0
    ESHA: ticks=8,552 armed=0 signals=0 trades=0 pnl=+0
    GWAV: ticks=9,468 armed=0 signals=0 trades=0 pnl=+0
    AHT: ticks=31,057 armed=0 signals=0 trades=0 pnl=+0
    ENVB: ticks=408,259 armed=0 signals=0 trades=0 pnl=+0
    ESHA: ticks=8,552 armed=0 signals=0 trades=0 pnl=+0
    GWAV: ticks=9,468 armed=0 signals=0 trades=0 pnl=+0
    AHT: ticks=31,057 armed=0 signals=0 trades=0 pnl=+0
  A: 0 trades, $+0, eq=$70,813 | B: 0 trades, $+0, eq=$69,587
[72/85] 2025-12-11: 3 scanned → 3 passed → top 3 selected (risk A=$1770, B=$1739)
    #1 AXIL: vol=7,167,189, gap=119%, float=3.5M
    #2 GLXG: vol=2,975,561, gap=19%, float=0.6M
    #3 BTTC: vol=124,982, gap=48%, float=1.3M
    AXIL: ticks=276,460 armed=0 signals=0 trades=0 pnl=+0
    GLXG: ticks=31,216 armed=0 signals=0 trades=0 pnl=+0
    BTTC: ticks=746,414 armed=3 signals=3 trades=3 pnl=+9365
    AXIL: ticks=276,460 armed=0 signals=0 trades=0 pnl=+0
    GLXG: ticks=31,216 armed=0 signals=0 trades=0 pnl=+0
    BTTC: ticks=746,414 armed=3 signals=3 trades=3 pnl=+9365
  A: 0 trades, $+0, eq=$70,813 | B: 0 trades, $+0, eq=$69,587
[73/85] 2025-12-12: 3 scanned → 3 passed → top 3 selected (risk A=$1770, B=$1739)
    #1 KPLT: vol=4,166,953, gap=38%, float=3.9M
    #2 JZXN: vol=5,059,344, gap=44%, float=1.3M
    #3 NPT: vol=100,135, gap=11%, float=3.5M
    KPLT: ticks=233,590 armed=1 signals=1 trades=1 pnl=+1972
    JZXN: ticks=171,398 armed=3 signals=3 trades=3 pnl=+3650
    NPT: ticks=805 armed=0 signals=0 trades=0 pnl=+0
    KPLT: ticks=233,590 armed=1 signals=1 trades=1 pnl=+1938
    JZXN: ticks=171,398 armed=3 signals=3 trades=3 pnl=+3650
    NPT: ticks=805 armed=0 signals=0 trades=0 pnl=+0
  A: 1 trades, $+1,972, eq=$72,785 | B: 1 trades, $+1,938, eq=$71,525
[74/85] 2025-12-15: 5 scanned → 4 passed → top 4 selected (risk A=$1819, B=$1788)
    #1 AMCI: vol=5,008,628, gap=36%, float=1.2M
    #2 GLSI: vol=406,946, gap=17%, float=6.6M
    #3 ARBB: vol=163,373, gap=11%, float=1.1M
    #4 RKLZ: vol=372,455, gap=14%, float=0.2M
    AMCI: ticks=512,617 armed=3 signals=2 trades=2 pnl=+4157
    GLSI: ticks=47,444 armed=0 signals=0 trades=0 pnl=+0
    ARBB: ticks=31,722 armed=1 signals=1 trades=1 pnl=+1583
    RKLZ: ticks=2,771 armed=0 signals=0 trades=0 pnl=+0
    AMCI: ticks=512,617 armed=3 signals=2 trades=2 pnl=+4157
    GLSI: ticks=47,444 armed=0 signals=0 trades=0 pnl=+0
    ARBB: ticks=31,722 armed=1 signals=1 trades=1 pnl=+1583
    RKLZ: ticks=2,771 armed=0 signals=0 trades=0 pnl=+0
  A: 0 trades, $+0, eq=$72,785 | B: 0 trades, $+0, eq=$71,525
[75/85] 2025-12-16: 5 scanned → 5 passed → top 5 selected (risk A=$1819, B=$1788)
    #1 ASNS: vol=3,890,783, gap=33%, float=1.4M
    #2 VERO: vol=3,996,878, gap=23%, float=1.6M
    #3 CYN: vol=2,637,241, gap=28%, float=8.0M
    #4 SQFT: vol=70,726, gap=15%, float=0.7M
    #5 WATT: vol=80,851, gap=12%, float=1.6M
    ASNS: ticks=75,570 armed=1 signals=1 trades=1 pnl=+0
    VERO: ticks=159,082 armed=2 signals=2 trades=2 pnl=-1513
    CYN: ticks=51,135 armed=0 signals=0 trades=0 pnl=+0
    SQFT: ticks=5,467 armed=0 signals=0 trades=0 pnl=+0
    WATT: ticks=6,028 armed=0 signals=0 trades=0 pnl=+0
    ASNS: ticks=75,570 armed=1 signals=1 trades=1 pnl=+0
    VERO: ticks=159,082 armed=2 signals=2 trades=2 pnl=-1487
    CYN: ticks=51,135 armed=0 signals=0 trades=0 pnl=+0
    SQFT: ticks=5,467 armed=0 signals=0 trades=0 pnl=+0
    WATT: ticks=6,028 armed=0 signals=0 trades=0 pnl=+0
  A: 1 trades, $+0, eq=$72,785 | B: 1 trades, $+0, eq=$71,525
[76/85] 2025-12-17: 0 scanned, 0 passed filter, 0 selected
[77/85] 2025-12-18: 1 scanned → 1 passed → top 1 selected (risk A=$1819, B=$1788)
    #1 LONA: vol=3,437,132, gap=62%, float=2.7M
    LONA: ticks=581,081 armed=2 signals=2 trades=2 pnl=-392
    LONA: ticks=581,081 armed=2 signals=2 trades=2 pnl=-398
  A: 1 trades, $+356, eq=$73,141 | B: 1 trades, $+350, eq=$71,875
[78/85] 2025-12-19: 2 scanned → 2 passed → top 2 selected (risk A=$1828, B=$1796)
    #1 AMST: vol=2,585,789, gap=12%, float=3.0M
    #2 RDAC: vol=246,811, gap=17%, float=5.8M
    AMST: ticks=57,015 armed=0 signals=0 trades=0 pnl=+0
    RDAC: ticks=17,534 armed=0 signals=0 trades=0 pnl=+0
    AMST: ticks=57,015 armed=0 signals=0 trades=0 pnl=+0
    RDAC: ticks=17,534 armed=0 signals=0 trades=0 pnl=+0
  A: 0 trades, $+0, eq=$73,141 | B: 0 trades, $+0, eq=$71,875
[79/85] 2025-12-22: 1 scanned → 1 passed → top 1 selected (risk A=$1828, B=$1796)
    #1 CMCT: vol=5,181,741, gap=26%, float=0.7M
    CMCT: ticks=351,391 armed=1 signals=1 trades=0 pnl=+0
    CMCT: ticks=351,391 armed=1 signals=1 trades=0 pnl=+0
  A: 0 trades, $+0, eq=$73,141 | B: 0 trades, $+0, eq=$71,875
[80/85] 2025-12-23: 5 scanned → 4 passed → top 4 selected (risk A=$1828, B=$1796)
    #1 TIVC: vol=13,808,134, gap=61%, float=1.5M
    #2 OPTX: vol=14,240,274, gap=40%, float=6.0M
    #3 BBLG: vol=1,871,063, gap=11%, float=1.8M
    #4 BMRA: vol=856,348, gap=15%, float=2.6M
    TIVC: ticks=267,760 armed=2 signals=2 trades=1 pnl=-1567
    TIVC: ticks=267,760 armed=2 signals=2 trades=1 pnl=-1539
  A: 1 trades, $-1,567, eq=$71,574 | B: 1 trades, $-1,539, eq=$70,336
[81/85] 2025-12-24: 5 scanned → 5 passed → top 5 selected (risk A=$1789, B=$1758)
    #1 ELOG: vol=11,539,167, gap=69%, float=2.9M
    #2 SOBR: vol=14,277,097, gap=68%, float=1.1M
    #3 INDP: vol=4,900,289, gap=55%, float=1.4M
    #4 TNMG: vol=4,559,563, gap=19%, float=1.1M
    #5 AIRI: vol=477,414, gap=10%, float=3.7M
    ELOG: ticks=207,256 armed=2 signals=2 trades=1 pnl=+575
    SOBR: ticks=540,392 armed=3 signals=1 trades=1 pnl=+64
    INDP: ticks=130,214 armed=0 signals=0 trades=0 pnl=+0
    TNMG: ticks=61,498 armed=0 signals=0 trades=0 pnl=+0
    AIRI: ticks=10,429 armed=0 signals=0 trades=0 pnl=+0
    ELOG: ticks=207,256 armed=2 signals=2 trades=1 pnl=+565
    SOBR: ticks=540,392 armed=3 signals=1 trades=1 pnl=+63
    INDP: ticks=130,214 armed=0 signals=0 trades=0 pnl=+0
    TNMG: ticks=61,498 armed=0 signals=0 trades=0 pnl=+0
    AIRI: ticks=10,429 armed=0 signals=0 trades=0 pnl=+0
  A: 1 trades, $+575, eq=$72,149 | B: 1 trades, $+565, eq=$70,901
[82/85] 2025-12-26: 0 scanned, 0 passed filter, 0 selected
[83/85] 2025-12-29: 3 scanned → 3 passed → top 3 selected (risk A=$1803, B=$1772)
    #1 BNAI: vol=33,455,189, gap=72%, float=3.3M
    #2 SOPA: vol=16,985,871, gap=24%, float=5.7M
    #3 NTRB: vol=123,026, gap=20%, float=4.9M
    BNAI: ticks=304,648 armed=2 signals=1 trades=1 pnl=+1914
    SOPA: ticks=501,599 armed=3 signals=3 trades=3 pnl=+76
    BNAI: ticks=304,648 armed=2 signals=1 trades=1 pnl=+1881
    SOPA: ticks=501,599 armed=3 signals=3 trades=3 pnl=+76
  A: 3 trades, $+1,635, eq=$73,784 | B: 3 trades, $+1,602, eq=$72,503
[84/85] 2025-12-30: 3 scanned → 3 passed → top 3 selected (risk A=$1844, B=$1812)
    #1 AEHL: vol=15,131,833, gap=108%, float=1.1M
    #2 EKSO: vol=3,345,350, gap=48%, float=1.8M
    #3 DRMA: vol=9,293,782, gap=25%, float=0.5M
    AEHL: ticks=167,217 armed=2 signals=1 trades=1 pnl=+1761
    EKSO: ticks=666,456 armed=3 signals=2 trades=1 pnl=+301
    DRMA: ticks=132,650 armed=0 signals=0 trades=0 pnl=+0
    AEHL: ticks=167,217 armed=2 signals=1 trades=1 pnl=+1731
    EKSO: ticks=666,456 armed=3 signals=2 trades=1 pnl=+301
    DRMA: ticks=132,650 armed=0 signals=0 trades=0 pnl=+0
  A: 1 trades, $+1,761, eq=$75,545 | B: 1 trades, $+1,731, eq=$74,234
[85/85] 2025-12-31: 2 scanned → 2 passed → top 2 selected (risk A=$1888, B=$1855)
    #1 ANGH: vol=5,718,828, gap=68%, float=1.7M
    #2 ALCY: vol=97,793, gap=13%, float=1.0M
    ANGH: ticks=243,682 armed=3 signals=3 trades=1 pnl=-354
    ALCY: ticks=5,830 armed=2 signals=2 trades=2 pnl=+1799
    ANGH: ticks=243,682 armed=3 signals=3 trades=1 pnl=-348
    ALCY: ticks=5,830 armed=2 signals=2 trades=2 pnl=+1799
  A: 1 trades, $-354, eq=$75,191 | B: 1 trades, $-348, eq=$73,886

Report saved: /Users/duffy/warrior_bot/OOS_2025Q4_BACKTEST_RESULTS.md

============================================================
Config A (Gate=8): $+45,191 (+150.6%)
Config B (No Gate): $+43,886 (+146.3%)
Gate impact: $+1,305
============================================================
