============================================================
YTD V2 A/B BACKTEST: Top-5 Ranked + Trade Cap
Period: Jan 2 - Mar 12, 2026 (54 trading days)
Starting equity: $30,000
Max 5 trades/day, daily loss limit $-1,500
============================================================
[1/54] 2026-01-02: 2 scanned → 2 passed → top 2 selected (risk A=$750, B=$750)
    #1 FUTG: vol=78,316, gap=11%, float=0.2M
    #2 SNSE: vol=279,226, gap=11%, float=0.7M
    FUTG: ticks=312 armed=1 signals=1 trades=1 pnl=-1234
    SNSE: ticks=16,595 armed=1 signals=0 trades=0 pnl=+0
    FUTG: ticks=312 armed=1 signals=1 trades=1 pnl=-1234
    SNSE: ticks=16,595 armed=1 signals=1 trades=1 pnl=+784
  A: 1 trades, $-1,234, eq=$28,766 | B: 1 trades, $-1,234, eq=$28,766
[2/54] 2026-01-03: 0 scanned, 0 passed filter, 0 selected
[3/54] 2026-01-05: 1 scanned → 1 passed → top 1 selected (risk A=$719, B=$719)
    #1 UUU: vol=142,844, gap=23%, float=1.6M
    UUU: ticks=2,077 armed=0 signals=0 trades=0 pnl=+0
    UUU: ticks=2,077 armed=0 signals=0 trades=0 pnl=+0
  A: 0 trades, $+0, eq=$28,766 | B: 0 trades, $+0, eq=$28,766
[4/54] 2026-01-06: 2 scanned → 2 passed → top 2 selected (risk A=$719, B=$719)
    #1 NOMA: vol=2,704,087, gap=17%, float=4.0M
    #2 CYCN: vol=8,666,636, gap=56%, float=2.7M
    NOMA: ticks=34,394 armed=0 signals=0 trades=0 pnl=+0
    CYCN: ticks=257,121 armed=1 signals=1 trades=0 pnl=+0
    NOMA: ticks=34,394 armed=0 signals=0 trades=0 pnl=+0
    CYCN: ticks=257,121 armed=1 signals=1 trades=0 pnl=+0
  A: 0 trades, $+0, eq=$28,766 | B: 0 trades, $+0, eq=$28,766
[5/54] 2026-01-07: 87 scanned → 2 passed → top 2 selected (risk A=$719, B=$719)
    #1 CDIO: vol=6,536,915, gap=38%, float=1.7M
    #2 NVVE: vol=15,642,799, gap=47%, float=0.2M
    CDIO: ticks=140,999 armed=0 signals=0 trades=0 pnl=+0
    NVVE: ticks=182,657 armed=1 signals=1 trades=1 pnl=-267
    CDIO: ticks=140,999 armed=0 signals=0 trades=0 pnl=+0
    NVVE: ticks=182,657 armed=1 signals=1 trades=1 pnl=-267
  A: 1 trades, $-267, eq=$28,499 | B: 1 trades, $-267, eq=$28,499
[6/54] 2026-01-08: 2 scanned → 2 passed → top 2 selected (risk A=$712, B=$712)
    #1 ACON: vol=4,695,008, gap=47%, float=0.7M
    #2 SXTC: vol=2,345,330, gap=55%, float=0.8M
    ACON: ticks=418,618 armed=3 signals=3 trades=3 pnl=+121
    SXTC: ticks=219,858 armed=2 signals=2 trades=2 pnl=+1576
    ACON: ticks=418,618 armed=3 signals=3 trades=3 pnl=+121
    SXTC: ticks=219,858 armed=2 signals=2 trades=2 pnl=+1576
  A: 1 trades, $+553, eq=$29,052 | B: 1 trades, $+553, eq=$29,052
[7/54] 2026-01-09: 86 scanned → 4 passed → top 4 selected (risk A=$726, B=$726)
    #1 KUST: vol=2,700,325, gap=14%, float=0.2M
    #2 ICON: vol=3,622,622, gap=22%, float=0.7M
    #3 APVO: vol=3,993,762, gap=20%, float=0.9M
    #4 WHLR: vol=705,328, gap=16%, float=0.2M
    KUST: ticks=25,857 armed=0 signals=0 trades=0 pnl=+0
    ICON: ticks=37,556 armed=0 signals=0 trades=0 pnl=+0
    APVO: ticks=30,384 armed=0 signals=0 trades=0 pnl=+0
    WHLR: ticks=8,272 armed=0 signals=0 trades=0 pnl=+0
    KUST: ticks=25,857 armed=0 signals=0 trades=0 pnl=+0
    ICON: ticks=37,556 armed=0 signals=0 trades=0 pnl=+0
    APVO: ticks=30,384 armed=0 signals=0 trades=0 pnl=+0
    WHLR: ticks=8,272 armed=0 signals=0 trades=0 pnl=+0
  A: 0 trades, $+0, eq=$29,052 | B: 0 trades, $+0, eq=$29,052
[8/54] 2026-01-12: 103 scanned → 1 passed → top 1 selected (risk A=$726, B=$726)
    #1 BDSX: vol=5,401,463, gap=26%, float=3.7M
    BDSX: ticks=442,026 armed=2 signals=2 trades=2 pnl=+56
    BDSX: ticks=442,026 armed=2 signals=2 trades=2 pnl=+56
  A: 1 trades, $-311, eq=$28,741 | B: 1 trades, $-311, eq=$28,741
[9/54] 2026-01-13: 94 scanned → 7 passed → top 5 selected (risk A=$718, B=$718)
    #1 IOTR: vol=11,884,420, gap=36%, float=0.7M
    #2 XAIR: vol=71,249,379, gap=172%, float=9.4M
    #3 AHMA: vol=10,117,699, gap=86%, float=2.0M
    #4 PMAX: vol=10,271,808, gap=16%, float=0.4M
    #5 SPRC: vol=11,816,128, gap=52%, float=0.4M
    IOTR: ticks=102,610 armed=0 signals=0 trades=0 pnl=+0
    XAIR: ticks=200,139 armed=0 signals=0 trades=0 pnl=+0
    AHMA: ticks=428,895 armed=2 signals=2 trades=2 pnl=+3167
    PMAX: ticks=57,146 armed=0 signals=0 trades=0 pnl=+0
    SPRC: ticks=197,457 armed=2 signals=2 trades=1 pnl=+51
    IOTR: ticks=102,610 armed=0 signals=0 trades=0 pnl=+0
    XAIR: ticks=200,139 armed=0 signals=0 trades=0 pnl=+0
    AHMA: ticks=428,895 armed=2 signals=2 trades=2 pnl=+3167
    PMAX: ticks=57,146 armed=0 signals=0 trades=0 pnl=+0
    SPRC: ticks=197,457 armed=2 signals=2 trades=1 pnl=+51
  A: 2 trades, $+37, eq=$28,778 | B: 2 trades, $+37, eq=$28,778
[10/54] 2026-01-14: 2 scanned → 2 passed → top 2 selected (risk A=$719, B=$719)
    #1 ROLR: vol=10,669,416, gap=289%, float=3.6M
    #2 CMND: vol=460,213, gap=13%, float=0.1M
    ROLR: ticks=878,325 armed=6 signals=4 trades=3 pnl=+11644
    CMND: ticks=6,141 armed=0 signals=0 trades=0 pnl=+0
    ROLR: ticks=878,325 armed=6 signals=4 trades=3 pnl=+11644
    CMND: ticks=6,141 armed=0 signals=0 trades=0 pnl=+0
  A: 2 trades, $+7,678, eq=$36,456 | B: 2 trades, $+7,678, eq=$36,456
[11/54] 2026-01-15: 101 scanned → 4 passed → top 4 selected (risk A=$911, B=$911)
    #1 CJMB: vol=16,555,670, gap=127%, float=1.4M
    #2 SPHL: vol=5,016,154, gap=91%, float=0.5M
    #3 AGPU: vol=237,778, gap=17%, float=1.8M
    #4 NUWE: vol=62,102, gap=21%, float=0.9M
    CJMB: ticks=986,939 armed=3 signals=3 trades=3 pnl=+3660
    SPHL: ticks=1,100,050 armed=4 signals=4 trades=4 pnl=+4568
    AGPU: ticks=39,974 armed=3 signals=3 trades=3 pnl=+828
    NUWE: ticks=2,958 armed=0 signals=0 trades=0 pnl=+0
    CJMB: ticks=986,939 armed=3 signals=3 trades=3 pnl=+3660
    SPHL: ticks=1,100,050 armed=4 signals=4 trades=4 pnl=+4568
    AGPU: ticks=39,974 armed=3 signals=3 trades=3 pnl=+828
    NUWE: ticks=2,958 armed=0 signals=0 trades=0 pnl=+0
  A: 3 trades, $+71, eq=$36,527 | B: 3 trades, $+71, eq=$36,527
[12/54] 2026-01-16: 6 scanned → 6 passed → top 5 selected (risk A=$913, B=$913)
    #1 VERO: vol=26,831,003, gap=181%, float=1.6M
    #2 ACCL: vol=10,272,856, gap=28%, float=2.9M
    #3 BIYA: vol=7,050,459, gap=42%, float=0.1M
    #4 LCFY: vol=143,179, gap=132%, float=1.4M
    #5 GWAV: vol=1,537,606, gap=26%, float=0.8M
    VERO: ticks=1,696,214 armed=4 signals=4 trades=4 pnl=+19102
    ACCL: ticks=160,400 armed=0 signals=0 trades=0 pnl=+0
    BIYA: ticks=181,960 armed=0 signals=0 trades=0 pnl=+0
    LCFY: ticks=470,263 armed=2 signals=1 trades=1 pnl=-391
    GWAV: ticks=82,507 armed=3 signals=3 trades=2 pnl=+3520
    VERO: ticks=1,696,214 armed=4 signals=4 trades=4 pnl=+19102
    ACCL: ticks=160,400 armed=0 signals=0 trades=0 pnl=+0
    BIYA: ticks=181,960 armed=0 signals=0 trades=0 pnl=+0
    LCFY: ticks=470,263 armed=2 signals=1 trades=1 pnl=-391
    GWAV: ticks=82,507 armed=3 signals=3 trades=2 pnl=+3520
  A: 1 trades, $+16,966, eq=$53,493 | B: 1 trades, $+16,966, eq=$53,493
[13/54] 2026-01-20: 109 scanned → 8 passed → top 5 selected (risk A=$1337, B=$1337)
    #1 BTTC: vol=29,798,487, gap=85%, float=1.3M
    #2 TWG: vol=9,478,348, gap=123%, float=0.4M
    #3 IVF: vol=43,686,384, gap=346%, float=1.7M
    #4 ICON: vol=12,463,348, gap=47%, float=0.7M
    #5 POLA: vol=4,490,129, gap=26%, float=1.9M
    BTTC: ticks=289,194 armed=0 signals=0 trades=0 pnl=+0
    TWG: ticks=674,822 armed=0 signals=0 trades=0 pnl=+0
    IVF: ticks=899,844 armed=0 signals=0 trades=0 pnl=+0
    ICON: ticks=104,837 armed=0 signals=0 trades=0 pnl=+0
    POLA: ticks=292,395 armed=2 signals=1 trades=1 pnl=+191
    BTTC: ticks=289,194 armed=0 signals=0 trades=0 pnl=+0
    TWG: ticks=674,822 armed=0 signals=0 trades=0 pnl=+0
    IVF: ticks=899,844 armed=0 signals=0 trades=0 pnl=+0
    ICON: ticks=104,837 armed=0 signals=0 trades=0 pnl=+0
    POLA: ticks=292,395 armed=2 signals=1 trades=1 pnl=+191
  A: 1 trades, $+191, eq=$53,684 | B: 1 trades, $+191, eq=$53,684
[14/54] 2026-01-21: 127 scanned → 4 passed → top 4 selected (risk A=$1342, B=$1342)
    #1 GITS: vol=25,657,515, gap=172%, float=2.5M
    #2 SLGB: vol=15,293,392, gap=134%, float=1.0M
    #3 LSTA: vol=1,890,202, gap=83%, float=7.1M
    #4 BOXL: vol=13,705,568, gap=92%, float=0.7M
    GITS: ticks=176,860 armed=1 signals=1 trades=1 pnl=-561
    SLGB: ticks=463,437 armed=3 signals=3 trades=3 pnl=+3702
    LSTA: ticks=11,481 armed=0 signals=0 trades=0 pnl=+0
    BOXL: ticks=286,811 armed=0 signals=0 trades=0 pnl=+0
    GITS: ticks=176,860 armed=1 signals=1 trades=1 pnl=-561
    SLGB: ticks=463,437 armed=3 signals=3 trades=3 pnl=+3702
    LSTA: ticks=11,481 armed=0 signals=0 trades=0 pnl=+0
    BOXL: ticks=286,811 armed=0 signals=0 trades=0 pnl=+0
  A: 2 trades, $+3,716, eq=$57,400 | B: 2 trades, $+3,716, eq=$57,400
[15/54] 2026-01-22: 171 scanned → 4 passed → top 4 selected (risk A=$1435, B=$1435)
    #1 NXTS: vol=21,390,097, gap=54%, float=1.1M
    #2 IOTR: vol=22,198,275, gap=203%, float=0.7M
    #3 SXTP: vol=13,877,243, gap=43%, float=0.9M
    #4 RAYA: vol=7,955,230, gap=31%, float=0.6M
    NXTS: ticks=173,714 armed=0 signals=0 trades=0 pnl=+0
    IOTR: ticks=472,909 armed=3 signals=3 trades=2 pnl=+114
    SXTP: ticks=1,476,033 armed=4 signals=4 trades=2 pnl=-1241
    RAYA: ticks=66,188 armed=0 signals=0 trades=0 pnl=+0
    NXTS: ticks=173,714 armed=0 signals=0 trades=0 pnl=+0
    IOTR: ticks=472,909 armed=3 signals=3 trades=2 pnl=+114
    SXTP: ticks=1,476,033 armed=4 signals=4 trades=2 pnl=-1241
    RAYA: ticks=66,188 armed=0 signals=0 trades=0 pnl=+0
  A: 1 trades, $-508, eq=$56,892 | B: 1 trades, $-508, eq=$56,892
[16/54] 2026-01-23: 101 scanned → 5 passed → top 5 selected (risk A=$1422, B=$1422)
    #1 MOVE: vol=7,698,221, gap=157%, float=0.6M
    #2 RVYL: vol=5,400,826, gap=56%, float=0.3M
    #3 DRCT: vol=30,258,671, gap=145%, float=0.6M
    #4 AUST: vol=2,868,732, gap=23%, float=7.8M
    #5 SOPA: vol=6,631,154, gap=11%, float=5.7M
    MOVE: ticks=610,891 armed=5 signals=4 trades=4 pnl=+5221
    RVYL: ticks=99,708 armed=0 signals=0 trades=0 pnl=+0
    DRCT: ticks=710,821 armed=3 signals=2 trades=2 pnl=+1831
    AUST: ticks=7,726 armed=1 signals=1 trades=1 pnl=-62
    MOVE: ticks=610,891 armed=5 signals=4 trades=4 pnl=+5221
    RVYL: ticks=99,708 armed=0 signals=0 trades=0 pnl=+0
    DRCT: ticks=710,821 armed=3 signals=2 trades=2 pnl=+1831
    AUST: ticks=7,726 armed=1 signals=1 trades=1 pnl=-62
  A: 2 trades, $-841, eq=$56,051 | B: 2 trades, $-841, eq=$56,051
[17/54] 2026-01-26: 117 scanned → 3 passed → top 3 selected (risk A=$1401, B=$1401)
    #1 MBAI: vol=3,302,918, gap=63%, float=4.7M
    #2 BATL: vol=69,454,863, gap=391%, float=7.2M
    #3 ARAI: vol=6,451,557, gap=12%, float=6.2M
    MBAI: ticks=444,940 armed=0 signals=0 trades=0 pnl=+0
    BATL: ticks=1,179,703 armed=3 signals=3 trades=3 pnl=+730
    ARAI: ticks=179,454 armed=1 signals=1 trades=0 pnl=+0
    MBAI: ticks=444,940 armed=0 signals=0 trades=0 pnl=+0
    BATL: ticks=1,179,703 armed=3 signals=3 trades=3 pnl=+730
    ARAI: ticks=179,454 armed=1 signals=1 trades=0 pnl=+0
  A: 3 trades, $+730, eq=$56,781 | B: 3 trades, $+730, eq=$56,781
[18/54] 2026-01-27: 105 scanned → 4 passed → top 4 selected (risk A=$1419, B=$1419)
    #1 NUWE: vol=44,961,800, gap=152%, float=0.9M
    #2 XHLD: vol=7,858,738, gap=61%, float=1.3M
    #3 CYN: vol=4,255,770, gap=25%, float=8.0M
    #4 PHGE: vol=3,841,638, gap=67%, float=1.2M
    NUWE: ticks=544,783 armed=1 signals=1 trades=1 pnl=-166
    XHLD: ticks=280,144 armed=1 signals=1 trades=1 pnl=-625
    CYN: ticks=435,552 armed=1 signals=1 trades=1 pnl=-198
    NUWE: ticks=544,783 armed=1 signals=1 trades=1 pnl=-166
    XHLD: ticks=280,144 armed=1 signals=1 trades=1 pnl=-625
    CYN: ticks=435,552 armed=1 signals=1 trades=1 pnl=-198
  A: 2 trades, $-823, eq=$55,958 | B: 2 trades, $-823, eq=$55,958
[19/54] 2026-01-28: 90 scanned → 4 passed → top 4 selected (risk A=$1398, B=$1398)
    #1 AIMD: vol=14,577,647, gap=33%, float=1.7M
    #2 MRNO: vol=24,078,277, gap=143%, float=1.4M
    #3 GRI: vol=6,728,516, gap=21%, float=1.4M
    #4 FIEE: vol=75,118, gap=24%, float=0.4M
    AIMD: ticks=89,412 armed=0 signals=0 trades=0 pnl=+0
    MRNO: ticks=276,511 armed=0 signals=0 trades=0 pnl=+0
    GRI: ticks=65,440 armed=0 signals=0 trades=0 pnl=+0
    FIEE: ticks=964 armed=0 signals=0 trades=0 pnl=+0
    AIMD: ticks=89,412 armed=0 signals=0 trades=0 pnl=+0
    MRNO: ticks=276,511 armed=0 signals=0 trades=0 pnl=+0
    GRI: ticks=65,440 armed=0 signals=0 trades=0 pnl=+0
    FIEE: ticks=964 armed=0 signals=0 trades=0 pnl=+0
  A: 0 trades, $+0, eq=$55,958 | B: 0 trades, $+0, eq=$55,958
[20/54] 2026-01-29: 90 scanned → 1 passed → top 1 selected (risk A=$1398, B=$1398)
    #1 SER: vol=26,039,627, gap=62%, float=3.6M
    SER: ticks=285,606 armed=0 signals=0 trades=0 pnl=+0
    SER: ticks=285,606 armed=0 signals=0 trades=0 pnl=+0
  A: 0 trades, $+0, eq=$55,958 | B: 0 trades, $+0, eq=$55,958
[21/54] 2026-01-30: 73 scanned → 2 passed → top 2 selected (risk A=$1398, B=$1398)
    #1 PMN: vol=1,484,456, gap=41%, float=1.3M
    #2 VIVS: vol=10,777,851, gap=76%, float=2.6M
    PMN: ticks=146,458 armed=1 signals=1 trades=1 pnl=+507
    VIVS: ticks=305,105 armed=0 signals=0 trades=0 pnl=+0
    PMN: ticks=146,458 armed=1 signals=1 trades=1 pnl=+507
    VIVS: ticks=305,105 armed=0 signals=0 trades=0 pnl=+0
  A: 1 trades, $+507, eq=$56,465 | B: 1 trades, $+507, eq=$56,465
[22/54] 2026-02-02: 138 scanned → 4 passed → top 4 selected (risk A=$1411, B=$1411)
    #1 SWVL: vol=3,874,975, gap=20%, float=5.5M
    #2 IPW: vol=3,241,138, gap=19%, float=0.5M
    #3 CISS: vol=19,182,335, gap=67%, float=0.1M
    #4 CIGL: vol=68,043, gap=16%, float=1.2M
    SWVL: ticks=370,263 armed=1 signals=1 trades=0 pnl=+0
    IPW: ticks=17,655 armed=0 signals=0 trades=0 pnl=+0
    CISS: ticks=167,032 armed=0 signals=0 trades=0 pnl=+0
    CIGL: ticks=470 armed=1 signals=0 trades=0 pnl=+0
    SWVL: ticks=370,263 armed=1 signals=1 trades=0 pnl=+0
    IPW: ticks=17,655 armed=0 signals=0 trades=0 pnl=+0
    CISS: ticks=167,032 armed=0 signals=0 trades=0 pnl=+0
    CIGL: ticks=470 armed=1 signals=1 trades=0 pnl=+0
  A: 0 trades, $+0, eq=$56,465 | B: 0 trades, $+0, eq=$56,465
[23/54] 2026-02-03: 145 scanned → 2 passed → top 2 selected (risk A=$1411, B=$1411)
    #1 NPT: vol=3,557,700, gap=37%, float=3.5M
    #2 FATN: vol=19,689,792, gap=93%, float=6.2M
    NPT: ticks=338,958 armed=0 signals=0 trades=0 pnl=+0
    FATN: ticks=249,907 armed=0 signals=0 trades=0 pnl=+0
    NPT: ticks=338,958 armed=0 signals=0 trades=0 pnl=+0
    FATN: ticks=249,907 armed=0 signals=0 trades=0 pnl=+0
  A: 0 trades, $+0, eq=$56,465 | B: 0 trades, $+0, eq=$56,465
[24/54] 2026-02-04: 92 scanned → 3 passed → top 3 selected (risk A=$1411, B=$1411)
    #1 ELPW: vol=31,138,608, gap=128%, float=0.5M
    #2 CIGL: vol=5,720,243, gap=49%, float=1.2M
    #3 BOXL: vol=23,869,470, gap=57%, float=0.7M
    ELPW: ticks=151,599 armed=1 signals=0 trades=0 pnl=+0
    CIGL: ticks=87,641 armed=0 signals=0 trades=0 pnl=+0
    BOXL: ticks=502,369 armed=3 signals=2 trades=2 pnl=-584
    ELPW: ticks=151,599 armed=1 signals=0 trades=0 pnl=+0
    CIGL: ticks=87,641 armed=0 signals=0 trades=0 pnl=+0
    BOXL: ticks=502,369 armed=3 signals=2 trades=2 pnl=-584
  A: 1 trades, $-302, eq=$56,163 | B: 1 trades, $-302, eq=$56,163
[25/54] 2026-02-05: 74 scanned → 1 passed → top 1 selected (risk A=$1404, B=$1404)
    #1 RNAZ: vol=2,728,563, gap=55%, float=0.8M
    RNAZ: ticks=193,713 armed=0 signals=0 trades=0 pnl=+0
    RNAZ: ticks=193,713 armed=0 signals=0 trades=0 pnl=+0
  A: 0 trades, $+0, eq=$56,163 | B: 0 trades, $+0, eq=$56,163
[26/54] 2026-02-06: 361 scanned → 1 passed → top 1 selected (risk A=$1404, B=$1404)
    #1 WHLR: vol=4,175,931, gap=45%, float=0.2M
    WHLR: ticks=185,563 armed=2 signals=2 trades=1 pnl=+98
    WHLR: ticks=185,563 armed=2 signals=2 trades=1 pnl=+98
  A: 1 trades, $+98, eq=$56,261 | B: 1 trades, $+98, eq=$56,261
[27/54] 2026-02-09: 145 scanned → 2 passed → top 2 selected (risk A=$1406, B=$1406)
    #1 UOKA: vol=22,276,513, gap=84%, float=1.1M
    #2 ELTK: vol=423,304, gap=16%, float=2.8M
    UOKA: ticks=499,049 armed=2 signals=2 trades=2 pnl=+3463
    ELTK: ticks=10,407 armed=0 signals=0 trades=0 pnl=+0
    UOKA: ticks=499,049 armed=2 signals=2 trades=2 pnl=+3463
    ELTK: ticks=10,407 armed=0 signals=0 trades=0 pnl=+0
  A: 1 trades, $+502, eq=$56,763 | B: 1 trades, $+502, eq=$56,763
[28/54] 2026-02-10: 111 scanned → 1 passed → top 1 selected (risk A=$1419, B=$1419)
    #1 SPOG: vol=205,695, gap=19%, float=0.0M
    SPOG: ticks=3,656 armed=1 signals=1 trades=1 pnl=-196
    SPOG: ticks=3,656 armed=1 signals=1 trades=1 pnl=-196
  A: 0 trades, $+0, eq=$56,763 | B: 0 trades, $+0, eq=$56,763
[29/54] 2026-02-11: 93 scanned → 4 passed → top 4 selected (risk A=$1419, B=$1419)
    #1 BNRG: vol=7,093,915, gap=18%, float=0.4M
    #2 SIF: vol=89,139, gap=25%, float=4.5M
    #3 ELAB: vol=3,242,923, gap=31%, float=2.1M
    #4 DFSC: vol=148,573, gap=10%, float=1.2M
    BNRG: ticks=79,727 armed=0 signals=0 trades=0 pnl=+0
    SIF: ticks=3,525 armed=2 signals=1 trades=1 pnl=+1
    ELAB: ticks=156,221 armed=0 signals=0 trades=0 pnl=+0
    DFSC: ticks=1,631 armed=0 signals=0 trades=0 pnl=+0
    BNRG: ticks=79,727 armed=0 signals=0 trades=0 pnl=+0
    SIF: ticks=3,525 armed=2 signals=1 trades=1 pnl=+1
    ELAB: ticks=156,221 armed=0 signals=0 trades=0 pnl=+0
    DFSC: ticks=1,631 armed=0 signals=0 trades=0 pnl=+0
  A: 0 trades, $+0, eq=$56,763 | B: 0 trades, $+0, eq=$56,763
[30/54] 2026-02-12: 81 scanned → 1 passed → top 1 selected (risk A=$1419, B=$1419)
    #1 VTAK: vol=84,170, gap=26%, float=1.3M
    VTAK: ticks=11,242 armed=0 signals=0 trades=0 pnl=+0
    VTAK: ticks=11,242 armed=0 signals=0 trades=0 pnl=+0
  A: 0 trades, $+0, eq=$56,763 | B: 0 trades, $+0, eq=$56,763
[31/54] 2026-02-13: 219 scanned, 0 passed filter, 0 selected
[32/54] 2026-02-17: 95 scanned → 2 passed → top 2 selected (risk A=$1419, B=$1419)
    #1 OBAI: vol=9,878,007, gap=94%, float=3.2M
    #2 PLYX: vol=5,456,965, gap=72%, float=1.3M
    OBAI: ticks=285,113 armed=0 signals=0 trades=0 pnl=+0
    PLYX: ticks=317,832 armed=1 signals=1 trades=1 pnl=-221
    OBAI: ticks=285,113 armed=0 signals=0 trades=0 pnl=+0
    PLYX: ticks=317,832 armed=1 signals=1 trades=1 pnl=-221
  A: 1 trades, $-221, eq=$56,542 | B: 1 trades, $-221, eq=$56,542
[33/54] 2026-02-18: 169 scanned → 2 passed → top 2 selected (risk A=$1413, B=$1413)
    #1 LRHC: vol=8,844,996, gap=50%, float=0.1M
    #2 BENF: vol=5,824,265, gap=46%, float=1.2M
    LRHC: ticks=212,788 armed=0 signals=0 trades=0 pnl=+0
    BENF: ticks=125,816 armed=0 signals=0 trades=0 pnl=+0
    LRHC: ticks=212,788 armed=0 signals=0 trades=0 pnl=+0
    BENF: ticks=125,816 armed=0 signals=0 trades=0 pnl=+0
  A: 0 trades, $+0, eq=$56,542 | B: 0 trades, $+0, eq=$56,542
[34/54] 2026-02-19: 91 scanned → 1 passed → top 1 selected (risk A=$1413, B=$1413)
    #1 RUBI: vol=8,486,662, gap=40%, float=0.0M
    RUBI: ticks=729,849 armed=4 signals=4 trades=4 pnl=+3379
    RUBI: ticks=729,849 armed=4 signals=4 trades=4 pnl=+3379
  A: 1 trades, $-168, eq=$56,374 | B: 1 trades, $-168, eq=$56,374
[35/54] 2026-02-20: 97 scanned → 3 passed → top 3 selected (risk A=$1409, B=$1409)
    #1 ANPA: vol=1,545,342, gap=25%, float=0.7M
    #2 BJDX: vol=2,812,762, gap=10%, float=0.4M
    #3 EVTV: vol=2,011,738, gap=21%, float=3.0M
    ANPA: ticks=31,277 armed=0 signals=0 trades=0 pnl=+0
    BJDX: ticks=17,672 armed=0 signals=0 trades=0 pnl=+0
    EVTV: ticks=49,459 armed=2 signals=1 trades=1 pnl=+59
    ANPA: ticks=31,277 armed=0 signals=0 trades=0 pnl=+0
    BJDX: ticks=17,672 armed=0 signals=0 trades=0 pnl=+0
    EVTV: ticks=49,459 armed=2 signals=1 trades=1 pnl=+59
  A: 1 trades, $+59, eq=$56,433 | B: 1 trades, $+59, eq=$56,433
[36/54] 2026-02-23: 93 scanned → 2 passed → top 2 selected (risk A=$1410, B=$1410)
    #1 GNPX: vol=1,627,057, gap=22%, float=0.7M
    #2 GITS: vol=185,840, gap=15%, float=2.5M
    GNPX: ticks=15,564 armed=1 signals=1 trades=1 pnl=-320
    GITS: ticks=8,730 armed=0 signals=0 trades=0 pnl=+0
    GNPX: ticks=15,564 armed=1 signals=1 trades=1 pnl=-320
    GITS: ticks=8,730 armed=0 signals=0 trades=0 pnl=+0
  A: 1 trades, $-320, eq=$56,113 | B: 1 trades, $-320, eq=$56,113
[37/54] 2026-02-24: 161 scanned → 1 passed → top 1 selected (risk A=$1402, B=$1402)
    #1 GRAN: vol=193,626, gap=66%, float=4.7M
    GRAN: ticks=67,516 armed=0 signals=0 trades=0 pnl=+0
    GRAN: ticks=67,516 armed=0 signals=0 trades=0 pnl=+0
  A: 0 trades, $+0, eq=$56,113 | B: 0 trades, $+0, eq=$56,113
[38/54] 2026-02-25: 234 scanned, 0 passed filter, 0 selected
[39/54] 2026-02-26: 128 scanned → 2 passed → top 2 selected (risk A=$1402, B=$1402)
    #1 HCTI: vol=3,215,960, gap=66%, float=0.1M
    #2 SMJF: vol=2,871,906, gap=38%, float=8.2M
    HCTI: ticks=143,490 armed=0 signals=0 trades=0 pnl=+0
    SMJF: ticks=27,622 armed=0 signals=0 trades=0 pnl=+0
    HCTI: ticks=143,490 armed=0 signals=0 trades=0 pnl=+0
    SMJF: ticks=27,622 armed=0 signals=0 trades=0 pnl=+0
  A: 0 trades, $+0, eq=$56,113 | B: 0 trades, $+0, eq=$56,113
[40/54] 2026-02-27: 67 scanned, 0 passed filter, 0 selected
[41/54] 2026-03-02: 167 scanned → 3 passed → top 3 selected (risk A=$1402, B=$1402)
    #1 TMDE: vol=47,462,115, gap=235%, float=3.6M
    #2 RLYB: vol=824,538, gap=19%, float=2.7M
    #3 RBNE: vol=4,938,148, gap=14%, float=2.7M
    TMDE: ticks=408,606 armed=0 signals=0 trades=0 pnl=+0
    RLYB: ticks=22,910 armed=2 signals=1 trades=1 pnl=+579
    RBNE: ticks=117,110 armed=0 signals=0 trades=0 pnl=+0
    TMDE: ticks=408,606 armed=0 signals=0 trades=0 pnl=+0
    RLYB: ticks=22,910 armed=2 signals=1 trades=1 pnl=+579
    RBNE: ticks=117,110 armed=0 signals=0 trades=0 pnl=+0
  A: 0 trades, $+0, eq=$56,113 | B: 0 trades, $+0, eq=$56,113
[42/54] 2026-03-03: 93 scanned → 1 passed → top 1 selected (risk A=$1402, B=$1402)
    #1 NPT: vol=3,862,933, gap=46%, float=3.5M
    NPT: ticks=136,561 armed=2 signals=2 trades=2 pnl=+1647
    NPT: ticks=136,561 armed=2 signals=2 trades=2 pnl=+1647
  A: 0 trades, $+0, eq=$56,113 | B: 0 trades, $+0, eq=$56,113
[43/54] 2026-03-04: 255 scanned → 1 passed → top 1 selected (risk A=$1402, B=$1402)
    #1 VCIG: vol=4,955,408, gap=92%, float=0.1M
    VCIG: ticks=384,487 armed=2 signals=2 trades=2 pnl=+4564
    VCIG: ticks=384,487 armed=2 signals=2 trades=2 pnl=+4564
  A: 0 trades, $+0, eq=$56,113 | B: 0 trades, $+0, eq=$56,113
[44/54] 2026-03-05: 128 scanned → 2 passed → top 2 selected (risk A=$1402, B=$1402)
    #1 HTOO: vol=4,026,558, gap=16%, float=0.6M
    #2 MTEK: vol=16,314,662, gap=52%, float=4.6M
    HTOO: ticks=75,896 armed=0 signals=0 trades=0 pnl=+0
    MTEK: ticks=116,434 armed=0 signals=0 trades=0 pnl=+0
    HTOO: ticks=75,896 armed=0 signals=0 trades=0 pnl=+0
    MTEK: ticks=116,434 armed=0 signals=0 trades=0 pnl=+0
  A: 0 trades, $+0, eq=$56,113 | B: 0 trades, $+0, eq=$56,113
[45/54] 2026-03-06: 99 scanned → 4 passed → top 4 selected (risk A=$1402, B=$1402)
    #1 CRE: vol=8,851,611, gap=59%, float=1.0M
    #2 IBG: vol=7,190,524, gap=40%, float=0.2M
    #3 QCLS: vol=1,772,571, gap=15%, float=1.6M
    #4 FEED: vol=844,227, gap=20%, float=0.8M
    CRE: ticks=173,780 armed=1 signals=1 trades=1 pnl=+8446
    IBG: ticks=113,393 armed=0 signals=0 trades=0 pnl=+0
    QCLS: ticks=27,529 armed=1 signals=1 trades=1 pnl=-854
    FEED: ticks=1,518 armed=1 signals=1 trades=0 pnl=+0
    CRE: ticks=173,780 armed=1 signals=1 trades=1 pnl=+8446
    IBG: ticks=113,393 armed=0 signals=0 trades=0 pnl=+0
    QCLS: ticks=27,529 armed=1 signals=1 trades=1 pnl=-854
    FEED: ticks=1,518 armed=1 signals=1 trades=0 pnl=+0
  A: 1 trades, $-854, eq=$55,259 | B: 1 trades, $-854, eq=$55,259
[46/54] 2026-03-09: 115 scanned → 2 passed → top 2 selected (risk A=$1381, B=$1381)
    #1 AGH: vol=8,225,206, gap=47%, float=4.6M
    #2 OPTX: vol=1,294,570, gap=11%, float=6.0M
    AGH: ticks=256,113 armed=0 signals=0 trades=0 pnl=+0
    OPTX: ticks=11,369 armed=0 signals=0 trades=0 pnl=+0
    AGH: ticks=256,113 armed=0 signals=0 trades=0 pnl=+0
    OPTX: ticks=11,369 armed=0 signals=0 trades=0 pnl=+0
  A: 0 trades, $+0, eq=$55,259 | B: 0 trades, $+0, eq=$55,259
[47/54] 2026-03-10: 3 scanned → 3 passed → top 3 selected (risk A=$1381, B=$1381)
    #1 INKT: vol=4,446,474, gap=71%, float=1.7M
    #2 VTAK: vol=20,624,502, gap=63%, float=1.3M
    #3 PIII: vol=76,664, gap=16%, float=1.4M
    INKT: ticks=316,156 armed=3 signals=3 trades=2 pnl=+2407
    VTAK: ticks=144,117 armed=1 signals=1 trades=1 pnl=-736
    PIII: ticks=2,289 armed=1 signals=1 trades=0 pnl=+0
    INKT: ticks=316,156 armed=3 signals=3 trades=2 pnl=+2407
    VTAK: ticks=144,117 armed=1 signals=1 trades=1 pnl=-736
    PIII: ticks=2,289 armed=1 signals=1 trades=0 pnl=+0
  A: 1 trades, $-736, eq=$54,523 | B: 1 trades, $-736, eq=$54,523
[48/54] 2026-03-11: 120 scanned → 2 passed → top 2 selected (risk A=$1363, B=$1363)
    #1 SXTP: vol=4,552,651, gap=14%, float=0.9M
    #2 CYN: vol=1,629,601, gap=26%, float=8.0M
    SXTP: ticks=22,079 armed=1 signals=1 trades=0 pnl=+0
    CYN: ticks=179,366 armed=2 signals=1 trades=0 pnl=+0
    SXTP: ticks=22,079 armed=1 signals=1 trades=0 pnl=+0
    CYN: ticks=179,366 armed=2 signals=1 trades=0 pnl=+0
  A: 0 trades, $+0, eq=$54,523 | B: 0 trades, $+0, eq=$54,523
[49/54] 2026-03-12: 89 scanned → 1 passed → top 1 selected (risk A=$1363, B=$1363)
    #1 TLYS: vol=9,533,749, gap=63%, float=9.3M
    TLYS: ticks=135,419 armed=2 signals=2 trades=1 pnl=+19
    TLYS: ticks=135,419 armed=2 signals=2 trades=1 pnl=+19
  A: 1 trades, $+19, eq=$54,542 | B: 1 trades, $+19, eq=$54,542
[50/54] 2026-03-13: 215 scanned → 2 passed → top 2 selected (risk A=$1363, B=$1363)
    #1 BIAF: vol=58,819,656, gap=122%, float=4.3M
    #2 EDHL: vol=2,511,571, gap=19%, float=0.5M
    BIAF: ticks=710,317 armed=1 signals=1 trades=1 pnl=+136
    EDHL: ticks=25,125 armed=0 signals=0 trades=0 pnl=+0
    BIAF: ticks=710,317 armed=1 signals=1 trades=1 pnl=+136
    EDHL: ticks=25,125 armed=0 signals=0 trades=0 pnl=+0
  A: 1 trades, $+136, eq=$54,678 | B: 1 trades, $+136, eq=$54,678
[51/54] 2026-03-16: 0 scanned, 0 passed filter, 0 selected
[52/54] 2026-03-17: 121 scanned, 0 passed filter, 0 selected
[53/54] 2026-03-18: 2 scanned → 2 passed → top 2 selected (risk A=$1366, B=$1366)
    #1 ARTL: vol=5,389,390, gap=31%, float=2.1M
    #2 ZENA: vol=2,863,072, gap=16%, float=8.4M
    ARTL: ticks=555,135 armed=3 signals=3 trades=2 pnl=+10771
    ZENA: ticks=32,499 armed=0 signals=0 trades=0 pnl=+0
    ARTL: ticks=555,135 armed=3 signals=3 trades=2 pnl=+10771
    ZENA: ticks=32,499 armed=0 signals=0 trades=0 pnl=+0
  A: 1 trades, $+9,512, eq=$64,190 | B: 1 trades, $+9,512, eq=$64,190
[54/54] 2026-03-19: 4 scanned → 4 passed → top 4 selected (risk A=$1604, B=$1604)
    #1 CHNR: vol=16,578,027, gap=71%, float=0.5M
    #2 SER: vol=16,357,200, gap=76%, float=3.6M
    #3 SUNE: vol=6,611,877, gap=48%, float=3.4M
    #4 DLTH: vol=874,194, gap=15%, float=9.8M
    CHNR: ticks=573,004 armed=2 signals=2 trades=2 pnl=+497
    SER: ticks=350,717 armed=6 signals=4 trades=2 pnl=-267
    SUNE: ticks=160,755 armed=2 signals=2 trades=0 pnl=+0
    DLTH: ticks=62,268 armed=1 signals=1 trades=1 pnl=-125
    CHNR: ticks=573,004 armed=2 signals=2 trades=2 pnl=+497
    SER: ticks=350,717 armed=6 signals=4 trades=2 pnl=-267
    SUNE: ticks=160,755 armed=2 signals=2 trades=0 pnl=+0
    DLTH: ticks=62,268 armed=1 signals=1 trades=1 pnl=-125
  A: 2 trades, $+410, eq=$64,600 | B: 2 trades, $+410, eq=$64,600

Report saved: /Users/duffy/warrior_bot/YTD_V2_BACKTEST_RESULTS.md

============================================================
Config A (Gate=8): $+34,600 (+115.3%)
Config B (No Gate): $+34,600 (+115.3%)
Gate impact: $+0
============================================================
