YTD Backtest: 84 dates (2026-01-02 → 2026-04-30)
  Squeeze: ON  (MP forced OFF)
  Short:   OFF
  Filters: gap=5.0-500.0% price=$2.0-$20.0 float<20.0M rvol>1.5x pmvol>30,000
  Compounding: start=$30,000  bp_pct=50%×4×eq  notional_cap=none

[4/84] 2026-01-06 (1 syms) | SQ: 0t $+0   | eq=$30,000 (cap=$60,000) | YTD SQ=$+0 SH=$+0 Combined=$+0
[5/84] 2026-01-07 (1 syms) | SQ: 0t $+0   | eq=$30,000 (cap=$60,000) | YTD SQ=$+0 SH=$+0 Combined=$+0
[6/84] 2026-01-08 (1 syms) | SQ: 1t $+775   | eq=$30,775 (cap=$60,000) | YTD SQ=$+775 SH=$+0 Combined=$+775
[7/84] 2026-01-09 (3 syms) | SQ: 1t $+6,334   | eq=$37,109 (cap=$61,550) | YTD SQ=$+7,109 SH=$+0 Combined=$+7,109
[8/84] 2026-01-12 (3 syms) | SQ: 7t $+7,748   | eq=$44,857 (cap=$74,218) | YTD SQ=$+14,857 SH=$+0 Combined=$+14,857
[9/84] 2026-01-13 (3 syms) | SQ: 11t $+23,898   | eq=$68,755 (cap=$89,714) | YTD SQ=$+38,755 SH=$+0 Combined=$+38,755
[10/84] 2026-01-14 (4 syms) | SQ: 10t $+26,113   | eq=$94,868 (cap=$137,510) | YTD SQ=$+64,868 SH=$+0 Combined=$+64,868
[11/84] 2026-01-15 (4 syms) | SQ: 19t $-14,795   | eq=$80,073 (cap=$189,736) | YTD SQ=$+50,073 SH=$+0 Combined=$+50,073
[12/84] 2026-01-16 (5 syms) | SQ: 9t $+23,013   | eq=$103,086 (cap=$160,146) | YTD SQ=$+73,086 SH=$+0 Combined=$+73,086
[13/84] 2026-01-20 (6 syms) | SQ: 15t $-7,311   | eq=$95,775 (cap=$206,172) | YTD SQ=$+65,775 SH=$+0 Combined=$+65,775
[14/84] 2026-01-21 (5 syms) | SQ: 8t $-385   | eq=$95,390 (cap=$191,550) | YTD SQ=$+65,390 SH=$+0 Combined=$+65,390
[15/84] 2026-01-22 (3 syms) | SQ: 14t $-4,839   | eq=$90,551 (cap=$190,780) | YTD SQ=$+60,551 SH=$+0 Combined=$+60,551
[16/84] 2026-01-23 (7 syms) | SQ: 12t $+16,098   | eq=$106,649 (cap=$181,102) | YTD SQ=$+76,649 SH=$+0 Combined=$+76,649
[17/84] 2026-01-26 (3 syms) | SQ: 9t $+6,299   | eq=$112,948 (cap=$213,298) | YTD SQ=$+82,948 SH=$+0 Combined=$+82,948
[18/84] 2026-01-27 (5 syms) | SQ: 4t $+5,849   | eq=$118,797 (cap=$225,896) | YTD SQ=$+88,797 SH=$+0 Combined=$+88,797
[19/84] 2026-01-28 (3 syms) | SQ: 1t $-357   | eq=$118,440 (cap=$237,594) | YTD SQ=$+88,440 SH=$+0 Combined=$+88,440
[20/84] 2026-01-29 (3 syms) | SQ: 1t $-500   | eq=$117,940 (cap=$236,880) | YTD SQ=$+87,940 SH=$+0 Combined=$+87,940
[21/84] 2026-01-30 (3 syms) | SQ: 0t $+0   | eq=$117,940 (cap=$235,880) | YTD SQ=$+87,940 SH=$+0 Combined=$+87,940
[22/84] 2026-02-02 (5 syms) | SQ: 2t $+563   | eq=$118,503 (cap=$235,880) | YTD SQ=$+88,503 SH=$+0 Combined=$+88,503
[23/84] 2026-02-03 (3 syms) | SQ: 7t $+41,464   | eq=$159,967 (cap=$237,006) | YTD SQ=$+129,967 SH=$+0 Combined=$+129,967
[24/84] 2026-02-04 (1 syms) | SQ: 0t $+0   | eq=$159,967 (cap=$319,934) | YTD SQ=$+129,967 SH=$+0 Combined=$+129,967
[25/84] 2026-02-05 (1 syms) | SQ: 0t $+0   | eq=$159,967 (cap=$319,934) | YTD SQ=$+129,967 SH=$+0 Combined=$+129,967
[26/84] 2026-02-06 (2 syms) | SQ: 2t $+3,682   | eq=$163,649 (cap=$319,934) | YTD SQ=$+133,649 SH=$+0 Combined=$+133,649
[28/84] 2026-02-10 (1 syms) | SQ: 0t $+0   | eq=$163,649 (cap=$327,298) | YTD SQ=$+133,649 SH=$+0 Combined=$+133,649
[32/84] 2026-02-17 (1 syms) | SQ: 1t $+5,075   | eq=$168,724 (cap=$327,298) | YTD SQ=$+138,724 SH=$+0 Combined=$+138,724
[44/84] 2026-03-05 (1 syms) | SQ: 1t $-357   | eq=$168,367 (cap=$337,448) | YTD SQ=$+138,367 SH=$+0 Combined=$+138,367
[46/84] 2026-03-09 (1 syms) | SQ: 0t $+0   | eq=$168,367 (cap=$336,734) | YTD SQ=$+138,367 SH=$+0 Combined=$+138,367
[49/84] 2026-03-12 (1 syms) | SQ: 0t $+0   | eq=$168,367 (cap=$336,734) | YTD SQ=$+138,367 SH=$+0 Combined=$+138,367
[53/84] 2026-03-18 (1 syms) | SQ: 7t $+3,352   | eq=$171,719 (cap=$336,734) | YTD SQ=$+141,719 SH=$+0 Combined=$+141,719
[54/84] 2026-03-19 (1 syms) | SQ: 3t $-17   | eq=$171,702 (cap=$343,438) | YTD SQ=$+141,702 SH=$+0 Combined=$+141,702
[56/84] 2026-03-23 (1 syms) | SQ: 9t $-1,788   | eq=$169,914 (cap=$343,404) | YTD SQ=$+139,914 SH=$+0 Combined=$+139,914
[63/84] 2026-04-01 (2 syms) | SQ: 4t $+1,210   | eq=$171,124 (cap=$339,828) | YTD SQ=$+141,124 SH=$+0 Combined=$+141,124
[64/84] 2026-04-02 (15 syms) | SQ: 0t $+0   | eq=$171,124 (cap=$342,248) | YTD SQ=$+141,124 SH=$+0 Combined=$+141,124
[66/84] 2026-04-06 (15 syms) | SQ: 1t $+2,640   | eq=$173,764 (cap=$342,248) | YTD SQ=$+143,764 SH=$+0 Combined=$+143,764
[67/84] 2026-04-07 (15 syms) | SQ: 0t $+0   | eq=$173,764 (cap=$347,528) | YTD SQ=$+143,764 SH=$+0 Combined=$+143,764
[68/84] 2026-04-08 (15 syms) | SQ: 0t $+0   | eq=$173,764 (cap=$347,528) | YTD SQ=$+143,764 SH=$+0 Combined=$+143,764
[70/84] 2026-04-10 (2 syms) | SQ: 3t $-427   | eq=$173,337 (cap=$347,528) | YTD SQ=$+143,337 SH=$+0 Combined=$+143,337
[71/84] 2026-04-13 (15 syms) | SQ: 1t $+761   | eq=$174,098 (cap=$346,674) | YTD SQ=$+144,098 SH=$+0 Combined=$+144,098
[72/84] 2026-04-14 (14 syms) | SQ: 0t $+0   | eq=$174,098 (cap=$348,196) | YTD SQ=$+144,098 SH=$+0 Combined=$+144,098
[73/84] 2026-04-15 (3 syms) | SQ: 6t $-660   | eq=$173,438 (cap=$348,196) | YTD SQ=$+143,438 SH=$+0 Combined=$+143,438
[74/84] 2026-04-16 (15 syms) | SQ: 0t $+0   | eq=$173,438 (cap=$346,876) | YTD SQ=$+143,438 SH=$+0 Combined=$+143,438
[76/84] 2026-04-20 (5 syms) | SQ: 1t $-143   | eq=$173,295 (cap=$346,876) | YTD SQ=$+143,295 SH=$+0 Combined=$+143,295
[78/84] 2026-04-22 (11 syms) | SQ: 0t $+0   | eq=$173,295 (cap=$346,590) | YTD SQ=$+143,295 SH=$+0 Combined=$+143,295
[79/84] 2026-04-23 (1 syms) | SQ: 0t $+0   | eq=$173,295 (cap=$346,590) | YTD SQ=$+143,295 SH=$+0 Combined=$+143,295
[80/84] 2026-04-24 (1 syms) | SQ: 8t $+2,761   | eq=$176,056 (cap=$346,590) | YTD SQ=$+146,056 SH=$+0 Combined=$+146,056
[84/84] 2026-04-30 (15 syms) | SQ: 1t $-500   | eq=$175,556 (cap=$352,112) | YTD SQ=$+145,556 SH=$+0 Combined=$+145,556

======================================================================
SQUEEZE: 179 trades, 31W/24L (17% WR), $+145,556
COMBINED: $+145,556
EQUITY:   $30,000 → $175,556 (+485.2%)
======================================================================
