YTD Backtest: 84 dates (2026-01-02 → 2026-04-30)
  Squeeze: ON  (MP forced OFF)
  Short:   OFF
  Filters: gap=5.0-500.0% price=$2.0-$20.0 float<20.0M rvol>1.5x pmvol>30,000
  Compounding: start=$30,000  bp_pct=50%×4×eq  notional_cap=none

[4/84] 2026-01-06 (1 syms) | SQ: 0t $+0   | eq=$30,000 (cap=$60,000) | YTD SQ=$+0 SH=$+0 Combined=$+0
[5/84] 2026-01-07 (1 syms) | SQ: 0t $+0   | eq=$30,000 (cap=$60,000) | YTD SQ=$+0 SH=$+0 Combined=$+0
[6/84] 2026-01-08 (1 syms) | SQ: 1t $+900   | eq=$30,900 (cap=$60,000) | YTD SQ=$+900 SH=$+0 Combined=$+900
[7/84] 2026-01-09 (3 syms) | SQ: 1t $+6,359   | eq=$37,259 (cap=$61,800) | YTD SQ=$+7,259 SH=$+0 Combined=$+7,259
[8/84] 2026-01-12 (3 syms) | SQ: 7t $+6,736   | eq=$43,995 (cap=$74,518) | YTD SQ=$+13,995 SH=$+0 Combined=$+13,995
[9/84] 2026-01-13 (3 syms) | SQ: 13t $+37,143   | eq=$81,138 (cap=$87,990) | YTD SQ=$+51,138 SH=$+0 Combined=$+51,138
[10/84] 2026-01-14 (4 syms) | SQ: 10t $+49,813   | eq=$130,951 (cap=$162,276) | YTD SQ=$+100,951 SH=$+0 Combined=$+100,951
[11/84] 2026-01-15 (4 syms) | SQ: 23t $-4,573   | eq=$126,378 (cap=$261,902) | YTD SQ=$+96,378 SH=$+0 Combined=$+96,378
[12/84] 2026-01-16 (5 syms) | SQ: 9t $+22,412   | eq=$148,790 (cap=$252,756) | YTD SQ=$+118,790 SH=$+0 Combined=$+118,790
[13/84] 2026-01-20 (6 syms) | SQ: 17t $-6,241   | eq=$142,549 (cap=$297,580) | YTD SQ=$+112,549 SH=$+0 Combined=$+112,549
[14/84] 2026-01-21 (5 syms) | SQ: 8t $-385   | eq=$142,164 (cap=$285,098) | YTD SQ=$+112,164 SH=$+0 Combined=$+112,164
[15/84] 2026-01-22 (3 syms) | SQ: 14t $-5,981   | eq=$136,183 (cap=$284,328) | YTD SQ=$+106,183 SH=$+0 Combined=$+106,183
[16/84] 2026-01-23 (7 syms) | SQ: 14t $+16,068   | eq=$152,251 (cap=$272,366) | YTD SQ=$+122,251 SH=$+0 Combined=$+122,251
[17/84] 2026-01-26 (3 syms) | SQ: 9t $+6,527   | eq=$158,778 (cap=$304,502) | YTD SQ=$+128,778 SH=$+0 Combined=$+128,778
[18/84] 2026-01-27 (5 syms) | SQ: 4t $+5,242   | eq=$164,020 (cap=$317,556) | YTD SQ=$+134,020 SH=$+0 Combined=$+134,020
[19/84] 2026-01-28 (3 syms) | SQ: 1t $-357   | eq=$163,663 (cap=$328,040) | YTD SQ=$+133,663 SH=$+0 Combined=$+133,663
[20/84] 2026-01-29 (3 syms) | SQ: 1t $-500   | eq=$163,163 (cap=$327,326) | YTD SQ=$+133,163 SH=$+0 Combined=$+133,163
[21/84] 2026-01-30 (3 syms) | SQ: 0t $+0   | eq=$163,163 (cap=$326,326) | YTD SQ=$+133,163 SH=$+0 Combined=$+133,163
[22/84] 2026-02-02 (5 syms) | SQ: 2t $+344   | eq=$163,507 (cap=$326,326) | YTD SQ=$+133,507 SH=$+0 Combined=$+133,507
[23/84] 2026-02-03 (3 syms) | SQ: 7t $+41,464   | eq=$204,971 (cap=$327,014) | YTD SQ=$+174,971 SH=$+0 Combined=$+174,971
[24/84] 2026-02-04 (1 syms) | SQ: 0t $+0   | eq=$204,971 (cap=$409,942) | YTD SQ=$+174,971 SH=$+0 Combined=$+174,971
[25/84] 2026-02-05 (1 syms) | SQ: 0t $+0   | eq=$204,971 (cap=$409,942) | YTD SQ=$+174,971 SH=$+0 Combined=$+174,971
[26/84] 2026-02-06 (2 syms) | SQ: 2t $+3,682   | eq=$208,653 (cap=$409,942) | YTD SQ=$+178,653 SH=$+0 Combined=$+178,653
[28/84] 2026-02-10 (1 syms) | SQ: 0t $+0   | eq=$208,653 (cap=$417,306) | YTD SQ=$+178,653 SH=$+0 Combined=$+178,653
[32/84] 2026-02-17 (1 syms) | SQ: 1t $+5,075   | eq=$213,728 (cap=$417,306) | YTD SQ=$+183,728 SH=$+0 Combined=$+183,728
[44/84] 2026-03-05 (1 syms) | SQ: 1t $-357   | eq=$213,371 (cap=$427,456) | YTD SQ=$+183,371 SH=$+0 Combined=$+183,371
[46/84] 2026-03-09 (1 syms) | SQ: 0t $+0   | eq=$213,371 (cap=$426,742) | YTD SQ=$+183,371 SH=$+0 Combined=$+183,371
[49/84] 2026-03-12 (1 syms) | SQ: 0t $+0   | eq=$213,371 (cap=$426,742) | YTD SQ=$+183,371 SH=$+0 Combined=$+183,371
[53/84] 2026-03-18 (1 syms) | SQ: 7t $+4,207   | eq=$217,578 (cap=$426,742) | YTD SQ=$+187,578 SH=$+0 Combined=$+187,578
[54/84] 2026-03-19 (1 syms) | SQ: 3t $-562   | eq=$217,016 (cap=$435,156) | YTD SQ=$+187,016 SH=$+0 Combined=$+187,016
[56/84] 2026-03-23 (1 syms) | SQ: 9t $-277   | eq=$216,739 (cap=$434,032) | YTD SQ=$+186,739 SH=$+0 Combined=$+186,739
[63/84] 2026-04-01 (2 syms) | SQ: 4t $+1,098   | eq=$217,837 (cap=$433,478) | YTD SQ=$+187,837 SH=$+0 Combined=$+187,837
[64/84] 2026-04-02 (15 syms) | SQ: 0t $+0   | eq=$217,837 (cap=$435,674) | YTD SQ=$+187,837 SH=$+0 Combined=$+187,837
[66/84] 2026-04-06 (15 syms) | SQ: 1t $+2,640   | eq=$220,477 (cap=$435,674) | YTD SQ=$+190,477 SH=$+0 Combined=$+190,477
[67/84] 2026-04-07 (15 syms) | SQ: 0t $+0   | eq=$220,477 (cap=$440,954) | YTD SQ=$+190,477 SH=$+0 Combined=$+190,477
[68/84] 2026-04-08 (15 syms) | SQ: 0t $+0   | eq=$220,477 (cap=$440,954) | YTD SQ=$+190,477 SH=$+0 Combined=$+190,477
[70/84] 2026-04-10 (2 syms) | SQ: 3t $-427   | eq=$220,050 (cap=$440,954) | YTD SQ=$+190,050 SH=$+0 Combined=$+190,050
[71/84] 2026-04-13 (15 syms) | SQ: 1t $+771   | eq=$220,821 (cap=$440,100) | YTD SQ=$+190,821 SH=$+0 Combined=$+190,821
[72/84] 2026-04-14 (14 syms) | SQ: 0t $+0   | eq=$220,821 (cap=$441,642) | YTD SQ=$+190,821 SH=$+0 Combined=$+190,821
[73/84] 2026-04-15 (3 syms) | SQ: 7t $+750   | eq=$221,571 (cap=$441,642) | YTD SQ=$+191,571 SH=$+0 Combined=$+191,571
[74/84] 2026-04-16 (15 syms) | SQ: 0t $+0   | eq=$221,571 (cap=$443,142) | YTD SQ=$+191,571 SH=$+0 Combined=$+191,571
[76/84] 2026-04-20 (5 syms) | SQ: 1t $-143   | eq=$221,428 (cap=$443,142) | YTD SQ=$+191,428 SH=$+0 Combined=$+191,428
[78/84] 2026-04-22 (11 syms) | SQ: 0t $+0   | eq=$221,428 (cap=$442,856) | YTD SQ=$+191,428 SH=$+0 Combined=$+191,428
[79/84] 2026-04-23 (1 syms) | SQ: 0t $+0   | eq=$221,428 (cap=$442,856) | YTD SQ=$+191,428 SH=$+0 Combined=$+191,428
[80/84] 2026-04-24 (1 syms) | SQ: 6t $+4,032   | eq=$225,460 (cap=$442,856) | YTD SQ=$+195,460 SH=$+0 Combined=$+195,460
[84/84] 2026-04-30 (15 syms) | SQ: 1t $-500   | eq=$224,960 (cap=$450,920) | YTD SQ=$+194,960 SH=$+0 Combined=$+194,960

======================================================================
SQUEEZE: 188 trades, 32W/23L (17% WR), $+194,960
COMBINED: $+194,960
EQUITY:   $30,000 → $224,960 (+649.9%)
======================================================================
