YTD Backtest: 84 dates (2026-01-02 → 2026-04-30)
  Squeeze: ON  (MP forced OFF)
  Short:   OFF
  Filters: gap=5.0-500.0% price=$2.0-$20.0 float<20.0M rvol>1.5x pmvol>30,000
  Compounding: start=$30,000  bp_pct=50%×4×eq  notional_cap=none

[4/84] 2026-01-06 (1 syms) | SQ: 0t $+0   | eq=$30,000 (cap=$60,000) | YTD SQ=$+0 SH=$+0 Combined=$+0
[5/84] 2026-01-07 (1 syms) | SQ: 0t $+0   | eq=$30,000 (cap=$60,000) | YTD SQ=$+0 SH=$+0 Combined=$+0
[6/84] 2026-01-08 (1 syms) | SQ: 1t $+900   | eq=$30,900 (cap=$60,000) | YTD SQ=$+900 SH=$+0 Combined=$+900
[7/84] 2026-01-09 (3 syms) | SQ: 1t $+6,359   | eq=$37,259 (cap=$61,800) | YTD SQ=$+7,259 SH=$+0 Combined=$+7,259
[8/84] 2026-01-12 (3 syms) | SQ: 7t $+6,736   | eq=$43,995 (cap=$74,518) | YTD SQ=$+13,995 SH=$+0 Combined=$+13,995
[9/84] 2026-01-13 (3 syms) | SQ: 11t $+33,724   | eq=$77,719 (cap=$87,990) | YTD SQ=$+47,719 SH=$+0 Combined=$+47,719
[10/84] 2026-01-14 (4 syms) | SQ: 10t $+50,282   | eq=$128,001 (cap=$155,438) | YTD SQ=$+98,001 SH=$+0 Combined=$+98,001
[11/84] 2026-01-15 (4 syms) | SQ: 19t $-15,072   | eq=$112,929 (cap=$256,002) | YTD SQ=$+82,929 SH=$+0 Combined=$+82,929
[12/84] 2026-01-16 (5 syms) | SQ: 9t $+22,412   | eq=$135,341 (cap=$225,858) | YTD SQ=$+105,341 SH=$+0 Combined=$+105,341
[13/84] 2026-01-20 (6 syms) | SQ: 15t $-5,777   | eq=$129,564 (cap=$270,682) | YTD SQ=$+99,564 SH=$+0 Combined=$+99,564
[14/84] 2026-01-21 (5 syms) | SQ: 8t $+3,285   | eq=$132,849 (cap=$259,128) | YTD SQ=$+102,849 SH=$+0 Combined=$+102,849
[15/84] 2026-01-22 (3 syms) | SQ: 14t $-5,981   | eq=$126,868 (cap=$265,698) | YTD SQ=$+96,868 SH=$+0 Combined=$+96,868
[16/84] 2026-01-23 (7 syms) | SQ: 14t $+16,068   | eq=$142,936 (cap=$253,736) | YTD SQ=$+112,936 SH=$+0 Combined=$+112,936
[17/84] 2026-01-26 (3 syms) | SQ: 9t $+6,527   | eq=$149,463 (cap=$285,872) | YTD SQ=$+119,463 SH=$+0 Combined=$+119,463
[18/84] 2026-01-27 (5 syms) | SQ: 4t $+5,242   | eq=$154,705 (cap=$298,926) | YTD SQ=$+124,705 SH=$+0 Combined=$+124,705
[19/84] 2026-01-28 (3 syms) | SQ: 1t $-357   | eq=$154,348 (cap=$309,410) | YTD SQ=$+124,348 SH=$+0 Combined=$+124,348
[20/84] 2026-01-29 (3 syms) | SQ: 1t $-500   | eq=$153,848 (cap=$308,696) | YTD SQ=$+123,848 SH=$+0 Combined=$+123,848
[21/84] 2026-01-30 (3 syms) | SQ: 0t $+0   | eq=$153,848 (cap=$307,696) | YTD SQ=$+123,848 SH=$+0 Combined=$+123,848
[22/84] 2026-02-02 (5 syms) | SQ: 2t $+344   | eq=$154,192 (cap=$307,696) | YTD SQ=$+124,192 SH=$+0 Combined=$+124,192
[23/84] 2026-02-03 (3 syms) | SQ: 7t $+41,464   | eq=$195,656 (cap=$308,384) | YTD SQ=$+165,656 SH=$+0 Combined=$+165,656
[24/84] 2026-02-04 (1 syms) | SQ: 0t $+0   | eq=$195,656 (cap=$391,312) | YTD SQ=$+165,656 SH=$+0 Combined=$+165,656
[25/84] 2026-02-05 (1 syms) | SQ: 0t $+0   | eq=$195,656 (cap=$391,312) | YTD SQ=$+165,656 SH=$+0 Combined=$+165,656
[26/84] 2026-02-06 (2 syms) | SQ: 2t $+3,682   | eq=$199,338 (cap=$391,312) | YTD SQ=$+169,338 SH=$+0 Combined=$+169,338
[28/84] 2026-02-10 (1 syms) | SQ: 0t $+0   | eq=$199,338 (cap=$398,676) | YTD SQ=$+169,338 SH=$+0 Combined=$+169,338
[32/84] 2026-02-17 (1 syms) | SQ: 1t $+5,075   | eq=$204,413 (cap=$398,676) | YTD SQ=$+174,413 SH=$+0 Combined=$+174,413
[44/84] 2026-03-05 (1 syms) | SQ: 1t $-357   | eq=$204,056 (cap=$408,826) | YTD SQ=$+174,056 SH=$+0 Combined=$+174,056
[46/84] 2026-03-09 (1 syms) | SQ: 0t $+0   | eq=$204,056 (cap=$408,112) | YTD SQ=$+174,056 SH=$+0 Combined=$+174,056
[49/84] 2026-03-12 (1 syms) | SQ: 0t $+0   | eq=$204,056 (cap=$408,112) | YTD SQ=$+174,056 SH=$+0 Combined=$+174,056
[53/84] 2026-03-18 (1 syms) | SQ: 7t $+4,207   | eq=$208,263 (cap=$408,112) | YTD SQ=$+178,263 SH=$+0 Combined=$+178,263
[54/84] 2026-03-19 (1 syms) | SQ: 3t $-562   | eq=$207,701 (cap=$416,526) | YTD SQ=$+177,701 SH=$+0 Combined=$+177,701
[56/84] 2026-03-23 (1 syms) | SQ: 9t $-685   | eq=$207,016 (cap=$415,402) | YTD SQ=$+177,016 SH=$+0 Combined=$+177,016
[63/84] 2026-04-01 (2 syms) | SQ: 4t $+1,098   | eq=$208,114 (cap=$414,032) | YTD SQ=$+178,114 SH=$+0 Combined=$+178,114
[64/84] 2026-04-02 (15 syms) | SQ: 0t $+0   | eq=$208,114 (cap=$416,228) | YTD SQ=$+178,114 SH=$+0 Combined=$+178,114
[66/84] 2026-04-06 (15 syms) | SQ: 1t $+2,640   | eq=$210,754 (cap=$416,228) | YTD SQ=$+180,754 SH=$+0 Combined=$+180,754
[67/84] 2026-04-07 (15 syms) | SQ: 0t $+0   | eq=$210,754 (cap=$421,508) | YTD SQ=$+180,754 SH=$+0 Combined=$+180,754
[68/84] 2026-04-08 (15 syms) | SQ: 0t $+0   | eq=$210,754 (cap=$421,508) | YTD SQ=$+180,754 SH=$+0 Combined=$+180,754
[70/84] 2026-04-10 (2 syms) | SQ: 3t $-427   | eq=$210,327 (cap=$421,508) | YTD SQ=$+180,327 SH=$+0 Combined=$+180,327
[71/84] 2026-04-13 (15 syms) | SQ: 1t $+771   | eq=$211,098 (cap=$420,654) | YTD SQ=$+181,098 SH=$+0 Combined=$+181,098
[72/84] 2026-04-14 (14 syms) | SQ: 0t $+0   | eq=$211,098 (cap=$422,196) | YTD SQ=$+181,098 SH=$+0 Combined=$+181,098
[73/84] 2026-04-15 (3 syms) | SQ: 6t $-949   | eq=$210,149 (cap=$422,196) | YTD SQ=$+180,149 SH=$+0 Combined=$+180,149
[74/84] 2026-04-16 (15 syms) | SQ: 0t $+0   | eq=$210,149 (cap=$420,298) | YTD SQ=$+180,149 SH=$+0 Combined=$+180,149
[76/84] 2026-04-20 (5 syms) | SQ: 1t $-143   | eq=$210,006 (cap=$420,298) | YTD SQ=$+180,006 SH=$+0 Combined=$+180,006
[78/84] 2026-04-22 (11 syms) | SQ: 0t $+0   | eq=$210,006 (cap=$420,012) | YTD SQ=$+180,006 SH=$+0 Combined=$+180,006
[79/84] 2026-04-23 (1 syms) | SQ: 0t $+0   | eq=$210,006 (cap=$420,012) | YTD SQ=$+180,006 SH=$+0 Combined=$+180,006
[80/84] 2026-04-24 (1 syms) | SQ: 6t $+4,032   | eq=$214,038 (cap=$420,012) | YTD SQ=$+184,038 SH=$+0 Combined=$+184,038
[84/84] 2026-04-30 (15 syms) | SQ: 1t $-500   | eq=$213,538 (cap=$428,076) | YTD SQ=$+183,538 SH=$+0 Combined=$+183,538

======================================================================
SQUEEZE: 179 trades, 31W/24L (17% WR), $+183,538
COMBINED: $+183,538
EQUITY:   $30,000 → $213,538 (+611.8%)
======================================================================
