YTD Backtest: 84 dates (2026-01-02 → 2026-04-30)
  Squeeze: ON  (MP forced OFF)
  Short:   OFF
  Filters: gap=5.0-500.0% price=$2.0-$20.0 float<20.0M rvol>1.5x pmvol>30,000
  Compounding: start=$30,000  bp_pct=50%×4×eq  notional_cap=none

[4/84] 2026-01-06 (1 syms) | SQ: 0t $+0   | eq=$30,000 (cap=$60,000) | YTD SQ=$+0 SH=$+0 Combined=$+0
[5/84] 2026-01-07 (1 syms) | SQ: 0t $+0   | eq=$30,000 (cap=$60,000) | YTD SQ=$+0 SH=$+0 Combined=$+0
[6/84] 2026-01-08 (1 syms) | SQ: 1t $+900   | eq=$30,900 (cap=$60,000) | YTD SQ=$+900 SH=$+0 Combined=$+900
[7/84] 2026-01-09 (3 syms) | SQ: 1t $+6,163   | eq=$37,063 (cap=$61,800) | YTD SQ=$+7,063 SH=$+0 Combined=$+7,063
[8/84] 2026-01-12 (3 syms) | SQ: 7t $+5,446   | eq=$42,509 (cap=$74,126) | YTD SQ=$+12,509 SH=$+0 Combined=$+12,509
[9/84] 2026-01-13 (3 syms) | SQ: 11t $+30,037   | eq=$72,546 (cap=$85,018) | YTD SQ=$+42,546 SH=$+0 Combined=$+42,546
[10/84] 2026-01-14 (4 syms) | SQ: 10t $+52,466   | eq=$125,012 (cap=$145,092) | YTD SQ=$+95,012 SH=$+0 Combined=$+95,012
[11/84] 2026-01-15 (4 syms) | SQ: 19t $-15,090   | eq=$109,922 (cap=$250,024) | YTD SQ=$+79,922 SH=$+0 Combined=$+79,922
[12/84] 2026-01-16 (5 syms) | SQ: 9t $+21,436   | eq=$131,358 (cap=$219,844) | YTD SQ=$+101,358 SH=$+0 Combined=$+101,358
[13/84] 2026-01-20 (6 syms) | SQ: 15t $-5,421   | eq=$125,937 (cap=$262,716) | YTD SQ=$+95,937 SH=$+0 Combined=$+95,937
[14/84] 2026-01-21 (5 syms) | SQ: 8t $-1,403   | eq=$124,534 (cap=$251,874) | YTD SQ=$+94,534 SH=$+0 Combined=$+94,534
[15/84] 2026-01-22 (3 syms) | SQ: 14t $-5,981   | eq=$118,553 (cap=$249,068) | YTD SQ=$+88,553 SH=$+0 Combined=$+88,553
[16/84] 2026-01-23 (7 syms) | SQ: 14t $+16,327   | eq=$134,880 (cap=$237,106) | YTD SQ=$+104,880 SH=$+0 Combined=$+104,880
[17/84] 2026-01-26 (3 syms) | SQ: 9t $+6,527   | eq=$141,407 (cap=$269,760) | YTD SQ=$+111,407 SH=$+0 Combined=$+111,407
[18/84] 2026-01-27 (5 syms) | SQ: 4t $-1,698   | eq=$139,709 (cap=$282,814) | YTD SQ=$+109,709 SH=$+0 Combined=$+109,709
[19/84] 2026-01-28 (3 syms) | SQ: 1t $-357   | eq=$139,352 (cap=$279,418) | YTD SQ=$+109,352 SH=$+0 Combined=$+109,352
[20/84] 2026-01-29 (3 syms) | SQ: 1t $-500   | eq=$138,852 (cap=$278,704) | YTD SQ=$+108,852 SH=$+0 Combined=$+108,852
[21/84] 2026-01-30 (3 syms) | SQ: 0t $+0   | eq=$138,852 (cap=$277,704) | YTD SQ=$+108,852 SH=$+0 Combined=$+108,852
[22/84] 2026-02-02 (5 syms) | SQ: 2t $+344   | eq=$139,196 (cap=$277,704) | YTD SQ=$+109,196 SH=$+0 Combined=$+109,196
[23/84] 2026-02-03 (3 syms) | SQ: 7t $+41,936   | eq=$181,132 (cap=$278,392) | YTD SQ=$+151,132 SH=$+0 Combined=$+151,132
[24/84] 2026-02-04 (1 syms) | SQ: 0t $+0   | eq=$181,132 (cap=$362,264) | YTD SQ=$+151,132 SH=$+0 Combined=$+151,132
[25/84] 2026-02-05 (1 syms) | SQ: 0t $+0   | eq=$181,132 (cap=$362,264) | YTD SQ=$+151,132 SH=$+0 Combined=$+151,132
[26/84] 2026-02-06 (2 syms) | SQ: 2t $+3,264   | eq=$184,396 (cap=$362,264) | YTD SQ=$+154,396 SH=$+0 Combined=$+154,396
[28/84] 2026-02-10 (1 syms) | SQ: 0t $+0   | eq=$184,396 (cap=$368,792) | YTD SQ=$+154,396 SH=$+0 Combined=$+154,396
[32/84] 2026-02-17 (1 syms) | SQ: 1t $+5,075   | eq=$189,471 (cap=$368,792) | YTD SQ=$+159,471 SH=$+0 Combined=$+159,471
[44/84] 2026-03-05 (1 syms) | SQ: 1t $-357   | eq=$189,114 (cap=$378,942) | YTD SQ=$+159,114 SH=$+0 Combined=$+159,114
[46/84] 2026-03-09 (1 syms) | SQ: 0t $+0   | eq=$189,114 (cap=$378,228) | YTD SQ=$+159,114 SH=$+0 Combined=$+159,114
[49/84] 2026-03-12 (1 syms) | SQ: 0t $+0   | eq=$189,114 (cap=$378,228) | YTD SQ=$+159,114 SH=$+0 Combined=$+159,114
[53/84] 2026-03-18 (1 syms) | SQ: 7t $+5,962   | eq=$195,076 (cap=$378,228) | YTD SQ=$+165,076 SH=$+0 Combined=$+165,076
[54/84] 2026-03-19 (1 syms) | SQ: 3t $-562   | eq=$194,514 (cap=$390,152) | YTD SQ=$+164,514 SH=$+0 Combined=$+164,514
[56/84] 2026-03-23 (1 syms) | SQ: 9t $-834   | eq=$193,680 (cap=$389,028) | YTD SQ=$+163,680 SH=$+0 Combined=$+163,680
[63/84] 2026-04-01 (2 syms) | SQ: 4t $+1,098   | eq=$194,778 (cap=$387,360) | YTD SQ=$+164,778 SH=$+0 Combined=$+164,778
[64/84] 2026-04-02 (15 syms) | SQ: 0t $+0   | eq=$194,778 (cap=$389,556) | YTD SQ=$+164,778 SH=$+0 Combined=$+164,778
[66/84] 2026-04-06 (15 syms) | SQ: 1t $-500   | eq=$194,278 (cap=$389,556) | YTD SQ=$+164,278 SH=$+0 Combined=$+164,278
[67/84] 2026-04-07 (15 syms) | SQ: 0t $+0   | eq=$194,278 (cap=$388,556) | YTD SQ=$+164,278 SH=$+0 Combined=$+164,278
[68/84] 2026-04-08 (15 syms) | SQ: 0t $+0   | eq=$194,278 (cap=$388,556) | YTD SQ=$+164,278 SH=$+0 Combined=$+164,278
[70/84] 2026-04-10 (2 syms) | SQ: 3t $-427   | eq=$193,851 (cap=$388,556) | YTD SQ=$+163,851 SH=$+0 Combined=$+163,851
[71/84] 2026-04-13 (15 syms) | SQ: 1t $+771   | eq=$194,622 (cap=$387,702) | YTD SQ=$+164,622 SH=$+0 Combined=$+164,622
[72/84] 2026-04-14 (14 syms) | SQ: 0t $+0   | eq=$194,622 (cap=$389,244) | YTD SQ=$+164,622 SH=$+0 Combined=$+164,622
[73/84] 2026-04-15 (3 syms) | SQ: 6t $-949   | eq=$193,673 (cap=$389,244) | YTD SQ=$+163,673 SH=$+0 Combined=$+163,673
[74/84] 2026-04-16 (15 syms) | SQ: 0t $+0   | eq=$193,673 (cap=$387,346) | YTD SQ=$+163,673 SH=$+0 Combined=$+163,673
[76/84] 2026-04-20 (5 syms) | SQ: 1t $-143   | eq=$193,530 (cap=$387,346) | YTD SQ=$+163,530 SH=$+0 Combined=$+163,530
[78/84] 2026-04-22 (11 syms) | SQ: 0t $+0   | eq=$193,530 (cap=$387,060) | YTD SQ=$+163,530 SH=$+0 Combined=$+163,530
[79/84] 2026-04-23 (1 syms) | SQ: 0t $+0   | eq=$193,530 (cap=$387,060) | YTD SQ=$+163,530 SH=$+0 Combined=$+163,530
[80/84] 2026-04-24 (1 syms) | SQ: 6t $+4,032   | eq=$197,562 (cap=$387,060) | YTD SQ=$+167,562 SH=$+0 Combined=$+167,562
[84/84] 2026-04-30 (15 syms) | SQ: 1t $-500   | eq=$197,062 (cap=$395,124) | YTD SQ=$+167,062 SH=$+0 Combined=$+167,062

======================================================================
SQUEEZE: 179 trades, 29W/26L (16% WR), $+167,062
COMBINED: $+167,062
EQUITY:   $30,000 → $197,062 (+556.9%)
======================================================================
