YTD Backtest: 84 dates (2026-01-02 → 2026-04-30)
  Squeeze: ON  (MP forced OFF)
  Short:   OFF
  Filters: gap=5.0-500.0% price=$2.0-$20.0 float<20.0M rvol>1.5x pmvol>30,000
  Compounding: start=$30,000  bp_pct=50%×4×eq  notional_cap=none

[4/84] 2026-01-06 (1 syms) | SQ: 0t $+0   | eq=$30,000 (cap=$60,000) | YTD SQ=$+0 SH=$+0 Combined=$+0
[5/84] 2026-01-07 (1 syms) | SQ: 0t $+0   | eq=$30,000 (cap=$60,000) | YTD SQ=$+0 SH=$+0 Combined=$+0
[6/84] 2026-01-08 (1 syms) | SQ: 1t $+900   | eq=$30,900 (cap=$60,000) | YTD SQ=$+900 SH=$+0 Combined=$+900
[7/84] 2026-01-09 (3 syms) | SQ: 1t $+6,359   | eq=$37,259 (cap=$61,800) | YTD SQ=$+7,259 SH=$+0 Combined=$+7,259
[8/84] 2026-01-12 (3 syms) | SQ: 7t $+6,736   | eq=$43,995 (cap=$74,518) | YTD SQ=$+13,995 SH=$+0 Combined=$+13,995
[9/84] 2026-01-13 (3 syms) | SQ: 11t $+33,724   | eq=$77,719 (cap=$87,990) | YTD SQ=$+47,719 SH=$+0 Combined=$+47,719
[10/84] 2026-01-14 (4 syms) | SQ: 10t $+49,813   | eq=$127,532 (cap=$155,438) | YTD SQ=$+97,532 SH=$+0 Combined=$+97,532
[11/84] 2026-01-15 (4 syms) | SQ: 19t $-15,072   | eq=$112,460 (cap=$255,064) | YTD SQ=$+82,460 SH=$+0 Combined=$+82,460
[12/84] 2026-01-16 (5 syms) | SQ: 9t $+22,412   | eq=$134,872 (cap=$224,920) | YTD SQ=$+104,872 SH=$+0 Combined=$+104,872
[13/84] 2026-01-20 (6 syms) | SQ: 15t $-5,777   | eq=$129,095 (cap=$269,744) | YTD SQ=$+99,095 SH=$+0 Combined=$+99,095
[14/84] 2026-01-21 (5 syms) | SQ: 8t $-385   | eq=$128,710 (cap=$258,190) | YTD SQ=$+98,710 SH=$+0 Combined=$+98,710
[15/84] 2026-01-22 (3 syms) | SQ: 14t $-5,981   | eq=$122,729 (cap=$257,420) | YTD SQ=$+92,729 SH=$+0 Combined=$+92,729
[16/84] 2026-01-23 (7 syms) | SQ: 14t $+16,068   | eq=$138,797 (cap=$245,458) | YTD SQ=$+108,797 SH=$+0 Combined=$+108,797
[17/84] 2026-01-26 (3 syms) | SQ: 9t $+6,527   | eq=$145,324 (cap=$277,594) | YTD SQ=$+115,324 SH=$+0 Combined=$+115,324
[18/84] 2026-01-27 (5 syms) | SQ: 4t $+5,242   | eq=$150,566 (cap=$290,648) | YTD SQ=$+120,566 SH=$+0 Combined=$+120,566
[19/84] 2026-01-28 (3 syms) | SQ: 1t $-357   | eq=$150,209 (cap=$301,132) | YTD SQ=$+120,209 SH=$+0 Combined=$+120,209
[20/84] 2026-01-29 (3 syms) | SQ: 1t $-500   | eq=$149,709 (cap=$300,418) | YTD SQ=$+119,709 SH=$+0 Combined=$+119,709
[21/84] 2026-01-30 (3 syms) | SQ: 0t $+0   | eq=$149,709 (cap=$299,418) | YTD SQ=$+119,709 SH=$+0 Combined=$+119,709
[22/84] 2026-02-02 (5 syms) | SQ: 2t $+344   | eq=$150,053 (cap=$299,418) | YTD SQ=$+120,053 SH=$+0 Combined=$+120,053
[23/84] 2026-02-03 (3 syms) | SQ: 7t $+41,464   | eq=$191,517 (cap=$300,106) | YTD SQ=$+161,517 SH=$+0 Combined=$+161,517
[24/84] 2026-02-04 (1 syms) | SQ: 0t $+0   | eq=$191,517 (cap=$383,034) | YTD SQ=$+161,517 SH=$+0 Combined=$+161,517
[25/84] 2026-02-05 (1 syms) | SQ: 0t $+0   | eq=$191,517 (cap=$383,034) | YTD SQ=$+161,517 SH=$+0 Combined=$+161,517
[26/84] 2026-02-06 (2 syms) | SQ: 2t $+3,682   | eq=$195,199 (cap=$383,034) | YTD SQ=$+165,199 SH=$+0 Combined=$+165,199
[28/84] 2026-02-10 (1 syms) | SQ: 0t $+0   | eq=$195,199 (cap=$390,398) | YTD SQ=$+165,199 SH=$+0 Combined=$+165,199
[32/84] 2026-02-17 (1 syms) | SQ: 1t $+5,075   | eq=$200,274 (cap=$390,398) | YTD SQ=$+170,274 SH=$+0 Combined=$+170,274
[44/84] 2026-03-05 (1 syms) | SQ: 1t $-357   | eq=$199,917 (cap=$400,548) | YTD SQ=$+169,917 SH=$+0 Combined=$+169,917
[46/84] 2026-03-09 (1 syms) | SQ: 0t $+0   | eq=$199,917 (cap=$399,834) | YTD SQ=$+169,917 SH=$+0 Combined=$+169,917
[49/84] 2026-03-12 (1 syms) | SQ: 0t $+0   | eq=$199,917 (cap=$399,834) | YTD SQ=$+169,917 SH=$+0 Combined=$+169,917
[53/84] 2026-03-18 (1 syms) | SQ: 7t $+4,207   | eq=$204,124 (cap=$399,834) | YTD SQ=$+174,124 SH=$+0 Combined=$+174,124
[54/84] 2026-03-19 (1 syms) | SQ: 3t $-562   | eq=$203,562 (cap=$408,248) | YTD SQ=$+173,562 SH=$+0 Combined=$+173,562
[56/84] 2026-03-23 (1 syms) | SQ: 9t $-277   | eq=$203,285 (cap=$407,124) | YTD SQ=$+173,285 SH=$+0 Combined=$+173,285
[63/84] 2026-04-01 (2 syms) | SQ: 4t $+1,098   | eq=$204,383 (cap=$406,570) | YTD SQ=$+174,383 SH=$+0 Combined=$+174,383
[64/84] 2026-04-02 (15 syms) | SQ: 0t $+0   | eq=$204,383 (cap=$408,766) | YTD SQ=$+174,383 SH=$+0 Combined=$+174,383
[66/84] 2026-04-06 (15 syms) | SQ: 1t $+2,640   | eq=$207,023 (cap=$408,766) | YTD SQ=$+177,023 SH=$+0 Combined=$+177,023
[67/84] 2026-04-07 (15 syms) | SQ: 0t $+0   | eq=$207,023 (cap=$414,046) | YTD SQ=$+177,023 SH=$+0 Combined=$+177,023
[68/84] 2026-04-08 (15 syms) | SQ: 0t $+0   | eq=$207,023 (cap=$414,046) | YTD SQ=$+177,023 SH=$+0 Combined=$+177,023
[70/84] 2026-04-10 (2 syms) | SQ: 3t $-427   | eq=$206,596 (cap=$414,046) | YTD SQ=$+176,596 SH=$+0 Combined=$+176,596
[71/84] 2026-04-13 (15 syms) | SQ: 1t $+771   | eq=$207,367 (cap=$413,192) | YTD SQ=$+177,367 SH=$+0 Combined=$+177,367
[72/84] 2026-04-14 (14 syms) | SQ: 0t $+0   | eq=$207,367 (cap=$414,734) | YTD SQ=$+177,367 SH=$+0 Combined=$+177,367
[73/84] 2026-04-15 (3 syms) | SQ: 6t $-949   | eq=$206,418 (cap=$414,734) | YTD SQ=$+176,418 SH=$+0 Combined=$+176,418
[74/84] 2026-04-16 (15 syms) | SQ: 0t $+0   | eq=$206,418 (cap=$412,836) | YTD SQ=$+176,418 SH=$+0 Combined=$+176,418
[76/84] 2026-04-20 (5 syms) | SQ: 1t $-143   | eq=$206,275 (cap=$412,836) | YTD SQ=$+176,275 SH=$+0 Combined=$+176,275
[78/84] 2026-04-22 (11 syms) | SQ: 0t $+0   | eq=$206,275 (cap=$412,550) | YTD SQ=$+176,275 SH=$+0 Combined=$+176,275
[79/84] 2026-04-23 (1 syms) | SQ: 0t $+0   | eq=$206,275 (cap=$412,550) | YTD SQ=$+176,275 SH=$+0 Combined=$+176,275
[80/84] 2026-04-24 (1 syms) | SQ: 6t $+4,032   | eq=$210,307 (cap=$412,550) | YTD SQ=$+180,307 SH=$+0 Combined=$+180,307
[84/84] 2026-04-30 (15 syms) | SQ: 1t $-500   | eq=$209,807 (cap=$420,614) | YTD SQ=$+179,807 SH=$+0 Combined=$+179,807

======================================================================
SQUEEZE: 179 trades, 31W/24L (17% WR), $+179,807
COMBINED: $+179,807
EQUITY:   $30,000 → $209,807 (+599.4%)
======================================================================
