YTD Backtest: 84 dates (2026-01-02 → 2026-04-30)
  Squeeze: ON  (MP forced OFF)
  Short:   OFF
  Filters: gap=5.0-500.0% price=$2.0-$20.0 float<20.0M rvol>1.5x pmvol>30,000
  Compounding: start=$30,000  bp_pct=50%×4×eq  notional_cap=none

[4/84] 2026-01-06 (1 syms) | SQ: 0t $+0   | eq=$30,000 (cap=$60,000) | YTD SQ=$+0 SH=$+0 Combined=$+0
[5/84] 2026-01-07 (1 syms) | SQ: 0t $+0   | eq=$30,000 (cap=$60,000) | YTD SQ=$+0 SH=$+0 Combined=$+0
[6/84] 2026-01-08 (1 syms) | SQ: 1t $+900   | eq=$30,900 (cap=$60,000) | YTD SQ=$+900 SH=$+0 Combined=$+900
[7/84] 2026-01-09 (3 syms) | SQ: 1t $+6,253   | eq=$37,153 (cap=$61,800) | YTD SQ=$+7,153 SH=$+0 Combined=$+7,153
[8/84] 2026-01-12 (3 syms) | SQ: 7t $+4,839   | eq=$41,992 (cap=$74,306) | YTD SQ=$+11,992 SH=$+0 Combined=$+11,992
[9/84] 2026-01-13 (3 syms) | SQ: 11t $+30,058   | eq=$72,050 (cap=$83,984) | YTD SQ=$+42,050 SH=$+0 Combined=$+42,050
[10/84] 2026-01-14 (4 syms) | SQ: 10t $+52,140   | eq=$124,190 (cap=$144,100) | YTD SQ=$+94,190 SH=$+0 Combined=$+94,190
[11/84] 2026-01-15 (4 syms) | SQ: 19t $-12,967   | eq=$111,223 (cap=$248,380) | YTD SQ=$+81,223 SH=$+0 Combined=$+81,223
[12/84] 2026-01-16 (5 syms) | SQ: 9t $+21,282   | eq=$132,505 (cap=$222,446) | YTD SQ=$+102,505 SH=$+0 Combined=$+102,505
[13/84] 2026-01-20 (6 syms) | SQ: 15t $-6,027   | eq=$126,478 (cap=$265,010) | YTD SQ=$+96,478 SH=$+0 Combined=$+96,478
[14/84] 2026-01-21 (5 syms) | SQ: 8t $-1,796   | eq=$124,682 (cap=$252,956) | YTD SQ=$+94,682 SH=$+0 Combined=$+94,682
[15/84] 2026-01-22 (3 syms) | SQ: 14t $-6,224   | eq=$118,458 (cap=$249,364) | YTD SQ=$+88,458 SH=$+0 Combined=$+88,458
[16/84] 2026-01-23 (7 syms) | SQ: 14t $+15,602   | eq=$134,060 (cap=$236,916) | YTD SQ=$+104,060 SH=$+0 Combined=$+104,060
[17/84] 2026-01-26 (3 syms) | SQ: 10t $+7,013   | eq=$141,073 (cap=$268,120) | YTD SQ=$+111,073 SH=$+0 Combined=$+111,073
[18/84] 2026-01-27 (5 syms) | SQ: 4t $+5,566   | eq=$146,639 (cap=$282,146) | YTD SQ=$+116,639 SH=$+0 Combined=$+116,639
[19/84] 2026-01-28 (3 syms) | SQ: 1t $+764   | eq=$147,403 (cap=$293,278) | YTD SQ=$+117,403 SH=$+0 Combined=$+117,403
[20/84] 2026-01-29 (3 syms) | SQ: 1t $-500   | eq=$146,903 (cap=$294,806) | YTD SQ=$+116,903 SH=$+0 Combined=$+116,903
[21/84] 2026-01-30 (3 syms) | SQ: 0t $+0   | eq=$146,903 (cap=$293,806) | YTD SQ=$+116,903 SH=$+0 Combined=$+116,903
[22/84] 2026-02-02 (5 syms) | SQ: 2t $+255   | eq=$147,158 (cap=$293,806) | YTD SQ=$+117,158 SH=$+0 Combined=$+117,158
[23/84] 2026-02-03 (3 syms) | SQ: 7t $+41,453   | eq=$188,611 (cap=$294,316) | YTD SQ=$+158,611 SH=$+0 Combined=$+158,611
[24/84] 2026-02-04 (1 syms) | SQ: 0t $+0   | eq=$188,611 (cap=$377,222) | YTD SQ=$+158,611 SH=$+0 Combined=$+158,611
[25/84] 2026-02-05 (1 syms) | SQ: 0t $+0   | eq=$188,611 (cap=$377,222) | YTD SQ=$+158,611 SH=$+0 Combined=$+158,611
[26/84] 2026-02-06 (2 syms) | SQ: 2t $+4,049   | eq=$192,660 (cap=$377,222) | YTD SQ=$+162,660 SH=$+0 Combined=$+162,660
[28/84] 2026-02-10 (1 syms) | SQ: 0t $+0   | eq=$192,660 (cap=$385,320) | YTD SQ=$+162,660 SH=$+0 Combined=$+162,660
[32/84] 2026-02-17 (1 syms) | SQ: 1t $+5,075   | eq=$197,735 (cap=$385,320) | YTD SQ=$+167,735 SH=$+0 Combined=$+167,735
[44/84] 2026-03-05 (1 syms) | SQ: 1t $-500   | eq=$197,235 (cap=$395,470) | YTD SQ=$+167,235 SH=$+0 Combined=$+167,235
[46/84] 2026-03-09 (1 syms) | SQ: 0t $+0   | eq=$197,235 (cap=$394,470) | YTD SQ=$+167,235 SH=$+0 Combined=$+167,235
[49/84] 2026-03-12 (1 syms) | SQ: 0t $+0   | eq=$197,235 (cap=$394,470) | YTD SQ=$+167,235 SH=$+0 Combined=$+167,235
[53/84] 2026-03-18 (1 syms) | SQ: 7t $+6,029   | eq=$203,264 (cap=$394,470) | YTD SQ=$+173,264 SH=$+0 Combined=$+173,264
[54/84] 2026-03-19 (1 syms) | SQ: 3t $-844   | eq=$202,420 (cap=$406,528) | YTD SQ=$+172,420 SH=$+0 Combined=$+172,420
[56/84] 2026-03-23 (1 syms) | SQ: 9t $-834   | eq=$201,586 (cap=$404,840) | YTD SQ=$+171,586 SH=$+0 Combined=$+171,586
[63/84] 2026-04-01 (2 syms) | SQ: 4t $-270   | eq=$201,316 (cap=$403,172) | YTD SQ=$+171,316 SH=$+0 Combined=$+171,316
[64/84] 2026-04-02 (15 syms) | SQ: 0t $+0   | eq=$201,316 (cap=$402,632) | YTD SQ=$+171,316 SH=$+0 Combined=$+171,316
[66/84] 2026-04-06 (15 syms) | SQ: 1t $-500   | eq=$200,816 (cap=$402,632) | YTD SQ=$+170,816 SH=$+0 Combined=$+170,816
[67/84] 2026-04-07 (15 syms) | SQ: 0t $+0   | eq=$200,816 (cap=$401,632) | YTD SQ=$+170,816 SH=$+0 Combined=$+170,816
[68/84] 2026-04-08 (15 syms) | SQ: 0t $+0   | eq=$200,816 (cap=$401,632) | YTD SQ=$+170,816 SH=$+0 Combined=$+170,816
[70/84] 2026-04-10 (2 syms) | SQ: 3t $-590   | eq=$200,226 (cap=$401,632) | YTD SQ=$+170,226 SH=$+0 Combined=$+170,226
[71/84] 2026-04-13 (15 syms) | SQ: 1t $+771   | eq=$200,997 (cap=$400,452) | YTD SQ=$+170,997 SH=$+0 Combined=$+170,997
[72/84] 2026-04-14 (14 syms) | SQ: 0t $+0   | eq=$200,997 (cap=$401,994) | YTD SQ=$+170,997 SH=$+0 Combined=$+170,997
[73/84] 2026-04-15 (3 syms) | SQ: 6t $-1,057   | eq=$199,940 (cap=$401,994) | YTD SQ=$+169,940 SH=$+0 Combined=$+169,940
[74/84] 2026-04-16 (15 syms) | SQ: 0t $+0   | eq=$199,940 (cap=$399,880) | YTD SQ=$+169,940 SH=$+0 Combined=$+169,940
[76/84] 2026-04-20 (5 syms) | SQ: 1t $+60   | eq=$200,000 (cap=$399,880) | YTD SQ=$+170,000 SH=$+0 Combined=$+170,000
[78/84] 2026-04-22 (11 syms) | SQ: 0t $+0   | eq=$200,000 (cap=$400,000) | YTD SQ=$+170,000 SH=$+0 Combined=$+170,000
[79/84] 2026-04-23 (1 syms) | SQ: 0t $+0   | eq=$200,000 (cap=$400,000) | YTD SQ=$+170,000 SH=$+0 Combined=$+170,000
[80/84] 2026-04-24 (1 syms) | SQ: 6t $+3,486   | eq=$203,486 (cap=$400,000) | YTD SQ=$+173,486 SH=$+0 Combined=$+173,486
[84/84] 2026-04-30 (15 syms) | SQ: 1t $-500   | eq=$202,986 (cap=$406,972) | YTD SQ=$+172,986 SH=$+0 Combined=$+172,986

======================================================================
SQUEEZE: 180 trades, 34W/22L (19% WR), $+172,986
COMBINED: $+172,986
EQUITY:   $30,000 → $202,986 (+576.6%)
======================================================================
