
======================================================================
  WARRIOR BOT BACKTESTER (TICK MODE)
  Symbols: ARTL  |  Date: 2026-03-18  |  Window: 07:00 -> 12:00 ET
======================================================================

Fetching ARTL bars for 2026-03-18...
  Total bars: 261  |  Seed: 9  |  Sim: 252
  Fundamentals: float=0.7M gap=-2.2%
  Seed complete: EMA9=4.5086
  WARNING: No cache file tick_cache/2026-03-18/ARTL.json.gz — falling back to API
  Tick replay: 555135 trades for sim window
  [07:00] 1M IMPULSE detected
  [07:26] 1M PULLBACK 1/3
  QUALITY_GATE symbol=ARTL gate=no_reentry result=PASS losses=0/1 trades=0/2
  [07:27] 1M NO_ARM exhaustion: vol_ratio=0.36 (min 0.4) recent=793.0 earlier=2197.0
  [07:41] SQ_PRIMED: vol=225.3x avg, bar_vol=62,984, price=$6.9700 above VWAP ($6.2874)
  ARMED entry=5.0200 stop=4.9000 R=0.1200 score=11.0 level=whole_dollar setup_type=squeeze [PARABOLIC] [PROBE=50%] why=squeeze: base=5.0;vol_extra=+5.0;vwap_dist=+1.0(11%);[PARABOLIC]
  [07:41] 1M IMPULSE detected
  [07:42] SQ_ENTRY: 5.0400 stop=4.9000 R=0.1400 qty=3571 score=11.0 setup_type=squeeze
  [07:42] 1M RESET (lost VWAP)
  [07:50] 1M IMPULSE detected
  [07:51] SQ_REJECT: not_new_hod (bar_high=$6.9100 < HOD=$8.2600)
  [07:51] 1M RESET (extended: 6 green candles)
  [08:07] SQ_REJECT: not_new_hod (bar_high=$7.3300 < HOD=$8.2600)
  [08:10] SQ_PRIMED: vol=4.4x avg, bar_vol=906,079, price=$7.5400 above VWAP ($6.6655)
  ARMED entry=8.0200 stop=7.9000 R=0.1200 score=7.4 level=whole_dollar setup_type=squeeze [PARABOLIC] [PROBE=50%] why=squeeze: base=5.0;vol_extra=+1.4;vwap_dist=+1.0(13%);[PARABOLIC]
  [08:15] SQ_ENTRY: 8.0400 stop=7.9000 R=0.1400 qty=3109 score=7.4 setup_type=squeeze
  [08:16] SQ_REJECT: not_new_hod (bar_high=$8.2697 < HOD=$8.5500)
  [08:16] 1M RESET (extended: 7 green candles)
  [08:19] 1M RESET (topping wicky)
  [08:21] 1M RESET (topping wicky)
  [08:22] 1M IMPULSE detected
  [08:23] 1M PULLBACK 1/3
  [08:24] 1M RESET (topping wicky)
  [08:25] 1M IMPULSE detected
  [08:26] 1M RESET (topping wicky)
  [09:38] SQ_REJECT: not_new_hod (bar_high=$7.2799 < HOD=$8.5500)
  [09:38] 1M IMPULSE detected
  [09:39] SQ_REJECT: not_new_hod (bar_high=$7.4600 < HOD=$8.5500)
  [09:44] 1M PULLBACK 1/3
  [09:45] SQ_REJECT: not_new_hod (bar_high=$7.9500 < HOD=$8.5500)
  [09:45] 1M RESET (weak trigger candle)
  [09:46] SQ_REJECT: not_new_hod (bar_high=$8.1500 < HOD=$8.5500)
  [09:46] 1M RESET (extended: 6 green candles)
  [09:49] 1M IMPULSE detected
  [09:50] SQ_REJECT: not_new_hod (bar_high=$7.6500 < HOD=$8.5500)
  [09:51] 1M PULLBACK 1/3
  QUALITY_GATE symbol=ARTL gate=no_reentry result=PASS losses=0/1 trades=0/2
  [09:52] ARMED entry=7.6000 stop=7.3000 R=0.3000 score=10.5 macd_score=5.0 tags=[ABCD, RED_TO_GREEN, VOLUME_SURGE] why=macd=5.0*0.6;bull_struct=+3;vol_surge=+2;r2g=+1.5;R>=0.08=+1
  [09:53] ENTRY: 7.6200 stop=7.3000 R=0.3200 qty=3125 score=10.5
  [09:53] 5M_GUARD_SEEDED: 2/2 green session bars — IMMEDIATE activation (score=10.5)
  [09:53] 1M IMPULSE detected
  [09:50] 5M_GUARD_HOLD: green vol=3,787,402 (1.4x avg) @ 7.9750
  [09:56] 1M PULLBACK 1/3
  [09:57] 1M PULLBACK 2/3
  [09:58] 1M RESET (topping wicky)
  [09:55] 5M_GUARD_OFF: conditions no longer met
  [10:00] TOPPING_WICKY_EXIT @ 7.9150
  [10:00] 1M RESET (bearish engulfing)
  [10:01] 1M RESET (topping wicky)

======================================================================
  BACKTEST REPORT: ARTL -- 2026-03-18 (07:00 -> 12:00 ET)
======================================================================
  Settings: risk=$1000  min_score=3.0  MACD_gate=ON  slippage=$0.02  exit=signal  cooldown=2/10m  L2=OFF [TICK mode]
  Bars: 555135 sim + 9 seed  |  EMA9=6.8348  VWAP=7.1319
======================================================================

    #    TIME    ENTRY     STOP       R  SCORE     EXIT  REASON                     P&L  R-MULT
  ───  ──────  ───────  ───────  ──────  ─────  ───────  ────────────────────  ────────  ──────
    1   07:42   5.0400   4.9000  0.1400   11.0   6.9700  sq_target_hit            +6963   +13.9R
    2   08:15   8.0400   7.9000  0.1400    7.4   7.2003  sq_dollar_loss_cap ($2,611 >= $500)     -2611    -6.0R
    3   09:53   7.6200   7.3000  0.3200   10.5   7.9150  topping_wicky_exit_full      +922    +0.9R

  ──────────────────────────────────────────────────────────────────
  SUMMARY
  ──────────────────────────────────────────────────────────────────
  Trades: 3  |  Wins: 2  |  Losses: 1  |  Win Rate: 66.7%
  Gross P&L: $+5,275  |  Avg R-Multiple: +1.8R
  Largest Win: $+6,963  |  Largest Loss: $-2,611
  Armed: 3  |  Signals: 3  |  Entered: 3
======================================================================

