
======================================================================
  WARRIOR BOT BACKTESTER (TICK MODE)
  Symbols: CHNR  |  Date: 2026-03-19  |  Window: 07:00 -> 12:00 ET
======================================================================

Fetching CHNR bars for 2026-03-19...
  Total bars: 286  |  Seed: 0  |  Sim: 286
  Fundamentals: float=0.5M gap=+32.4%
  Seed complete: EMA9=None
  Fetching tick data from Alpaca...
  Tick replay: 573004 trades for sim window
  [07:16] 1M IMPULSE detected
  [07:18] 1M RESET (lost VWAP)
  [07:22] 1M IMPULSE detected
  [07:24] 1M RESET (extended: 6 green candles)
  [07:25] 1M RESET (bearish engulfing)
  [07:27] 1M RESET (extended: 7 green candles)
  [09:44] 1M RESET (extended: 8 green candles)

======================================================================
  BACKTEST REPORT: CHNR -- 2026-03-19 (07:00 -> 12:00 ET)
======================================================================
  Settings: risk=$1000  min_score=3.0  MACD_gate=ON  slippage=$0.02  exit=signal  cooldown=2/10m  L2=OFF [TICK mode]
  Bars: 573004 sim + 0 seed  |  EMA9=4.1884  VWAP=5.2072
======================================================================

  No trades taken.

  Armed: 0  |  Signals: 0
======================================================================
