
======================================================================
  WARRIOR BOT BACKTESTER (TICK MODE)
  Symbols: INKT  |  Date: 2026-03-10  |  Window: 07:00 -> 12:00 ET
======================================================================

Fetching INKT bars for 2026-03-10...
  Total bars: 386  |  Seed: 85  |  Sim: 301
  Fundamentals: float=1.7M gap=-2.7%
  Seed complete: EMA9=16.3465
  Loading ticks from cache: tick_cache/2026-03-10/INKT.json.gz
  Tick replay: 316156 trades for sim window
  [07:00] 1M IMPULSE detected
  [07:02] 1M PULLBACK 1/3
  [07:03] 1M PULLBACK 2/3
  [07:04] 1M PULLBACK 3/3
  QUALITY_GATE symbol=INKT gate=no_reentry result=PASS losses=0/1 trades=0/2
  [07:05] ARMED entry=20.0000 stop=18.1900 R=1.8100 score=12.5 macd_score=7.5 tags=[ASC_TRIANGLE, FLAT_TOP, RED_TO_GREEN, TOPPING_WICKY, VOLUME_SURGE, WHOLE_DOLLAR_NEARBY] why=macd=7.5*0.6;bull_struct=+3;vol_surge=+2;r2g=+1.5;whole=+0.5;R>=0.08=+1
  [07:06] ENTRY: 20.0200 stop=18.1900 R=1.8300 qty=546 score=12.5
  [07:06] BEARISH_ENGULFING_EXIT @ 19.3800
  [07:09] 1M RESET (topping wicky)
  [07:11] 1M RESET (topping wicky)
  [07:12] 1M RESET (topping wicky)
  [07:39] 1M RESET (topping wicky)

======================================================================
  BACKTEST REPORT: INKT -- 2026-03-10 (07:00 -> 12:00 ET)
======================================================================
  Settings: risk=$1000  min_score=3.0  MACD_gate=ON  slippage=$0.02  exit=signal  cooldown=2/10m  L2=OFF [TICK mode]
  Bars: 316156 sim + 85 seed  |  EMA9=13.4181  VWAP=16.5946
======================================================================

    #    TIME    ENTRY     STOP       R  SCORE     EXIT  REASON                     P&L  R-MULT
  ───  ──────  ───────  ───────  ──────  ─────  ───────  ────────────────────  ────────  ──────
    1   07:06  20.0200  18.1900  1.8300   12.5  19.3800  bearish_engulfing_exit_full      -349    -0.3R

  ──────────────────────────────────────────────────────────────────
  SUMMARY
  ──────────────────────────────────────────────────────────────────
  Trades: 1  |  Wins: 0  |  Losses: 1  |  Win Rate: 0.0%
  Gross P&L: $-349  |  Avg R-Multiple: -0.3R
  Largest Win: $+0  |  Largest Loss: $-349
  Armed: 1  |  Signals: 1  |  Entered: 1
======================================================================

