
======================================================================
  WARRIOR BOT BACKTESTER (TICK MODE)
  Symbols: ROLR  |  Date: 2026-01-14  |  Window: 07:00 -> 12:00 ET
======================================================================

Fetching ROLR bars for 2026-01-14...
  Total bars: 213  |  Seed: 1  |  Sim: 212
  Fundamentals: float=4.6M gap=-2.7%
  Seed complete: EMA9=3.5600
  Loading ticks from cache: tick_cache/2026-01-14/ROLR.json.gz
  Tick replay: 878325 trades for sim window
  [07:00] 1M IMPULSE detected
  [07:24] 1M PULLBACK 1/3
  [07:28] 1M PULLBACK 2/3
  [07:29] 1M RESET (extended: 6 green candles)
  [07:39] 1M RESET (extended: 7 green candles)
  [07:42] 1M RESET (extended: 8 green candles)
  [08:00] 1M RESET (extended: 9 green candles)
  [08:01] 1M RESET (extended: 10 green candles)
  [08:02] 1M RESET (extended: 11 green candles)
  [08:04] 1M IMPULSE detected
  [08:08] 1M PULLBACK 1/3
  QUALITY_GATE symbol=ROLR gate=no_reentry result=PASS losses=0/1 trades=0/2
  [08:09] ARMED entry=3.8800 stop=3.7900 R=0.0900 score=10.0 macd_score=7.5 tags=[ASC_TRIANGLE, FLAT_TOP, RED_TO_GREEN, TOPPING_WICKY] why=macd=7.5*0.6;bull_struct=+3;r2g=+1.5;R>=0.08=+1
  [08:10] 1M RESET (bearish engulfing)
  [08:11] 1M RESET (topping wicky)
  [08:13] 1M RESET (topping wicky)
  [08:18] SQ_PRIMED: vol=184.6x avg, bar_vol=278,281, price=$5.3200 above VWAP ($4.6892)
  ARMED entry=4.0200 stop=3.9000 R=0.1200 score=11.0 level=whole_dollar setup_type=squeeze [PARABOLIC] [PROBE=50%] why=squeeze: base=5.0;vol_extra=+5.0;vwap_dist=+1.0(13%);[PARABOLIC]
  [08:18] 1M IMPULSE detected
  [08:19] SQ_ENTRY: 4.0400 stop=3.9000 R=0.1400 qty=3571 score=11.0 setup_type=squeeze
  [08:19] SQ_PRIMED: vol=101.3x avg, bar_vol=1,119,048, price=$7.7100 above VWAP ($6.7042)
  ARMED entry=6.0200 stop=5.9000 R=0.1200 score=10.0 level=whole_dollar setup_type=squeeze [PARABOLIC] [PROBE=50%] why=squeeze: base=5.0;vol_extra=+5.0;[PARABOLIC]
  [08:20] SQ_ENTRY: 6.0400 stop=5.9000 R=0.1400 qty=3571 score=10.0 setup_type=squeeze
  [08:20] SQ_PRIMED: vol=16.1x avg, bar_vol=770,333, price=$8.2000 above VWAP ($7.0812)
  ARMED entry=8.0200 stop=7.9000 R=0.1200 score=10.0 level=whole_dollar setup_type=squeeze [PARABOLIC] [PROBE=50%] why=squeeze: base=5.0;vol_extra=+5.0;[PARABOLIC]
  [08:21] 1M PULLBACK 1/3
  [08:22] 1M RESET (lost VWAP)
  [08:23] SQ_NO_ARM: max_attempts (3/3)
  [08:23] 1M IMPULSE detected
  [08:24] 1M PULLBACK 1/3
  QUALITY_GATE symbol=ROLR gate=no_reentry result=FAIL reason=trades_2_>=_max_2
  [08:25] SQ_NO_ARM: max_attempts (3/3)
  [08:25] 1M NO_ARM quality_gate_failed
  [08:26] 1M IMPULSE detected
  [08:27] 1M PULLBACK 1/3
  QUALITY_GATE symbol=ROLR gate=no_reentry result=FAIL reason=trades_2_>=_max_2
  [08:28] SQ_NO_ARM: max_attempts (3/3)
  [08:28] 1M NO_ARM quality_gate_failed
  [08:29] SQ_NO_ARM: max_attempts (3/3)
  [08:29] 1M IMPULSE detected
  [08:30] SQ_NO_ARM: max_attempts (3/3)
  [08:30] 1M RESET (extended: 6 green candles)
  [08:31] 1M RESET (bearish engulfing)
  [08:32] 1M RESET (extended: 7 green candles)
  [08:33] SQ_NO_ARM: max_attempts (3/3)
  [08:33] 1M RESET (extended: 8 green candles)
  [08:35] 1M IMPULSE detected
  [08:36] 1M PULLBACK 1/3
  QUALITY_GATE symbol=ROLR gate=no_reentry result=FAIL reason=trades_2_>=_max_2
  [08:37] 1M NO_ARM quality_gate_failed
  [08:40] 1M IMPULSE detected
  [08:41] 1M PULLBACK 1/3
  [08:42] 1M RESET (MACD bearish cross)
  [08:43] 1M RESET (topping wicky)
  [08:44] 1M RESET (topping wicky)
  [09:30] SQ_NO_ARM: max_attempts (3/3)
  [10:50] 1M IMPULSE detected
  [10:51] 1M RESET (topping wicky)
  [10:53] 1M RESET (topping wicky)
  [10:54] 1M RESET (topping wicky)
  [11:21] 1M IMPULSE detected
  [11:22] 1M PULLBACK 1/3
  [11:23] 1M RESET (topping wicky)
  [11:24] 1M IMPULSE detected
  [11:26] 1M PULLBACK 1/3
  [11:27] 1M RESET (weak trigger candle)
  [11:28] SQ_NO_ARM: max_attempts (3/3)
  [11:28] 1M IMPULSE detected
  [11:29] 1M RESET (extended: 6 green candles)
  [11:40] 1M IMPULSE detected
  [11:41] 1M PULLBACK 1/3
  [11:42] 1M PULLBACK 2/3
  [11:43] 1M PULLBACK 3/3
  [11:44] 1M RESET (pullback too long)
  [11:45] 1M RESET (bearish engulfing)
  [11:46] 1M RESET (topping wicky)
  [11:47] 1M IMPULSE detected
  [11:48] 1M RESET (MACD bearish cross)
  [11:49] 1M RESET (topping wicky)

======================================================================
  BACKTEST REPORT: ROLR -- 2026-01-14 (07:00 -> 12:00 ET)
======================================================================
  Settings: risk=$1000  min_score=3.0  MACD_gate=ON  slippage=$0.02  exit=signal  cooldown=2/10m  L2=OFF [TICK mode]
  Bars: 878325 sim + 1 seed  |  EMA9=18.6426  VWAP=14.5257
======================================================================

    #    TIME    ENTRY     STOP       R  SCORE     EXIT  REASON                     P&L  R-MULT
  ───  ──────  ───────  ───────  ──────  ─────  ───────  ────────────────────  ────────  ──────
    1   08:19   4.0400   3.9000  0.1400   11.0   5.2842  sq_target_hit            +4234    +8.5R
    2   08:20   6.0400   5.9000  0.1400   10.0   7.6600  sq_target_hit            +5517   +11.0R

  ──────────────────────────────────────────────────────────────────
  SUMMARY
  ──────────────────────────────────────────────────────────────────
  Trades: 2  |  Wins: 2  |  Losses: 0  |  Win Rate: 100.0%
  Gross P&L: $+9,751  |  Avg R-Multiple: +4.9R
  Largest Win: $+5,517  |  Largest Loss: $+0
  Armed: 4  |  Signals: 3  |  Entered: 2
======================================================================

