
======================================================================
  WARRIOR BOT BACKTESTER (TICK MODE)
  Symbols: ROLR  |  Date: 2026-01-14  |  Window: 07:00 -> 12:00 ET
======================================================================

Fetching ROLR bars for 2026-01-14...
  Total bars: 213  |  Seed: 1  |  Sim: 212
  Fundamentals: float=4.6M gap=-3.0%
  Seed complete: EMA9=3.5600
  Loading ticks from cache: tick_cache/2026-01-14/ROLR.json.gz
  Tick replay: 878325 trades for sim window
  [07:00] 1M IMPULSE detected
  [07:24] 1M PULLBACK 1/3
  [07:28] 1M PULLBACK 2/3
  [07:29] 1M RESET (extended: 6 green candles)
  [07:39] 1M RESET (extended: 7 green candles)
  [07:42] 1M RESET (extended: 8 green candles)
  [08:00] 1M RESET (extended: 9 green candles)
  [08:01] 1M RESET (extended: 10 green candles)
  [08:02] 1M RESET (extended: 11 green candles)
  [08:04] 1M IMPULSE detected
  [08:08] 1M PULLBACK 1/3
  QUALITY_GATE symbol=ROLR gate=no_reentry result=PASS losses=0/1 trades=0/2
  [08:09] ARMED entry=3.8800 stop=3.7900 R=0.0900 score=10.0 macd_score=7.5 tags=[ASC_TRIANGLE, FLAT_TOP, RED_TO_GREEN, TOPPING_WICKY] why=macd=7.5*0.6;bull_struct=+3;r2g=+1.5;R>=0.08=+1
  [08:10] 1M RESET (bearish engulfing)
  [08:11] 1M RESET (topping wicky)
  [08:13] 1M RESET (topping wicky)
  [08:18] 1M IMPULSE detected
  [08:21] 1M PULLBACK 1/3
  [08:22] 1M RESET (lost VWAP)
  [08:23] 1M IMPULSE detected
  [08:24] 1M PULLBACK 1/3
  QUALITY_GATE symbol=ROLR gate=no_reentry result=PASS losses=0/1 trades=0/2
  [08:25] ARMED entry=9.3100 stop=8.2297 R=1.0803 score=10.5 macd_score=5.0 tags=[ABCD, ASC_TRIANGLE, RED_TO_GREEN, TOPPING_WICKY, VOLUME_SURGE] why=macd=5.0*0.6;bull_struct=+3;vol_surge=+2;r2g=+1.5;R>=0.08=+1
  [08:26] ENTRY: 9.3300 stop=8.2297 R=1.1003 qty=908 score=10.5
  [08:26] 1M IMPULSE detected
  [08:27] 1M PULLBACK 1/3
  QUALITY_GATE symbol=ROLR gate=no_reentry result=PASS losses=0/1 trades=0/2
  [08:28] ARMED entry=12.2200 stop=8.8501 R=3.3699 score=12.0 macd_score=7.5 tags=[ABCD, RED_TO_GREEN, TOPPING_WICKY, VOLUME_SURGE] why=macd=7.5*0.6;bull_struct=+3;vol_surge=+2;r2g=+1.5;R>=0.08=+1
  [08:29] TW_SUPPRESSED (profit_gate: $2.73 >= 1.5R=$1.65) @ 12.0600
  [08:29] TW_SUPPRESSED (profit_gate: $2.62 >= 1.5R=$1.65) @ 11.9500
  [08:29] TW_SUPPRESSED (profit_gate: $2.67 >= 1.5R=$1.65) @ 12.0000
  [08:29] TW_SUPPRESSED (profit_gate: $3.46 >= 1.5R=$1.65) @ 12.7900
  [08:29] TW_SUPPRESSED (profit_gate: $3.20 >= 1.5R=$1.65) @ 12.5300
  [08:29] TW_SUPPRESSED (profit_gate: $3.57 >= 1.5R=$1.65) @ 12.9000
  [08:29] TW_SUPPRESSED (profit_gate: $3.57 >= 1.5R=$1.65) @ 12.9000
  [08:29] 1M IMPULSE detected
  [08:30] TW_SUPPRESSED (profit_gate: $3.45 >= 1.5R=$1.65) @ 12.7800
  [08:30] TW_SUPPRESSED (profit_gate: $3.14 >= 1.5R=$1.65) @ 12.4700
  [08:30] TW_SUPPRESSED (profit_gate: $3.52 >= 1.5R=$1.65) @ 12.8500
  [08:30] TW_SUPPRESSED (profit_gate: $3.64 >= 1.5R=$1.65) @ 12.9708
  [08:30] TW_SUPPRESSED (profit_gate: $3.59 >= 1.5R=$1.65) @ 12.9192
  [08:30] TW_SUPPRESSED (profit_gate: $4.27 >= 1.5R=$1.65) @ 13.6000
  [08:30] TW_SUPPRESSED (profit_gate: $4.27 >= 1.5R=$1.65) @ 13.6000
  [08:30] 1M RESET (extended: 6 green candles)
  [08:31] TW_SUPPRESSED (profit_gate: $3.95 >= 1.5R=$1.65) @ 13.2800
  [08:31] TW_SUPPRESSED (profit_gate: $3.73 >= 1.5R=$1.65) @ 13.0600
  [08:31] TW_SUPPRESSED (profit_gate: $3.93 >= 1.5R=$1.65) @ 13.2600
  [08:31] TW_SUPPRESSED (profit_gate: $3.51 >= 1.5R=$1.65) @ 12.8400
  [08:31] BE_SUPPRESSED (continuation_hold(vol_dom=3.1x,score=10.5,unreal_r=3.2)) @ 12.8400
  [08:31] TW_SUPPRESSED (profit_gate: $3.28 >= 1.5R=$1.65) @ 12.6107
  [08:31] TW_SUPPRESSED (profit_gate: $3.19 >= 1.5R=$1.65) @ 12.5200
  [08:31] TW_SUPPRESSED (profit_gate: $3.19 >= 1.5R=$1.65) @ 12.5200
  [08:31] 1M RESET (bearish engulfing)
  [08:32] TW_SUPPRESSED (profit_gate: $3.78 >= 1.5R=$1.65) @ 13.1100
  [08:32] TW_SUPPRESSED (profit_gate: $3.86 >= 1.5R=$1.65) @ 13.1900
  [08:32] TW_SUPPRESSED (profit_gate: $3.69 >= 1.5R=$1.65) @ 13.0200
  [08:32] TW_SUPPRESSED (profit_gate: $3.51 >= 1.5R=$1.65) @ 12.8400
  [08:32] TW_SUPPRESSED (profit_gate: $3.65 >= 1.5R=$1.65) @ 12.9800
  [08:32] TW_SUPPRESSED (profit_gate: $4.05 >= 1.5R=$1.65) @ 13.3800
  [08:32] TW_SUPPRESSED (profit_gate: $4.05 >= 1.5R=$1.65) @ 13.3800
  [08:32] 1M RESET (extended: 7 green candles)
  [08:33] TW_SUPPRESSED (profit_gate: $4.90 >= 1.5R=$1.65) @ 14.2267
  [08:33] TW_SUPPRESSED (profit_gate: $5.65 >= 1.5R=$1.65) @ 14.9762
  [08:33] TW_SUPPRESSED (profit_gate: $5.50 >= 1.5R=$1.65) @ 14.8312
  [08:33] TW_SUPPRESSED (profit_gate: $5.22 >= 1.5R=$1.65) @ 14.5500
  [08:33] TW_SUPPRESSED (profit_gate: $6.39 >= 1.5R=$1.65) @ 15.7200
  [08:33] TW_SUPPRESSED (profit_gate: $8.43 >= 1.5R=$1.65) @ 17.7600
  [08:33] TW_SUPPRESSED (profit_gate: $8.43 >= 1.5R=$1.65) @ 17.7600
  [08:33] 1M RESET (extended: 8 green candles)
  [08:34] TW_SUPPRESSED (profit_gate: $7.31 >= 1.5R=$1.65) @ 16.6400
  [08:34] TW_SUPPRESSED (profit_gate: $7.67 >= 1.5R=$1.65) @ 17.0000
  [08:34] TW_SUPPRESSED (profit_gate: $7.02 >= 1.5R=$1.65) @ 16.3500
  [08:34] TW_SUPPRESSED (profit_gate: $6.77 >= 1.5R=$1.65) @ 16.1000
  [08:34] TW_SUPPRESSED (profit_gate: $7.64 >= 1.5R=$1.65) @ 16.9700
  [08:34] TW_SUPPRESSED (profit_gate: $7.61 >= 1.5R=$1.65) @ 16.9400
  [08:34] TW_SUPPRESSED (profit_gate: $7.61 >= 1.5R=$1.65) @ 16.9400
  [08:35] TW_SUPPRESSED (profit_gate: $7.86 >= 1.5R=$1.65) @ 17.1900
  [08:35] TW_SUPPRESSED (profit_gate: $7.42 >= 1.5R=$1.65) @ 16.7500
  [08:35] BE_SUPPRESSED (continuation_hold(vol_dom=2.7x,score=10.5,unreal_r=6.7)) @ 16.7500
  [08:35] TW_SUPPRESSED (profit_gate: $7.99 >= 1.5R=$1.65) @ 17.3200
  [08:35] TW_SUPPRESSED (profit_gate: $7.11 >= 1.5R=$1.65) @ 16.4400
  [08:35] TW_SUPPRESSED (profit_gate: $7.51 >= 1.5R=$1.65) @ 16.8400
  [08:35] TW_SUPPRESSED (profit_gate: $7.82 >= 1.5R=$1.65) @ 17.1500
  [08:35] TW_SUPPRESSED (profit_gate: $7.82 >= 1.5R=$1.65) @ 17.1500
  [08:35] 1M IMPULSE detected
  [08:36] TW_SUPPRESSED (profit_gate: $7.62 >= 1.5R=$1.65) @ 16.9500
  [08:36] TW_SUPPRESSED (profit_gate: $8.02 >= 1.5R=$1.65) @ 17.3500
  [08:36] TW_SUPPRESSED (profit_gate: $7.90 >= 1.5R=$1.65) @ 17.2300
  [08:36] TW_SUPPRESSED (profit_gate: $7.91 >= 1.5R=$1.65) @ 17.2400
  [08:36] TW_SUPPRESSED (profit_gate: $7.64 >= 1.5R=$1.65) @ 16.9697
  [08:36] TW_SUPPRESSED (profit_gate: $7.72 >= 1.5R=$1.65) @ 17.0500
  [08:36] TW_SUPPRESSED (profit_gate: $7.72 >= 1.5R=$1.65) @ 17.0500
  [08:36] 1M PULLBACK 1/3
  [08:37] TW_SUPPRESSED (profit_gate: $8.27 >= 1.5R=$1.65) @ 17.6000
  [08:37] TW_SUPPRESSED (profit_gate: $8.49 >= 1.5R=$1.65) @ 17.8200
  [08:37] TW_SUPPRESSED (profit_gate: $8.37 >= 1.5R=$1.65) @ 17.7000
  [08:37] TW_SUPPRESSED (profit_gate: $8.39 >= 1.5R=$1.65) @ 17.7200
  [08:37] TW_SUPPRESSED (profit_gate: $7.89 >= 1.5R=$1.65) @ 17.2200
  [08:37] BE_SUPPRESSED (continuation_hold(vol_dom=2.3x,score=10.5,unreal_r=7.2)) @ 17.2200
  [08:37] TW_SUPPRESSED (profit_gate: $8.15 >= 1.5R=$1.65) @ 17.4800
  QUALITY_GATE symbol=ROLR gate=no_reentry result=PASS losses=0/1 trades=0/2
  [08:37] TW_SUPPRESSED (profit_gate: $8.15 >= 1.5R=$1.65) @ 17.4800
  [08:37] ARMED entry=18.4000 stop=16.7000 R=1.7000 score=11.0 macd_score=5.0 tags=[ABCD, RED_TO_GREEN, TOPPING_WICKY, VOLUME_SURGE, WHOLE_DOLLAR_NEARBY] why=macd=5.0*0.6;bull_struct=+3;vol_surge=+2;r2g=+1.5;whole=+0.5;R>=0.08=+1
  [08:38] TW_SUPPRESSED (profit_gate: $7.81 >= 1.5R=$1.65) @ 17.1400
  [08:38] TW_SUPPRESSED (profit_gate: $7.88 >= 1.5R=$1.65) @ 17.2100
  [08:38] TW_SUPPRESSED (profit_gate: $8.21 >= 1.5R=$1.65) @ 17.5381
  [08:38] TW_SUPPRESSED (profit_gate: $8.06 >= 1.5R=$1.65) @ 17.3900
  [08:38] TW_SUPPRESSED (profit_gate: $8.13 >= 1.5R=$1.65) @ 17.4600
  [08:38] TW_SUPPRESSED (profit_gate: $7.80 >= 1.5R=$1.65) @ 17.1300
  [08:38] BE_SUPPRESSED (continuation_hold(vol_dom=2.3x,score=10.5,unreal_r=7.1)) @ 17.1300
  [08:38] TW_SUPPRESSED (profit_gate: $7.80 >= 1.5R=$1.65) @ 17.1300
  [08:39] TW_SUPPRESSED (profit_gate: $6.82 >= 1.5R=$1.65) @ 16.1500
  [08:39] TW_SUPPRESSED (profit_gate: $6.75 >= 1.5R=$1.65) @ 16.0800
  [08:39] TW_SUPPRESSED (profit_gate: $6.60 >= 1.5R=$1.65) @ 15.9300
  [08:39] TW_SUPPRESSED (profit_gate: $5.96 >= 1.5R=$1.65) @ 15.2900
  [08:39] TW_SUPPRESSED (profit_gate: $6.27 >= 1.5R=$1.65) @ 15.6000
  [08:39] TW_SUPPRESSED (profit_gate: $6.66 >= 1.5R=$1.65) @ 15.9900
  [08:39] TW_SUPPRESSED (profit_gate: $6.66 >= 1.5R=$1.65) @ 15.9900
  [08:40] TW_SUPPRESSED (profit_gate: $7.02 >= 1.5R=$1.65) @ 16.3500
  [08:40] TW_SUPPRESSED (profit_gate: $7.30 >= 1.5R=$1.65) @ 16.6340
  [08:40] TW_SUPPRESSED (profit_gate: $7.45 >= 1.5R=$1.65) @ 16.7796
  [08:40] TW_SUPPRESSED (profit_gate: $7.10 >= 1.5R=$1.65) @ 16.4271
  [08:40] BEARISH_ENGULFING_EXIT @ 16.4271
  [08:42] 1M RESET (MACD bearish cross)
  [08:43] 1M RESET (topping wicky)
  [08:44] 1M RESET (topping wicky)
  [10:50] 1M IMPULSE detected
  [10:51] 1M RESET (topping wicky)
  [10:53] 1M RESET (topping wicky)
  [10:54] 1M RESET (topping wicky)
  [11:21] 1M IMPULSE detected
  [11:22] 1M PULLBACK 1/3
  [11:23] 1M RESET (topping wicky)
  [11:24] 1M IMPULSE detected
  [11:26] 1M PULLBACK 1/3
  [11:27] 1M RESET (weak trigger candle)
  [11:28] 1M IMPULSE detected
  [11:29] 1M RESET (extended: 6 green candles)
  [11:40] 1M IMPULSE detected
  [11:41] 1M PULLBACK 1/3
  [11:42] 1M PULLBACK 2/3
  [11:43] 1M PULLBACK 3/3
  [11:44] 1M RESET (pullback too long)
  [11:45] 1M RESET (bearish engulfing)
  [11:46] 1M RESET (topping wicky)
  [11:47] 1M IMPULSE detected
  [11:48] 1M RESET (MACD bearish cross)
  [11:49] 1M RESET (topping wicky)

======================================================================
  BACKTEST REPORT: ROLR -- 2026-01-14 (07:00 -> 12:00 ET)
======================================================================
  Settings: risk=$1000  min_score=3.0  MACD_gate=ON  slippage=$0.02  exit=signal  cooldown=2/10m  L2=OFF [TICK mode]
  Bars: 878325 sim + 1 seed  |  EMA9=18.6426  VWAP=14.5257
======================================================================

    #    TIME    ENTRY     STOP       R  SCORE     EXIT  REASON                     P&L  R-MULT
  ───  ──────  ───────  ───────  ──────  ─────  ───────  ────────────────────  ────────  ──────
    1   08:26   9.3300   9.3400  1.1003   10.5  16.4271  bearish_engulfing_exit_full     +6444    +6.5R

  ──────────────────────────────────────────────────────────────────
  SUMMARY
  ──────────────────────────────────────────────────────────────────
  Trades: 1  |  Wins: 1  |  Losses: 0  |  Win Rate: 100.0%
  Gross P&L: $+6,444  |  Avg R-Multiple: +6.4R
  Largest Win: $+6,444  |  Largest Loss: $+0
  Armed: 4  |  Signals: 2  |  Entered: 1
======================================================================

