
======================================================================
  WARRIOR BOT BACKTESTER (TICK MODE)
  Symbols: VERO  |  Date: 2026-01-16  |  Window: 07:00 -> 12:00 ET
======================================================================

Fetching VERO bars for 2026-01-16...
  Total bars: 481  |  Seed: 180  |  Sim: 301
  Fundamentals: float=1.6M gap=-9.1%
  Seed complete: EMA9=3.3013
  Loading ticks from cache: tick_cache/2026-01-16/VERO.json.gz
  Tick replay: 1696214 trades for sim window
  [07:02] 1M IMPULSE detected
  [07:05] 1M PULLBACK 1/3
  [07:06] 1M PULLBACK 2/3
  [07:07] 1M PULLBACK 3/3
  [07:08] 1M RESET (pullback too long)
  [07:11] 1M IMPULSE detected
  [07:12] 1M PULLBACK 1/3
  QUALITY_GATE symbol=VERO gate=no_reentry result=PASS losses=0/1 trades=0/2
  [07:13] ARMED entry=3.5600 stop=3.4600 R=0.1000 score=9.6 macd_score=3.5 tags=[ABCD, RED_TO_GREEN, VOLUME_SURGE] why=macd=3.5*0.6;bull_struct=+3;vol_surge=+2;r2g=+1.5;R>=0.08=+1
  [07:14] ENTRY: 3.5800 stop=3.4600 R=0.1200 qty=8333 score=9.6
  [07:14] 1M IMPULSE detected
  [07:17] TW_SUPPRESSED (profit_gate: $1.10 >= 1.5R=$0.18) @ 4.6800
  [07:18] TW_SUPPRESSED (profit_gate: $1.03 >= 1.5R=$0.18) @ 4.6100
  [07:18] TW_SUPPRESSED (profit_gate: $1.02 >= 1.5R=$0.18) @ 4.6000
  [07:18] TW_SUPPRESSED (profit_gate: $0.95 >= 1.5R=$0.18) @ 4.5300
  [07:18] TW_SUPPRESSED (profit_gate: $1.06 >= 1.5R=$0.18) @ 4.6400
  [07:18] TW_SUPPRESSED (profit_gate: $1.22 >= 1.5R=$0.18) @ 4.8000
  [07:18] TW_SUPPRESSED (profit_gate: $1.19 >= 1.5R=$0.18) @ 4.7700
  [07:18] TW_SUPPRESSED (profit_gate: $1.19 >= 1.5R=$0.18) @ 4.7700
  [07:18] 1M RESET (extended: 6 green candles)
  [07:19] TW_SUPPRESSED (profit_gate: $1.28 >= 1.5R=$0.18) @ 4.8600
  [07:19] TW_SUPPRESSED (profit_gate: $1.39 >= 1.5R=$0.18) @ 4.9700
  [07:19] TW_SUPPRESSED (profit_gate: $1.36 >= 1.5R=$0.18) @ 4.9400
  [07:19] TW_SUPPRESSED (profit_gate: $1.29 >= 1.5R=$0.18) @ 4.8700
  [07:19] TW_SUPPRESSED (profit_gate: $1.37 >= 1.5R=$0.18) @ 4.9500
  [07:19] TW_SUPPRESSED (profit_gate: $1.37 >= 1.5R=$0.18) @ 4.9500
  [07:19] TW_SUPPRESSED (profit_gate: $1.37 >= 1.5R=$0.18) @ 4.9500
  [07:19] 1M RESET (extended: 7 green candles)
  [07:20] TW_SUPPRESSED (profit_gate: $1.34 >= 1.5R=$0.18) @ 4.9200
  [07:20] TW_SUPPRESSED (profit_gate: $1.23 >= 1.5R=$0.18) @ 4.8100
  [07:20] TW_SUPPRESSED (profit_gate: $1.21 >= 1.5R=$0.18) @ 4.7900
  [07:20] TW_SUPPRESSED (profit_gate: $1.22 >= 1.5R=$0.18) @ 4.8000
  [07:20] TW_SUPPRESSED (profit_gate: $1.13 >= 1.5R=$0.18) @ 4.7100
  [07:20] BE_SUPPRESSED (continuation_hold(vol_dom=5.6x,score=9.6,unreal_r=9.4)) @ 4.7100
  [07:20] TW_SUPPRESSED (profit_gate: $1.13 >= 1.5R=$0.18) @ 4.7100
  [07:20] TW_SUPPRESSED (profit_gate: $1.13 >= 1.5R=$0.18) @ 4.7100
  [07:20] 1M RESET (bearish engulfing)
  [07:21] TW_SUPPRESSED (profit_gate: $1.12 >= 1.5R=$0.18) @ 4.7000
  [07:21] TW_SUPPRESSED (profit_gate: $1.13 >= 1.5R=$0.18) @ 4.7100
  [07:21] TW_SUPPRESSED (profit_gate: $1.02 >= 1.5R=$0.18) @ 4.6000
  [07:21] TW_SUPPRESSED (profit_gate: $1.37 >= 1.5R=$0.18) @ 4.9500
  [07:21] TW_SUPPRESSED (profit_gate: $1.38 >= 1.5R=$0.18) @ 4.9600
  [07:21] TW_SUPPRESSED (profit_gate: $1.36 >= 1.5R=$0.18) @ 4.9400
  [07:21] TW_SUPPRESSED (profit_gate: $1.36 >= 1.5R=$0.18) @ 4.9400
  [07:21] 1M RESET (extended: 8 green candles)
  [07:22] TW_SUPPRESSED (profit_gate: $1.45 >= 1.5R=$0.18) @ 5.0300
  [07:22] TW_SUPPRESSED (profit_gate: $1.65 >= 1.5R=$0.18) @ 5.2300
  [07:22] TW_SUPPRESSED (profit_gate: $1.55 >= 1.5R=$0.18) @ 5.1300
  [07:22] TW_SUPPRESSED (profit_gate: $1.57 >= 1.5R=$0.18) @ 5.1500
  [07:22] TW_SUPPRESSED (profit_gate: $1.53 >= 1.5R=$0.18) @ 5.1100
  [07:22] BE_SUPPRESSED (continuation_hold(vol_dom=4.4x,score=9.6,unreal_r=12.8)) @ 5.1100
  [07:22] TW_SUPPRESSED (profit_gate: $1.53 >= 1.5R=$0.18) @ 5.1100
  [07:22] TW_SUPPRESSED (profit_gate: $1.53 >= 1.5R=$0.18) @ 5.1100
  [07:22] 1M RESET (extended: 9 green candles)
  [07:23] TW_SUPPRESSED (profit_gate: $1.53 >= 1.5R=$0.18) @ 5.1100
  [07:23] TW_SUPPRESSED (profit_gate: $1.52 >= 1.5R=$0.18) @ 5.1000
  [07:23] TW_SUPPRESSED (profit_gate: $1.84 >= 1.5R=$0.18) @ 5.4200
  [07:23] TW_SUPPRESSED (profit_gate: $1.85 >= 1.5R=$0.18) @ 5.4300
  [07:23] TW_SUPPRESSED (profit_gate: $1.95 >= 1.5R=$0.18) @ 5.5300
  [07:23] TW_SUPPRESSED (profit_gate: $1.81 >= 1.5R=$0.18) @ 5.3900
  [07:23] TW_SUPPRESSED (profit_gate: $1.81 >= 1.5R=$0.18) @ 5.3900
  [07:23] 1M RESET (extended: 10 green candles)
  [07:24] TW_SUPPRESSED (profit_gate: $2.04 >= 1.5R=$0.18) @ 5.6200
  [07:24] TW_SUPPRESSED (profit_gate: $1.98 >= 1.5R=$0.18) @ 5.5600
  [07:24] TW_SUPPRESSED (profit_gate: $2.02 >= 1.5R=$0.18) @ 5.6000
  [07:24] TW_SUPPRESSED (profit_gate: $1.97 >= 1.5R=$0.18) @ 5.5500
  [07:24] BE_SUPPRESSED (continuation_hold(vol_dom=3.4x,score=9.6,unreal_r=16.4)) @ 5.5500
  [07:24] TW_SUPPRESSED (profit_gate: $1.97 >= 1.5R=$0.18) @ 5.5500
  [07:24] TW_SUPPRESSED (profit_gate: $2.13 >= 1.5R=$0.18) @ 5.7100
  [07:24] TW_SUPPRESSED (profit_gate: $2.13 >= 1.5R=$0.18) @ 5.7100
  [07:24] 1M RESET (extended: 11 green candles)
  [07:25] TW_SUPPRESSED (profit_gate: $2.00 >= 1.5R=$0.18) @ 5.5850
  [07:25] TW_SUPPRESSED (profit_gate: $2.02 >= 1.5R=$0.18) @ 5.6000
  [07:25] TW_SUPPRESSED (profit_gate: $2.16 >= 1.5R=$0.18) @ 5.7400
  [07:25] TW_SUPPRESSED (profit_gate: $2.04 >= 1.5R=$0.18) @ 5.6200
  [07:25] TW_SUPPRESSED (profit_gate: $2.09 >= 1.5R=$0.18) @ 5.6700
  [07:25] TW_SUPPRESSED (profit_gate: $2.04 >= 1.5R=$0.18) @ 5.6200
  [07:25] BE_SUPPRESSED (continuation_hold(vol_dom=3.0x,score=9.6,unreal_r=17.0)) @ 5.6200
  [07:25] TW_SUPPRESSED (profit_gate: $2.04 >= 1.5R=$0.18) @ 5.6200
  [07:26] TW_SUPPRESSED (profit_gate: $2.12 >= 1.5R=$0.18) @ 5.7000
  [07:26] TW_SUPPRESSED (profit_gate: $2.07 >= 1.5R=$0.18) @ 5.6500
  [07:26] TW_SUPPRESSED (profit_gate: $1.90 >= 1.5R=$0.18) @ 5.4800
  [07:26] TW_SUPPRESSED (profit_gate: $1.97 >= 1.5R=$0.18) @ 5.5500
  [07:26] TW_SUPPRESSED (profit_gate: $2.23 >= 1.5R=$0.18) @ 5.8100
  [07:26] TW_SUPPRESSED (profit_gate: $2.41 >= 1.5R=$0.18) @ 5.9900
  [07:26] TW_SUPPRESSED (profit_gate: $2.41 >= 1.5R=$0.18) @ 5.9900
  [07:26] 1M IMPULSE detected
  [07:27] TW_SUPPRESSED (profit_gate: $2.52 >= 1.5R=$0.18) @ 6.1000
  [07:27] TW_SUPPRESSED (profit_gate: $2.43 >= 1.5R=$0.18) @ 6.0100
  [07:27] TW_SUPPRESSED (profit_gate: $2.41 >= 1.5R=$0.18) @ 5.9900
  [07:27] TW_SUPPRESSED (profit_gate: $2.37 >= 1.5R=$0.18) @ 5.9500
  [07:27] TW_SUPPRESSED (profit_gate: $2.31 >= 1.5R=$0.18) @ 5.8900
  [07:27] TW_SUPPRESSED (profit_gate: $2.29 >= 1.5R=$0.18) @ 5.8700
  [07:27] TW_SUPPRESSED (profit_gate: $2.29 >= 1.5R=$0.18) @ 5.8700
  [07:27] 1M PULLBACK 1/3
  [07:28] TW_SUPPRESSED (profit_gate: $2.34 >= 1.5R=$0.18) @ 5.9200
  [07:28] TW_SUPPRESSED (profit_gate: $2.30 >= 1.5R=$0.18) @ 5.8800
  [07:28] BE_SUPPRESSED (continuation_hold(vol_dom=2.9x,score=9.6,unreal_r=19.2)) @ 5.8800
  [07:28] TW_SUPPRESSED (profit_gate: $2.11 >= 1.5R=$0.18) @ 5.6900
  [07:28] TW_SUPPRESSED (profit_gate: $1.96 >= 1.5R=$0.18) @ 5.5350
  [07:28] TW_SUPPRESSED (profit_gate: $2.01 >= 1.5R=$0.18) @ 5.5900
  [07:28] TW_SUPPRESSED (profit_gate: $1.99 >= 1.5R=$0.18) @ 5.5700
  [07:28] TW_SUPPRESSED (profit_gate: $1.99 >= 1.5R=$0.18) @ 5.5700
  [07:28] 1M PULLBACK 2/3
  [07:29] TW_SUPPRESSED (profit_gate: $2.18 >= 1.5R=$0.18) @ 5.7600
  [07:29] TW_SUPPRESSED (profit_gate: $2.24 >= 1.5R=$0.18) @ 5.8200
  [07:29] TW_SUPPRESSED (profit_gate: $2.23 >= 1.5R=$0.18) @ 5.8100
  [07:29] TW_SUPPRESSED (profit_gate: $2.13 >= 1.5R=$0.18) @ 5.7100
  [07:29] TW_SUPPRESSED (profit_gate: $2.06 >= 1.5R=$0.18) @ 5.6400
  [07:29] TW_SUPPRESSED (profit_gate: $2.12 >= 1.5R=$0.18) @ 5.7000
  [07:29] TW_SUPPRESSED (profit_gate: $2.12 >= 1.5R=$0.18) @ 5.7000
  [07:29] 1M RESET (weak trigger candle)
  [07:30] TW_SUPPRESSED (profit_gate: $2.23 >= 1.5R=$0.18) @ 5.8100
  [07:30] TW_SUPPRESSED (profit_gate: $2.17 >= 1.5R=$0.18) @ 5.7500
  [07:30] TW_SUPPRESSED (profit_gate: $2.13 >= 1.5R=$0.18) @ 5.7100
  [07:30] TW_SUPPRESSED (profit_gate: $2.21 >= 1.5R=$0.18) @ 5.7900
  [07:30] TW_SUPPRESSED (profit_gate: $2.17 >= 1.5R=$0.18) @ 5.7500
  [07:30] TW_SUPPRESSED (profit_gate: $2.08 >= 1.5R=$0.18) @ 5.6600
  [07:30] TW_SUPPRESSED (profit_gate: $2.08 >= 1.5R=$0.18) @ 5.6600
  [07:31] TW_SUPPRESSED (profit_gate: $1.99 >= 1.5R=$0.18) @ 5.5700
  [07:31] TW_SUPPRESSED (profit_gate: $1.96 >= 1.5R=$0.18) @ 5.5400
  [07:31] TW_SUPPRESSED (profit_gate: $1.95 >= 1.5R=$0.18) @ 5.5300
  [07:31] TW_SUPPRESSED (profit_gate: $1.87 >= 1.5R=$0.18) @ 5.4500
  [07:31] TW_SUPPRESSED (profit_gate: $1.82 >= 1.5R=$0.18) @ 5.4000
  [07:31] TW_SUPPRESSED (profit_gate: $1.80 >= 1.5R=$0.18) @ 5.3800
  [07:31] TW_SUPPRESSED (profit_gate: $1.80 >= 1.5R=$0.18) @ 5.3800
  [07:31] 1M RESET (topping wicky)
  [07:32] TW_SUPPRESSED (profit_gate: $1.86 >= 1.5R=$0.18) @ 5.4400
  [07:32] TW_SUPPRESSED (profit_gate: $1.96 >= 1.5R=$0.18) @ 5.5400
  [07:32] TW_SUPPRESSED (profit_gate: $2.22 >= 1.5R=$0.18) @ 5.8000
  [07:32] TW_SUPPRESSED (profit_gate: $2.32 >= 1.5R=$0.18) @ 5.9000
  [07:32] TW_SUPPRESSED (profit_gate: $2.26 >= 1.5R=$0.18) @ 5.8400
  [07:32] TW_SUPPRESSED (profit_gate: $2.27 >= 1.5R=$0.18) @ 5.8500
  [07:32] TW_SUPPRESSED (profit_gate: $2.27 >= 1.5R=$0.18) @ 5.8500
  [07:32] 1M IMPULSE detected
  [07:33] TW_SUPPRESSED (profit_gate: $2.29 >= 1.5R=$0.18) @ 5.8700
  [07:33] TW_SUPPRESSED (profit_gate: $2.53 >= 1.5R=$0.18) @ 6.1100
  [07:33] TW_SUPPRESSED (profit_gate: $2.48 >= 1.5R=$0.18) @ 6.0600
  [07:33] TW_SUPPRESSED (profit_gate: $2.50 >= 1.5R=$0.18) @ 6.0800
  [07:33] TW_SUPPRESSED (profit_gate: $2.56 >= 1.5R=$0.18) @ 6.1400
  [07:33] TW_SUPPRESSED (profit_gate: $2.49 >= 1.5R=$0.18) @ 6.0700
  [07:33] TW_SUPPRESSED (profit_gate: $2.49 >= 1.5R=$0.18) @ 6.0700
  [07:34] TW_SUPPRESSED (profit_gate: $2.34 >= 1.5R=$0.18) @ 5.9200
  [07:34] TW_SUPPRESSED (profit_gate: $2.44 >= 1.5R=$0.18) @ 6.0200
  [07:34] TW_SUPPRESSED (profit_gate: $2.44 >= 1.5R=$0.18) @ 6.0200
  [07:34] TW_SUPPRESSED (profit_gate: $2.44 >= 1.5R=$0.18) @ 6.0200
  [07:34] TW_SUPPRESSED (profit_gate: $2.43 >= 1.5R=$0.18) @ 6.0100
  [07:34] TW_SUPPRESSED (profit_gate: $2.39 >= 1.5R=$0.18) @ 5.9700
  [07:34] TW_SUPPRESSED (profit_gate: $2.39 >= 1.5R=$0.18) @ 5.9700
  [07:34] 1M PULLBACK 1/3
  [07:35] TW_SUPPRESSED (profit_gate: $2.33 >= 1.5R=$0.18) @ 5.9100
  [07:35] TW_SUPPRESSED (profit_gate: $2.22 >= 1.5R=$0.18) @ 5.8000
  [07:35] TW_SUPPRESSED (profit_gate: $2.26 >= 1.5R=$0.18) @ 5.8400
  [07:35] TW_SUPPRESSED (profit_gate: $2.27 >= 1.5R=$0.18) @ 5.8500
  [07:35] TW_SUPPRESSED (profit_gate: $2.23 >= 1.5R=$0.18) @ 5.8100
  [07:35] BEARISH_ENGULFING_EXIT @ 5.8100
  [07:35] 1M RESET (MACD bearish cross)
  [07:37] 1M RESET (topping wicky)
  [09:47] 1M RESET (topping wicky)
  [09:48] 1M IMPULSE detected
  [09:49] 1M RESET (trend down, range=173.1%)
  [10:47] 1M IMPULSE detected
  [10:48] 1M PULLBACK 1/3
  [10:49] 1M RESET (trend down, range=27.0%)
  [11:04] 1M IMPULSE detected
  [11:05] 1M RESET (bearish engulfing)
  [11:12] 1M IMPULSE detected
  [11:13] 1M RESET (trend down, range=80.6%)

======================================================================
  BACKTEST REPORT: VERO -- 2026-01-16 (07:00 -> 12:00 ET)
======================================================================
  Settings: risk=$1000  min_score=3.0  MACD_gate=ON  slippage=$0.02  exit=signal  cooldown=2/10m  L2=OFF [TICK mode]
  Bars: 1696214 sim + 180 seed  |  EMA9=10.0106  VWAP=7.0356
======================================================================

    #    TIME    ENTRY     STOP       R  SCORE     EXIT  REASON                     P&L  R-MULT
  ───  ──────  ───────  ───────  ──────  ─────  ───────  ────────────────────  ────────  ──────
    1   07:14   3.5800   3.5900  0.1200    9.6   5.8100  bearish_engulfing_exit_full    +18583   +18.6R

  ──────────────────────────────────────────────────────────────────
  SUMMARY
  ──────────────────────────────────────────────────────────────────
  Trades: 1  |  Wins: 1  |  Losses: 0  |  Win Rate: 100.0%
  Gross P&L: $+18,583  |  Avg R-Multiple: +18.6R
  Largest Win: $+18,583  |  Largest Loss: $+0
  Armed: 1  |  Signals: 1  |  Entered: 1
======================================================================

