=== Waking screen and ensuring active desktop ===
Display wake signal sent
WARN: keystroke failed — check Accessibility permissions
Waiting 10s for desktop session...
Desktop session: ACTIVE
caffeinate started (PID: 13873)
=== V3 Hybrid daily run started: Mon Apr 13 02:04:18 MDT 2026 ===
From github.com:mannyluke4/warrior_bot
 * branch            v2-ibkr-migration -> FETCH_HEAD
Already up to date.
Code version: 95865c4 (Cache refetch results: BENF Alpaca bug confirmed (not a connectivity blip))
daily_run_v3.sh hash: 998610b510d5787cb975cea099fe261f760d5986
bot_v3_hybrid.py hash: 29d9ae511a82fc01bd1bae83633ac79107725db8
sntp: clock_settime: Operation not permitted
+0.031574 +/- 0.057977 time.apple.com 2620:149:a23:4000::1e2
NTP sync skipped (non-root)
System time: Mon Apr 13 08:04:20 UTC 2026
Pre-flight: checking Python imports...
V3 Imports OK
Killing stale processes...
All stale processes cleared.
Starting IB Gateway via IBC...
Waiting for IB Gateway on port 4002...
  attempt 1/72: port 4002 not ready yet, waiting 5s...
[1;32m+==============================================================================
+
+ IBC version 3.23.0
+
+ Running GATEWAY 10.37
+
+ Diagnostic information is logged in:
+
+ /Users/duffy/ibc/logs/ibc-3.23.0_GATEWAY-10.37_Monday.txt
+
+[0m
  attempt 2/72: port 4002 not ready yet, waiting 5s...
  attempt 3/72: port 4002 not ready yet, waiting 5s...
  attempt 4/72: port 4002 not ready yet, waiting 5s...
  attempt 5/72: port 4002 not ready yet, waiting 5s...
  attempt 6/72: port 4002 not ready yet, waiting 5s...
  attempt 7/72: port 4002 not ready yet, waiting 5s...
  attempt 8/72: port 4002 not ready yet, waiting 5s...
  attempt 9/72: port 4002 not ready yet, waiting 5s...
  attempt 10/72: port 4002 not ready yet, waiting 5s...
  attempt 11/72: port 4002 not ready yet, waiting 5s...
  attempt 12/72: port 4002 not ready yet, waiting 5s...
  attempt 13/72: port 4002 not ready yet, waiting 5s...
  attempt 14/72: port 4002 not ready yet, waiting 5s...
  attempt 15/72: port 4002 not ready yet, waiting 5s...
  attempt 16/72: port 4002 not ready yet, waiting 5s...
  attempt 17/72: port 4002 not ready yet, waiting 5s...
  attempt 18/72: port 4002 not ready yet, waiting 5s...
  attempt 19/72: port 4002 not ready yet, waiting 5s...
  attempt 20/72: port 4002 not ready yet, waiting 5s...
  attempt 21/72: port 4002 not ready yet, waiting 5s...
  attempt 22/72: port 4002 not ready yet, waiting 5s...
  attempt 23/72: port 4002 not ready yet, waiting 5s...
  attempt 24/72: port 4002 not ready yet, waiting 5s...
  attempt 25/72: port 4002 not ready yet, waiting 5s...
  attempt 26/72: port 4002 not ready yet, waiting 5s...
  attempt 27/72: port 4002 not ready yet, waiting 5s...
  attempt 28/72: port 4002 not ready yet, waiting 5s...
  attempt 29/72: port 4002 not ready yet, waiting 5s...
  attempt 30/72: port 4002 not ready yet, waiting 5s...
  attempt 31/72: port 4002 not ready yet, waiting 5s...
  attempt 32/72: port 4002 not ready yet, waiting 5s...
  attempt 33/72: port 4002 not ready yet, waiting 5s...
  attempt 34/72: port 4002 not ready yet, waiting 5s...
  attempt 35/72: port 4002 not ready yet, waiting 5s...
  attempt 36/72: port 4002 not ready yet, waiting 5s...
  attempt 37/72: port 4002 not ready yet, waiting 5s...
  attempt 38/72: port 4002 not ready yet, waiting 5s...
  attempt 39/72: port 4002 not ready yet, waiting 5s...
  attempt 40/72: port 4002 not ready yet, waiting 5s...
  attempt 41/72: port 4002 not ready yet, waiting 5s...
  attempt 42/72: port 4002 not ready yet, waiting 5s...
  attempt 43/72: port 4002 not ready yet, waiting 5s...
  attempt 44/72: port 4002 not ready yet, waiting 5s...
  attempt 45/72: port 4002 not ready yet, waiting 5s...
  attempt 46/72: port 4002 not ready yet, waiting 5s...
  attempt 47/72: port 4002 not ready yet, waiting 5s...
  attempt 48/72: port 4002 not ready yet, waiting 5s...
  attempt 49/72: port 4002 not ready yet, waiting 5s...
  attempt 50/72: port 4002 not ready yet, waiting 5s...
  attempt 51/72: port 4002 not ready yet, waiting 5s...
  attempt 52/72: port 4002 not ready yet, waiting 5s...
  attempt 53/72: port 4002 not ready yet, waiting 5s...
  attempt 54/72: port 4002 not ready yet, waiting 5s...
  attempt 55/72: port 4002 not ready yet, waiting 5s...
  attempt 56/72: port 4002 not ready yet, waiting 5s...
  attempt 57/72: port 4002 not ready yet, waiting 5s...
  attempt 58/72: port 4002 not ready yet, waiting 5s...
  attempt 59/72: port 4002 not ready yet, waiting 5s...
  attempt 60/72: port 4002 not ready yet, waiting 5s...
  attempt 61/72: port 4002 not ready yet, waiting 5s...
  attempt 62/72: port 4002 not ready yet, waiting 5s...
  attempt 63/72: port 4002 not ready yet, waiting 5s...
  attempt 64/72: port 4002 not ready yet, waiting 5s...
  attempt 65/72: port 4002 not ready yet, waiting 5s...
  attempt 66/72: port 4002 not ready yet, waiting 5s...
  attempt 67/72: port 4002 not ready yet, waiting 5s...
  attempt 68/72: port 4002 not ready yet, waiting 5s...
  attempt 69/72: port 4002 not ready yet, waiting 5s...
  attempt 70/72: port 4002 not ready yet, waiting 5s...
  attempt 71/72: port 4002 not ready yet, waiting 5s...
  attempt 72/72: port 4002 not ready yet, waiting 5s...
FATAL: IB Gateway did not open port 4002 within 360 seconds. Aborting.
=== TRAP: cleanup at Mon Apr 13 02:10:40 MDT 2026 ===
/Users/duffy/warrior_bot_v2/daily_run_v3.sh: line 16: 13873 Terminated: 15          caffeinate -dims -w $$  (wd: ~)
[v2-ibkr-migration f89b2fc] auto: v3 daily logs 2026-04-13
 6 files changed, 814 insertions(+)
 create mode 100644 cowork_reports/2026-04-11_directive_decouple_nightly_batch.md
 create mode 100644 cowork_reports/2026-04-11_directive_kill_alpaca_fallback.md
 create mode 100644 logs/2026-04-13_daily.log
 create mode 100644 logs/cron_2026-04-13.log
=== Cleanup complete: Mon Apr 13 02:10:42 MDT 2026 ===
=== Waking screen and ensuring active desktop ===
Display wake signal sent
WARN: keystroke failed — check Accessibility permissions
Waiting 10s for desktop session...
Desktop session: ACTIVE
caffeinate started (PID: 14346)
=== V3 Hybrid daily run started: Mon Apr 13 02:34:18 MDT 2026 ===
From github.com:mannyluke4/warrior_bot
 * branch            v2-ibkr-migration -> FETCH_HEAD
Already up to date.
Code version: f89b2fc (auto: v3 daily logs 2026-04-13)
daily_run_v3.sh hash: 998610b510d5787cb975cea099fe261f760d5986
bot_v3_hybrid.py hash: 29d9ae511a82fc01bd1bae83633ac79107725db8
sntp: clock_settime: Operation not permitted
+0.024966 +/- 0.048176 time.apple.com 2620:149:a23:4000::1e2
NTP sync skipped (non-root)
System time: Mon Apr 13 08:34:19 UTC 2026
Pre-flight: checking Python imports...
V3 Imports OK
Killing stale processes...
[1;31m+==============================================================================
+
+                       **** An error has occurred ****
+
+                     Please look in the diagnostics file 
+                   mentioned above for further information
+
+                           Press enter to continue.
+
+==============================================================================[0m
All stale processes cleared.
Starting IB Gateway via IBC...
Waiting for IB Gateway on port 4002...
  attempt 1/72: port 4002 not ready yet, waiting 5s...
[1;32m+==============================================================================
+
+ IBC version 3.23.0
+
+ Running GATEWAY 10.37
+
+ Diagnostic information is logged in:
+
+ /Users/duffy/ibc/logs/ibc-3.23.0_GATEWAY-10.37_Monday.txt
+
+[0m
  attempt 2/72: port 4002 not ready yet, waiting 5s...
  attempt 3/72: port 4002 not ready yet, waiting 5s...
  attempt 4/72: port 4002 not ready yet, waiting 5s...
  attempt 5/72: port 4002 not ready yet, waiting 5s...
  attempt 6/72: port 4002 not ready yet, waiting 5s...
  attempt 7/72: port 4002 not ready yet, waiting 5s...
  attempt 8/72: port 4002 not ready yet, waiting 5s...
  attempt 9/72: port 4002 not ready yet, waiting 5s...
  attempt 10/72: port 4002 not ready yet, waiting 5s...
  attempt 11/72: port 4002 not ready yet, waiting 5s...
  attempt 12/72: port 4002 not ready yet, waiting 5s...
  attempt 13/72: port 4002 not ready yet, waiting 5s...
  attempt 14/72: port 4002 not ready yet, waiting 5s...
  attempt 15/72: port 4002 not ready yet, waiting 5s...
  attempt 16/72: port 4002 not ready yet, waiting 5s...
  attempt 17/72: port 4002 not ready yet, waiting 5s...
  attempt 18/72: port 4002 not ready yet, waiting 5s...
  attempt 19/72: port 4002 not ready yet, waiting 5s...
  attempt 20/72: port 4002 not ready yet, waiting 5s...
  attempt 21/72: port 4002 not ready yet, waiting 5s...
  attempt 22/72: port 4002 not ready yet, waiting 5s...
  attempt 23/72: port 4002 not ready yet, waiting 5s...
  attempt 24/72: port 4002 not ready yet, waiting 5s...
  attempt 25/72: port 4002 not ready yet, waiting 5s...
  attempt 26/72: port 4002 not ready yet, waiting 5s...
  attempt 27/72: port 4002 not ready yet, waiting 5s...
  attempt 28/72: port 4002 not ready yet, waiting 5s...
  attempt 29/72: port 4002 not ready yet, waiting 5s...
  attempt 30/72: port 4002 not ready yet, waiting 5s...
  attempt 31/72: port 4002 not ready yet, waiting 5s...
  attempt 32/72: port 4002 not ready yet, waiting 5s...
  attempt 33/72: port 4002 not ready yet, waiting 5s...
  attempt 34/72: port 4002 not ready yet, waiting 5s...
  attempt 35/72: port 4002 not ready yet, waiting 5s...
  attempt 36/72: port 4002 not ready yet, waiting 5s...
  attempt 37/72: port 4002 not ready yet, waiting 5s...
  attempt 38/72: port 4002 not ready yet, waiting 5s...
  attempt 39/72: port 4002 not ready yet, waiting 5s...
  attempt 40/72: port 4002 not ready yet, waiting 5s...
  attempt 41/72: port 4002 not ready yet, waiting 5s...
  attempt 42/72: port 4002 not ready yet, waiting 5s...
  attempt 43/72: port 4002 not ready yet, waiting 5s...
  attempt 44/72: port 4002 not ready yet, waiting 5s...
  attempt 45/72: port 4002 not ready yet, waiting 5s...
  attempt 46/72: port 4002 not ready yet, waiting 5s...
  attempt 47/72: port 4002 not ready yet, waiting 5s...
  attempt 48/72: port 4002 not ready yet, waiting 5s...
  attempt 49/72: port 4002 not ready yet, waiting 5s...
  attempt 50/72: port 4002 not ready yet, waiting 5s...
  attempt 51/72: port 4002 not ready yet, waiting 5s...
  attempt 52/72: port 4002 not ready yet, waiting 5s...
  attempt 53/72: port 4002 not ready yet, waiting 5s...
  attempt 54/72: port 4002 not ready yet, waiting 5s...
  attempt 55/72: port 4002 not ready yet, waiting 5s...
  attempt 56/72: port 4002 not ready yet, waiting 5s...
  attempt 57/72: port 4002 not ready yet, waiting 5s...
  attempt 58/72: port 4002 not ready yet, waiting 5s...
  attempt 59/72: port 4002 not ready yet, waiting 5s...
  attempt 60/72: port 4002 not ready yet, waiting 5s...
  attempt 61/72: port 4002 not ready yet, waiting 5s...
  attempt 62/72: port 4002 not ready yet, waiting 5s...
  attempt 63/72: port 4002 not ready yet, waiting 5s...
  attempt 64/72: port 4002 not ready yet, waiting 5s...
  attempt 65/72: port 4002 not ready yet, waiting 5s...
  attempt 66/72: port 4002 not ready yet, waiting 5s...
  attempt 67/72: port 4002 not ready yet, waiting 5s...
  attempt 68/72: port 4002 not ready yet, waiting 5s...
  attempt 69/72: port 4002 not ready yet, waiting 5s...
  attempt 70/72: port 4002 not ready yet, waiting 5s...
  attempt 71/72: port 4002 not ready yet, waiting 5s...
  attempt 72/72: port 4002 not ready yet, waiting 5s...
FATAL: IB Gateway did not open port 4002 within 360 seconds. Aborting.
=== TRAP: cleanup at Mon Apr 13 02:40:39 MDT 2026 ===
daily_run_v3.sh: line 16: 14346 Terminated: 15          caffeinate -dims -w $$
[v2-ibkr-migration 359faf3] auto: v3 daily logs 2026-04-13
 3 files changed, 257 insertions(+)
 create mode 100644 logs/healthcheck_2026-04-13.log
=== Cleanup complete: Mon Apr 13 02:40:40 MDT 2026 ===
[1;32m+
+ IBC terminated by SIGTERM
+
[1;32m+ GATEWAY 10.37 has finished
+
+==============================================================================[0m
=== Waking screen and ensuring active desktop ===
Display wake signal sent
Waiting 10s for desktop session...
Desktop session: ACTIVE
daily_run_v3.sh: line 78: 15785 Terminated: 15          caffeinate -u -t 30
caffeinate started (PID: 15811)
=== V3 Hybrid daily run started: Mon Apr 13 05:14:53 MDT 2026 ===
From github.com:mannyluke4/warrior_bot
 * branch            v2-ibkr-migration -> FETCH_HEAD
Already up to date.
Code version: 359faf3 (auto: v3 daily logs 2026-04-13)
daily_run_v3.sh hash: c5b26f92734a06adf2eaef33e2d0d199  /Users/duffy/warrior_bot_v2/daily_run_v3.sh
bot_v3_hybrid.py hash: d7d2526c64e4146b8776f6bf26a7007b  /Users/duffy/warrior_bot_v2/bot_v3_hybrid.py
sntp: clock_settime: Operation not permitted
+0.029232 +/- 0.056002 time.apple.com 2620:149:a23:4000::1e2
NTP sync skipped (non-root)
System time: Mon Apr 13 11:14:55 UTC 2026
Pre-flight: checking Python imports...
V3 Imports OK
Killing stale processes...
All stale processes cleared.
Starting IB Gateway via IBC...
Waiting for IB Gateway on port 4002...
  attempt 1/72: port 4002 not ready yet, waiting 5s...
[1;32m+==============================================================================
+
+ IBC version 3.23.0
+
+ Running GATEWAY 10.37
+
+ Diagnostic information is logged in:
+
+ /Users/duffy/ibc/logs/ibc-3.23.0_GATEWAY-10.37_Monday.txt
+
+[0m
Gateway is up on port 4002 (after ~10s)
Cleaning up stale connections...
Starting live_scanner.py...
Live scanner started (PID: 15875)
Starting bot_v3_hybrid.py...
Bot started (PID: 15882)
============================================================
  WARRIOR BOT V3 — Hybrid (IBKR data + Alpaca execution)
  Squeeze: ON
  MP: OFF
  MP V2 (Re-Entry): OFF
  Port: 4002
  Risk: 3.5% per trade
  Starting Equity: $30,000
  Max Daily Loss: $3,000 (2% of equity, scaling)
  Windows: 04:00-11:00,16:00-20:00
  SQ Target R: 1.5
============================================================

Pre-flight port check:
  Port 4002: IN USE
  Port 7497: free
  Watchdog: armed (kills bot if main thread frozen >120s)
Alpaca connected (PAPER)
  Position sync: No open positions on Alpaca. Clean start.
Connected: True
Account: ['DUQ143444']
Account equity: $29,697
EPL initialized: 1 strategies registered

🔄 CATCHUP SCAN at 07:15:14 ET (first scan — casting wide net)...
Error 162, reqId 3: Historical Market Data Service error message:API scanner subscription cancelled: 3
IBKR ERROR 162: Historical Market Data Service error message:API scanner subscription cancelled: 3 (reqId=3, symbol=?)
Error 162, reqId 4: Historical Market Data Service error message:API scanner subscription cancelled: 4
IBKR ERROR 162: Historical Market Data Service error message:API scanner subscription cancelled: 4 (reqId=4, symbol=?)
  Catchup: 43 unique symbols from 3 scanners
    Catchup: processing 1/43 — AHG...
Error 162, reqId 5: Historical Market Data Service error message:API scanner subscription cancelled: 5
IBKR ERROR 162: Historical Market Data Service error message:API scanner subscription cancelled: 5 (reqId=5, symbol=?)
    Catchup: processing 2/43 — ALLO...
    Catchup: processing 3/43 — ALMU...
    Catchup: processing 4/43 — ANNA...
    Catchup: processing 5/43 — BATL...
    Catchup: processing 6/43 — BMNZ...
Bot health check passed (still running after 15s, PID: 15882)
HEALTH_OK: Bot connected at 2026-04-13 11:15:27 UTC
Gateway watchdog started (PID: 15889)
Watchdog: monitoring bot until 6:05 PM MT / 8:05 PM ET (Mon Apr 13 18:05:00 MDT 2026)...
  Bot runs: morning 7:00-12:00 ET, sleeps 12:00-16:00, evening 16:00-20:00 ET
    Catchup: processing 7/43 — BTCZ...
    Catchup: processing 8/43 — CONL...
    Catchup: processing 9/43 — CORD...
    Catchup: processing 10/43 — CRWG...
    Catchup: processing 11/43 — ETHA...
    Catchup: processing 12/43 — HTCR...
    Catchup: processing 13/43 — IMA...
    Catchup: processing 14/43 — INDO...
    Catchup: processing 15/43 — JDZG...
    Catchup: processing 16/43 — KC...
  [FMP] KC: 295.64M
    Catchup: processing 17/43 — KOS...
    Catchup: processing 18/43 — LWLG...
    Catchup: processing 19/43 — MSTU...
    Catchup: processing 20/43 — MSTZ...
    Catchup: processing 21/43 — NBIL...
    Catchup: processing 22/43 — NBIZ...
    Catchup: processing 23/43 — NIO...
    Catchup: processing 24/43 — NOK...
    Catchup: processing 25/43 — NOWL...
    Catchup: processing 26/43 — NVD...
    Catchup: processing 27/43 — ONDS...
    Catchup: processing 28/43 — OPTX...
    Catchup: processing 29/43 — PTIR...
    Catchup: processing 30/43 — SCO...
    Catchup: processing 31/43 — SGML...
    Catchup: processing 32/43 — SIDU...
    Catchup: processing 33/43 — SKK...
    Catchup: processing 34/43 — SKYQ...
    Catchup: processing 35/43 — TEMT...
    Catchup: processing 36/43 — TLX...
  [FMP] TLX: 272.59M
    Catchup: processing 37/43 — TSLL...
    Catchup: processing 38/43 — TURB...
    Catchup: processing 39/43 — TZA...
    Catchup: processing 40/43 — UVIX...
    Catchup: processing 41/43 — VG...
    Catchup: processing 42/43 — WTI...
    Catchup: processing 43/43 — YDDL...
  Catchup: 4 candidates after filters

💀 WATCHDOG: main thread frozen for 120s — exiting hard for restart.
ALERT: bot_v3_hybrid.py died at Mon Apr 13 05:17:28 MDT 2026! Session ended early. Check /Users/duffy/warrior_bot_v2/logs/2026-04-13_daily.log.
=== Shutting down at Mon Apr 13 05:17:28 MDT 2026 ===
Pushing logs...
