============================================================
  WARRIOR BOT V2 — IBKR Edition
  Squeeze: ON
  MP: OFF
  MP V2 (Re-Entry): OFF
  Port: 4002
  Risk: 2.5% per trade
  Starting Equity: $30,000
  Max Daily Loss: $3,000
  Windows: 07:00-12:00,16:00-20:00
  SQ Target R: 2.0
============================================================

Pre-flight port check:
  Port 4002: IN USE
  Port 7497: free
Connected: True
Account: ['DUQ143444']
Account equity: $32,077

Bot running. Windows: 07:00-12:00, 16:00-20:00 ET. Ctrl+C to stop.

💤 Dead zone (12:05 ET). Sleeping until next window...
============================================================
  WARRIOR BOT V2 — IBKR Edition
  Squeeze: ON
  MP: OFF
  MP V2 (Re-Entry): OFF
  Port: 4002
  Risk: 2.5% per trade
  Starting Equity: $30,000
  Max Daily Loss: $3,000
  Windows: 07:00-12:00,16:00-20:00
  SQ Target R: 2.0
============================================================

Pre-flight port check:
  Port 4002: IN USE
  Port 7497: free
Connected: True
Account: ['DUQ143444']
Account equity: $32,077

Bot running. Windows: 07:00-12:00, 16:00-20:00 ET. Ctrl+C to stop.

💤 Dead zone (12:30 ET). Sleeping until next window...
[12:30:01 ET] SLEEP | flat | daily=$+0 (0t) | conn=OK | ticks=0 | no symbols
[12:31:01 ET] SLEEP | flat | daily=$+0 (0t) | conn=OK | ticks=0 | no symbols
[12:32:01 ET] SLEEP | flat | daily=$+0 (0t) | conn=OK | ticks=0 | no symbols
[12:33:01 ET] SLEEP | flat | daily=$+0 (0t) | conn=OK | ticks=0 | no symbols
[12:34:01 ET] SLEEP | flat | daily=$+0 (0t) | conn=OK | ticks=0 | no symbols
[12:35:01 ET] SLEEP | flat | daily=$+0 (0t) | conn=OK | ticks=0 | no symbols
[12:36:01 ET] SLEEP | flat | daily=$+0 (0t) | conn=OK | ticks=0 | no symbols
[12:37:01 ET] SLEEP | flat | daily=$+0 (0t) | conn=OK | ticks=0 | no symbols
[12:38:01 ET] SLEEP | flat | daily=$+0 (0t) | conn=OK | ticks=0 | no symbols
[12:39:01 ET] SLEEP | flat | daily=$+0 (0t) | conn=OK | ticks=0 | no symbols
[12:40:01 ET] SLEEP | flat | daily=$+0 (0t) | conn=OK | ticks=0 | no symbols
[12:41:01 ET] SLEEP | flat | daily=$+0 (0t) | conn=OK | ticks=0 | no symbols
[12:42:01 ET] SLEEP | flat | daily=$+0 (0t) | conn=OK | ticks=0 | no symbols
[12:43:01 ET] SLEEP | flat | daily=$+0 (0t) | conn=OK | ticks=0 | no symbols
[12:44:01 ET] SLEEP | flat | daily=$+0 (0t) | conn=OK | ticks=0 | no symbols
[12:45:01 ET] SLEEP | flat | daily=$+0 (0t) | conn=OK | ticks=0 | no symbols
[12:46:01 ET] SLEEP | flat | daily=$+0 (0t) | conn=OK | ticks=0 | no symbols
[12:47:01 ET] SLEEP | flat | daily=$+0 (0t) | conn=OK | ticks=0 | no symbols
[12:48:01 ET] SLEEP | flat | daily=$+0 (0t) | conn=OK | ticks=0 | no symbols
[12:49:01 ET] SLEEP | flat | daily=$+0 (0t) | conn=OK | ticks=0 | no symbols
[12:50:01 ET] SLEEP | flat | daily=$+0 (0t) | conn=OK | ticks=0 | no symbols
[12:51:01 ET] SLEEP | flat | daily=$+0 (0t) | conn=OK | ticks=0 | no symbols
[12:52:01 ET] SLEEP | flat | daily=$+0 (0t) | conn=OK | ticks=0 | no symbols
[12:53:01 ET] SLEEP | flat | daily=$+0 (0t) | conn=OK | ticks=0 | no symbols
[12:54:01 ET] SLEEP | flat | daily=$+0 (0t) | conn=OK | ticks=0 | no symbols
[12:55:01 ET] SLEEP | flat | daily=$+0 (0t) | conn=OK | ticks=0 | no symbols
[12:56:01 ET] SLEEP | flat | daily=$+0 (0t) | conn=OK | ticks=0 | no symbols
[12:57:01 ET] SLEEP | flat | daily=$+0 (0t) | conn=OK | ticks=0 | no symbols
[12:58:01 ET] SLEEP | flat | daily=$+0 (0t) | conn=OK | ticks=0 | no symbols
[12:59:01 ET] SLEEP | flat | daily=$+0 (0t) | conn=OK | ticks=0 | no symbols
[13:00:01 ET] SLEEP | flat | daily=$+0 (0t) | conn=OK | ticks=0 | no symbols
[13:01:01 ET] SLEEP | flat | daily=$+0 (0t) | conn=OK | ticks=0 | no symbols
[13:02:01 ET] SLEEP | flat | daily=$+0 (0t) | conn=OK | ticks=0 | no symbols
[13:03:01 ET] SLEEP | flat | daily=$+0 (0t) | conn=OK | ticks=0 | no symbols
[13:04:01 ET] SLEEP | flat | daily=$+0 (0t) | conn=OK | ticks=0 | no symbols
[13:05:01 ET] SLEEP | flat | daily=$+0 (0t) | conn=OK | ticks=0 | no symbols
[13:06:01 ET] SLEEP | flat | daily=$+0 (0t) | conn=OK | ticks=0 | no symbols
[13:07:01 ET] SLEEP | flat | daily=$+0 (0t) | conn=OK | ticks=0 | no symbols
[13:08:01 ET] SLEEP | flat | daily=$+0 (0t) | conn=OK | ticks=0 | no symbols
[13:09:01 ET] SLEEP | flat | daily=$+0 (0t) | conn=OK | ticks=0 | no symbols
[13:10:01 ET] SLEEP | flat | daily=$+0 (0t) | conn=OK | ticks=0 | no symbols
[13:11:01 ET] SLEEP | flat | daily=$+0 (0t) | conn=OK | ticks=0 | no symbols
[13:12:01 ET] SLEEP | flat | daily=$+0 (0t) | conn=OK | ticks=0 | no symbols
[13:13:01 ET] SLEEP | flat | daily=$+0 (0t) | conn=OK | ticks=0 | no symbols
[13:14:01 ET] SLEEP | flat | daily=$+0 (0t) | conn=OK | ticks=0 | no symbols
[13:15:01 ET] SLEEP | flat | daily=$+0 (0t) | conn=OK | ticks=0 | no symbols
[13:16:01 ET] SLEEP | flat | daily=$+0 (0t) | conn=OK | ticks=0 | no symbols
[13:17:01 ET] SLEEP | flat | daily=$+0 (0t) | conn=OK | ticks=0 | no symbols
[13:18:01 ET] SLEEP | flat | daily=$+0 (0t) | conn=OK | ticks=0 | no symbols
[13:19:01 ET] SLEEP | flat | daily=$+0 (0t) | conn=OK | ticks=0 | no symbols
[13:20:01 ET] SLEEP | flat | daily=$+0 (0t) | conn=OK | ticks=0 | no symbols
[13:21:01 ET] SLEEP | flat | daily=$+0 (0t) | conn=OK | ticks=0 | no symbols
[13:22:01 ET] SLEEP | flat | daily=$+0 (0t) | conn=OK | ticks=0 | no symbols
[13:23:01 ET] SLEEP | flat | daily=$+0 (0t) | conn=OK | ticks=0 | no symbols
[13:24:01 ET] SLEEP | flat | daily=$+0 (0t) | conn=OK | ticks=0 | no symbols
[13:25:01 ET] SLEEP | flat | daily=$+0 (0t) | conn=OK | ticks=0 | no symbols
[13:26:01 ET] SLEEP | flat | daily=$+0 (0t) | conn=OK | ticks=0 | no symbols
[13:27:01 ET] SLEEP | flat | daily=$+0 (0t) | conn=OK | ticks=0 | no symbols
[13:28:01 ET] SLEEP | flat | daily=$+0 (0t) | conn=OK | ticks=0 | no symbols
[13:29:01 ET] SLEEP | flat | daily=$+0 (0t) | conn=OK | ticks=0 | no symbols
[13:30:01 ET] SLEEP | flat | daily=$+0 (0t) | conn=OK | ticks=0 | no symbols
[13:31:01 ET] SLEEP | flat | daily=$+0 (0t) | conn=OK | ticks=0 | no symbols
[13:32:01 ET] SLEEP | flat | daily=$+0 (0t) | conn=OK | ticks=0 | no symbols
[13:33:01 ET] SLEEP | flat | daily=$+0 (0t) | conn=OK | ticks=0 | no symbols
[13:34:01 ET] SLEEP | flat | daily=$+0 (0t) | conn=OK | ticks=0 | no symbols
[13:35:01 ET] SLEEP | flat | daily=$+0 (0t) | conn=OK | ticks=0 | no symbols
[13:36:01 ET] SLEEP | flat | daily=$+0 (0t) | conn=OK | ticks=0 | no symbols
[13:37:01 ET] SLEEP | flat | daily=$+0 (0t) | conn=OK | ticks=0 | no symbols
[13:38:01 ET] SLEEP | flat | daily=$+0 (0t) | conn=OK | ticks=0 | no symbols
[13:39:01 ET] SLEEP | flat | daily=$+0 (0t) | conn=OK | ticks=0 | no symbols
[13:40:01 ET] SLEEP | flat | daily=$+0 (0t) | conn=OK | ticks=0 | no symbols
[13:41:01 ET] SLEEP | flat | daily=$+0 (0t) | conn=OK | ticks=0 | no symbols
[13:42:01 ET] SLEEP | flat | daily=$+0 (0t) | conn=OK | ticks=0 | no symbols
[13:43:01 ET] SLEEP | flat | daily=$+0 (0t) | conn=OK | ticks=0 | no symbols
[13:44:01 ET] SLEEP | flat | daily=$+0 (0t) | conn=OK | ticks=0 | no symbols
[13:45:01 ET] SLEEP | flat | daily=$+0 (0t) | conn=OK | ticks=0 | no symbols
[13:46:01 ET] SLEEP | flat | daily=$+0 (0t) | conn=OK | ticks=0 | no symbols
[13:47:01 ET] SLEEP | flat | daily=$+0 (0t) | conn=OK | ticks=0 | no symbols
[13:48:01 ET] SLEEP | flat | daily=$+0 (0t) | conn=OK | ticks=0 | no symbols
[13:49:01 ET] SLEEP | flat | daily=$+0 (0t) | conn=OK | ticks=0 | no symbols
[13:50:01 ET] SLEEP | flat | daily=$+0 (0t) | conn=OK | ticks=0 | no symbols
[13:51:01 ET] SLEEP | flat | daily=$+0 (0t) | conn=OK | ticks=0 | no symbols
[13:52:01 ET] SLEEP | flat | daily=$+0 (0t) | conn=OK | ticks=0 | no symbols
[13:53:01 ET] SLEEP | flat | daily=$+0 (0t) | conn=OK | ticks=0 | no symbols
[13:54:01 ET] SLEEP | flat | daily=$+0 (0t) | conn=OK | ticks=0 | no symbols
[13:55:01 ET] SLEEP | flat | daily=$+0 (0t) | conn=OK | ticks=0 | no symbols
[13:56:01 ET] SLEEP | flat | daily=$+0 (0t) | conn=OK | ticks=0 | no symbols
[13:57:01 ET] SLEEP | flat | daily=$+0 (0t) | conn=OK | ticks=0 | no symbols
[13:58:01 ET] SLEEP | flat | daily=$+0 (0t) | conn=OK | ticks=0 | no symbols
[13:59:01 ET] SLEEP | flat | daily=$+0 (0t) | conn=OK | ticks=0 | no symbols
[14:00:01 ET] SLEEP | flat | daily=$+0 (0t) | conn=OK | ticks=0 | no symbols
[14:01:01 ET] SLEEP | flat | daily=$+0 (0t) | conn=OK | ticks=0 | no symbols
[14:02:01 ET] SLEEP | flat | daily=$+0 (0t) | conn=OK | ticks=0 | no symbols
[14:03:01 ET] SLEEP | flat | daily=$+0 (0t) | conn=OK | ticks=0 | no symbols
[14:04:01 ET] SLEEP | flat | daily=$+0 (0t) | conn=OK | ticks=0 | no symbols
[14:05:01 ET] SLEEP | flat | daily=$+0 (0t) | conn=OK | ticks=0 | no symbols

🟢 Evening session started (16:00 ET). Full reset. Resuming trading.

🔄 CATCHUP SCAN at 16:00:02 ET (first scan — casting wide net)...
Error 162, reqId 3: Historical Market Data Service error message:API scanner subscription cancelled: 3
IBKR ERROR 162: Historical Market Data Service error message:API scanner subscription cancelled: 3 (reqId=3, symbol=?)
Error 162, reqId 4: Historical Market Data Service error message:API scanner subscription cancelled: 4
IBKR ERROR 162: Historical Market Data Service error message:API scanner subscription cancelled: 4 (reqId=4, symbol=?)
  Catchup: 131 unique symbols from 3 scanners
Error 162, reqId 5: Historical Market Data Service error message:API scanner subscription cancelled: 5
IBKR ERROR 162: Historical Market Data Service error message:API scanner subscription cancelled: 5 (reqId=5, symbol=?)
HTTP Error 404: {"quoteSummary":{"result":null,"error":{"code":"Not Found","description":"Quote not found for symbol: CIM PRC"}}}
HTTP Error 404: {"quoteSummary":{"result":null,"error":{"code":"Not Found","description":"Quote not found for symbol: RAC U"}}}
HTTP Error 404: {"quoteSummary":{"result":null,"error":{"code":"Not Found","description":"Quote not found for symbol: SHO PRI"}}}
  [FMP] BBD: 7558.86M
  [FMP] BLRK: 22.77M
  [FMP] BTE: 686.17M
  [FMP] CAEP: 3.67M
  [FMP] CANE: 1.61M
  [FMP] CHIQ: 9.05M
  [FMP] CORN: 2.60M
  [FMP] DRIP: 11.64M
  [FMP] ERY: 0.92M
  [FMP] ETHA: 610.73M
  [FMP] F: 3879.01M
  [FMP] GPAT: 34.08M
  [FMP] GTEN: 45.02M
  [FMP] HCM: 170.46M
  [FMP] HERE: 61.32M
  [FMP] LATA: 17.25M
  [FMP] LYG: 14654.67M
  [FMP] MSFD: 0.57M
  [FMP] NIO: 2081.47M
  [FMP] NOWL: 0.45M
  [FMP] NVD: 20.79M
  [FMP] PIM: 48.17M
  [FMP] PLMKU: 27.32M
  [FMP] RWM: 6.72M
  [FMP] SBB: 0.44M
  [FMP] SCO: 9.05M
  [FMP] SPDN: 14.62M
  [FMP] STLA: 2001.80M
  [FMP] TETH: 2.16M
  [FMP] TSDD: 4.59M
  [FMP] TSLL: 433.65M
  [FMP] VRDN: 69.56M
  Catchup: 0 candidates after filters
📊 Scanner: 0 new candidates, 0 new subs, 0 total watching

🔄 Running scanner at 16:06:04 ET...
Error 162, reqId 530: Historical Market Data Service error message:API scanner subscription cancelled: 530
  [float_cache] Cleared 7 stale None entries — will re-attempt lookups
IBKR ERROR 162: Historical Market Data Service error message:API scanner subscription cancelled: 530 (reqId=530, symbol=?)
  Saved: /Users/duffy/warrior_bot_v2/scanner_results/2026-03-30.json (33 snapshots)
📊 Scanner: 0 new candidates, 0 new subs, 0 total watching
[16:08:00 ET] ACTIVE | flat | daily=$+0 (0t) | conn=OK | ticks=303 | no symbols
[16:08:01 ET] ACTIVE | flat | daily=$+0 (0t) | conn=OK | ticks=303 | no symbols
[16:09:00 ET] ACTIVE | flat | daily=$+0 (0t) | conn=OK | ticks=303 | no symbols
[16:09:01 ET] ACTIVE | flat | daily=$+0 (0t) | conn=OK | ticks=303 | no symbols
[16:10:00 ET] ACTIVE | flat | daily=$+0 (0t) | conn=OK | ticks=303 | no symbols
[16:10:01 ET] ACTIVE | flat | daily=$+0 (0t) | conn=OK | ticks=303 | no symbols
[16:11:00 ET] ACTIVE | flat | daily=$+0 (0t) | conn=OK | ticks=303 | no symbols
[16:11:01 ET] ACTIVE | flat | daily=$+0 (0t) | conn=OK | ticks=303 | no symbols

🔄 Running scanner at 16:11:04 ET...
Error 162, reqId 611: Historical Market Data Service error message:API scanner subscription cancelled: 611
  [float_cache] Cleared 1 stale None entries — will re-attempt lookups
IBKR ERROR 162: Historical Market Data Service error message:API scanner subscription cancelled: 611 (reqId=611, symbol=?)
  Saved: /Users/duffy/warrior_bot_v2/scanner_results/2026-03-30.json (34 snapshots)
📊 Scanner: 0 new candidates, 0 new subs, 0 total watching
[16:13:00 ET] ACTIVE | flat | daily=$+0 (0t) | conn=OK | ticks=337 | no symbols
[16:13:01 ET] ACTIVE | flat | daily=$+0 (0t) | conn=OK | ticks=337 | no symbols
[16:14:00 ET] ACTIVE | flat | daily=$+0 (0t) | conn=OK | ticks=337 | no symbols
[16:14:01 ET] ACTIVE | flat | daily=$+0 (0t) | conn=OK | ticks=337 | no symbols
[16:15:00 ET] ACTIVE | flat | daily=$+0 (0t) | conn=OK | ticks=337 | no symbols
[16:15:01 ET] ACTIVE | flat | daily=$+0 (0t) | conn=OK | ticks=337 | no symbols
[16:16:00 ET] ACTIVE | flat | daily=$+0 (0t) | conn=OK | ticks=337 | no symbols
[16:16:01 ET] ACTIVE | flat | daily=$+0 (0t) | conn=OK | ticks=337 | no symbols

🔄 Running scanner at 16:16:05 ET...
Error 162, reqId 692: Historical Market Data Service error message:API scanner subscription cancelled: 692
  [float_cache] Cleared 1 stale None entries — will re-attempt lookups
IBKR ERROR 162: Historical Market Data Service error message:API scanner subscription cancelled: 692 (reqId=692, symbol=?)
  Saved: /Users/duffy/warrior_bot_v2/scanner_results/2026-03-30.json (35 snapshots)
📊 Scanner: 0 new candidates, 0 new subs, 0 total watching
[16:18:00 ET] ACTIVE | flat | daily=$+0 (0t) | conn=OK | ticks=371 | no symbols
[16:18:01 ET] ACTIVE | flat | daily=$+0 (0t) | conn=OK | ticks=371 | no symbols
[16:19:00 ET] ACTIVE | flat | daily=$+0 (0t) | conn=OK | ticks=371 | no symbols
[16:19:01 ET] ACTIVE | flat | daily=$+0 (0t) | conn=OK | ticks=371 | no symbols
[16:20:00 ET] ACTIVE | flat | daily=$+0 (0t) | conn=OK | ticks=371 | no symbols
[16:20:01 ET] ACTIVE | flat | daily=$+0 (0t) | conn=OK | ticks=371 | no symbols
[16:21:00 ET] ACTIVE | flat | daily=$+0 (0t) | conn=OK | ticks=371 | no symbols
[16:21:01 ET] ACTIVE | flat | daily=$+0 (0t) | conn=OK | ticks=371 | no symbols

🔄 Running scanner at 16:21:05 ET...
Error 162, reqId 773: Historical Market Data Service error message:API scanner subscription cancelled: 773
  [float_cache] Cleared 1 stale None entries — will re-attempt lookups
IBKR ERROR 162: Historical Market Data Service error message:API scanner subscription cancelled: 773 (reqId=773, symbol=?)
  Saved: /Users/duffy/warrior_bot_v2/scanner_results/2026-03-30.json (36 snapshots)
📊 Scanner: 0 new candidates, 0 new subs, 0 total watching
[16:23:00 ET] ACTIVE | flat | daily=$+0 (0t) | conn=OK | ticks=403 | no symbols
[16:23:01 ET] ACTIVE | flat | daily=$+0 (0t) | conn=OK | ticks=403 | no symbols
[16:24:00 ET] ACTIVE | flat | daily=$+0 (0t) | conn=OK | ticks=403 | no symbols
[16:24:01 ET] ACTIVE | flat | daily=$+0 (0t) | conn=OK | ticks=403 | no symbols
[16:25:00 ET] ACTIVE | flat | daily=$+0 (0t) | conn=OK | ticks=403 | no symbols
[16:25:01 ET] ACTIVE | flat | daily=$+0 (0t) | conn=OK | ticks=403 | no symbols
[16:26:00 ET] ACTIVE | flat | daily=$+0 (0t) | conn=OK | ticks=403 | no symbols
[16:26:01 ET] ACTIVE | flat | daily=$+0 (0t) | conn=OK | ticks=403 | no symbols

🔄 Running scanner at 16:26:06 ET...
Error 162, reqId 854: Historical Market Data Service error message:API scanner subscription cancelled: 854
  [float_cache] Cleared 1 stale None entries — will re-attempt lookups
IBKR ERROR 162: Historical Market Data Service error message:API scanner subscription cancelled: 854 (reqId=854, symbol=?)
  Saved: /Users/duffy/warrior_bot_v2/scanner_results/2026-03-30.json (37 snapshots)
📊 Scanner: 0 new candidates, 0 new subs, 0 total watching
[16:28:00 ET] ACTIVE | flat | daily=$+0 (0t) | conn=OK | ticks=435 | no symbols
[16:28:01 ET] ACTIVE | flat | daily=$+0 (0t) | conn=OK | ticks=435 | no symbols
[16:29:00 ET] ACTIVE | flat | daily=$+0 (0t) | conn=OK | ticks=435 | no symbols
[16:29:01 ET] ACTIVE | flat | daily=$+0 (0t) | conn=OK | ticks=435 | no symbols
[16:30:00 ET] ACTIVE | flat | daily=$+0 (0t) | conn=OK | ticks=435 | no symbols
[16:30:01 ET] ACTIVE | flat | daily=$+0 (0t) | conn=OK | ticks=435 | no symbols
[16:31:00 ET] ACTIVE | flat | daily=$+0 (0t) | conn=OK | ticks=435 | no symbols
[16:31:01 ET] ACTIVE | flat | daily=$+0 (0t) | conn=OK | ticks=435 | no symbols

🔄 Running scanner at 16:31:07 ET...
Error 162, reqId 935: Historical Market Data Service error message:API scanner subscription cancelled: 935
  [float_cache] Cleared 1 stale None entries — will re-attempt lookups
IBKR ERROR 162: Historical Market Data Service error message:API scanner subscription cancelled: 935 (reqId=935, symbol=?)
  Saved: /Users/duffy/warrior_bot_v2/scanner_results/2026-03-30.json (38 snapshots)
📊 Scanner: 0 new candidates, 0 new subs, 0 total watching
[16:33:00 ET] ACTIVE | flat | daily=$+0 (0t) | conn=OK | ticks=467 | no symbols
[16:33:01 ET] ACTIVE | flat | daily=$+0 (0t) | conn=OK | ticks=467 | no symbols
[16:34:00 ET] ACTIVE | flat | daily=$+0 (0t) | conn=OK | ticks=467 | no symbols
[16:34:01 ET] ACTIVE | flat | daily=$+0 (0t) | conn=OK | ticks=467 | no symbols
[16:35:00 ET] ACTIVE | flat | daily=$+0 (0t) | conn=OK | ticks=467 | no symbols
[16:35:01 ET] ACTIVE | flat | daily=$+0 (0t) | conn=OK | ticks=467 | no symbols
[16:36:00 ET] ACTIVE | flat | daily=$+0 (0t) | conn=OK | ticks=467 | no symbols
[16:36:01 ET] ACTIVE | flat | daily=$+0 (0t) | conn=OK | ticks=467 | no symbols

🔄 Running scanner at 16:36:08 ET...
Error 162, reqId 1016: Historical Market Data Service error message:API scanner subscription cancelled: 1016
  [float_cache] Cleared 1 stale None entries — will re-attempt lookups
IBKR ERROR 162: Historical Market Data Service error message:API scanner subscription cancelled: 1016 (reqId=1016, symbol=?)
  Saved: /Users/duffy/warrior_bot_v2/scanner_results/2026-03-30.json (39 snapshots)
📊 Scanner: 0 new candidates, 0 new subs, 0 total watching
[16:38:00 ET] ACTIVE | flat | daily=$+0 (0t) | conn=OK | ticks=498 | no symbols
[16:38:01 ET] ACTIVE | flat | daily=$+0 (0t) | conn=OK | ticks=498 | no symbols
[16:39:00 ET] ACTIVE | flat | daily=$+0 (0t) | conn=OK | ticks=498 | no symbols
[16:39:01 ET] ACTIVE | flat | daily=$+0 (0t) | conn=OK | ticks=498 | no symbols
[16:40:00 ET] ACTIVE | flat | daily=$+0 (0t) | conn=OK | ticks=498 | no symbols
[16:40:01 ET] ACTIVE | flat | daily=$+0 (0t) | conn=OK | ticks=498 | no symbols
[16:41:00 ET] ACTIVE | flat | daily=$+0 (0t) | conn=OK | ticks=498 | no symbols
[16:41:01 ET] ACTIVE | flat | daily=$+0 (0t) | conn=OK | ticks=498 | no symbols

🔄 Running scanner at 16:41:09 ET...
Error 162, reqId 1097: Historical Market Data Service error message:API scanner subscription cancelled: 1097
  [float_cache] Cleared 1 stale None entries — will re-attempt lookups
IBKR ERROR 162: Historical Market Data Service error message:API scanner subscription cancelled: 1097 (reqId=1097, symbol=?)
  Saved: /Users/duffy/warrior_bot_v2/scanner_results/2026-03-30.json (40 snapshots)
📊 Scanner: 0 new candidates, 0 new subs, 0 total watching
[16:43:00 ET] ACTIVE | flat | daily=$+0 (0t) | conn=OK | ticks=528 | no symbols
[16:43:01 ET] ACTIVE | flat | daily=$+0 (0t) | conn=OK | ticks=528 | no symbols
[16:44:00 ET] ACTIVE | flat | daily=$+0 (0t) | conn=OK | ticks=528 | no symbols
[16:44:01 ET] ACTIVE | flat | daily=$+0 (0t) | conn=OK | ticks=528 | no symbols
[16:45:00 ET] ACTIVE | flat | daily=$+0 (0t) | conn=OK | ticks=528 | no symbols
[16:45:01 ET] ACTIVE | flat | daily=$+0 (0t) | conn=OK | ticks=528 | no symbols
[16:46:00 ET] ACTIVE | flat | daily=$+0 (0t) | conn=OK | ticks=528 | no symbols
[16:46:01 ET] ACTIVE | flat | daily=$+0 (0t) | conn=OK | ticks=528 | no symbols

🔄 Running scanner at 16:46:09 ET...
Error 162, reqId 1178: Historical Market Data Service error message:API scanner subscription cancelled: 1178
  [float_cache] Cleared 1 stale None entries — will re-attempt lookups
IBKR ERROR 162: Historical Market Data Service error message:API scanner subscription cancelled: 1178 (reqId=1178, symbol=?)
  Saved: /Users/duffy/warrior_bot_v2/scanner_results/2026-03-30.json (41 snapshots)
📊 Scanner: 0 new candidates, 0 new subs, 0 total watching
[16:48:00 ET] ACTIVE | flat | daily=$+0 (0t) | conn=OK | ticks=561 | no symbols
[16:48:01 ET] ACTIVE | flat | daily=$+0 (0t) | conn=OK | ticks=561 | no symbols
[16:49:00 ET] ACTIVE | flat | daily=$+0 (0t) | conn=OK | ticks=561 | no symbols
[16:49:01 ET] ACTIVE | flat | daily=$+0 (0t) | conn=OK | ticks=561 | no symbols
[16:50:00 ET] ACTIVE | flat | daily=$+0 (0t) | conn=OK | ticks=561 | no symbols
[16:50:01 ET] ACTIVE | flat | daily=$+0 (0t) | conn=OK | ticks=561 | no symbols
[16:51:00 ET] ACTIVE | flat | daily=$+0 (0t) | conn=OK | ticks=561 | no symbols
[16:51:01 ET] ACTIVE | flat | daily=$+0 (0t) | conn=OK | ticks=561 | no symbols

🔄 Running scanner at 16:51:10 ET...
Error 162, reqId 1259: Historical Market Data Service error message:API scanner subscription cancelled: 1259
  [float_cache] Cleared 1 stale None entries — will re-attempt lookups
IBKR ERROR 162: Historical Market Data Service error message:API scanner subscription cancelled: 1259 (reqId=1259, symbol=?)
  Saved: /Users/duffy/warrior_bot_v2/scanner_results/2026-03-30.json (42 snapshots)
📊 Scanner: 0 new candidates, 0 new subs, 0 total watching
[16:53:00 ET] ACTIVE | flat | daily=$+0 (0t) | conn=OK | ticks=592 | no symbols
[16:53:01 ET] ACTIVE | flat | daily=$+0 (0t) | conn=OK | ticks=592 | no symbols
[16:54:00 ET] ACTIVE | flat | daily=$+0 (0t) | conn=OK | ticks=592 | no symbols
[16:54:01 ET] ACTIVE | flat | daily=$+0 (0t) | conn=OK | ticks=592 | no symbols
[16:55:00 ET] ACTIVE | flat | daily=$+0 (0t) | conn=OK | ticks=592 | no symbols
[16:55:01 ET] ACTIVE | flat | daily=$+0 (0t) | conn=OK | ticks=592 | no symbols
[16:56:00 ET] ACTIVE | flat | daily=$+0 (0t) | conn=OK | ticks=592 | no symbols
[16:56:01 ET] ACTIVE | flat | daily=$+0 (0t) | conn=OK | ticks=592 | no symbols

🔄 Running scanner at 16:56:11 ET...
Error 162, reqId 1340: Historical Market Data Service error message:API scanner subscription cancelled: 1340
  [float_cache] Cleared 1 stale None entries — will re-attempt lookups
IBKR ERROR 162: Historical Market Data Service error message:API scanner subscription cancelled: 1340 (reqId=1340, symbol=?)
  Saved: /Users/duffy/warrior_bot_v2/scanner_results/2026-03-30.json (43 snapshots)
📊 Scanner: 0 new candidates, 0 new subs, 0 total watching
[16:58:00 ET] ACTIVE | flat | daily=$+0 (0t) | conn=OK | ticks=621 | no symbols
[16:58:01 ET] ACTIVE | flat | daily=$+0 (0t) | conn=OK | ticks=621 | no symbols
[16:59:00 ET] ACTIVE | flat | daily=$+0 (0t) | conn=OK | ticks=621 | no symbols
[16:59:01 ET] ACTIVE | flat | daily=$+0 (0t) | conn=OK | ticks=621 | no symbols
[17:00:00 ET] ACTIVE | flat | daily=$+0 (0t) | conn=OK | ticks=621 | no symbols
[17:00:01 ET] ACTIVE | flat | daily=$+0 (0t) | conn=OK | ticks=621 | no symbols
[17:01:00 ET] ACTIVE | flat | daily=$+0 (0t) | conn=OK | ticks=621 | no symbols
[17:01:01 ET] ACTIVE | flat | daily=$+0 (0t) | conn=OK | ticks=621 | no symbols

🔄 Running scanner at 17:01:11 ET...
Error 162, reqId 1421: Historical Market Data Service error message:API scanner subscription cancelled: 1421
  [float_cache] Cleared 1 stale None entries — will re-attempt lookups
IBKR ERROR 162: Historical Market Data Service error message:API scanner subscription cancelled: 1421 (reqId=1421, symbol=?)
  Saved: /Users/duffy/warrior_bot_v2/scanner_results/2026-03-30.json (44 snapshots)
📊 Scanner: 0 new candidates, 0 new subs, 0 total watching
[17:03:00 ET] ACTIVE | flat | daily=$+0 (0t) | conn=OK | ticks=652 | no symbols
[17:03:01 ET] ACTIVE | flat | daily=$+0 (0t) | conn=OK | ticks=652 | no symbols
[17:04:00 ET] ACTIVE | flat | daily=$+0 (0t) | conn=OK | ticks=652 | no symbols
[17:04:01 ET] ACTIVE | flat | daily=$+0 (0t) | conn=OK | ticks=652 | no symbols
[17:05:00 ET] ACTIVE | flat | daily=$+0 (0t) | conn=OK | ticks=652 | no symbols
[17:05:01 ET] ACTIVE | flat | daily=$+0 (0t) | conn=OK | ticks=652 | no symbols
[17:06:00 ET] ACTIVE | flat | daily=$+0 (0t) | conn=OK | ticks=652 | no symbols
[17:06:01 ET] ACTIVE | flat | daily=$+0 (0t) | conn=OK | ticks=652 | no symbols

🔄 Running scanner at 17:06:12 ET...
Error 162, reqId 1502: Historical Market Data Service error message:API scanner subscription cancelled: 1502
  [float_cache] Cleared 1 stale None entries — will re-attempt lookups
IBKR ERROR 162: Historical Market Data Service error message:API scanner subscription cancelled: 1502 (reqId=1502, symbol=?)
  Saved: /Users/duffy/warrior_bot_v2/scanner_results/2026-03-30.json (45 snapshots)
📊 Scanner: 0 new candidates, 0 new subs, 0 total watching
[17:08:00 ET] ACTIVE | flat | daily=$+0 (0t) | conn=OK | ticks=684 | no symbols
[17:08:01 ET] ACTIVE | flat | daily=$+0 (0t) | conn=OK | ticks=684 | no symbols
[17:09:00 ET] ACTIVE | flat | daily=$+0 (0t) | conn=OK | ticks=684 | no symbols
[17:09:01 ET] ACTIVE | flat | daily=$+0 (0t) | conn=OK | ticks=684 | no symbols
[17:10:00 ET] ACTIVE | flat | daily=$+0 (0t) | conn=OK | ticks=684 | no symbols
[17:10:01 ET] ACTIVE | flat | daily=$+0 (0t) | conn=OK | ticks=684 | no symbols
[17:11:00 ET] ACTIVE | flat | daily=$+0 (0t) | conn=OK | ticks=684 | no symbols
[17:11:01 ET] ACTIVE | flat | daily=$+0 (0t) | conn=OK | ticks=684 | no symbols

🔄 Running scanner at 17:11:12 ET...
Error 162, reqId 1583: Historical Market Data Service error message:API scanner subscription cancelled: 1583
IBKR ERROR 162: Historical Market Data Service error message:API scanner subscription cancelled: 1583 (reqId=1583, symbol=?)
  Saved: /Users/duffy/warrior_bot_v2/scanner_results/2026-03-30.json (46 snapshots)
📊 Scanner: 0 new candidates, 0 new subs, 0 total watching
[17:13:00 ET] ACTIVE | flat | daily=$+0 (0t) | conn=OK | ticks=715 | no symbols
[17:13:01 ET] ACTIVE | flat | daily=$+0 (0t) | conn=OK | ticks=715 | no symbols
[17:14:00 ET] ACTIVE | flat | daily=$+0 (0t) | conn=OK | ticks=715 | no symbols
[17:14:01 ET] ACTIVE | flat | daily=$+0 (0t) | conn=OK | ticks=715 | no symbols
[17:15:00 ET] ACTIVE | flat | daily=$+0 (0t) | conn=OK | ticks=715 | no symbols
[17:15:01 ET] ACTIVE | flat | daily=$+0 (0t) | conn=OK | ticks=715 | no symbols
[17:16:00 ET] ACTIVE | flat | daily=$+0 (0t) | conn=OK | ticks=715 | no symbols
[17:16:01 ET] ACTIVE | flat | daily=$+0 (0t) | conn=OK | ticks=715 | no symbols

🔄 Running scanner at 17:16:13 ET...
Error 162, reqId 1664: Historical Market Data Service error message:API scanner subscription cancelled: 1664
IBKR ERROR 162: Historical Market Data Service error message:API scanner subscription cancelled: 1664 (reqId=1664, symbol=?)
  Saved: /Users/duffy/warrior_bot_v2/scanner_results/2026-03-30.json (47 snapshots)
📊 Scanner: 0 new candidates, 0 new subs, 0 total watching
[17:18:00 ET] ACTIVE | flat | daily=$+0 (0t) | conn=OK | ticks=749 | no symbols
[17:18:01 ET] ACTIVE | flat | daily=$+0 (0t) | conn=OK | ticks=749 | no symbols
[17:19:00 ET] ACTIVE | flat | daily=$+0 (0t) | conn=OK | ticks=749 | no symbols
[17:19:01 ET] ACTIVE | flat | daily=$+0 (0t) | conn=OK | ticks=749 | no symbols
[17:20:00 ET] ACTIVE | flat | daily=$+0 (0t) | conn=OK | ticks=749 | no symbols
[17:20:01 ET] ACTIVE | flat | daily=$+0 (0t) | conn=OK | ticks=749 | no symbols
[17:21:00 ET] ACTIVE | flat | daily=$+0 (0t) | conn=OK | ticks=749 | no symbols
[17:21:01 ET] ACTIVE | flat | daily=$+0 (0t) | conn=OK | ticks=749 | no symbols

🔄 Running scanner at 17:21:13 ET...
Error 162, reqId 1745: Historical Market Data Service error message:API scanner subscription cancelled: 1745
IBKR ERROR 162: Historical Market Data Service error message:API scanner subscription cancelled: 1745 (reqId=1745, symbol=?)
  Saved: /Users/duffy/warrior_bot_v2/scanner_results/2026-03-30.json (48 snapshots)
📊 Scanner: 0 new candidates, 0 new subs, 0 total watching
[17:23:00 ET] ACTIVE | flat | daily=$+0 (0t) | conn=OK | ticks=781 | no symbols
[17:23:01 ET] ACTIVE | flat | daily=$+0 (0t) | conn=OK | ticks=781 | no symbols
[17:24:00 ET] ACTIVE | flat | daily=$+0 (0t) | conn=OK | ticks=781 | no symbols
[17:24:01 ET] ACTIVE | flat | daily=$+0 (0t) | conn=OK | ticks=781 | no symbols
[17:25:00 ET] ACTIVE | flat | daily=$+0 (0t) | conn=OK | ticks=781 | no symbols
[17:25:01 ET] ACTIVE | flat | daily=$+0 (0t) | conn=OK | ticks=781 | no symbols
[17:26:00 ET] ACTIVE | flat | daily=$+0 (0t) | conn=OK | ticks=781 | no symbols
[17:26:01 ET] ACTIVE | flat | daily=$+0 (0t) | conn=OK | ticks=781 | no symbols

🔄 Running scanner at 17:26:14 ET...
Error 162, reqId 1826: Historical Market Data Service error message:API scanner subscription cancelled: 1826
IBKR ERROR 162: Historical Market Data Service error message:API scanner subscription cancelled: 1826 (reqId=1826, symbol=?)
  Saved: /Users/duffy/warrior_bot_v2/scanner_results/2026-03-30.json (49 snapshots)
📊 Scanner: 0 new candidates, 0 new subs, 0 total watching
[17:28:00 ET] ACTIVE | flat | daily=$+0 (0t) | conn=OK | ticks=817 | no symbols
[17:28:01 ET] ACTIVE | flat | daily=$+0 (0t) | conn=OK | ticks=817 | no symbols
[17:29:00 ET] ACTIVE | flat | daily=$+0 (0t) | conn=OK | ticks=817 | no symbols
[17:29:01 ET] ACTIVE | flat | daily=$+0 (0t) | conn=OK | ticks=817 | no symbols
[17:30:00 ET] ACTIVE | flat | daily=$+0 (0t) | conn=OK | ticks=817 | no symbols
[17:30:01 ET] ACTIVE | flat | daily=$+0 (0t) | conn=OK | ticks=817 | no symbols
[17:31:00 ET] ACTIVE | flat | daily=$+0 (0t) | conn=OK | ticks=817 | no symbols
[17:31:01 ET] ACTIVE | flat | daily=$+0 (0t) | conn=OK | ticks=817 | no symbols

🔄 Running scanner at 17:31:14 ET...
Error 162, reqId 1907: Historical Market Data Service error message:API scanner subscription cancelled: 1907
IBKR ERROR 162: Historical Market Data Service error message:API scanner subscription cancelled: 1907 (reqId=1907, symbol=?)
  Saved: /Users/duffy/warrior_bot_v2/scanner_results/2026-03-30.json (50 snapshots)
📊 Scanner: 0 new candidates, 0 new subs, 0 total watching
[17:33:00 ET] ACTIVE | flat | daily=$+0 (0t) | conn=OK | ticks=849 | no symbols
[17:33:01 ET] ACTIVE | flat | daily=$+0 (0t) | conn=OK | ticks=849 | no symbols
[17:34:00 ET] ACTIVE | flat | daily=$+0 (0t) | conn=OK | ticks=849 | no symbols
[17:34:01 ET] ACTIVE | flat | daily=$+0 (0t) | conn=OK | ticks=849 | no symbols
[17:35:00 ET] ACTIVE | flat | daily=$+0 (0t) | conn=OK | ticks=849 | no symbols
[17:35:01 ET] ACTIVE | flat | daily=$+0 (0t) | conn=OK | ticks=849 | no symbols
[17:36:00 ET] ACTIVE | flat | daily=$+0 (0t) | conn=OK | ticks=849 | no symbols
[17:36:01 ET] ACTIVE | flat | daily=$+0 (0t) | conn=OK | ticks=849 | no symbols

🔄 Running scanner at 17:36:15 ET...
Error 162, reqId 1988: Historical Market Data Service error message:API scanner subscription cancelled: 1988
IBKR ERROR 162: Historical Market Data Service error message:API scanner subscription cancelled: 1988 (reqId=1988, symbol=?)
  Saved: /Users/duffy/warrior_bot_v2/scanner_results/2026-03-30.json (51 snapshots)
📊 Scanner: 0 new candidates, 0 new subs, 0 total watching
[17:38:00 ET] ACTIVE | flat | daily=$+0 (0t) | conn=OK | ticks=880 | no symbols
[17:38:01 ET] ACTIVE | flat | daily=$+0 (0t) | conn=OK | ticks=880 | no symbols
[17:39:00 ET] ACTIVE | flat | daily=$+0 (0t) | conn=OK | ticks=880 | no symbols
[17:39:01 ET] ACTIVE | flat | daily=$+0 (0t) | conn=OK | ticks=880 | no symbols
[17:40:00 ET] ACTIVE | flat | daily=$+0 (0t) | conn=OK | ticks=880 | no symbols
[17:40:01 ET] ACTIVE | flat | daily=$+0 (0t) | conn=OK | ticks=880 | no symbols
[17:41:00 ET] ACTIVE | flat | daily=$+0 (0t) | conn=OK | ticks=880 | no symbols
[17:41:01 ET] ACTIVE | flat | daily=$+0 (0t) | conn=OK | ticks=880 | no symbols

🔄 Running scanner at 17:41:16 ET...
Error 162, reqId 2069: Historical Market Data Service error message:API scanner subscription cancelled: 2069
IBKR ERROR 162: Historical Market Data Service error message:API scanner subscription cancelled: 2069 (reqId=2069, symbol=?)
  Saved: /Users/duffy/warrior_bot_v2/scanner_results/2026-03-30.json (52 snapshots)
📊 Scanner: 0 new candidates, 0 new subs, 0 total watching
[17:43:00 ET] ACTIVE | flat | daily=$+0 (0t) | conn=OK | ticks=912 | no symbols
[17:43:01 ET] ACTIVE | flat | daily=$+0 (0t) | conn=OK | ticks=912 | no symbols
[17:44:00 ET] ACTIVE | flat | daily=$+0 (0t) | conn=OK | ticks=912 | no symbols
[17:44:01 ET] ACTIVE | flat | daily=$+0 (0t) | conn=OK | ticks=912 | no symbols
[17:45:00 ET] ACTIVE | flat | daily=$+0 (0t) | conn=OK | ticks=912 | no symbols
[17:45:01 ET] ACTIVE | flat | daily=$+0 (0t) | conn=OK | ticks=912 | no symbols
[17:46:00 ET] ACTIVE | flat | daily=$+0 (0t) | conn=OK | ticks=912 | no symbols
[17:46:01 ET] ACTIVE | flat | daily=$+0 (0t) | conn=OK | ticks=912 | no symbols

🔄 Running scanner at 17:46:16 ET...
Error 162, reqId 2150: Historical Market Data Service error message:API scanner subscription cancelled: 2150
IBKR ERROR 162: Historical Market Data Service error message:API scanner subscription cancelled: 2150 (reqId=2150, symbol=?)
  Saved: /Users/duffy/warrior_bot_v2/scanner_results/2026-03-30.json (53 snapshots)
📊 Scanner: 0 new candidates, 0 new subs, 0 total watching
[17:48:00 ET] ACTIVE | flat | daily=$+0 (0t) | conn=OK | ticks=942 | no symbols
[17:48:01 ET] ACTIVE | flat | daily=$+0 (0t) | conn=OK | ticks=942 | no symbols
[17:49:00 ET] ACTIVE | flat | daily=$+0 (0t) | conn=OK | ticks=942 | no symbols
[17:49:01 ET] ACTIVE | flat | daily=$+0 (0t) | conn=OK | ticks=942 | no symbols
[17:50:00 ET] ACTIVE | flat | daily=$+0 (0t) | conn=OK | ticks=942 | no symbols
[17:50:01 ET] ACTIVE | flat | daily=$+0 (0t) | conn=OK | ticks=942 | no symbols
[17:51:00 ET] ACTIVE | flat | daily=$+0 (0t) | conn=OK | ticks=942 | no symbols
[17:51:01 ET] ACTIVE | flat | daily=$+0 (0t) | conn=OK | ticks=942 | no symbols

🔄 Running scanner at 17:51:17 ET...
Error 162, reqId 2231: Historical Market Data Service error message:API scanner subscription cancelled: 2231
IBKR ERROR 162: Historical Market Data Service error message:API scanner subscription cancelled: 2231 (reqId=2231, symbol=?)
  Saved: /Users/duffy/warrior_bot_v2/scanner_results/2026-03-30.json (54 snapshots)
📊 Scanner: 0 new candidates, 0 new subs, 0 total watching
[17:53:00 ET] ACTIVE | flat | daily=$+0 (0t) | conn=OK | ticks=974 | no symbols
[17:53:01 ET] ACTIVE | flat | daily=$+0 (0t) | conn=OK | ticks=974 | no symbols
[17:54:00 ET] ACTIVE | flat | daily=$+0 (0t) | conn=OK | ticks=974 | no symbols
[17:54:01 ET] ACTIVE | flat | daily=$+0 (0t) | conn=OK | ticks=974 | no symbols
[17:55:00 ET] ACTIVE | flat | daily=$+0 (0t) | conn=OK | ticks=974 | no symbols
[17:55:01 ET] ACTIVE | flat | daily=$+0 (0t) | conn=OK | ticks=974 | no symbols
[17:56:00 ET] ACTIVE | flat | daily=$+0 (0t) | conn=OK | ticks=974 | no symbols
[17:56:01 ET] ACTIVE | flat | daily=$+0 (0t) | conn=OK | ticks=974 | no symbols

🔄 Running scanner at 17:56:17 ET...
Error 162, reqId 2312: Historical Market Data Service error message:API scanner subscription cancelled: 2312
IBKR ERROR 162: Historical Market Data Service error message:API scanner subscription cancelled: 2312 (reqId=2312, symbol=?)
  Saved: /Users/duffy/warrior_bot_v2/scanner_results/2026-03-30.json (55 snapshots)
📊 Scanner: 0 new candidates, 0 new subs, 0 total watching
[17:58:00 ET] ACTIVE | flat | daily=$+0 (0t) | conn=OK | ticks=1006 | no symbols
[17:58:01 ET] ACTIVE | flat | daily=$+0 (0t) | conn=OK | ticks=1006 | no symbols
[17:59:00 ET] ACTIVE | flat | daily=$+0 (0t) | conn=OK | ticks=1006 | no symbols
[17:59:01 ET] ACTIVE | flat | daily=$+0 (0t) | conn=OK | ticks=1006 | no symbols
[18:00:00 ET] ACTIVE | flat | daily=$+0 (0t) | conn=OK | ticks=1006 | no symbols
[18:00:01 ET] ACTIVE | flat | daily=$+0 (0t) | conn=OK | ticks=1006 | no symbols
[18:01:00 ET] ACTIVE | flat | daily=$+0 (0t) | conn=OK | ticks=1006 | no symbols
[18:01:01 ET] ACTIVE | flat | daily=$+0 (0t) | conn=OK | ticks=1006 | no symbols

🔄 Running scanner at 18:01:17 ET...
Error 162, reqId 2393: Historical Market Data Service error message:API scanner subscription cancelled: 2393
IBKR ERROR 162: Historical Market Data Service error message:API scanner subscription cancelled: 2393 (reqId=2393, symbol=?)
  Saved: /Users/duffy/warrior_bot_v2/scanner_results/2026-03-30.json (56 snapshots)
📊 Scanner: 0 new candidates, 0 new subs, 0 total watching
[18:03:00 ET] ACTIVE | flat | daily=$+0 (0t) | conn=OK | ticks=1038 | no symbols
[18:03:01 ET] ACTIVE | flat | daily=$+0 (0t) | conn=OK | ticks=1038 | no symbols
[18:04:00 ET] ACTIVE | flat | daily=$+0 (0t) | conn=OK | ticks=1038 | no symbols
[18:04:01 ET] ACTIVE | flat | daily=$+0 (0t) | conn=OK | ticks=1038 | no symbols
[18:05:00 ET] ACTIVE | flat | daily=$+0 (0t) | conn=OK | ticks=1038 | no symbols
[18:05:01 ET] ACTIVE | flat | daily=$+0 (0t) | conn=OK | ticks=1038 | no symbols
[18:06:00 ET] ACTIVE | flat | daily=$+0 (0t) | conn=OK | ticks=1038 | no symbols
[18:06:01 ET] ACTIVE | flat | daily=$+0 (0t) | conn=OK | ticks=1038 | no symbols

🔄 Running scanner at 18:06:17 ET...
Error 162, reqId 2474: Historical Market Data Service error message:API scanner subscription cancelled: 2474
IBKR ERROR 162: Historical Market Data Service error message:API scanner subscription cancelled: 2474 (reqId=2474, symbol=?)
  Saved: /Users/duffy/warrior_bot_v2/scanner_results/2026-03-30.json (57 snapshots)
📊 Scanner: 0 new candidates, 0 new subs, 0 total watching
[18:08:00 ET] ACTIVE | flat | daily=$+0 (0t) | conn=OK | ticks=1072 | no symbols
[18:08:01 ET] ACTIVE | flat | daily=$+0 (0t) | conn=OK | ticks=1072 | no symbols
[18:09:00 ET] ACTIVE | flat | daily=$+0 (0t) | conn=OK | ticks=1072 | no symbols
[18:09:01 ET] ACTIVE | flat | daily=$+0 (0t) | conn=OK | ticks=1072 | no symbols
[18:10:00 ET] ACTIVE | flat | daily=$+0 (0t) | conn=OK | ticks=1072 | no symbols
[18:10:01 ET] ACTIVE | flat | daily=$+0 (0t) | conn=OK | ticks=1072 | no symbols
[18:11:00 ET] ACTIVE | flat | daily=$+0 (0t) | conn=OK | ticks=1072 | no symbols
[18:11:01 ET] ACTIVE | flat | daily=$+0 (0t) | conn=OK | ticks=1072 | no symbols

🔄 Running scanner at 18:11:18 ET...
Error 162, reqId 2555: Historical Market Data Service error message:API scanner subscription cancelled: 2555
IBKR ERROR 162: Historical Market Data Service error message:API scanner subscription cancelled: 2555 (reqId=2555, symbol=?)
  Saved: /Users/duffy/warrior_bot_v2/scanner_results/2026-03-30.json (58 snapshots)
📊 Scanner: 0 new candidates, 0 new subs, 0 total watching
[18:13:00 ET] ACTIVE | flat | daily=$+0 (0t) | conn=OK | ticks=1103 | no symbols
[18:13:01 ET] ACTIVE | flat | daily=$+0 (0t) | conn=OK | ticks=1103 | no symbols
[18:14:00 ET] ACTIVE | flat | daily=$+0 (0t) | conn=OK | ticks=1103 | no symbols
[18:14:01 ET] ACTIVE | flat | daily=$+0 (0t) | conn=OK | ticks=1103 | no symbols
[18:15:00 ET] ACTIVE | flat | daily=$+0 (0t) | conn=OK | ticks=1103 | no symbols
[18:15:01 ET] ACTIVE | flat | daily=$+0 (0t) | conn=OK | ticks=1103 | no symbols
[18:16:00 ET] ACTIVE | flat | daily=$+0 (0t) | conn=OK | ticks=1103 | no symbols
[18:16:01 ET] ACTIVE | flat | daily=$+0 (0t) | conn=OK | ticks=1103 | no symbols

🔄 Running scanner at 18:16:19 ET...
Error 162, reqId 2636: Historical Market Data Service error message:API scanner subscription cancelled: 2636
IBKR ERROR 162: Historical Market Data Service error message:API scanner subscription cancelled: 2636 (reqId=2636, symbol=?)
  Saved: /Users/duffy/warrior_bot_v2/scanner_results/2026-03-30.json (59 snapshots)
📊 Scanner: 0 new candidates, 0 new subs, 0 total watching
[18:18:00 ET] ACTIVE | flat | daily=$+0 (0t) | conn=OK | ticks=1137 | no symbols
[18:18:01 ET] ACTIVE | flat | daily=$+0 (0t) | conn=OK | ticks=1137 | no symbols
[18:19:00 ET] ACTIVE | flat | daily=$+0 (0t) | conn=OK | ticks=1137 | no symbols
[18:19:01 ET] ACTIVE | flat | daily=$+0 (0t) | conn=OK | ticks=1137 | no symbols
[18:20:00 ET] ACTIVE | flat | daily=$+0 (0t) | conn=OK | ticks=1137 | no symbols
[18:20:01 ET] ACTIVE | flat | daily=$+0 (0t) | conn=OK | ticks=1137 | no symbols
[18:21:00 ET] ACTIVE | flat | daily=$+0 (0t) | conn=OK | ticks=1137 | no symbols
[18:21:01 ET] ACTIVE | flat | daily=$+0 (0t) | conn=OK | ticks=1137 | no symbols

🔄 Running scanner at 18:21:20 ET...
Error 162, reqId 2717: Historical Market Data Service error message:API scanner subscription cancelled: 2717
IBKR ERROR 162: Historical Market Data Service error message:API scanner subscription cancelled: 2717 (reqId=2717, symbol=?)
  Saved: /Users/duffy/warrior_bot_v2/scanner_results/2026-03-30.json (60 snapshots)
📊 Scanner: 0 new candidates, 0 new subs, 0 total watching
[18:23:00 ET] ACTIVE | flat | daily=$+0 (0t) | conn=OK | ticks=1170 | no symbols
[18:23:01 ET] ACTIVE | flat | daily=$+0 (0t) | conn=OK | ticks=1170 | no symbols
[18:24:00 ET] ACTIVE | flat | daily=$+0 (0t) | conn=OK | ticks=1170 | no symbols
[18:24:01 ET] ACTIVE | flat | daily=$+0 (0t) | conn=OK | ticks=1170 | no symbols
[18:25:00 ET] ACTIVE | flat | daily=$+0 (0t) | conn=OK | ticks=1170 | no symbols
[18:25:01 ET] ACTIVE | flat | daily=$+0 (0t) | conn=OK | ticks=1170 | no symbols
[18:26:00 ET] ACTIVE | flat | daily=$+0 (0t) | conn=OK | ticks=1170 | no symbols
[18:26:01 ET] ACTIVE | flat | daily=$+0 (0t) | conn=OK | ticks=1170 | no symbols

🔄 Running scanner at 18:26:20 ET...
Error 162, reqId 2798: Historical Market Data Service error message:API scanner subscription cancelled: 2798
IBKR ERROR 162: Historical Market Data Service error message:API scanner subscription cancelled: 2798 (reqId=2798, symbol=?)
  Saved: /Users/duffy/warrior_bot_v2/scanner_results/2026-03-30.json (61 snapshots)
📊 Scanner: 0 new candidates, 0 new subs, 0 total watching
[18:28:00 ET] ACTIVE | flat | daily=$+0 (0t) | conn=OK | ticks=1203 | no symbols
[18:28:01 ET] ACTIVE | flat | daily=$+0 (0t) | conn=OK | ticks=1203 | no symbols
[18:29:00 ET] ACTIVE | flat | daily=$+0 (0t) | conn=OK | ticks=1203 | no symbols
[18:29:01 ET] ACTIVE | flat | daily=$+0 (0t) | conn=OK | ticks=1203 | no symbols
[18:30:00 ET] ACTIVE | flat | daily=$+0 (0t) | conn=OK | ticks=1203 | no symbols
[18:30:01 ET] ACTIVE | flat | daily=$+0 (0t) | conn=OK | ticks=1203 | no symbols
[18:31:00 ET] ACTIVE | flat | daily=$+0 (0t) | conn=OK | ticks=1203 | no symbols
[18:31:01 ET] ACTIVE | flat | daily=$+0 (0t) | conn=OK | ticks=1203 | no symbols

🔄 Running scanner at 18:31:21 ET...
Error 162, reqId 2879: Historical Market Data Service error message:API scanner subscription cancelled: 2879
IBKR ERROR 162: Historical Market Data Service error message:API scanner subscription cancelled: 2879 (reqId=2879, symbol=?)
  Saved: /Users/duffy/warrior_bot_v2/scanner_results/2026-03-30.json (62 snapshots)
📊 Scanner: 0 new candidates, 0 new subs, 0 total watching
[18:33:00 ET] ACTIVE | flat | daily=$+0 (0t) | conn=OK | ticks=1237 | no symbols
[18:33:01 ET] ACTIVE | flat | daily=$+0 (0t) | conn=OK | ticks=1237 | no symbols
[18:34:00 ET] ACTIVE | flat | daily=$+0 (0t) | conn=OK | ticks=1237 | no symbols
[18:34:01 ET] ACTIVE | flat | daily=$+0 (0t) | conn=OK | ticks=1237 | no symbols
[18:35:00 ET] ACTIVE | flat | daily=$+0 (0t) | conn=OK | ticks=1237 | no symbols
[18:35:01 ET] ACTIVE | flat | daily=$+0 (0t) | conn=OK | ticks=1237 | no symbols
[18:36:00 ET] ACTIVE | flat | daily=$+0 (0t) | conn=OK | ticks=1237 | no symbols
[18:36:01 ET] ACTIVE | flat | daily=$+0 (0t) | conn=OK | ticks=1237 | no symbols

🔄 Running scanner at 18:36:21 ET...
Error 162, reqId 2960: Historical Market Data Service error message:API scanner subscription cancelled: 2960
IBKR ERROR 162: Historical Market Data Service error message:API scanner subscription cancelled: 2960 (reqId=2960, symbol=?)
  Saved: /Users/duffy/warrior_bot_v2/scanner_results/2026-03-30.json (63 snapshots)
📊 Scanner: 0 new candidates, 0 new subs, 0 total watching
[18:38:00 ET] ACTIVE | flat | daily=$+0 (0t) | conn=OK | ticks=1270 | no symbols
[18:38:01 ET] ACTIVE | flat | daily=$+0 (0t) | conn=OK | ticks=1270 | no symbols
[18:39:00 ET] ACTIVE | flat | daily=$+0 (0t) | conn=OK | ticks=1270 | no symbols
[18:39:01 ET] ACTIVE | flat | daily=$+0 (0t) | conn=OK | ticks=1270 | no symbols
[18:40:00 ET] ACTIVE | flat | daily=$+0 (0t) | conn=OK | ticks=1270 | no symbols
[18:40:01 ET] ACTIVE | flat | daily=$+0 (0t) | conn=OK | ticks=1270 | no symbols
[18:41:00 ET] ACTIVE | flat | daily=$+0 (0t) | conn=OK | ticks=1270 | no symbols
[18:41:01 ET] ACTIVE | flat | daily=$+0 (0t) | conn=OK | ticks=1270 | no symbols

🔄 Running scanner at 18:41:22 ET...
Error 162, reqId 3041: Historical Market Data Service error message:API scanner subscription cancelled: 3041
IBKR ERROR 162: Historical Market Data Service error message:API scanner subscription cancelled: 3041 (reqId=3041, symbol=?)
  Saved: /Users/duffy/warrior_bot_v2/scanner_results/2026-03-30.json (64 snapshots)
📊 Scanner: 0 new candidates, 0 new subs, 0 total watching
[18:43:00 ET] ACTIVE | flat | daily=$+0 (0t) | conn=OK | ticks=1305 | no symbols
[18:43:01 ET] ACTIVE | flat | daily=$+0 (0t) | conn=OK | ticks=1305 | no symbols
[18:44:00 ET] ACTIVE | flat | daily=$+0 (0t) | conn=OK | ticks=1305 | no symbols
[18:44:01 ET] ACTIVE | flat | daily=$+0 (0t) | conn=OK | ticks=1305 | no symbols
[18:45:00 ET] ACTIVE | flat | daily=$+0 (0t) | conn=OK | ticks=1305 | no symbols
[18:45:01 ET] ACTIVE | flat | daily=$+0 (0t) | conn=OK | ticks=1305 | no symbols
[18:46:00 ET] ACTIVE | flat | daily=$+0 (0t) | conn=OK | ticks=1305 | no symbols
[18:46:01 ET] ACTIVE | flat | daily=$+0 (0t) | conn=OK | ticks=1305 | no symbols

🔄 Running scanner at 18:46:22 ET...
Error 162, reqId 3122: Historical Market Data Service error message:API scanner subscription cancelled: 3122
IBKR ERROR 162: Historical Market Data Service error message:API scanner subscription cancelled: 3122 (reqId=3122, symbol=?)
  Saved: /Users/duffy/warrior_bot_v2/scanner_results/2026-03-30.json (65 snapshots)
📊 Scanner: 0 new candidates, 0 new subs, 0 total watching
[18:48:00 ET] ACTIVE | flat | daily=$+0 (0t) | conn=OK | ticks=1336 | no symbols
[18:48:01 ET] ACTIVE | flat | daily=$+0 (0t) | conn=OK | ticks=1336 | no symbols
[18:49:00 ET] ACTIVE | flat | daily=$+0 (0t) | conn=OK | ticks=1336 | no symbols
[18:49:01 ET] ACTIVE | flat | daily=$+0 (0t) | conn=OK | ticks=1336 | no symbols
[18:50:00 ET] ACTIVE | flat | daily=$+0 (0t) | conn=OK | ticks=1336 | no symbols
[18:50:01 ET] ACTIVE | flat | daily=$+0 (0t) | conn=OK | ticks=1336 | no symbols
[18:51:00 ET] ACTIVE | flat | daily=$+0 (0t) | conn=OK | ticks=1336 | no symbols
[18:51:01 ET] ACTIVE | flat | daily=$+0 (0t) | conn=OK | ticks=1336 | no symbols

🔄 Running scanner at 18:51:23 ET...
Error 162, reqId 3203: Historical Market Data Service error message:API scanner subscription cancelled: 3203
IBKR ERROR 162: Historical Market Data Service error message:API scanner subscription cancelled: 3203 (reqId=3203, symbol=?)
  Saved: /Users/duffy/warrior_bot_v2/scanner_results/2026-03-30.json (66 snapshots)
📊 Scanner: 0 new candidates, 0 new subs, 0 total watching
[18:53:00 ET] ACTIVE | flat | daily=$+0 (0t) | conn=OK | ticks=1370 | no symbols
[18:53:01 ET] ACTIVE | flat | daily=$+0 (0t) | conn=OK | ticks=1370 | no symbols
[18:54:00 ET] ACTIVE | flat | daily=$+0 (0t) | conn=OK | ticks=1370 | no symbols
[18:54:01 ET] ACTIVE | flat | daily=$+0 (0t) | conn=OK | ticks=1370 | no symbols
[18:55:00 ET] ACTIVE | flat | daily=$+0 (0t) | conn=OK | ticks=1370 | no symbols
[18:55:01 ET] ACTIVE | flat | daily=$+0 (0t) | conn=OK | ticks=1370 | no symbols
[18:56:00 ET] ACTIVE | flat | daily=$+0 (0t) | conn=OK | ticks=1370 | no symbols
[18:56:01 ET] ACTIVE | flat | daily=$+0 (0t) | conn=OK | ticks=1370 | no symbols

🔄 Running scanner at 18:56:23 ET...
Error 162, reqId 3284: Historical Market Data Service error message:API scanner subscription cancelled: 3284
IBKR ERROR 162: Historical Market Data Service error message:API scanner subscription cancelled: 3284 (reqId=3284, symbol=?)
  Saved: /Users/duffy/warrior_bot_v2/scanner_results/2026-03-30.json (67 snapshots)
📊 Scanner: 0 new candidates, 0 new subs, 0 total watching
[18:58:00 ET] ACTIVE | flat | daily=$+0 (0t) | conn=OK | ticks=1407 | no symbols
[18:58:01 ET] ACTIVE | flat | daily=$+0 (0t) | conn=OK | ticks=1407 | no symbols
[18:59:00 ET] ACTIVE | flat | daily=$+0 (0t) | conn=OK | ticks=1407 | no symbols
[18:59:01 ET] ACTIVE | flat | daily=$+0 (0t) | conn=OK | ticks=1407 | no symbols
[19:00:00 ET] ACTIVE | flat | daily=$+0 (0t) | conn=OK | ticks=1407 | no symbols
[19:00:01 ET] ACTIVE | flat | daily=$+0 (0t) | conn=OK | ticks=1407 | no symbols
[19:01:00 ET] ACTIVE | flat | daily=$+0 (0t) | conn=OK | ticks=1407 | no symbols
[19:01:01 ET] ACTIVE | flat | daily=$+0 (0t) | conn=OK | ticks=1407 | no symbols

🔄 Running scanner at 19:01:23 ET...
Error 162, reqId 3365: Historical Market Data Service error message:API scanner subscription cancelled: 3365
IBKR ERROR 162: Historical Market Data Service error message:API scanner subscription cancelled: 3365 (reqId=3365, symbol=?)
  Saved: /Users/duffy/warrior_bot_v2/scanner_results/2026-03-30.json (68 snapshots)
📊 Scanner: 0 new candidates, 0 new subs, 0 total watching
[19:03:00 ET] ACTIVE | flat | daily=$+0 (0t) | conn=OK | ticks=1446 | no symbols
[19:03:01 ET] ACTIVE | flat | daily=$+0 (0t) | conn=OK | ticks=1446 | no symbols
[19:04:00 ET] ACTIVE | flat | daily=$+0 (0t) | conn=OK | ticks=1446 | no symbols
[19:04:01 ET] ACTIVE | flat | daily=$+0 (0t) | conn=OK | ticks=1446 | no symbols
[19:05:00 ET] ACTIVE | flat | daily=$+0 (0t) | conn=OK | ticks=1446 | no symbols
[19:05:01 ET] ACTIVE | flat | daily=$+0 (0t) | conn=OK | ticks=1446 | no symbols
[19:06:00 ET] ACTIVE | flat | daily=$+0 (0t) | conn=OK | ticks=1446 | no symbols
[19:06:01 ET] ACTIVE | flat | daily=$+0 (0t) | conn=OK | ticks=1446 | no symbols

🔄 Running scanner at 19:06:24 ET...
Error 162, reqId 3446: Historical Market Data Service error message:API scanner subscription cancelled: 3446
IBKR ERROR 162: Historical Market Data Service error message:API scanner subscription cancelled: 3446 (reqId=3446, symbol=?)
  Saved: /Users/duffy/warrior_bot_v2/scanner_results/2026-03-30.json (69 snapshots)
📊 Scanner: 0 new candidates, 0 new subs, 0 total watching
[19:08:00 ET] ACTIVE | flat | daily=$+0 (0t) | conn=OK | ticks=1482 | no symbols
[19:08:01 ET] ACTIVE | flat | daily=$+0 (0t) | conn=OK | ticks=1482 | no symbols
[19:09:00 ET] ACTIVE | flat | daily=$+0 (0t) | conn=OK | ticks=1482 | no symbols
[19:09:01 ET] ACTIVE | flat | daily=$+0 (0t) | conn=OK | ticks=1482 | no symbols
[19:10:00 ET] ACTIVE | flat | daily=$+0 (0t) | conn=OK | ticks=1482 | no symbols
[19:10:01 ET] ACTIVE | flat | daily=$+0 (0t) | conn=OK | ticks=1482 | no symbols
[19:11:00 ET] ACTIVE | flat | daily=$+0 (0t) | conn=OK | ticks=1482 | no symbols
[19:11:01 ET] ACTIVE | flat | daily=$+0 (0t) | conn=OK | ticks=1482 | no symbols

🔄 Running scanner at 19:11:24 ET...
Error 162, reqId 3527: Historical Market Data Service error message:API scanner subscription cancelled: 3527
IBKR ERROR 162: Historical Market Data Service error message:API scanner subscription cancelled: 3527 (reqId=3527, symbol=?)
  Saved: /Users/duffy/warrior_bot_v2/scanner_results/2026-03-30.json (70 snapshots)
📊 Scanner: 0 new candidates, 0 new subs, 0 total watching
[19:13:00 ET] ACTIVE | flat | daily=$+0 (0t) | conn=OK | ticks=1514 | no symbols
[19:13:01 ET] ACTIVE | flat | daily=$+0 (0t) | conn=OK | ticks=1514 | no symbols
[19:14:00 ET] ACTIVE | flat | daily=$+0 (0t) | conn=OK | ticks=1514 | no symbols
[19:14:01 ET] ACTIVE | flat | daily=$+0 (0t) | conn=OK | ticks=1514 | no symbols
[19:15:00 ET] ACTIVE | flat | daily=$+0 (0t) | conn=OK | ticks=1514 | no symbols
[19:15:01 ET] ACTIVE | flat | daily=$+0 (0t) | conn=OK | ticks=1514 | no symbols
[19:16:00 ET] ACTIVE | flat | daily=$+0 (0t) | conn=OK | ticks=1514 | no symbols
[19:16:01 ET] ACTIVE | flat | daily=$+0 (0t) | conn=OK | ticks=1514 | no symbols

🔄 Running scanner at 19:16:24 ET...
Error 162, reqId 3608: Historical Market Data Service error message:API scanner subscription cancelled: 3608
IBKR ERROR 162: Historical Market Data Service error message:API scanner subscription cancelled: 3608 (reqId=3608, symbol=?)
  Saved: /Users/duffy/warrior_bot_v2/scanner_results/2026-03-30.json (71 snapshots)
📊 Scanner: 0 new candidates, 0 new subs, 0 total watching
[19:18:00 ET] ACTIVE | flat | daily=$+0 (0t) | conn=OK | ticks=1551 | no symbols
[19:18:01 ET] ACTIVE | flat | daily=$+0 (0t) | conn=OK | ticks=1551 | no symbols
[19:19:00 ET] ACTIVE | flat | daily=$+0 (0t) | conn=OK | ticks=1551 | no symbols
[19:19:01 ET] ACTIVE | flat | daily=$+0 (0t) | conn=OK | ticks=1551 | no symbols
[19:20:00 ET] ACTIVE | flat | daily=$+0 (0t) | conn=OK | ticks=1551 | no symbols
[19:20:01 ET] ACTIVE | flat | daily=$+0 (0t) | conn=OK | ticks=1551 | no symbols
[19:21:00 ET] ACTIVE | flat | daily=$+0 (0t) | conn=OK | ticks=1551 | no symbols
[19:21:01 ET] ACTIVE | flat | daily=$+0 (0t) | conn=OK | ticks=1551 | no symbols

🔄 Running scanner at 19:21:25 ET...
Error 162, reqId 3689: Historical Market Data Service error message:API scanner subscription cancelled: 3689
IBKR ERROR 162: Historical Market Data Service error message:API scanner subscription cancelled: 3689 (reqId=3689, symbol=?)
  Saved: /Users/duffy/warrior_bot_v2/scanner_results/2026-03-30.json (72 snapshots)
📊 Scanner: 0 new candidates, 0 new subs, 0 total watching
[19:23:00 ET] ACTIVE | flat | daily=$+0 (0t) | conn=OK | ticks=1586 | no symbols
[19:23:01 ET] ACTIVE | flat | daily=$+0 (0t) | conn=OK | ticks=1586 | no symbols
[19:24:00 ET] ACTIVE | flat | daily=$+0 (0t) | conn=OK | ticks=1586 | no symbols
[19:24:01 ET] ACTIVE | flat | daily=$+0 (0t) | conn=OK | ticks=1586 | no symbols
[19:25:00 ET] ACTIVE | flat | daily=$+0 (0t) | conn=OK | ticks=1586 | no symbols
[19:25:01 ET] ACTIVE | flat | daily=$+0 (0t) | conn=OK | ticks=1586 | no symbols
[19:26:00 ET] ACTIVE | flat | daily=$+0 (0t) | conn=OK | ticks=1586 | no symbols
[19:26:01 ET] ACTIVE | flat | daily=$+0 (0t) | conn=OK | ticks=1586 | no symbols

🔄 Running scanner at 19:26:25 ET...
Error 162, reqId 3770: Historical Market Data Service error message:API scanner subscription cancelled: 3770
IBKR ERROR 162: Historical Market Data Service error message:API scanner subscription cancelled: 3770 (reqId=3770, symbol=?)
  Saved: /Users/duffy/warrior_bot_v2/scanner_results/2026-03-30.json (73 snapshots)
📊 Scanner: 0 new candidates, 0 new subs, 0 total watching
[19:28:00 ET] ACTIVE | flat | daily=$+0 (0t) | conn=OK | ticks=1622 | no symbols
[19:28:01 ET] ACTIVE | flat | daily=$+0 (0t) | conn=OK | ticks=1622 | no symbols
[19:29:00 ET] ACTIVE | flat | daily=$+0 (0t) | conn=OK | ticks=1622 | no symbols
[19:29:01 ET] ACTIVE | flat | daily=$+0 (0t) | conn=OK | ticks=1622 | no symbols
[19:30:00 ET] ACTIVE | flat | daily=$+0 (0t) | conn=OK | ticks=1622 | no symbols
[19:30:01 ET] ACTIVE | flat | daily=$+0 (0t) | conn=OK | ticks=1622 | no symbols
[19:31:00 ET] ACTIVE | flat | daily=$+0 (0t) | conn=OK | ticks=1622 | no symbols
[19:31:01 ET] ACTIVE | flat | daily=$+0 (0t) | conn=OK | ticks=1622 | no symbols

🔄 Running scanner at 19:31:26 ET...
Error 162, reqId 3851: Historical Market Data Service error message:API scanner subscription cancelled: 3851
IBKR ERROR 162: Historical Market Data Service error message:API scanner subscription cancelled: 3851 (reqId=3851, symbol=?)
  Saved: /Users/duffy/warrior_bot_v2/scanner_results/2026-03-30.json (74 snapshots)
📊 Scanner: 0 new candidates, 0 new subs, 0 total watching
[19:33:00 ET] ACTIVE | flat | daily=$+0 (0t) | conn=OK | ticks=1658 | no symbols
[19:33:01 ET] ACTIVE | flat | daily=$+0 (0t) | conn=OK | ticks=1658 | no symbols
[19:34:00 ET] ACTIVE | flat | daily=$+0 (0t) | conn=OK | ticks=1658 | no symbols
[19:34:01 ET] ACTIVE | flat | daily=$+0 (0t) | conn=OK | ticks=1658 | no symbols
[19:35:00 ET] ACTIVE | flat | daily=$+0 (0t) | conn=OK | ticks=1658 | no symbols
[19:35:01 ET] ACTIVE | flat | daily=$+0 (0t) | conn=OK | ticks=1658 | no symbols
[19:36:00 ET] ACTIVE | flat | daily=$+0 (0t) | conn=OK | ticks=1658 | no symbols
[19:36:01 ET] ACTIVE | flat | daily=$+0 (0t) | conn=OK | ticks=1658 | no symbols

🔄 Running scanner at 19:36:26 ET...
Error 162, reqId 3932: Historical Market Data Service error message:API scanner subscription cancelled: 3932
IBKR ERROR 162: Historical Market Data Service error message:API scanner subscription cancelled: 3932 (reqId=3932, symbol=?)
  Saved: /Users/duffy/warrior_bot_v2/scanner_results/2026-03-30.json (75 snapshots)
📊 Scanner: 0 new candidates, 0 new subs, 0 total watching
[19:38:00 ET] ACTIVE | flat | daily=$+0 (0t) | conn=OK | ticks=1693 | no symbols
[19:38:01 ET] ACTIVE | flat | daily=$+0 (0t) | conn=OK | ticks=1693 | no symbols
[19:39:00 ET] ACTIVE | flat | daily=$+0 (0t) | conn=OK | ticks=1693 | no symbols
[19:39:01 ET] ACTIVE | flat | daily=$+0 (0t) | conn=OK | ticks=1693 | no symbols
[19:40:00 ET] ACTIVE | flat | daily=$+0 (0t) | conn=OK | ticks=1693 | no symbols
[19:40:01 ET] ACTIVE | flat | daily=$+0 (0t) | conn=OK | ticks=1693 | no symbols
[19:41:00 ET] ACTIVE | flat | daily=$+0 (0t) | conn=OK | ticks=1693 | no symbols
[19:41:01 ET] ACTIVE | flat | daily=$+0 (0t) | conn=OK | ticks=1693 | no symbols

🔄 Running scanner at 19:41:27 ET...
Error 162, reqId 4013: Historical Market Data Service error message:API scanner subscription cancelled: 4013
IBKR ERROR 162: Historical Market Data Service error message:API scanner subscription cancelled: 4013 (reqId=4013, symbol=?)
  Saved: /Users/duffy/warrior_bot_v2/scanner_results/2026-03-30.json (76 snapshots)
📊 Scanner: 0 new candidates, 0 new subs, 0 total watching
[19:43:00 ET] ACTIVE | flat | daily=$+0 (0t) | conn=OK | ticks=1725 | no symbols
[19:43:01 ET] ACTIVE | flat | daily=$+0 (0t) | conn=OK | ticks=1725 | no symbols
[19:44:00 ET] ACTIVE | flat | daily=$+0 (0t) | conn=OK | ticks=1725 | no symbols
[19:44:01 ET] ACTIVE | flat | daily=$+0 (0t) | conn=OK | ticks=1725 | no symbols
[19:45:00 ET] ACTIVE | flat | daily=$+0 (0t) | conn=OK | ticks=1725 | no symbols
[19:45:01 ET] ACTIVE | flat | daily=$+0 (0t) | conn=OK | ticks=1725 | no symbols
[19:46:00 ET] ACTIVE | flat | daily=$+0 (0t) | conn=OK | ticks=1725 | no symbols
[19:46:01 ET] ACTIVE | flat | daily=$+0 (0t) | conn=OK | ticks=1725 | no symbols

🔄 Running scanner at 19:46:28 ET...
Error 162, reqId 4094: Historical Market Data Service error message:API scanner subscription cancelled: 4094
IBKR ERROR 162: Historical Market Data Service error message:API scanner subscription cancelled: 4094 (reqId=4094, symbol=?)
  Saved: /Users/duffy/warrior_bot_v2/scanner_results/2026-03-30.json (77 snapshots)
📊 Scanner: 0 new candidates, 0 new subs, 0 total watching
[19:48:00 ET] ACTIVE | flat | daily=$+0 (0t) | conn=OK | ticks=1759 | no symbols
[19:48:01 ET] ACTIVE | flat | daily=$+0 (0t) | conn=OK | ticks=1759 | no symbols
[19:49:00 ET] ACTIVE | flat | daily=$+0 (0t) | conn=OK | ticks=1759 | no symbols
[19:49:01 ET] ACTIVE | flat | daily=$+0 (0t) | conn=OK | ticks=1759 | no symbols
[19:50:00 ET] ACTIVE | flat | daily=$+0 (0t) | conn=OK | ticks=1759 | no symbols
[19:50:01 ET] ACTIVE | flat | daily=$+0 (0t) | conn=OK | ticks=1759 | no symbols
[19:51:00 ET] ACTIVE | flat | daily=$+0 (0t) | conn=OK | ticks=1759 | no symbols
[19:51:01 ET] ACTIVE | flat | daily=$+0 (0t) | conn=OK | ticks=1759 | no symbols

🔄 Running scanner at 19:51:28 ET...
Error 162, reqId 4175: Historical Market Data Service error message:API scanner subscription cancelled: 4175
IBKR ERROR 162: Historical Market Data Service error message:API scanner subscription cancelled: 4175 (reqId=4175, symbol=?)
  Saved: /Users/duffy/warrior_bot_v2/scanner_results/2026-03-30.json (78 snapshots)
📊 Scanner: 0 new candidates, 0 new subs, 0 total watching
[19:53:00 ET] ACTIVE | flat | daily=$+0 (0t) | conn=OK | ticks=1797 | no symbols
[19:53:01 ET] ACTIVE | flat | daily=$+0 (0t) | conn=OK | ticks=1797 | no symbols
[19:54:00 ET] ACTIVE | flat | daily=$+0 (0t) | conn=OK | ticks=1797 | no symbols
[19:54:01 ET] ACTIVE | flat | daily=$+0 (0t) | conn=OK | ticks=1797 | no symbols
[19:55:00 ET] ACTIVE | flat | daily=$+0 (0t) | conn=OK | ticks=1797 | no symbols
[19:55:01 ET] ACTIVE | flat | daily=$+0 (0t) | conn=OK | ticks=1797 | no symbols
[19:56:00 ET] ACTIVE | flat | daily=$+0 (0t) | conn=OK | ticks=1797 | no symbols
[19:56:01 ET] ACTIVE | flat | daily=$+0 (0t) | conn=OK | ticks=1797 | no symbols

🔄 Running scanner at 19:56:28 ET...
Error 162, reqId 4256: Historical Market Data Service error message:API scanner subscription cancelled: 4256
IBKR ERROR 162: Historical Market Data Service error message:API scanner subscription cancelled: 4256 (reqId=4256, symbol=?)
  Saved: /Users/duffy/warrior_bot_v2/scanner_results/2026-03-30.json (79 snapshots)
📊 Scanner: 0 new candidates, 0 new subs, 0 total watching
[19:58:00 ET] ACTIVE | flat | daily=$+0 (0t) | conn=OK | ticks=1833 | no symbols
[19:58:01 ET] ACTIVE | flat | daily=$+0 (0t) | conn=OK | ticks=1833 | no symbols
[19:59:00 ET] ACTIVE | flat | daily=$+0 (0t) | conn=OK | ticks=1833 | no symbols
[19:59:01 ET] ACTIVE | flat | daily=$+0 (0t) | conn=OK | ticks=1833 | no symbols

🛑 All trading windows closed. Shutting down.
  Tick cache: AAL → +1 ticks (total 1)
  Tick cache: ACHR → +3 ticks (total 3)
  Tick cache: AGRO → +2 ticks (total 2)
  Tick cache: AKTS → +2 ticks (total 2)
  Tick cache: ALTI → +2 ticks (total 2)
  Tick cache: ANNA → +94 ticks (total 94)
  Tick cache: ARTV → +1 ticks (total 3)
  Tick cache: ASTC → +81 ticks (total 534,676)
  Tick cache: ATHE → +1 ticks (total 1)
  Tick cache: AVD → +56 ticks (total 100)
  Tick cache: BBAI → +2 ticks (total 2)
  Tick cache: BBD → +2 ticks (total 2)
  Tick cache: BBWI → +3 ticks (total 3)
  Tick cache: BCTX → +2 ticks (total 2)
  Tick cache: BEBE → +2 ticks (total 2)
  Tick cache: BITO → +2 ticks (total 2)
  Tick cache: BLRK → +2 ticks (total 2)
  Tick cache: BMNR → +2 ticks (total 2)
  Tick cache: BNKK → +2 ticks (total 2)
  Tick cache: BODI → +2 ticks (total 2)
  Tick cache: BTE → +3 ticks (total 3)
  Tick cache: BTG → +2 ticks (total 2)
  Tick cache: BUR → +2 ticks (total 2)
  Tick cache: BZUN → +2 ticks (total 22)
  Tick cache: CAEP → +2 ticks (total 2)
  Tick cache: CANE → +2 ticks (total 2)
  Tick cache: CBIO → +3 ticks (total 3)
  Tick cache: CDE → +2 ticks (total 2)
  Tick cache: CHIQ → +2 ticks (total 2)
  Tick cache: CIFR → +3 ticks (total 3)
  Tick cache: CIM PRC → +2 ticks (total 2)
  Tick cache: CLBT → +1 ticks (total 1)
  Tick cache: CNTB → +2 ticks (total 2)
  Tick cache: CODI → +3 ticks (total 44)
  Tick cache: CORD → +17 ticks (total 38)
  Tick cache: CORN → +2 ticks (total 2)
  Tick cache: CRCD → +3 ticks (total 3)
  Tick cache: DNN → +2 ticks (total 2)
  Tick cache: DRIP → +2 ticks (total 2)
  Tick cache: EEIQ → +64 ticks (total 439,660)
  Tick cache: EGG → +2 ticks (total 2)
  Tick cache: ELAB → +84 ticks (total 753,276)
  Tick cache: ERY → +2 ticks (total 2)
  Tick cache: ETHA → +2 ticks (total 2)
  Tick cache: ETHM → +2 ticks (total 2)
  Tick cache: F → +2 ticks (total 2)
  Tick cache: FBYD → +52 ticks (total 52)
  Tick cache: FGI → +1 ticks (total 1)
  Tick cache: FRMI → +2 ticks (total 2)
  Tick cache: GEVO → +2 ticks (total 2)
  Tick cache: GGB → +2 ticks (total 2)
  Tick cache: GLND → +89 ticks (total 142)
  Tick cache: GOAI → +2 ticks (total 18)
  Tick cache: GPAT → +2 ticks (total 2)
  Tick cache: GRAB → +2 ticks (total 2)
  Tick cache: GTEN → +1 ticks (total 1)
  Tick cache: HCM → +2 ticks (total 2)
  Tick cache: HERE → +2 ticks (total 2)
  Tick cache: HTCO → +87 ticks (total 99)
  Tick cache: IBRX → +2 ticks (total 2)
  Tick cache: ICU → +91 ticks (total 125)
  Tick cache: IDN → +59 ticks (total 79)
  Tick cache: IMDX → +2 ticks (total 2)
  Tick cache: IONR → +57 ticks (total 103)
  Tick cache: JBLU → +2 ticks (total 2)
  Tick cache: JFBR → +87 ticks (total 127)
  Tick cache: KZR → +55 ticks (total 103)
  Tick cache: LATA → +2 ticks (total 2)
  Tick cache: LCUT → +2 ticks (total 2)
  Tick cache: LIFE → +2 ticks (total 2)
  Tick cache: LUD → +2 ticks (total 2)
  Tick cache: LYG → +2 ticks (total 2)
  Tick cache: MARA → +2 ticks (total 2)
  Tick cache: MKDW → +55 ticks (total 105)
  Tick cache: MMLP → +2 ticks (total 2)
  Tick cache: MSFD → +3 ticks (total 3)
  Tick cache: MSTU → +2 ticks (total 2)
  Tick cache: NBIZ → +92 ticks (total 120)
  Tick cache: NIO → +1 ticks (total 1)
  Tick cache: NOK → +2 ticks (total 2)
  Tick cache: NOWL → +2 ticks (total 2)
  Tick cache: NSYS → +1 ticks (total 1)
  Tick cache: NTRP → +87 ticks (total 89)
  Tick cache: NU → +2 ticks (total 2)
  Tick cache: NVD → +2 ticks (total 2)
  Tick cache: NVTS → +2 ticks (total 2)
  Tick cache: ONDS → +2 ticks (total 2)
  Tick cache: OPEN → +2 ticks (total 2)
  Tick cache: PALU → +2 ticks (total 17)
  Tick cache: PANG → +2 ticks (total 21)
  Tick cache: PCSA → +2 ticks (total 2)
  Tick cache: PIM → +2 ticks (total 2)
  Tick cache: PLMKU → +2 ticks (total 2)
  Tick cache: PLTD → +2 ticks (total 2)
  Tick cache: PLUG → +2 ticks (total 2)
  Tick cache: PPHC → +2 ticks (total 2)
  Tick cache: PSIG → +2 ticks (total 2)
  Tick cache: PTLE → +2 ticks (total 2)
  Tick cache: PTON → +2 ticks (total 2)
  Tick cache: QNTM → +2 ticks (total 49)
  Tick cache: QVCGA → +2 ticks (total 4)
  Tick cache: RAC U → +2 ticks (total 2)
  Tick cache: RIG → +2 ticks (total 2)
  Tick cache: RWM → +2 ticks (total 2)
  Tick cache: RZLV → +2 ticks (total 10)
  Tick cache: SBB → +2 ticks (total 2)
  Tick cache: SCO → +2 ticks (total 2)
  Tick cache: SGML → +2 ticks (total 47)
  Tick cache: SHO PRI → +1 ticks (total 1)
  Tick cache: SKIL → +1 ticks (total 1)
  Tick cache: SNAP → +1 ticks (total 1)
  Tick cache: SOFI → +2 ticks (total 2)
  Tick cache: SONM → +53 ticks (total 91)
  Tick cache: SPDN → +1 ticks (total 1)
  Tick cache: SST → +4 ticks (total 47)
  Tick cache: STLA → +2 ticks (total 2)
  Tick cache: TBI → +2 ticks (total 2)
  Tick cache: TETH → +1 ticks (total 1)
  Tick cache: TSDD → +2 ticks (total 2)
  Tick cache: TSLG → +2 ticks (total 2)
  Tick cache: TSLL → +2 ticks (total 2)
  Tick cache: TURB → +1 ticks (total 13)
  Tick cache: TZA → +2 ticks (total 2)
  Tick cache: UVIX → +2 ticks (total 2)
  Tick cache: VATE → +100 ticks (total 154)
  Tick cache: VFS → +2 ticks (total 2)
  Tick cache: VRCA → +2 ticks (total 2)
  Tick cache: VRDN → +2 ticks (total 2)
  Tick cache: WULF → +2 ticks (total 2)
  Tick cache: XPEG → +1 ticks (total 1)
  Tick cache: ZNB → +2 ticks (total 2)
  Tick cache: CDT → +91 ticks (total 91)
  Tick cache: POLA → +64 ticks (total 64)
📦 Tick cache saved: 133 symbols → tick_cache/2026-03-30/

============================================================
  SESSION SUMMARY
  Trades: 0
  Daily P&L: $+0
============================================================
