[WB] BOOT: COLD (reason=no_marker, marker_age=n/a)
[WB] 2026-05-12T04:00:12.177271-04:00 starting equity $94,998 (third Alpaca paper account)
[WB] 2026-05-12T04:00:12.178884-04:00 connected to engine — fail-CLOSED until first healthy heartbeat
[WB] 2026-05-12T04:00:15.968571-04:00 stream healthy — entries unlocked
[WB] 2026-05-12T04:05:19.729588-04:00 SST WB_OBSERVE: wave_id=1 dir=up mag=1.31%
[WB] 2026-05-12T04:08:00.482677-04:00 TRAW WB_OBSERVE: wave_id=1 dir=up mag=1.94%
[WB] 2026-05-12T04:12:05.352189-04:00 NVOX WB_OBSERVE: wave_id=1 dir=up mag=3.02%
[WB] 2026-05-12T04:16:23.387930-04:00 SST WB_OBSERVE: wave_id=2 dir=up mag=1.04%
[WB] 2026-05-12T04:17:11.520117-04:00 TRAW WB_DOWNWAVE: wave_id=2 score=2 (< 7, no arm)
[WB] 2026-05-12T04:23:14.970091-04:00 CLNN WB_OBSERVE: wave_id=1 dir=up mag=0.77%
[WB] 2026-05-12T04:26:01.828366-04:00 NVOX WB_OBSERVE: wave_id=2 dir=up mag=6.00%
[WB] 2026-05-12T04:27:58.017731-04:00 TRAW WB_DOWNWAVE: wave_id=3 score=4 (< 7, no arm)
[WB] 2026-05-12T04:36:29.392541-04:00 TRAW WB_DOWNWAVE: wave_id=4 score=5 (< 7, no arm)
[WB] 2026-05-12T04:39:12.961164-04:00 SST WB_DOWNWAVE: wave_id=3 score=2 (< 7, no arm)
[WB] 2026-05-12T04:40:00.523922-04:00 ENSC WB_OBSERVE: wave_id=1 dir=up mag=1.77%
[WB] 2026-05-12T04:40:12.792704-04:00 TRAW WB_DOWNWAVE: wave_id=5 score=5 (< 7, no arm)
[WB] 2026-05-12T04:41:00.403907-04:00 ODYS WB_OBSERVE: wave_id=1 dir=up mag=2.60%
[WB] 2026-05-12T04:44:02.024585-04:00 ODYS WB_DOWNWAVE: wave_id=2 score=1 (< 7, no arm)
[WB] 2026-05-12T04:45:00.604222-04:00 ENSC WB_OBSERVE: wave_id=2 dir=up mag=1.43%
[WB] 2026-05-12T04:45:02.607667-04:00 NVOX WB_DOWNWAVE: wave_id=3 score=4 (< 7, no arm)
[WB] 2026-05-12T04:52:01.695898-04:00 ODYS WB_OBSERVE: wave_id=3 dir=up mag=2.15%
[WB] 2026-05-12T04:54:01.357096-04:00 NVOX WB_OBSERVE: wave_id=4 dir=up mag=1.28%
[WB] 2026-05-12T05:03:17.237740-04:00 ENSC WB_OBSERVE: wave_id=3 dir=up mag=1.05%
[WB] 2026-05-12T05:09:06.204344-04:00 ODYS WB_DOWNWAVE: wave_id=4 score=5 (< 7, no arm)
[WB] 2026-05-12T05:10:01.780783-04:00 ENSC WB_DOWNWAVE: wave_id=4 score=3 (< 7, no arm)
[WB] 2026-05-12T05:11:03.216650-04:00 ODYS WB_OBSERVE: wave_id=5 dir=up mag=1.50%
[WB] 2026-05-12T05:18:04.087499-04:00 ODYS WB_DOWNWAVE: wave_id=6 score=2 (< 7, no arm)
[WB] 2026-05-12T05:20:01.929348-04:00 ENSC WB_DOWNWAVE: wave_id=5 score=4 (< 7, no arm)
[WB] 2026-05-12T05:20:11.691969-04:00 TRAW WB_OBSERVE: wave_id=6 dir=up mag=0.99%
[WB] 2026-05-12T05:26:02.686259-04:00 ENSC WB_DOWNWAVE: wave_id=6 score=5 (< 7, no arm)
[WB] 2026-05-12T05:27:02.650598-04:00 ENSC WB_OBSERVE: wave_id=7 dir=up mag=1.05%
[WB] 2026-05-12T05:28:00.729281-04:00 ODYS WB_OBSERVE: wave_id=7 dir=up mag=3.47%
[WB] 2026-05-12T05:29:00.310965-04:00 XOS WB_OBSERVE: wave_id=1 dir=up mag=2.48%
[WB] 2026-05-12T05:29:02.562901-04:00 ENSC WB_DOWNWAVE: wave_id=8 score=5 (< 7, no arm)
[WB] 2026-05-12T05:29:04.314740-04:00 ODYS WB_DOWNWAVE: wave_id=8 score=4 (< 7, no arm)
[WB] 2026-05-12T05:31:14.870865-04:00 TRAW WB_ARMED: score=10 wave_id=7 prov_entry=2.0300 stop=2.0050
[WB] 2026-05-12T05:31:14.871023-04:00 TRAW ENTRY qty=24630 ibkr_signal=$2.0300 stop=$2.0050 R=$0.0250 risk=$2375 notional=$49,999 score=10
[FALLBACK] TRAW BUY limit=2.0500 reason=no_quote ibkr_signal=2.0300 buffer_pct=1.0
[WB] 2026-05-12T05:31:15.433947-04:00 BROKER ORDER: 9eba03c2-d97a-4f7f-ac64-51a0ece034e2 BUY 24630 TRAW @ $2.05
[WB] 2026-05-12T05:31:16.193678-04:00 TRAW FILL @ $2.0400 qty=24630
[WB] 2026-05-12T05:34:04.725306-04:00 ENSC WB_OBSERVE: wave_id=9 dir=up mag=0.96%
[WB] 2026-05-12T05:40:03.356671-04:00 ODYS WB_DOWNWAVE: wave_id=9 score=5 (< 7, no arm)
[WB] 2026-05-12T05:43:22.870555-04:00 ENSC WB_ARMED: score=7 wave_id=10 prov_entry=0.3042 stop=0.3034
[WB] 2026-05-12T05:43:22.870759-04:00 ENSC SKIP: qty<=0 (entry=0.3042 stop=0.3034 equity=$94,998)
[WB] 2026-05-12T05:44:09.930328-04:00 ENSC WB_OBSERVE: wave_id=11 dir=up mag=4.69%
[WB] 2026-05-12T05:48:02.063949-04:00 XOS WB_OBSERVE: wave_id=2 dir=up mag=1.95%
[WB] 2026-05-12T05:48:09.072216-04:00 ODYS WB_ARMED: score=8 wave_id=10 prov_entry=4.6700 stop=4.6484
[WB] 2026-05-12T05:48:09.072401-04:00 ODYS ENTRY qty=10706 ibkr_signal=$4.6700 stop=$4.6484 R=$0.0216 risk=$2375 notional=$49,997 score=8
[FALLBACK] ODYS BUY limit=4.7200 reason=no_quote ibkr_signal=4.6700 buffer_pct=1.0
[WB] 2026-05-12T05:48:09.420471-04:00 BROKER ORDER: 46825049-d011-4888-a170-8549b77eb229 BUY 10706 ODYS @ $4.72
[FALLBACK] ODYS BUY limit=4.7200 reason=no_quote ibkr_signal=4.6700 buffer_pct=1.0
[WB] 2026-05-12T05:48:20.305170-04:00 BROKER ORDER: b833cae4-db81-4625-89eb-846760d248d1 BUY 10706 ODYS @ $4.72 [RETRY 1/3]
[WB] 2026-05-12T05:48:23.698204-04:00 ODYS FILL @ $4.7000 qty=10706 (after 1 retries)
[WB] 2026-05-12T05:51:07.557099-04:00 ODYS WB_OBSERVE: wave_id=11 dir=up (in-trade)
[WB] 2026-05-12T05:56:12.198984-04:00 ENSC WB_OBSERVE: wave_id=12 dir=up mag=4.94%
[WB] 2026-05-12T05:57:11.550406-04:00 TRAW WB_OBSERVE: wave_id=8 dir=up (in-trade)
[WB] 2026-05-12T05:58:08.369990-04:00 TRAW WB_OBSERVE: wave_id=9 dir=down (in-trade)
[WB] 2026-05-12T05:59:00.001267-04:00 ENSC WB_OBSERVE: wave_id=13 dir=up mag=4.42%
[WB] 2026-05-12T05:59:03.692041-04:00 TRAW EXIT submitting reason=stop_hit qty=24630 ref=$2.0000
[FALLBACK] TRAW SELL limit=1.9800 reason=no_quote ibkr_signal=2.0000 buffer_pct=1.0
[WB] 2026-05-12T05:59:03.974728-04:00 BROKER ORDER: 4d26cf94-d20e-4899-9a9e-0f0c5fb92b47 SELL 24630 TRAW @ $1.98
[WB] 2026-05-12T05:59:05.262922-04:00 TRAW CLOSED @ $2.0000 pnl=$-985.20 reason=stop_hit daily_pnl=$-985.20
[WB] 2026-05-12T05:59:15.279182-04:00 ODYS WB_OBSERVE: wave_id=12 dir=up (in-trade)
[WB] 2026-05-12T06:01:03.092311-04:00 XOS WB_DOWNWAVE: wave_id=3 score=4 (< 7, no arm)
[WB] 2026-05-12T06:02:56.936898-04:00 ODYS EXIT submitting reason=stop_hit qty=10706 ref=$4.6300
[FALLBACK] ODYS SELL limit=4.5800 reason=no_quote ibkr_signal=4.6300 buffer_pct=1.0
[WB] 2026-05-12T06:02:57.292457-04:00 BROKER ORDER: 9cd8993c-5a53-4cc1-96f7-f23dd76b9b62 SELL 10706 ODYS @ $4.58
[WB] 2026-05-12T06:02:59.993234-04:00 ODYS CLOSED @ $4.6200 pnl=$-856.48 reason=stop_hit daily_pnl=$-1,841.68
[WB] 2026-05-12T06:03:07.944994-04:00 ODYS WB_DOWNWAVE: wave_id=13 score=4 (< 7, no arm)
[WB] 2026-05-12T06:07:00.036558-04:00 XOS WB_DOWNWAVE: wave_id=4 score=3 (< 7, no arm)
[WB] 2026-05-12T06:07:00.717689-04:00 ENSC WB_OBSERVE: wave_id=14 dir=up mag=0.87%
[WB] 2026-05-12T06:11:27.592980-04:00 SST WB_DOWNWAVE: wave_id=4 score=5 (< 7, no arm)
[WB] 2026-05-12T06:16:46.991302-04:00 SST WB_DOWNWAVE: wave_id=5 score=6 (< 7, no arm)
[WB] 2026-05-12T06:18:07.903023-04:00 ODYS WB_OBSERVE: wave_id=14 dir=up mag=2.16%
[WB] 2026-05-12T06:21:06.358737-04:00 XOS WB_OBSERVE: wave_id=5 dir=up mag=2.50%
[WB] 2026-05-12T06:24:17.591539-04:00 ODYS WB_OBSERVE: wave_id=15 dir=up mag=1.50%
[WB] 2026-05-12T06:25:08.968007-04:00 SST WB_OBSERVE: wave_id=6 dir=up mag=1.79%
[WB] 2026-05-12T06:29:00.240777-04:00 XOS WB_ARMED: score=10 wave_id=6 prov_entry=2.0400 stop=2.0249
[WB] 2026-05-12T06:29:00.240970-04:00 XOS ENTRY qty=24509 ibkr_signal=$2.0400 stop=$2.0249 R=$0.0151 risk=$2329 notional=$49,998 score=10
[FALLBACK] XOS BUY limit=2.0600 reason=no_quote ibkr_signal=2.0400 buffer_pct=1.0
[WB] 2026-05-12T06:29:08.439519-04:00 BROKER ORDER: e83a7b20-608f-4f0b-ae65-b2062ee4312c BUY 24509 XOS @ $2.06
[WB] 2026-05-12T06:29:09.215219-04:00 XOS FILL @ $2.0500 qty=24509
[WB] 2026-05-12T06:34:06.527674-04:00 ODYS WB_OBSERVE: wave_id=16 dir=up mag=1.07%
[WB] 2026-05-12T06:35:00.662324-04:00 XOS EXIT submitting reason=stop_hit qty=24509 ref=$2.0200
[FALLBACK] XOS SELL limit=2.0000 reason=no_quote ibkr_signal=2.0200 buffer_pct=1.0
[WB] 2026-05-12T06:35:01.044323-04:00 BROKER ORDER: f13c4e24-ad97-4db3-9104-b2bfbba30d1c SELL 24509 XOS @ $2.00
[WB] 2026-05-12T06:35:01.768681-04:00 XOS CLOSED @ $2.0200 pnl=$-735.27 reason=stop_hit daily_pnl=$-2,576.95
[WB] 2026-05-12T06:35:15.179058-04:00 SST WB_DOWNWAVE: wave_id=7 score=6 (< 7, no arm)
[WB] 2026-05-12T06:38:09.507290-04:00 XOS WB_ARMED: score=10 wave_id=7 prov_entry=2.0400 stop=2.0249
[WB] 2026-05-12T06:38:09.508318-04:00 XOS REFUSE entry: daily risk kill (daily_pnl=$-2,576.95)
[WB] 2026-05-12T06:40:39.408384-04:00 TRAW WB_OBSERVE: wave_id=10 dir=up mag=1.96%
[WB] 2026-05-12T06:41:02.188851-04:00 XOS WB_OBSERVE: wave_id=8 dir=up mag=1.98%
[WB] 2026-05-12T06:44:04.188567-04:00 XOS WB_OBSERVE: wave_id=9 dir=up mag=2.96%
[WB] 2026-05-12T06:50:43.650195-04:00 TRAW WB_ARMED: score=7 wave_id=11 prov_entry=2.0304 stop=2.0253
[WB] 2026-05-12T06:50:43.650345-04:00 TRAW REFUSE entry: daily risk kill (daily_pnl=$-2,576.95)
[WB] 2026-05-12T06:58:16.228022-04:00 TRAW WB_DOWNWAVE: wave_id=12 score=6 (< 7, no arm)
[WB] 2026-05-12T06:59:00.788884-04:00 XOS WB_OBSERVE: wave_id=10 dir=up mag=2.38%
[WB] 2026-05-12T07:00:01.188838-04:00 ODYS WB_DOWNWAVE: wave_id=17 score=6 (< 7, no arm)
[WB] 2026-05-12T07:01:01.205196-04:00 ENSC WB_DOWNWAVE: wave_id=15 score=2 (< 7, no arm)
[WB] 2026-05-12T07:02:01.031212-04:00 ENSC WB_OBSERVE: wave_id=16 dir=up mag=1.21%
[WB] 2026-05-12T07:02:08.159079-04:00 ATRA WB_OBSERVE: wave_id=1 dir=up mag=1.02%
[WB] 2026-05-12T07:07:21.003524-04:00 ENSC WB_DOWNWAVE: wave_id=17 score=4 (< 7, no arm)
[WB] 2026-05-12T07:08:04.176372-04:00 XOS WB_DOWNWAVE: wave_id=11 score=4 (< 7, no arm)
[WB] 2026-05-12T07:08:06.678576-04:00 TRAW WB_ARMED: score=7 wave_id=13 prov_entry=2.0495 stop=2.0444
[WB] 2026-05-12T07:08:06.678726-04:00 TRAW REFUSE entry: daily risk kill (daily_pnl=$-2,576.95)
[WB] 2026-05-12T07:08:13.507994-04:00 ODYS WB_OBSERVE: wave_id=18 dir=up mag=1.48%
[WB] 2026-05-12T07:09:49.310650-04:00 TRAW WB_OBSERVE: wave_id=14 dir=up mag=1.99%
[WB] 2026-05-12T07:14:01.743698-04:00 XOS WB_DOWNWAVE: wave_id=12 score=5 (< 7, no arm)
[WB] 2026-05-12T07:16:01.903138-04:00 ODYS WB_DOWNWAVE: wave_id=19 score=3 (< 7, no arm)
[WB] 2026-05-12T07:16:09.912720-04:00 ATRA WB_OBSERVE: wave_id=2 dir=up mag=5.80%
[WB] 2026-05-12T07:17:20.432984-04:00 NVOX WB_OBSERVE: wave_id=5 dir=up mag=0.86%
[WB] 2026-05-12T07:18:00.114711-04:00 XOS WB_OBSERVE: wave_id=13 dir=up mag=2.87%
[WB] 2026-05-12T07:22:06.285214-04:00 ENSC WB_OBSERVE: wave_id=18 dir=up mag=2.17%
[WB] 2026-05-12T07:25:21.678040-04:00 ATRA WB_DOWNWAVE: wave_id=3 score=2 (< 7, no arm)
[WB] 2026-05-12T07:30:15.260823-04:00 ENSC WB_OBSERVE: wave_id=19 dir=up mag=1.51%
[WB] 2026-05-12T07:32:01.646989-04:00 ODYS WB_OBSERVE: wave_id=20 dir=up mag=2.34%
[WB] 2026-05-12T07:32:02.397701-04:00 XOS WB_DOWNWAVE: wave_id=14 score=5 (< 7, no arm)
[WB] 2026-05-12T07:32:07.655270-04:00 ENSC WB_ARMED: score=8 wave_id=20 prov_entry=0.3300 stop=0.3242
[WB] 2026-05-12T07:32:07.655410-04:00 ENSC REFUSE entry: daily risk kill (daily_pnl=$-2,576.95)
[WB] 2026-05-12T07:36:38.793059-04:00 ATRA WB_OBSERVE: wave_id=4 dir=up mag=0.77%
[WB] 2026-05-12T07:42:04.541403-04:00 XOS WB_OBSERVE: wave_id=15 dir=up mag=0.99%
[WB] 2026-05-12T07:43:00.356475-04:00 ENSC WB_ARMED: score=8 wave_id=21 prov_entry=0.3300 stop=0.3246
[WB] 2026-05-12T07:43:00.356630-04:00 ENSC REFUSE entry: daily risk kill (daily_pnl=$-2,576.95)
[WB] 2026-05-12T07:45:06.418484-04:00 ODYS WB_OBSERVE: wave_id=21 dir=up mag=1.48%
[WB] 2026-05-12T07:45:11.175371-04:00 ENSC WB_OBSERVE: wave_id=22 dir=up mag=2.43%
[WB] 2026-05-12T07:47:10.372602-04:00 TRAW WB_OBSERVE: wave_id=15 dir=up mag=1.00%
[WB] 2026-05-12T07:48:48.237415-04:00 TRAW WB_ARMED: score=7 wave_id=16 prov_entry=2.0200 stop=2.0050
[WB] 2026-05-12T07:48:48.237675-04:00 TRAW REFUSE entry: daily risk kill (daily_pnl=$-2,576.95)
[WB] 2026-05-12T07:52:04.493492-04:00 ODYS WB_OBSERVE: wave_id=22 dir=up mag=1.46%
[WB] 2026-05-12T07:53:07.497923-04:00 XOS WB_ARMED: score=9 wave_id=16 prov_entry=2.1587 stop=2.1347
[WB] 2026-05-12T07:53:07.498045-04:00 XOS REFUSE entry: daily risk kill (daily_pnl=$-2,576.95)
[WB] 2026-05-12T08:01:05.963196-04:00 XOS WB_DOWNWAVE: wave_id=17 score=6 (< 7, no arm)
[WB] 2026-05-12T08:02:01.314974-04:00 XOS WB_OBSERVE: wave_id=18 dir=up mag=1.40%
[WB] 2026-05-12T08:05:00.815281-04:00 XOS WB_DOWNWAVE: wave_id=19 score=5 (< 7, no arm)
[WB] 2026-05-12T08:05:02.067039-04:00 ODYS WB_OBSERVE: wave_id=23 dir=up mag=0.82%
[WB] 2026-05-12T08:09:01.254610-04:00 ENSC WB_DOWNWAVE: wave_id=23 score=2 (< 7, no arm)
[WB] 2026-05-12T08:11:22.433522-04:00 FATN WB_DOWNWAVE: wave_id=1 score=2 (< 7, no arm)
[WB] 2026-05-12T08:14:01.611152-04:00 XOS WB_OBSERVE: wave_id=20 dir=up mag=2.40%
[WB] 2026-05-12T08:16:09.125675-04:00 ENSC WB_ARMED: score=9 wave_id=24 prov_entry=0.3288 stop=0.3212
[WB] 2026-05-12T08:16:09.125775-04:00 ENSC REFUSE entry: daily risk kill (daily_pnl=$-2,576.95)
[WB] 2026-05-12T08:18:06.254567-04:00 ENSC WB_OBSERVE: wave_id=25 dir=up mag=2.17%
[WB] 2026-05-12T08:25:27.063937-04:00 FATN WB_OBSERVE: wave_id=2 dir=up mag=0.87%
[WB] 2026-05-12T08:26:00.860913-04:00 TRAW WB_OBSERVE: wave_id=17 dir=up mag=1.00%
[WB] 2026-05-12T08:28:04.929419-04:00 ENSC WB_OBSERVE: wave_id=26 dir=up mag=1.28%
[WB] 2026-05-12T08:29:03.744415-04:00 SST WB_DOWNWAVE: wave_id=8 score=3 (< 7, no arm)
[WB] 2026-05-12T08:31:02.420874-04:00 XOS WB_OBSERVE: wave_id=21 dir=up mag=1.47%
[WB] 2026-05-12T08:31:35.404589-04:00 ENSC WB_OBSERVE: wave_id=27 dir=up mag=4.30%
[WB] 2026-05-12T08:39:03.149233-04:00 XOS WB_OBSERVE: wave_id=22 dir=up mag=1.42%
[WB] 2026-05-12T08:39:17.920096-04:00 ODYS WB_DOWNWAVE: wave_id=24 score=4 (< 7, no arm)
[WB] 2026-05-12T08:45:03.408676-04:00 XOS WB_DOWNWAVE: wave_id=23 score=3 (< 7, no arm)
[WB] 2026-05-12T08:45:05.661875-04:00 ODYS WB_DOWNWAVE: wave_id=25 score=4 (< 7, no arm)
[WB] 2026-05-12T08:45:34.456389-04:00 SST WB_OBSERVE: wave_id=9 dir=up mag=4.00%
[WB] 2026-05-12T08:50:01.517688-04:00 ODYS WB_DOWNWAVE: wave_id=26 score=3 (< 7, no arm)
[WB] 2026-05-12T08:50:25.742285-04:00 ENSC WB_DOWNWAVE: wave_id=28 score=3 (< 7, no arm)
[WB] 2026-05-12T08:51:00.148342-04:00 XOS WB_OBSERVE: wave_id=24 dir=up mag=1.44%
[WB] 2026-05-12T08:52:27.485487-04:00 TRAW WB_OBSERVE: wave_id=18 dir=up mag=2.19%
[WB] 2026-05-12T08:53:39.503679-04:00 CLNN WB_DOWNWAVE: wave_id=2 score=3 (< 7, no arm)
[WB] 2026-05-12T08:55:35.825088-04:00 ENSC WB_OBSERVE: wave_id=29 dir=up mag=3.00%
[WB] 2026-05-12T08:57:00.519170-04:00 XOS WB_OBSERVE: wave_id=25 dir=up mag=2.38%
[WB] 2026-05-12T08:59:03.912980-04:00 TRAW WB_DOWNWAVE: wave_id=19 score=5 (< 7, no arm)
[WB] 2026-05-12T09:00:00.184376-04:00 TRAW WB_OBSERVE: wave_id=20 dir=up mag=1.53%
[WB] 2026-05-12T09:01:09.328674-04:00 ENSC WB_DOWNWAVE: wave_id=30 score=5 (< 7, no arm)
[WB] 2026-05-12T09:04:01.028408-04:00 XOS WB_DOWNWAVE: wave_id=26 score=2 (< 7, no arm)
[WB] 2026-05-12T09:06:21.275619-04:00 TRAW WB_ARMED: score=8 wave_id=21 prov_entry=1.9800 stop=1.9721
[WB] 2026-05-12T09:06:21.276516-04:00 TRAW REFUSE entry: daily risk kill (daily_pnl=$-2,576.95)
[WB] 2026-05-12T09:09:17.688399-04:00 FATN WB_DOWNWAVE: wave_id=3 score=5 (< 7, no arm)
[WB] 2026-05-12T09:10:04.392641-04:00 ENSC WB_DOWNWAVE: wave_id=31 score=6 (< 7, no arm)
[WB] 2026-05-12T09:11:03.159365-04:00 XOS WB_DOWNWAVE: wave_id=27 score=3 (< 7, no arm)
[WB] 2026-05-12T09:13:00.134712-04:00 CNCK WB_DOWNWAVE: wave_id=1 score=2 (< 7, no arm)
[WB] 2026-05-12T09:16:04.720609-04:00 XOS WB_OBSERVE: wave_id=28 dir=up mag=0.95%
[WB] 2026-05-12T09:16:07.294415-04:00 ENSC WB_ARMED: score=8 wave_id=32 prov_entry=0.3338 stop=0.3292
[WB] 2026-05-12T09:16:07.294520-04:00 ENSC REFUSE entry: daily risk kill (daily_pnl=$-2,576.95)
[WB] 2026-05-12T09:17:07.309179-04:00 ODYS WB_DOWNWAVE: wave_id=27 score=3 (< 7, no arm)
[WB] 2026-05-12T09:17:10.380384-04:00 TRAW WB_OBSERVE: wave_id=22 dir=up mag=1.01%
[WB] 2026-05-12T09:18:00.203225-04:00 XOS WB_DOWNWAVE: wave_id=29 score=3 (< 7, no arm)
[WB] 2026-05-12T09:21:29.617495-04:00 ATRA WB_OBSERVE: wave_id=5 dir=up mag=1.43%
[WB] 2026-05-12T09:23:00.240068-04:00 XOS WB_OBSERVE: wave_id=30 dir=up mag=1.93%
[WB] 2026-05-12T09:23:28.145725-04:00 ENSC WB_OBSERVE: wave_id=33 dir=up mag=1.98%
[WB] 2026-05-12T09:24:00.134544-04:00 ODYS WB_OBSERVE: wave_id=28 dir=up mag=1.71%
[WB] 2026-05-12T09:24:28.384686-04:00 TRAW WB_OBSERVE: wave_id=23 dir=up mag=1.01%
[WB] 2026-05-12T09:28:01.057513-04:00 ODYS WB_ARMED: score=8 wave_id=29 prov_entry=4.7800 stop=4.6583
[WB] 2026-05-12T09:28:01.057665-04:00 ODYS REFUSE entry: daily risk kill (daily_pnl=$-2,576.95)
[WB] 2026-05-12T09:28:27.666950-04:00 ENSC WB_OBSERVE: wave_id=34 dir=up mag=2.65%
[WB] 2026-05-12T09:29:00.606097-04:00 NVOX WB_DOWNWAVE: wave_id=6 score=4 (< 7, no arm)
[WB] 2026-05-12T09:29:23.192483-04:00 TRAW WB_DOWNWAVE: wave_id=24 score=4 (< 7, no arm)
[WB] 2026-05-12T09:31:00.845343-04:00 ATRA WB_OBSERVE: wave_id=6 dir=up mag=3.41%
[WB] 2026-05-12T09:31:05.216072-04:00 CLNN WB_OBSERVE: wave_id=3 dir=up mag=0.97%
[WB] 2026-05-12T09:31:07.572672-04:00 ENSC WB_OBSERVE: wave_id=35 dir=up mag=1.47%
[WB] 2026-05-12T09:32:01.429062-04:00 SST WB_OBSERVE: wave_id=10 dir=up mag=3.16%
[WB] 2026-05-12T09:33:00.358933-04:00 NVOX WB_DOWNWAVE: wave_id=7 score=4 (< 7, no arm)
[WB] 2026-05-12T09:35:02.875645-04:00 ENSC WB_DOWNWAVE: wave_id=36 score=2 (< 7, no arm)
[WB] 2026-05-12T09:38:00.168588-04:00 NVOX WB_OBSERVE: wave_id=8 dir=up mag=1.70%
[WB] 2026-05-12T09:38:03.356828-04:00 CLNN WB_DOWNWAVE: wave_id=4 score=2 (< 7, no arm)
[WB] 2026-05-12T09:42:00.716250-04:00 FATN WB_ARMED: score=7 wave_id=4 prov_entry=3.4800 stop=3.4525
[WB] 2026-05-12T09:42:00.716341-04:00 FATN REFUSE entry: daily risk kill (daily_pnl=$-2,576.95)
[WB] 2026-05-12T09:42:03.407318-04:00 ATRA WB_OBSERVE: wave_id=7 dir=up mag=3.37%
[WB] 2026-05-12T09:43:00.350279-04:00 NVOX WB_DOWNWAVE: wave_id=9 score=4 (< 7, no arm)
[WB] 2026-05-12T09:44:01.209386-04:00 FATN WB_OBSERVE: wave_id=5 dir=up mag=0.83%
[WB] 2026-05-12T09:47:01.876008-04:00 ENSC WB_OBSERVE: wave_id=37 dir=up mag=1.08%
[WB] 2026-05-12T09:51:02.652683-04:00 SST WB_OBSERVE: wave_id=11 dir=up mag=2.58%
[WB] 2026-05-12T09:55:02.923643-04:00 CLNN WB_DOWNWAVE: wave_id=5 score=5 (< 7, no arm)
[WB] 2026-05-12T09:56:11.024455-04:00 SST WB_OBSERVE: wave_id=12 dir=up mag=1.33%
[WB] 2026-05-12T10:01:00.086493-04:00 ENSC WB_DOWNWAVE: wave_id=38 score=5 (< 7, no arm)
[WB] 2026-05-12T10:01:06.102034-04:00 SST WB_DOWNWAVE: wave_id=13 score=2 (< 7, no arm)
[WB] 2026-05-12T10:02:00.450424-04:00 NVOX WB_OBSERVE: wave_id=10 dir=up mag=0.82%
[WB] 2026-05-12T10:03:13.881249-04:00 ODYS WB_OBSERVE: wave_id=30 dir=up mag=1.98%
[WB] 2026-05-12T10:06:08.755248-04:00 FATN WB_OBSERVE: wave_id=6 dir=up mag=3.77%
[WB] 2026-05-12T10:07:29.377774-04:00 SST WB_OBSERVE: wave_id=14 dir=up mag=2.29%
[WB] 2026-05-12T10:08:01.200271-04:00 ENSC WB_OBSERVE: wave_id=39 dir=up mag=1.62%
[WB] 2026-05-12T10:08:04.029179-04:00 CLNN WB_ARMED: score=8 wave_id=6 prov_entry=6.1525 stop=6.1147
[WB] 2026-05-12T10:08:04.029332-04:00 CLNN REFUSE entry: daily risk kill (daily_pnl=$-2,576.95)
[WB] 2026-05-12T10:13:39.507540-04:00 CLNN WB_OBSERVE: wave_id=7 dir=up mag=1.55%
[WB] 2026-05-12T10:15:03.372731-04:00 ENSC WB_OBSERVE: wave_id=40 dir=up mag=3.10%
[WB] 2026-05-12T10:16:17.091572-04:00 XOS WB_DOWNWAVE: wave_id=31 score=6 (< 7, no arm)
[WB] 2026-05-12T10:17:03.132996-04:00 SST WB_DOWNWAVE: wave_id=15 score=4 (< 7, no arm)
[WB] 2026-05-12T10:17:09.712588-04:00 CLNN WB_ARMED: score=8 wave_id=8 prov_entry=6.1800 stop=6.1263
[WB] 2026-05-12T10:17:09.712703-04:00 CLNN REFUSE entry: daily risk kill (daily_pnl=$-2,576.95)
[WB] 2026-05-12T10:19:00.301558-04:00 CNCK WB_OBSERVE: wave_id=2 dir=up mag=2.30%
[WB] 2026-05-12T10:19:08.318791-04:00 XOS WB_DOWNWAVE: wave_id=32 score=1 (< 7, no arm)
[WB] 2026-05-12T10:20:00.063802-04:00 NVOX WB_OBSERVE: wave_id=11 dir=up mag=0.82%
[WB] 2026-05-12T10:20:00.500009-04:00 ODYS WB_OBSERVE: wave_id=31 dir=up mag=1.50%
[WB] 2026-05-12T10:23:28.091069-04:00 CLNN WB_ARMED: score=7 wave_id=9 prov_entry=6.1700 stop=6.1545
[WB] 2026-05-12T10:23:28.091186-04:00 CLNN REFUSE entry: daily risk kill (daily_pnl=$-2,576.95)
[WB] 2026-05-12T10:25:02.182421-04:00 XOS WB_DOWNWAVE: wave_id=33 score=6 (< 7, no arm)
[WB] 2026-05-12T10:26:41.558109-04:00 FATN WB_OBSERVE: wave_id=7 dir=up mag=1.71%
[WB] 2026-05-12T10:29:01.692855-04:00 CLNN WB_OBSERVE: wave_id=10 dir=up mag=2.45%
[WB] 2026-05-12T10:29:04.592459-04:00 XOS WB_DOWNWAVE: wave_id=34 score=3 (< 7, no arm)
[WB] 2026-05-12T10:29:15.046228-04:00 SST WB_DOWNWAVE: wave_id=16 score=6 (< 7, no arm)
[WB] 2026-05-12T10:31:06.276353-04:00 FATN WB_OBSERVE: wave_id=8 dir=up mag=1.13%
[WB] 2026-05-12T10:31:22.686637-04:00 SST WB_OBSERVE: wave_id=17 dir=up mag=1.56%
[WB] 2026-05-12T10:34:04.272425-04:00 SST WB_ARMED: score=7 wave_id=18 prov_entry=3.8600 stop=3.8504
[WB] 2026-05-12T10:34:04.272565-04:00 SST REFUSE entry: daily risk kill (daily_pnl=$-2,576.95)
[WB] 2026-05-12T10:35:00.528509-04:00 ENSC WB_DOWNWAVE: wave_id=41 score=2 (< 7, no arm)
[WB] 2026-05-12T10:36:24.019781-04:00 FATN WB_OBSERVE: wave_id=9 dir=up mag=0.85%
[WB] 2026-05-12T10:37:05.032919-04:00 TRAW WB_OBSERVE: wave_id=25 dir=up mag=1.69%
[WB] 2026-05-12T10:38:04.043997-04:00 XOS WB_OBSERVE: wave_id=35 dir=up mag=1.74%
[WB] 2026-05-12T10:39:08.620261-04:00 CLNN WB_ARMED: score=9 wave_id=11 prov_entry=6.2300 stop=6.1646
[WB] 2026-05-12T10:39:08.620421-04:00 CLNN REFUSE entry: daily risk kill (daily_pnl=$-2,576.95)
[WB] 2026-05-12T10:41:01.284468-04:00 SST WB_DOWNWAVE: wave_id=19 score=4 (< 7, no arm)
[WB] 2026-05-12T10:42:00.896602-04:00 ODYS WB_OBSERVE: wave_id=32 dir=up mag=1.73%
[WB] 2026-05-12T10:43:02.557119-04:00 FATN WB_OBSERVE: wave_id=10 dir=up mag=2.54%
[WB] 2026-05-12T10:43:54.494527-04:00 CLNN WB_DOWNWAVE: wave_id=12 score=5 (< 7, no arm)
[WB] 2026-05-12T10:44:00.552654-04:00 CNCK WB_DOWNWAVE: wave_id=3 score=1 (< 7, no arm)
[WB] 2026-05-12T10:45:00.014020-04:00 XOS WB_DOWNWAVE: wave_id=36 score=3 (< 7, no arm)
[WB] 2026-05-12T10:48:00.372634-04:00 NVOX WB_OBSERVE: wave_id=12 dir=up mag=0.76%
[WB] 2026-05-12T10:50:12.516282-04:00 CLNN WB_DOWNWAVE: wave_id=13 score=5 (< 7, no arm)
[WB] 2026-05-12T10:53:02.776298-04:00 ODYS WB_OBSERVE: wave_id=33 dir=up mag=2.17%
[WB] 2026-05-12T10:56:00.116396-04:00 NVOX WB_DOWNWAVE: wave_id=13 score=3 (< 7, no arm)
[WB] 2026-05-12T10:56:09.573880-04:00 FATN WB_OBSERVE: wave_id=11 dir=up mag=2.20%
[WB] 2026-05-12T10:56:12.341534-04:00 SST WB_OBSERVE: wave_id=20 dir=up mag=0.90%
[WB] 2026-05-12T10:56:16.100518-04:00 TRAW WB_OBSERVE: wave_id=26 dir=up mag=1.13%
[WB] 2026-05-12T10:57:50.777773-04:00 SST WB_DOWNWAVE: wave_id=21 score=6 (< 7, no arm)
[WB] 2026-05-12T11:00:02.063826-04:00 ODYS WB_OBSERVE: wave_id=34 dir=up mag=1.69%
[WB] 2026-05-12T11:02:18.729621-04:00 CLNN WB_DOWNWAVE: wave_id=14 score=3 (< 7, no arm)
[WB] 2026-05-12T11:05:08.070081-04:00 SST WB_OBSERVE: wave_id=22 dir=up mag=1.30%
[WB] 2026-05-12T11:07:02.349427-04:00 ENSC WB_ARMED: score=7 wave_id=42 prov_entry=0.3500 stop=0.3417
[WB] 2026-05-12T11:07:02.349507-04:00 ENSC REFUSE entry: daily risk kill (daily_pnl=$-2,576.95)
[WB] 2026-05-12T11:08:39.678830-04:00 SST WB_DOWNWAVE: wave_id=23 score=5 (< 7, no arm)
[WB] 2026-05-12T11:09:19.649236-04:00 signal received — shutting down
[WB] 2026-05-12T11:09:19.649421-04:00 shutdown complete (daily_pnl=$-2,576.95, open_positions=0)
[WB] 2026-05-12T11:09:19.649467-04:00 engine socket closed — fail-CLOSED, no new entries. Open positions: 0
[WB] BOOT: would RESUME (reason=resume_flag) but WB_SESSION_RESUME_ENABLED=0 — forcing COLD
[WB] BOOT: COLD (reason=resume_gate_off, marker_age=25809s)
[WB] 2026-05-12T11:10:21.627790-04:00 starting equity $92,421 (third Alpaca paper account)
[WB] 2026-05-12T11:10:21.628713-04:00 connected to engine — fail-CLOSED until first healthy heartbeat
[WB] 2026-05-12T11:10:26.156618-04:00 stream healthy — entries unlocked
[WB] 2026-05-12T11:15:07.638386-04:00 XOS WB_OBSERVE: wave_id=1 dir=up mag=2.31%
[WB] 2026-05-12T11:16:00.413399-04:00 CNCK WB_OBSERVE: wave_id=1 dir=up mag=1.42%
[WB] 2026-05-12T11:20:04.309142-04:00 SST WB_DOWNWAVE: wave_id=1 score=5 (< 7, no arm)
[WB] 2026-05-12T11:20:14.018206-04:00 ODYS WB_DOWNWAVE: wave_id=1 score=2 (< 7, no arm)
[WB] 2026-05-12T11:22:00.704946-04:00 TRAW WB_DOWNWAVE: wave_id=1 score=1 (< 7, no arm)
[WB] 2026-05-12T11:23:16.659554-04:00 CLNN WB_DOWNWAVE: wave_id=1 score=2 (< 7, no arm)
[WB] 2026-05-12T11:24:07.258121-04:00 XOS WB_OBSERVE: wave_id=2 dir=up mag=0.99%
[WB] 2026-05-12T11:24:13.612148-04:00 ATRA WB_DOWNWAVE: wave_id=1 score=2 (< 7, no arm)
[WB] 2026-05-12T11:27:00.164189-04:00 CNCK WB_OBSERVE: wave_id=2 dir=up mag=0.94%
[WB] 2026-05-12T11:30:00.165714-04:00 TRAW WB_OBSERVE: wave_id=2 dir=up mag=1.51%
[WB] 2026-05-12T11:30:42.023583-04:00 FATN WB_DOWNWAVE: wave_id=1 score=2 (< 7, no arm)
[WB] 2026-05-12T11:31:00.041508-04:00 ATRA WB_DOWNWAVE: wave_id=2 score=3 (< 7, no arm)
[WB] 2026-05-12T11:31:00.179668-04:00 CNCK WB_DOWNWAVE: wave_id=3 score=6 (< 7, no arm)
[WB] 2026-05-12T11:33:32.617099-04:00 FATN WB_DOWNWAVE: wave_id=2 score=2 (< 7, no arm)
[WB] 2026-05-12T11:34:00.749595-04:00 NVOX WB_DOWNWAVE: wave_id=1 score=1 (< 7, no arm)
[WB] 2026-05-12T11:35:00.187735-04:00 SST WB_OBSERVE: wave_id=2 dir=up mag=0.96%
[WB] 2026-05-12T11:35:00.689888-04:00 ODYS WB_DOWNWAVE: wave_id=2 score=3 (< 7, no arm)
[WB] 2026-05-12T11:35:06.045641-04:00 ATRA WB_OBSERVE: wave_id=3 dir=up mag=3.54%
[WB] 2026-05-12T11:35:34.132681-04:00 FATN WB_OBSERVE: wave_id=3 dir=up mag=2.11%
[WB] 2026-05-12T11:36:00.581288-04:00 CNCK WB_DOWNWAVE: wave_id=4 score=4 (< 7, no arm)
[WB] 2026-05-12T11:36:02.335649-04:00 XOS WB_DOWNWAVE: wave_id=3 score=4 (< 7, no arm)
[WB] 2026-05-12T11:37:05.490147-04:00 TRAW WB_OBSERVE: wave_id=3 dir=up mag=1.69%
[WB] 2026-05-12T11:37:18.021961-04:00 XOS WB_OBSERVE: wave_id=4 dir=up mag=1.02%
[WB] 2026-05-12T11:39:09.621965-04:00 CLNN WB_OBSERVE: wave_id=2 dir=up mag=3.57%
[WB] 2026-05-12T11:40:08.281974-04:00 ODYS WB_DOWNWAVE: wave_id=3 score=2 (< 7, no arm)
[WB] 2026-05-12T11:41:34.416269-04:00 FATN WB_ARMED: score=8 wave_id=4 prov_entry=3.6200 stop=3.5711
[WB] 2026-05-12T11:41:34.416507-04:00 FATN ENTRY qty=13812 ibkr_signal=$3.6200 stop=$3.5711 R=$0.0489 risk=$2311 notional=$49,999 score=8
[FALLBACK] FATN BUY limit=3.6600 reason=stale_quote ibkr_signal=3.6200 buffer_pct=1.0
[WB] 2026-05-12T11:41:34.756354-04:00 BROKER ORDER: 6046cdc2-0a4e-4bf2-b21d-40cf386acc11 BUY 13812 FATN @ $3.66
[WB] 2026-05-12T11:41:35.405589-04:00 FATN FILL @ $3.6200 qty=13812
[WB] 2026-05-12T11:44:03.620713-04:00 ENSC WB_OBSERVE: wave_id=1 dir=up mag=1.78%
[WB] 2026-05-12T11:46:09.602833-04:00 CLNN WB_ARMED: score=7 wave_id=3 prov_entry=6.1300 stop=6.0249
[WB] 2026-05-12T11:46:09.602976-04:00 CLNN ENTRY qty=8130 ibkr_signal=$6.1500 stop=$6.0249 R=$0.1251 risk=$2311 notional=$50,000 score=7
[QUOTE_AWARE] CLNN BUY limit=6.6200 from alpaca_ask=6.5900 (ibkr_signal+buffer=6.1807) quote_age_ms=119
[WB] 2026-05-12T11:46:10.315848-04:00 CLNN BROKER REJECT: ConnectionError(ProtocolError('Connection aborted.', ConnectionResetError(54, 'Connection reset by peer')))
[WB] 2026-05-12T11:46:25.137656-04:00 SST WB_OBSERVE: wave_id=3 dir=up mag=1.01%
[WB] 2026-05-12T11:49:22.304127-04:00 FATN WB_OBSERVE: wave_id=5 dir=down (in-trade)
[WB] 2026-05-12T11:51:04.891209-04:00 ODYS WB_OBSERVE: wave_id=4 dir=up mag=1.32%
[WB] 2026-05-12T11:53:07.258862-04:00 ATRA WB_DOWNWAVE: wave_id=4 score=4 (< 7, no arm)
[WB] 2026-05-12T11:55:05.187724-04:00 CLNN WB_OBSERVE: wave_id=4 dir=up mag=1.15%
[WB] 2026-05-12T11:55:06.942771-04:00 FATN WB_OBSERVE: wave_id=6 dir=up (in-trade)
[WB] 2026-05-12T11:57:02.142475-04:00 CNCK WB_DOWNWAVE: wave_id=5 score=5 (< 7, no arm)
[WB] 2026-05-12T11:59:00.436171-04:00 XOS WB_DOWNWAVE: wave_id=5 score=5 (< 7, no arm)
[WB] 2026-05-12T11:59:06.037172-04:00 ODYS WB_DOWNWAVE: wave_id=5 score=3 (< 7, no arm)
[WB] 2026-05-12T12:00:17.151862-04:00 FATN EXIT submitting reason=stop_hit qty=13812 ref=$3.5400
[QUOTE_AWARE] FATN SELL limit=3.0700 from alpaca_bid=3.0900 (ibkr_signal+buffer=3.5223) quote_age_ms=274
[WB] 2026-05-12T12:00:17.522837-04:00 BROKER ORDER: c4d560f8-7f69-4e1f-952a-24774c6a1a23 SELL 13812 FATN @ $3.07
[WB] 2026-05-12T12:00:18.716029-04:00 FATN CLOSED @ $3.5200 pnl=$-1,381.20 reason=stop_hit daily_pnl=$-1,381.20
[WB] 2026-05-12T12:01:12.400491-04:00 FATN WB_DOWNWAVE: wave_id=7 score=2 (< 7, no arm)
[WB] 2026-05-12T12:01:38.032815-04:00 SST WB_DOWNWAVE: wave_id=4 score=6 (< 7, no arm)
[WB] 2026-05-12T12:02:04.701472-04:00 XOS WB_DOWNWAVE: wave_id=6 score=4 (< 7, no arm)
[WB] 2026-05-12T12:03:25.048583-04:00 SST WB_OBSERVE: wave_id=5 dir=up mag=1.30%
[WB] 2026-05-12T12:05:06.709033-04:00 ATRA WB_OBSERVE: wave_id=5 dir=up mag=1.55%
[WB] 2026-05-12T12:06:36.643954-04:00 SST WB_OBSERVE: wave_id=6 dir=up mag=1.81%
[WB] 2026-05-12T12:07:03.642469-04:00 TRAW WB_DOWNWAVE: wave_id=4 score=3 (< 7, no arm)
[WB] 2026-05-12T12:07:12.914053-04:00 FATN WB_OBSERVE: wave_id=8 dir=up mag=0.85%
[WB] 2026-05-12T12:09:05.579237-04:00 ODYS WB_OBSERVE: wave_id=6 dir=up mag=4.32%
[WB] 2026-05-12T12:11:07.816245-04:00 ATRA WB_DOWNWAVE: wave_id=6 score=5 (< 7, no arm)
[WB] 2026-05-12T12:15:01.021954-04:00 SST WB_OBSERVE: wave_id=7 dir=up mag=1.03%
[WB] 2026-05-12T12:16:08.249423-04:00 ODYS WB_DOWNWAVE: wave_id=7 score=3 (< 7, no arm)
[WB] 2026-05-12T12:16:14.336728-04:00 SST WB_DOWNWAVE: wave_id=8 score=3 (< 7, no arm)
[WB] 2026-05-12T12:19:35.092302-04:00 CLNN WB_DOWNWAVE: wave_id=5 score=6 (< 7, no arm)
[WB] 2026-05-12T12:20:12.951180-04:00 ATRA WB_ARMED: score=8 wave_id=7 prov_entry=10.0100 stop=9.8254
[WB] 2026-05-12T12:20:12.951293-04:00 ATRA ENTRY qty=4995 ibkr_signal=$10.0100 stop=$9.8254 R=$0.1846 risk=$2276 notional=$50,000 score=8
[FALLBACK] ATRA BUY limit=10.1100 reason=stale_quote ibkr_signal=10.0100 buffer_pct=1.0
[WB] 2026-05-12T12:20:13.292857-04:00 BROKER ORDER: fead8317-e4ce-4dbb-8e6f-52ddccf488ff BUY 4995 ATRA @ $10.11
[WB] 2026-05-12T12:20:23.791876-04:00 ATRA PARTIAL FILL 823/4995 BUY — accepting partial, NOT retrying (would compound the position)
[WB] 2026-05-12T12:20:23.793588-04:00 ATRA FILL @ $10.0400 qty=823
[WB] 2026-05-12T12:21:12.405446-04:00 ENSC WB_DOWNWAVE: wave_id=2 score=1 (< 7, no arm)
[WB] 2026-05-12T12:21:29.947737-04:00 CLNN WB_OBSERVE: wave_id=6 dir=up mag=0.91%
[WB] 2026-05-12T12:24:20.531338-04:00 TRAW WB_OBSERVE: wave_id=5 dir=up mag=1.12%
[WB] 2026-05-12T12:26:00.449910-04:00 CNCK WB_OBSERVE: wave_id=6 dir=up mag=0.89%
[WB] 2026-05-12T12:26:01.452409-04:00 XOS WB_OBSERVE: wave_id=7 dir=up mag=5.38%
[WB] 2026-05-12T12:26:13.476049-04:00 ODYS WB_OBSERVE: wave_id=8 dir=up mag=1.65%
[WB] 2026-05-12T12:26:37.027017-04:00 FATN WB_ARMED: score=9 wave_id=9 prov_entry=3.5500 stop=3.5212
[WB] 2026-05-12T12:26:37.027208-04:00 FATN ENTRY qty=14084 ibkr_signal=$3.5500 stop=$3.5212 R=$0.0288 risk=$2276 notional=$49,998 score=9
[FALLBACK] FATN BUY limit=3.5900 reason=stale_quote ibkr_signal=3.5500 buffer_pct=1.0
[WB] 2026-05-12T12:26:37.386781-04:00 BROKER ORDER: 960999b3-7fbd-40c1-8116-78e7b2b72fed BUY 14084 FATN @ $3.59
[WB] 2026-05-12T12:26:38.591963-04:00 FATN FILL @ $3.5800 qty=14084
[WB] 2026-05-12T12:27:00.073639-04:00 CNCK WB_DOWNWAVE: wave_id=7 score=5 (< 7, no arm)
[WB] 2026-05-12T12:27:09.091655-04:00 CLNN WB_DOWNWAVE: wave_id=7 score=5 (< 7, no arm)
[WB] 2026-05-12T12:27:28.131930-04:00 SST WB_DOWNWAVE: wave_id=9 score=5 (< 7, no arm)
[WB] 2026-05-12T12:28:22.745791-04:00 FATN WB_OBSERVE: wave_id=10 dir=up (in-trade)
[WB] 2026-05-12T12:28:22.745975-04:00 FATN EXIT submitting reason=stop_hit qty=14084 ref=$3.5100
[FALLBACK] FATN SELL limit=3.4700 reason=stale_quote ibkr_signal=3.5100 buffer_pct=1.0
[WB] 2026-05-12T12:28:23.493290-04:00 BROKER ORDER: bd11e9d9-dada-4eb1-8707-21f8c0abe17a SELL 14084 FATN @ $3.47
[WB] 2026-05-12T12:28:24.702004-04:00 FATN CLOSED @ $3.5000 pnl=$-1,126.72 reason=stop_hit daily_pnl=$-2,507.92
[WB] 2026-05-12T12:28:52.057738-04:00 SST WB_OBSERVE: wave_id=10 dir=up mag=1.98%
[WB] 2026-05-12T12:33:04.423150-04:00 XOS WB_OBSERVE: wave_id=8 dir=up mag=1.31%
[WB] 2026-05-12T12:33:09.184230-04:00 ATRA WB_OBSERVE: wave_id=8 dir=up (in-trade)
[WB] 2026-05-12T12:34:00.955791-04:00 ODYS WB_ARMED: score=8 wave_id=9 prov_entry=4.2800 stop=4.2593
[WB] 2026-05-12T12:34:00.955921-04:00 ODYS ENTRY qty=11682 ibkr_signal=$4.2800 stop=$4.2593 R=$0.0207 risk=$2248 notional=$49,999 score=8
[FALLBACK] ODYS BUY limit=4.3200 reason=stale_quote ibkr_signal=4.2800 buffer_pct=1.0
[WB] 2026-05-12T12:34:01.232112-04:00 BROKER ORDER: a2e36aab-70bc-4730-8634-7372439ebdb2 BUY 11682 ODYS @ $4.32
[FALLBACK] ODYS BUY limit=4.3200 reason=stale_quote ibkr_signal=4.2800 buffer_pct=1.0
[WB] 2026-05-12T12:34:11.938421-04:00 BROKER ORDER: 48fd717b-2ff6-4f74-a80e-674aa86f0b40 BUY 11682 ODYS @ $4.32 [RETRY 1/3]
[FALLBACK] ODYS BUY limit=4.3200 reason=stale_quote ibkr_signal=4.2800 buffer_pct=1.0
[WB] 2026-05-12T12:34:22.637127-04:00 BROKER ORDER: 5a2af63d-16c3-4c8b-b7fb-7863d5ce9698 BUY 11682 ODYS @ $4.32 [RETRY 2/3]
[FALLBACK] ODYS BUY limit=4.3200 reason=stale_quote ibkr_signal=4.2800 buffer_pct=1.0
[WB] 2026-05-12T12:34:33.336191-04:00 BROKER ORDER: 246a3b16-ff0e-476f-9355-7f60fed8d387 BUY 11682 ODYS @ $4.32 [RETRY 3/3]
[WB] 2026-05-12T12:34:43.604243-04:00 ODYS ORDER TIMEOUT: BUY cancelling 246a3b16-ff0e-476f-9355-7f60fed8d387 after 3 retries
[WB] 2026-05-12T12:35:01.092313-04:00 TRAW WB_DOWNWAVE: wave_id=6 score=6 (< 7, no arm)
[WB] 2026-05-12T12:35:05.314831-04:00 ODYS WB_OBSERVE: wave_id=10 dir=up mag=1.41%
[WB] 2026-05-12T12:37:01.811353-04:00 ENSC WB_DOWNWAVE: wave_id=3 score=3 (< 7, no arm)
[WB] 2026-05-12T12:39:01.749071-04:00 CLNN WB_OBSERVE: wave_id=8 dir=up mag=1.85%
[WB] 2026-05-12T12:39:09.262091-04:00 SST WB_OBSERVE: wave_id=11 dir=up mag=1.80%
[WB] 2026-05-12T12:40:01.181314-04:00 TRAW WB_OBSERVE: wave_id=7 dir=up mag=1.18%
[WB] 2026-05-12T12:41:04.488843-04:00 XOS WB_OBSERVE: wave_id=9 dir=up mag=1.30%
[WB] 2026-05-12T12:41:36.560026-04:00 ATRA WB_OBSERVE: wave_id=9 dir=down (in-trade)
[WB] 2026-05-12T12:42:02.121246-04:00 CNCK WB_OBSERVE: wave_id=8 dir=up mag=1.79%
[WB] 2026-05-12T12:42:16.151098-04:00 ODYS WB_OBSERVE: wave_id=11 dir=up mag=3.74%
[WB] 2026-05-12T12:44:05.647663-04:00 SST WB_OBSERVE: wave_id=12 dir=up mag=1.03%
[WB] 2026-05-12T12:44:15.415872-04:00 ENSC WB_ARMED: score=8 wave_id=4 prov_entry=0.3360 stop=0.3333
[WB] 2026-05-12T12:44:15.416035-04:00 ENSC SKIP: qty<=0 (entry=0.3360 stop=0.3333 equity=$89,913)
[WB] 2026-05-12T12:45:01.544518-04:00 CLNN WB_DOWNWAVE: wave_id=9 score=5 (< 7, no arm)
[WB] 2026-05-12T12:45:03.047573-04:00 XOS WB_DOWNWAVE: wave_id=10 score=2 (< 7, no arm)
[WB] 2026-05-12T12:45:34.637771-04:00 ATRA WB_OBSERVE: wave_id=10 dir=up (in-trade)
[WB] 2026-05-12T12:46:58.168002-04:00 TRAW WB_OBSERVE: wave_id=8 dir=up mag=2.25%
[WB] 2026-05-12T12:48:00.305214-04:00 SST WB_DOWNWAVE: wave_id=13 score=3 (< 7, no arm)
[WB] 2026-05-12T12:49:04.198737-04:00 ATRA WB_OBSERVE: wave_id=11 dir=down (in-trade)
[WB] 2026-05-12T12:49:04.449357-04:00 ODYS WB_DOWNWAVE: wave_id=12 score=1 (< 7, no arm)
[WB] 2026-05-12T12:51:35.003616-04:00 SST WB_DOWNWAVE: wave_id=14 score=4 (< 7, no arm)
[WB] 2026-05-12T12:54:00.080245-04:00 ATRA WB_OBSERVE: wave_id=12 dir=up (in-trade)
[WB] 2026-05-12T12:55:00.281013-04:00 ODYS WB_ARMED: score=7 wave_id=13 prov_entry=4.4300 stop=4.3691
[WB] 2026-05-12T12:55:00.281155-04:00 ODYS ENTRY qty=11286 ibkr_signal=$4.4300 stop=$4.3691 R=$0.0609 risk=$2248 notional=$49,997 score=7
[FALLBACK] ODYS BUY limit=4.4700 reason=stale_quote ibkr_signal=4.4300 buffer_pct=1.0
[WB] 2026-05-12T12:55:00.627807-04:00 BROKER ORDER: d180e6d4-79ae-4b62-a07d-3365253d3bcd BUY 11286 ODYS @ $4.47
[FALLBACK] ODYS BUY limit=4.4700 reason=stale_quote ibkr_signal=4.4300 buffer_pct=1.0
[WB] 2026-05-12T12:55:11.625802-04:00 BROKER ORDER: aefb15dd-0515-46a4-891a-f298e6469a08 BUY 11286 ODYS @ $4.47 [RETRY 1/3]
[FALLBACK] ODYS BUY limit=4.4700 reason=stale_quote ibkr_signal=4.4300 buffer_pct=1.0
[WB] 2026-05-12T12:55:22.311052-04:00 BROKER ORDER: c7412bde-3cfc-44b2-a5d3-fd7e1491f117 BUY 11286 ODYS @ $4.47 [RETRY 2/3]
[FALLBACK] ODYS BUY limit=4.4700 reason=stale_quote ibkr_signal=4.4300 buffer_pct=1.0
[WB] 2026-05-12T12:55:33.000791-04:00 BROKER ORDER: b9770684-c813-411c-b0e7-06237d807208 BUY 11286 ODYS @ $4.47 [RETRY 3/3]
[WB] 2026-05-12T12:55:43.298608-04:00 ODYS ORDER TIMEOUT: BUY cancelling b9770684-c813-411c-b0e7-06237d807208 after 3 retries
[WB] 2026-05-12T12:56:28.587730-04:00 XOS WB_OBSERVE: wave_id=11 dir=up mag=1.05%
[WB] 2026-05-12T12:58:00.097225-04:00 CNCK WB_DOWNWAVE: wave_id=9 score=5 (< 7, no arm)
[WB] 2026-05-12T12:58:41.787655-04:00 ENSC WB_DOWNWAVE: wave_id=5 score=6 (< 7, no arm)
[WB] 2026-05-12T12:59:02.874929-04:00 TRAW WB_OBSERVE: wave_id=9 dir=up mag=1.09%
[WB] 2026-05-12T12:59:33.290355-04:00 SST WB_OBSERVE: wave_id=15 dir=up mag=3.15%
[WB] 2026-05-12T13:01:06.786910-04:00 ODYS WB_OBSERVE: wave_id=14 dir=up mag=2.97%
[WB] 2026-05-12T13:01:41.108816-04:00 FATN WB_OBSERVE: wave_id=11 dir=up mag=0.87%
[WB] 2026-05-12T13:02:02.458797-04:00 ATRA WB_OBSERVE: wave_id=13 dir=down (in-trade)
[WB] 2026-05-12T13:02:06.467210-04:00 ENSC WB_DOWNWAVE: wave_id=6 score=5 (< 7, no arm)
[WB] 2026-05-12T13:03:05.619002-04:00 TRAW WB_DOWNWAVE: wave_id=10 score=3 (< 7, no arm)
[WB] 2026-05-12T13:03:22.906443-04:00 FATN WB_DOWNWAVE: wave_id=12 score=3 (< 7, no arm)
[WB] 2026-05-12T13:04:38.595352-04:00 ODYS WB_OBSERVE: wave_id=15 dir=up mag=3.17%
[WB] 2026-05-12T13:05:12.924371-04:00 SST WB_OBSERVE: wave_id=16 dir=up mag=3.62%
[WB] 2026-05-12T13:07:01.222745-04:00 CNCK WB_OBSERVE: wave_id=10 dir=up mag=1.37%
[WB] 2026-05-12T13:07:04.730825-04:00 FATN WB_OBSERVE: wave_id=13 dir=up mag=1.02%
[WB] 2026-05-12T13:09:08.752445-04:00 ATRA WB_OBSERVE: wave_id=14 dir=up (in-trade)
[WB] 2026-05-12T13:10:02.402533-04:00 TRAW WB_DOWNWAVE: wave_id=11 score=6 (< 7, no arm)
[WB] 2026-05-12T13:10:47.731507-04:00 CLNN WB_OBSERVE: wave_id=10 dir=up mag=1.34%
[WB] 2026-05-12T13:11:00.821977-04:00 CNCK WB_OBSERVE: wave_id=11 dir=up mag=1.59%
[WB] 2026-05-12T13:11:00.822395-04:00 XOS WB_DOWNWAVE: wave_id=12 score=5 (< 7, no arm)
[WB] 2026-05-12T13:11:42.912492-04:00 ODYS WB_OBSERVE: wave_id=16 dir=up mag=1.57%
[WB] 2026-05-12T13:12:28.978499-04:00 ENSC WB_DOWNWAVE: wave_id=7 score=4 (< 7, no arm)
[WB] 2026-05-12T13:13:10.343353-04:00 TRAW WB_DOWNWAVE: wave_id=12 score=4 (< 7, no arm)
[WB] 2026-05-12T13:14:01.617619-04:00 CNCK WB_OBSERVE: wave_id=12 dir=up mag=1.80%
[WB] 2026-05-12T13:14:07.446958-04:00 ATRA WB_OBSERVE: wave_id=15 dir=up (in-trade)
[WB] 2026-05-12T13:15:03.609329-04:00 ODYS WB_OBSERVE: wave_id=17 dir=up mag=1.56%
[WB] 2026-05-12T13:15:13.493590-04:00 FATN WB_OBSERVE: wave_id=14 dir=up mag=4.65%
[WB] 2026-05-12T13:16:00.286057-04:00 ENSC WB_OBSERVE: wave_id=8 dir=up mag=1.66%
[WB] 2026-05-12T13:17:00.839254-04:00 XOS WB_OBSERVE: wave_id=13 dir=up mag=2.56%
[WB] 2026-05-12T13:17:06.352070-04:00 SST WB_OBSERVE: wave_id=17 dir=up mag=3.06%
[WB] 2026-05-12T13:18:10.174354-04:00 TRAW WB_OBSERVE: wave_id=13 dir=up mag=1.11%
[WB] 2026-05-12T13:19:07.372932-04:00 ATRA WB_OBSERVE: wave_id=16 dir=up (in-trade)
[WB] 2026-05-12T13:19:32.190336-04:00 ODYS WB_DOWNWAVE: wave_id=18 score=3 (< 7, no arm)
[WB] 2026-05-12T13:20:00.767263-04:00 SST WB_OBSERVE: wave_id=18 dir=up mag=3.75%
[WB] 2026-05-12T13:21:04.588290-04:00 XOS WB_OBSERVE: wave_id=14 dir=up mag=1.51%
[WB] 2026-05-12T13:23:01.889517-04:00 ENSC WB_OBSERVE: wave_id=9 dir=up mag=3.20%
[WB] 2026-05-12T13:25:07.612301-04:00 CNCK WB_OBSERVE: wave_id=13 dir=up mag=1.35%
[WB] 2026-05-12T13:25:22.456783-04:00 ATRA WB_TRAIL_ARMED: peak=10.2800 trail=10.1727
[WB] 2026-05-12T13:25:40.545799-04:00 ATRA EXIT submitting reason=trailing_stop qty=823 ref=$10.2000
[FALLBACK] ATRA SELL limit=10.1000 reason=stale_quote ibkr_signal=10.2000 buffer_pct=1.0
[WB] 2026-05-12T13:25:40.815458-04:00 BROKER ORDER: 879f31a5-2a8a-4071-bda3-40b78cfd4560 SELL 823 ATRA @ $10.10
[FALLBACK] ATRA SELL limit=10.1000 reason=stale_quote ibkr_signal=10.2000 buffer_pct=1.0
[WB] 2026-05-12T13:25:51.605894-04:00 BROKER ORDER: d15c6cfd-903b-4f40-b0de-944dcc781ead SELL 823 ATRA @ $10.10 [RETRY 1/3]
[FALLBACK] ATRA SELL limit=10.1000 reason=stale_quote ibkr_signal=10.2000 buffer_pct=1.0
[WB] 2026-05-12T13:26:02.407065-04:00 BROKER ORDER: 9c8830e5-ce0f-4d11-b389-6a40c7038d22 SELL 823 ATRA @ $10.10 [RETRY 2/3]
[FALLBACK] ATRA SELL limit=10.1000 reason=stale_quote ibkr_signal=10.2000 buffer_pct=1.0
[WB] 2026-05-12T13:26:13.175799-04:00 BROKER ORDER: dcc07173-a4ba-4da3-ba01-0c040bb8d92f SELL 823 ATRA @ $10.10 [RETRY 3/3]
[WB] 2026-05-12T13:26:23.477920-04:00 ATRA ORDER TIMEOUT: SELL cancelling dcc07173-a4ba-4da3-ba01-0c040bb8d92f after 3 retries
[WB] 2026-05-12T13:26:23.479220-04:00 ATRA EXIT FAILED — position still open
[WB] 2026-05-12T13:26:25.470782-04:00 ATRA EXIT submitting reason=trailing_stop qty=823 ref=$10.1200
[FALLBACK] ATRA SELL limit=10.0200 reason=stale_quote ibkr_signal=10.1200 buffer_pct=1.0
[WB] 2026-05-12T13:26:25.540680-04:00 BROKER ORDER: 1130a0af-33be-4fd2-a067-4e74e44dbb95 SELL 823 ATRA @ $10.02
[WB] 2026-05-12T13:26:26.166899-04:00 ATRA CLOSED @ $10.0900 pnl=$+41.15 reason=trailing_stop daily_pnl=$-2,466.77
[WB] 2026-05-12T13:31:00.734586-04:00 XOS WB_DOWNWAVE: wave_id=15 score=2 (< 7, no arm)
[WB] 2026-05-12T13:31:03.491181-04:00 ATRA WB_DOWNWAVE: wave_id=17 score=2 (< 7, no arm)
[WB] 2026-05-12T13:31:18.091097-04:00 SST WB_OBSERVE: wave_id=19 dir=up mag=1.35%
[WB] 2026-05-12T13:32:13.271046-04:00 ODYS WB_OBSERVE: wave_id=19 dir=up mag=3.81%
[WB] 2026-05-12T13:32:31.719830-04:00 ENSC WB_DOWNWAVE: wave_id=10 score=5 (< 7, no arm)
[WB] 2026-05-12T13:35:10.671474-04:00 TRAW WB_DOWNWAVE: wave_id=14 score=5 (< 7, no arm)
[WB] 2026-05-12T13:36:12.975465-04:00 CLNN WB_OBSERVE: wave_id=11 dir=up mag=0.84%
[WB] 2026-05-12T13:37:01.917721-04:00 ODYS WB_DOWNWAVE: wave_id=20 score=5 (< 7, no arm)
[WB] 2026-05-12T13:37:27.135879-04:00 ATRA WB_OBSERVE: wave_id=18 dir=up mag=1.50%
[WB] 2026-05-12T13:41:03.600000-04:00 XOS WB_OBSERVE: wave_id=16 dir=up mag=1.54%
[WB] 2026-05-12T13:41:39.184060-04:00 ATRA WB_DOWNWAVE: wave_id=19 score=3 (< 7, no arm)
[WB] 2026-05-12T13:42:44.576597-04:00 ENSC WB_OBSERVE: wave_id=11 dir=up mag=2.40%
[WB] 2026-05-12T13:43:41.947454-04:00 ODYS WB_OBSERVE: wave_id=21 dir=up mag=3.37%
[WB] 2026-05-12T13:45:01.719239-04:00 ATRA WB_OBSERVE: wave_id=20 dir=up mag=2.14%
[WB] 2026-05-12T13:48:10.643568-04:00 CNCK WB_OBSERVE: wave_id=14 dir=up mag=0.89%
[WB] 2026-05-12T13:49:05.684037-04:00 XOS WB_DOWNWAVE: wave_id=17 score=4 (< 7, no arm)
[WB] 2026-05-12T13:50:00.245674-04:00 CNCK WB_DOWNWAVE: wave_id=15 score=3 (< 7, no arm)
[WB] 2026-05-12T13:50:07.571489-04:00 TRAW WB_OBSERVE: wave_id=15 dir=up mag=1.10%
[WB] 2026-05-12T13:51:06.431134-04:00 ODYS WB_OBSERVE: wave_id=22 dir=up mag=1.52%
[WB] 2026-05-12T13:51:19.706204-04:00 ATRA WB_ARMED: score=7 wave_id=21 prov_entry=9.9400 stop=9.9052
[WB] 2026-05-12T13:51:19.706348-04:00 ATRA ENTRY qty=5030 ibkr_signal=$9.9400 stop=$9.9052 R=$0.0348 risk=$2249 notional=$49,998 score=7
[FALLBACK] ATRA BUY limit=10.0400 reason=stale_quote ibkr_signal=9.9400 buffer_pct=1.0
[WB] 2026-05-12T13:51:20.321384-04:00 BROKER ORDER: e8288212-9210-4bc8-8586-bc8b6bce475a BUY 5030 ATRA @ $10.04
[WB] 2026-05-12T13:51:21.518663-04:00 ATRA FILL @ $10.0300 qty=5030
[WB] 2026-05-12T13:53:46.501950-04:00 ATRA EXIT submitting reason=stop_hit qty=5030 ref=$9.8900
[QUOTE_AWARE] ATRA SELL limit=8.4800 from alpaca_bid=8.5200 (ibkr_signal+buffer=9.8406) quote_age_ms=182
[WB] 2026-05-12T13:53:46.710334-04:00 BROKER ORDER: d1d2ec91-8897-4bd8-a3da-3922929e4a03 SELL 5030 ATRA @ $8.48
[WB] 2026-05-12T13:53:50.725139-04:00 ATRA CLOSED @ $9.8000 pnl=$-1,156.90 reason=stop_hit daily_pnl=$-3,623.67
[WB] 2026-05-12T13:56:00.191220-04:00 TRAW WB_OBSERVE: wave_id=16 dir=up mag=1.67%
[WB] 2026-05-12T13:56:06.638678-04:00 ODYS WB_DOWNWAVE: wave_id=23 score=3 (< 7, no arm)
[WB] 2026-05-12T13:58:00.184223-04:00 ENSC WB_ARMED: score=10 wave_id=12 prov_entry=0.3374 stop=0.3279
[WB] 2026-05-12T13:58:00.184331-04:00 ENSC REFUSE entry: daily risk kill (daily_pnl=$-3,623.67)
[WB] 2026-05-12T13:58:20.660533-04:00 XOS WB_OBSERVE: wave_id=18 dir=up mag=0.75%
[WB] 2026-05-12T14:00:01.244522-04:00 CNCK WB_OBSERVE: wave_id=16 dir=up mag=0.91%
[WB] 2026-05-12T14:00:02.247118-04:00 XOS WB_DOWNWAVE: wave_id=19 score=4 (< 7, no arm)
[WB] 2026-05-12T14:00:22.920488-04:00 ENSC WB_OBSERVE: wave_id=13 dir=up mag=2.71%
[WB] 2026-05-12T14:03:01.118421-04:00 ODYS WB_OBSERVE: wave_id=24 dir=up mag=1.51%
[WB] 2026-05-12T14:06:14.241556-04:00 ENSC WB_ARMED: score=8 wave_id=14 prov_entry=0.3371 stop=0.3321
[WB] 2026-05-12T14:06:14.241667-04:00 ENSC REFUSE entry: daily risk kill (daily_pnl=$-3,623.67)
[WB] 2026-05-12T14:08:00.203202-04:00 ATRA WB_DOWNWAVE: wave_id=22 score=3 (< 7, no arm)
[WB] 2026-05-12T14:11:03.465362-04:00 XOS WB_DOWNWAVE: wave_id=20 score=4 (< 7, no arm)
[WB] 2026-05-12T14:12:20.429943-04:00 ENSC WB_OBSERVE: wave_id=15 dir=up mag=1.38%
[WB] 2026-05-12T14:14:06.825206-04:00 FATN WB_DOWNWAVE: wave_id=15 score=3 (< 7, no arm)
[WB] 2026-05-12T14:14:12.578602-04:00 ENSC WB_ARMED: score=8 wave_id=16 prov_entry=0.3351 stop=0.3323
[WB] 2026-05-12T14:14:12.578679-04:00 ENSC REFUSE entry: daily risk kill (daily_pnl=$-3,623.67)
[WB] 2026-05-12T14:17:00.698820-04:00 CNCK WB_DOWNWAVE: wave_id=17 score=3 (< 7, no arm)
[WB] 2026-05-12T14:19:10.958780-04:00 XOS WB_ARMED: score=8 wave_id=21 prov_entry=1.9800 stop=1.9451
[WB] 2026-05-12T14:19:10.959002-04:00 XOS REFUSE entry: daily risk kill (daily_pnl=$-3,623.67)
[WB] 2026-05-12T14:20:00.164194-04:00 ATRA WB_DOWNWAVE: wave_id=23 score=2 (< 7, no arm)
[WB] 2026-05-12T14:21:01.635659-04:00 XOS WB_ARMED: score=7 wave_id=22 prov_entry=1.9600 stop=1.9551
[WB] 2026-05-12T14:21:01.635801-04:00 XOS REFUSE entry: daily risk kill (daily_pnl=$-3,623.67)
[WB] 2026-05-12T14:23:00.518981-04:00 TRAW WB_DOWNWAVE: wave_id=17 score=2 (< 7, no arm)
[WB] 2026-05-12T14:25:00.126780-04:00 CNCK WB_DOWNWAVE: wave_id=18 score=4 (< 7, no arm)
[WB] 2026-05-12T14:30:02.709422-04:00 CNCK WB_ARMED: score=7 wave_id=19 prov_entry=2.1599 stop=2.1347
[WB] 2026-05-12T14:30:02.709500-04:00 CNCK REFUSE entry: daily risk kill (daily_pnl=$-3,623.67)
[WB] 2026-05-12T14:32:15.357882-04:00 ATRA WB_DOWNWAVE: wave_id=24 score=5 (< 7, no arm)
[WB] 2026-05-12T14:33:02.947074-04:00 TRAW WB_OBSERVE: wave_id=18 dir=up mag=1.36%
[WB] 2026-05-12T14:33:06.519864-04:00 ENSC WB_DOWNWAVE: wave_id=17 score=3 (< 7, no arm)
[WB] 2026-05-12T14:34:54.821811-04:00 CLNN WB_OBSERVE: wave_id=12 dir=up mag=1.32%
[WB] 2026-05-12T14:35:39.177021-04:00 XOS WB_DOWNWAVE: wave_id=23 score=5 (< 7, no arm)
[WB] 2026-05-12T14:38:02.084953-04:00 CNCK WB_OBSERVE: wave_id=20 dir=up mag=1.87%
[WB] 2026-05-12T14:38:04.338865-04:00 ODYS WB_ARMED: score=8 wave_id=25 prov_entry=4.7800 stop=4.6683
[WB] 2026-05-12T14:38:04.338969-04:00 ODYS REFUSE entry: daily risk kill (daily_pnl=$-3,623.67)
[WB] 2026-05-12T14:38:04.839589-04:00 ATRA WB_DOWNWAVE: wave_id=25 score=5 (< 7, no arm)
[WB] 2026-05-12T14:41:03.792200-04:00 ENSC WB_ARMED: score=8 wave_id=18 prov_entry=0.3329 stop=0.3307
[WB] 2026-05-12T14:41:03.792301-04:00 ENSC REFUSE entry: daily risk kill (daily_pnl=$-3,623.67)
[WB] 2026-05-12T14:42:09.661115-04:00 TRAW WB_DOWNWAVE: wave_id=19 score=5 (< 7, no arm)
[WB] 2026-05-12T14:43:00.068359-04:00 ODYS WB_OBSERVE: wave_id=26 dir=up mag=2.77%
[WB] 2026-05-12T14:43:02.255317-04:00 CLNN WB_DOWNWAVE: wave_id=13 score=3 (< 7, no arm)
[WB] 2026-05-12T14:44:17.147034-04:00 ATRA WB_OBSERVE: wave_id=26 dir=up mag=1.07%
[WB] 2026-05-12T14:45:07.703268-04:00 ENSC WB_DOWNWAVE: wave_id=19 score=5 (< 7, no arm)
[WB] 2026-05-12T14:47:06.473835-04:00 ODYS WB_OBSERVE: wave_id=27 dir=up mag=3.58%
[WB] 2026-05-12T14:47:55.563927-04:00 XOS WB_DOWNWAVE: wave_id=24 score=5 (< 7, no arm)
[WB] 2026-05-12T14:49:00.001812-04:00 CNCK WB_ARMED: score=8 wave_id=21 prov_entry=2.1950 stop=2.1645
[WB] 2026-05-12T14:49:00.001914-04:00 CNCK REFUSE entry: daily risk kill (daily_pnl=$-3,623.67)
[WB] 2026-05-12T14:50:00.340662-04:00 CNCK WB_OBSERVE: wave_id=22 dir=up mag=1.85%
[WB] 2026-05-12T14:50:04.265931-04:00 TRAW WB_OBSERVE: wave_id=20 dir=up mag=1.12%
[WB] 2026-05-12T14:52:26.148493-04:00 ATRA WB_OBSERVE: wave_id=27 dir=up mag=1.51%
[WB] 2026-05-12T14:53:06.904415-04:00 XOS WB_DOWNWAVE: wave_id=25 score=5 (< 7, no arm)
[WB] 2026-05-12T14:54:00.251182-04:00 CNCK WB_OBSERVE: wave_id=23 dir=up mag=2.06%
[WB] 2026-05-12T14:54:08.082723-04:00 ENSC WB_ARMED: score=9 wave_id=20 prov_entry=0.3348 stop=0.3305
[WB] 2026-05-12T14:54:08.082837-04:00 ENSC REFUSE entry: daily risk kill (daily_pnl=$-3,623.67)
[WB] 2026-05-12T14:55:04.671237-04:00 TRAW WB_DOWNWAVE: wave_id=21 score=4 (< 7, no arm)
[WB] 2026-05-12T14:55:06.386145-04:00 ATRA WB_OBSERVE: wave_id=28 dir=up mag=1.40%
[WB] 2026-05-12T14:56:13.649796-04:00 CLNN WB_DOWNWAVE: wave_id=14 score=4 (< 7, no arm)
[WB] 2026-05-12T14:58:02.613865-04:00 SST WB_DOWNWAVE: wave_id=20 score=2 (< 7, no arm)
[WB] 2026-05-12T14:59:12.753685-04:00 ATRA WB_OBSERVE: wave_id=29 dir=up mag=2.03%
[WB] 2026-05-12T15:01:01.064276-04:00 XOS WB_OBSERVE: wave_id=26 dir=up mag=1.54%
[WB] 2026-05-12T15:02:03.683659-04:00 ODYS WB_DOWNWAVE: wave_id=28 score=4 (< 7, no arm)
[WB] 2026-05-12T15:02:07.936118-04:00 TRAW WB_OBSERVE: wave_id=22 dir=up mag=1.13%
[WB] 2026-05-12T15:03:06.735255-04:00 ODYS WB_OBSERVE: wave_id=29 dir=up mag=3.59%
[WB] 2026-05-12T15:04:03.337035-04:00 FATN WB_OBSERVE: wave_id=16 dir=up mag=3.46%
[WB] 2026-05-12T15:04:06.092183-04:00 ATRA WB_OBSERVE: wave_id=30 dir=up mag=2.66%
[WB] 2026-05-12T15:05:03.263784-04:00 SST WB_DOWNWAVE: wave_id=21 score=1 (< 7, no arm)
[WB] 2026-05-12T15:06:07.350638-04:00 TRAW WB_OBSERVE: wave_id=23 dir=up mag=1.12%
[WB] 2026-05-12T15:07:03.712180-04:00 ODYS WB_OBSERVE: wave_id=30 dir=up mag=1.04%
[WB] 2026-05-12T15:09:00.616853-04:00 ENSC WB_OBSERVE: wave_id=21 dir=up mag=1.34%
[WB] 2026-05-12T15:10:01.732079-04:00 CNCK WB_DOWNWAVE: wave_id=24 score=3 (< 7, no arm)
[WB] 2026-05-12T15:11:00.323955-04:00 CNCK WB_OBSERVE: wave_id=25 dir=up mag=2.23%
[WB] 2026-05-12T15:12:01.415847-04:00 SST WB_DOWNWAVE: wave_id=22 score=3 (< 7, no arm)
[WB] 2026-05-12T15:14:01.761236-04:00 TRAW WB_ARMED: score=8 wave_id=24 prov_entry=1.8100 stop=1.7756
[WB] 2026-05-12T15:14:01.761460-04:00 TRAW REFUSE entry: daily risk kill (daily_pnl=$-3,623.67)
[WB] 2026-05-12T15:15:03.105571-04:00 CNCK WB_DOWNWAVE: wave_id=26 score=6 (< 7, no arm)
[WB] 2026-05-12T15:16:48.547713-04:00 ATRA WB_DOWNWAVE: wave_id=31 score=5 (< 7, no arm)
[WB] 2026-05-12T15:17:03.830143-04:00 TRAW WB_ARMED: score=9 wave_id=25 prov_entry=1.8000 stop=1.7805
[WB] 2026-05-12T15:17:03.830301-04:00 TRAW REFUSE entry: daily risk kill (daily_pnl=$-3,623.67)
[WB] 2026-05-12T15:18:01.442975-04:00 ENSC WB_ARMED: score=10 wave_id=22 prov_entry=0.3364 stop=0.3309
[WB] 2026-05-12T15:18:01.443063-04:00 ENSC REFUSE entry: daily risk kill (daily_pnl=$-3,623.67)
[WB] 2026-05-12T15:19:03.812504-04:00 ODYS WB_DOWNWAVE: wave_id=31 score=5 (< 7, no arm)
[WB] 2026-05-12T15:23:03.454545-04:00 ENSC WB_DOWNWAVE: wave_id=23 score=3 (< 7, no arm)
[WB] 2026-05-12T15:25:02.931519-04:00 CNCK WB_DOWNWAVE: wave_id=27 score=3 (< 7, no arm)
[WB] 2026-05-12T15:26:03.751334-04:00 CLNN WB_OBSERVE: wave_id=15 dir=up mag=1.41%
[WB] 2026-05-12T15:27:27.158510-04:00 TRAW WB_OBSERVE: wave_id=26 dir=up mag=1.12%
[WB] 2026-05-12T15:30:00.221114-04:00 CNCK WB_OBSERVE: wave_id=28 dir=up mag=2.23%
[WB] 2026-05-12T15:31:00.830682-04:00 SST WB_OBSERVE: wave_id=23 dir=up mag=1.29%
[WB] 2026-05-12T15:31:02.838461-04:00 TRAW WB_OBSERVE: wave_id=27 dir=up mag=1.12%
[WB] 2026-05-12T15:31:09.531161-04:00 CLNN WB_OBSERVE: wave_id=16 dir=up mag=2.59%
[WB] 2026-05-12T15:32:00.202494-04:00 ENSC WB_OBSERVE: wave_id=24 dir=up mag=2.74%
[WB] 2026-05-12T15:33:00.507030-04:00 TRAW WB_DOWNWAVE: wave_id=28 score=5 (< 7, no arm)
[WB] 2026-05-12T15:36:22.956718-04:00 ODYS WB_OBSERVE: wave_id=32 dir=up mag=1.24%
[WB] 2026-05-12T15:37:04.356599-04:00 CLNN WB_DOWNWAVE: wave_id=17 score=3 (< 7, no arm)
[WB] 2026-05-12T15:39:02.029793-04:00 ODYS WB_OBSERVE: wave_id=33 dir=up mag=0.82%
[WB] 2026-05-12T15:40:00.648443-04:00 TRAW WB_DOWNWAVE: wave_id=29 score=5 (< 7, no arm)
[WB] 2026-05-12T15:40:02.971744-04:00 CLNN WB_DOWNWAVE: wave_id=18 score=3 (< 7, no arm)
[WB] 2026-05-12T15:42:01.733447-04:00 CNCK WB_DOWNWAVE: wave_id=29 score=5 (< 7, no arm)
[WB] 2026-05-12T15:42:02.234080-04:00 SST WB_DOWNWAVE: wave_id=24 score=2 (< 7, no arm)
[WB] 2026-05-12T15:44:01.149898-04:00 TRAW WB_OBSERVE: wave_id=30 dir=up mag=1.12%
[WB] 2026-05-12T15:47:09.329561-04:00 CLNN WB_OBSERVE: wave_id=19 dir=up mag=1.41%
[WB] 2026-05-12T15:47:09.831133-04:00 TRAW WB_OBSERVE: wave_id=31 dir=up mag=1.68%
[WB] 2026-05-12T15:47:26.616951-04:00 FATN WB_DOWNWAVE: wave_id=17 score=4 (< 7, no arm)
[WB] 2026-05-12T15:51:04.570997-04:00 ODYS WB_DOWNWAVE: wave_id=34 score=4 (< 7, no arm)
[WB] 2026-05-12T15:53:00.355322-04:00 ATRA WB_DOWNWAVE: wave_id=32 score=6 (< 7, no arm)
[WB] 2026-05-12T15:53:03.178486-04:00 TRAW WB_DOWNWAVE: wave_id=32 score=3 (< 7, no arm)
[WB] 2026-05-12T15:53:03.178659-04:00 CLNN WB_OBSERVE: wave_id=20 dir=up mag=1.56%
[WB] 2026-05-12T15:56:02.634891-04:00 ENSC WB_OBSERVE: wave_id=25 dir=up mag=1.37%
[WB] 2026-05-12T15:57:04.886620-04:00 FATN WB_DOWNWAVE: wave_id=18 score=4 (< 7, no arm)
[WB] 2026-05-12T15:57:07.577304-04:00 ODYS WB_OBSERVE: wave_id=35 dir=up mag=1.02%
[WB] 2026-05-12T15:58:00.770786-04:00 ATRA WB_OBSERVE: wave_id=33 dir=up mag=1.55%
[WB] 2026-05-12T16:00:00.279077-04:00 CNCK WB_OBSERVE: wave_id=30 dir=up mag=3.73%
[WB] 2026-05-12T16:03:06.183398-04:00 ODYS WB_DOWNWAVE: wave_id=36 score=2 (< 7, no arm)
[WB] 2026-05-12T16:03:26.214279-04:00 ATRA WB_OBSERVE: wave_id=34 dir=up mag=1.85%
[WB] 2026-05-12T16:04:00.090503-04:00 SST WB_DOWNWAVE: wave_id=25 score=2 (< 7, no arm)
[WB] 2026-05-12T16:05:01.425945-04:00 CNCK WB_OBSERVE: wave_id=31 dir=up mag=2.87%
[WB] 2026-05-12T16:07:00.215226-04:00 TRAW WB_OBSERVE: wave_id=33 dir=up mag=2.48%
[WB] 2026-05-12T16:09:01.681012-04:00 ENSC WB_DOWNWAVE: wave_id=26 score=2 (< 7, no arm)
[WB] 2026-05-12T16:10:05.026476-04:00 XOS WB_DOWNWAVE: wave_id=27 score=4 (< 7, no arm)
[WB] 2026-05-12T16:11:11.735773-04:00 SST WB_OBSERVE: wave_id=26 dir=up mag=5.65%
[WB] 2026-05-12T16:11:38.028267-04:00 ATRA WB_OBSERVE: wave_id=35 dir=up mag=5.91%
[WB] 2026-05-12T16:12:00.311990-04:00 ODYS WB_DOWNWAVE: wave_id=37 score=2 (< 7, no arm)
[WB] 2026-05-12T16:15:00.089058-04:00 SST WB_DOWNWAVE: wave_id=27 score=2 (< 7, no arm)
[WB] 2026-05-12T16:15:08.101764-04:00 CNCK WB_DOWNWAVE: wave_id=32 score=1 (< 7, no arm)
[WB] 2026-05-12T16:16:10.775809-04:00 CNCK WB_OBSERVE: wave_id=33 dir=up mag=0.95%
[WB] 2026-05-12T16:17:09.565695-04:00 XOS WB_OBSERVE: wave_id=28 dir=up mag=1.94%
[WB] 2026-05-12T16:17:24.843036-04:00 TRAW WB_DOWNWAVE: wave_id=34 score=2 (< 7, no arm)
[WB] 2026-05-12T16:19:00.847021-04:00 XOS WB_DOWNWAVE: wave_id=29 score=4 (< 7, no arm)
[WB] 2026-05-12T16:21:00.022258-04:00 SST WB_OBSERVE: wave_id=28 dir=up mag=4.39%
[WB] 2026-05-12T16:21:02.154816-04:00 CNCK WB_DOWNWAVE: wave_id=34 score=2 (< 7, no arm)
[WB] 2026-05-12T16:21:04.970919-04:00 ATRA WB_OBSERVE: wave_id=36 dir=up mag=3.55%
[WB] 2026-05-12T16:22:02.537988-04:00 SST WB_DOWNWAVE: wave_id=29 score=3 (< 7, no arm)
[WB] 2026-05-12T16:22:04.609647-04:00 ATRA WB_DOWNWAVE: wave_id=37 score=3 (< 7, no arm)
[WB] 2026-05-12T16:23:25.910641-04:00 ENSC WB_DOWNWAVE: wave_id=27 score=3 (< 7, no arm)
[WB] 2026-05-12T16:24:00.963515-04:00 CNCK WB_DOWNWAVE: wave_id=35 score=2 (< 7, no arm)
[WB] 2026-05-12T16:26:26.694554-04:00 ENSC WB_DOWNWAVE: wave_id=28 score=4 (< 7, no arm)
[WB] 2026-05-12T16:29:00.169866-04:00 CNCK WB_DOWNWAVE: wave_id=36 score=4 (< 7, no arm)
[WB] 2026-05-12T16:35:00.515961-04:00 CNCK WB_OBSERVE: wave_id=37 dir=up mag=0.99%
[WB] 2026-05-12T16:35:03.523210-04:00 XOS WB_OBSERVE: wave_id=30 dir=up mag=3.26%
[WB] 2026-05-12T16:36:21.286877-04:00 ENSC WB_ARMED: score=7 wave_id=29 prov_entry=0.3094 stop=0.3078
[WB] 2026-05-12T16:36:21.287044-04:00 ENSC REFUSE entry: daily risk kill (daily_pnl=$-3,623.67)
[WB] 2026-05-12T16:36:24.861355-04:00 ATRA WB_DOWNWAVE: wave_id=38 score=6 (< 7, no arm)
[WB] 2026-05-12T16:38:00.245478-04:00 SST WB_DOWNWAVE: wave_id=30 score=5 (< 7, no arm)
[WB] 2026-05-12T16:40:05.415099-04:00 CNCK WB_OBSERVE: wave_id=38 dir=up mag=0.99%
[WB] 2026-05-12T16:41:02.610290-04:00 XOS WB_DOWNWAVE: wave_id=31 score=4 (< 7, no arm)
[WB] 2026-05-12T16:41:02.858608-04:00 ATRA WB_OBSERVE: wave_id=39 dir=up mag=1.28%
[WB] 2026-05-12T16:41:12.619847-04:00 ENSC WB_OBSERVE: wave_id=30 dir=up mag=6.03%
[WB] 2026-05-12T16:45:00.845458-04:00 TRAW WB_DOWNWAVE: wave_id=35 score=5 (< 7, no arm)
[WB] 2026-05-12T16:47:06.082952-04:00 XOS WB_ARMED: score=7 wave_id=32 prov_entry=1.9500 stop=1.9049
[WB] 2026-05-12T16:47:06.083096-04:00 XOS REFUSE entry: daily risk kill (daily_pnl=$-3,623.67)
[WB] 2026-05-12T16:51:06.536437-04:00 ATRA WB_OBSERVE: wave_id=40 dir=up mag=4.06%
[WB] 2026-05-12T16:51:38.179647-04:00 XOS WB_DOWNWAVE: wave_id=33 score=5 (< 7, no arm)
[WB] 2026-05-12T16:56:05.525329-04:00 TRAW WB_OBSERVE: wave_id=36 dir=up mag=1.18%
[WB] 2026-05-12T16:57:58.414726-04:00 ENSC WB_DOWNWAVE: wave_id=31 score=4 (< 7, no arm)
[WB] 2026-05-12T17:04:04.605993-04:00 TRAW WB_OBSERVE: wave_id=37 dir=up mag=1.18%
[WB] 2026-05-12T17:04:16.121665-04:00 ATRA WB_DOWNWAVE: wave_id=41 score=3 (< 7, no arm)
[WB] 2026-05-12T17:04:31.640926-04:00 ENSC WB_OBSERVE: wave_id=32 dir=up mag=0.79%
[WB] 2026-05-12T17:05:02.434787-04:00 CNCK WB_DOWNWAVE: wave_id=39 score=6 (< 7, no arm)
[WB] 2026-05-12T17:06:01.815063-04:00 CNCK WB_OBSERVE: wave_id=40 dir=up mag=0.99%
[WB] 2026-05-12T17:06:07.523941-04:00 TRAW WB_DOWNWAVE: wave_id=38 score=3 (< 7, no arm)
[WB] 2026-05-12T17:06:08.089263-04:00 XOS WB_DOWNWAVE: wave_id=34 score=5 (< 7, no arm)
[WB] 2026-05-12T17:12:26.800996-04:00 SST WB_DOWNWAVE: wave_id=31 score=2 (< 7, no arm)
[WB] 2026-05-12T17:13:00.231068-04:00 CNCK WB_OBSERVE: wave_id=41 dir=up mag=2.00%
[WB] 2026-05-12T17:13:31.706012-04:00 TRAW WB_OBSERVE: wave_id=39 dir=up mag=2.96%
[WB] 2026-05-12T17:14:05.751405-04:00 XOS WB_ARMED: score=7 wave_id=35 prov_entry=1.9400 stop=1.9252
[WB] 2026-05-12T17:14:05.751605-04:00 XOS REFUSE entry: daily risk kill (daily_pnl=$-3,623.67)
[WB] 2026-05-12T17:15:21.842100-04:00 ENSC WB_OBSERVE: wave_id=33 dir=up mag=6.14%
[WB] 2026-05-12T17:19:02.827077-04:00 ATRA WB_DOWNWAVE: wave_id=42 score=3 (< 7, no arm)
[WB] 2026-05-12T17:20:10.405867-04:00 CNCK WB_ARMED: score=7 wave_id=42 prov_entry=2.0500 stop=2.0249
[WB] 2026-05-12T17:20:10.406040-04:00 CNCK REFUSE entry: daily risk kill (daily_pnl=$-3,623.67)
[WB] 2026-05-12T17:21:06.647766-04:00 ENSC WB_OBSERVE: wave_id=34 dir=up mag=1.43%
[WB] 2026-05-12T17:21:15.687519-04:00 CNCK WB_OBSERVE: wave_id=43 dir=up mag=1.48%
[WB] 2026-05-12T17:22:00.837867-04:00 TRAW WB_OBSERVE: wave_id=40 dir=up mag=3.51%
[WB] 2026-05-12T17:24:01.685386-04:00 ENSC WB_DOWNWAVE: wave_id=35 score=6 (< 7, no arm)
[WB] 2026-05-12T17:26:02.734987-04:00 SST WB_DOWNWAVE: wave_id=32 score=3 (< 7, no arm)
[WB] 2026-05-12T17:29:10.528412-04:00 XOS WB_DOWNWAVE: wave_id=36 score=4 (< 7, no arm)
[WB] 2026-05-12T17:30:02.337922-04:00 SST WB_OBSERVE: wave_id=33 dir=up mag=3.11%
[WB] 2026-05-12T17:31:17.686014-04:00 TRAW WB_OBSERVE: wave_id=41 dir=up mag=1.92%
[WB] 2026-05-12T17:32:02.804303-04:00 CNCK WB_DOWNWAVE: wave_id=44 score=4 (< 7, no arm)
[WB] 2026-05-12T17:35:03.298934-04:00 TRAW WB_DOWNWAVE: wave_id=42 score=3 (< 7, no arm)
[WB] 2026-05-12T17:38:00.015110-04:00 SST WB_DOWNWAVE: wave_id=34 score=6 (< 7, no arm)
[WB] 2026-05-12T17:42:02.961415-04:00 CNCK WB_DOWNWAVE: wave_id=45 score=4 (< 7, no arm)
[WB] 2026-05-12T17:45:08.576740-04:00 TRAW WB_DOWNWAVE: wave_id=43 score=4 (< 7, no arm)
[WB] 2026-05-12T17:50:22.116106-04:00 ATRA WB_DOWNWAVE: wave_id=43 score=3 (< 7, no arm)
[WB] 2026-05-12T17:51:10.979706-04:00 ENSC WB_DOWNWAVE: wave_id=36 score=3 (< 7, no arm)
[WB] 2026-05-12T17:52:18.634423-04:00 ENSC WB_OBSERVE: wave_id=37 dir=up mag=1.79%
[WB] 2026-05-12T17:53:01.193776-04:00 SST WB_OBSERVE: wave_id=35 dir=up mag=2.69%
[WB] 2026-05-12T17:56:25.039462-04:00 TRAW WB_OBSERVE: wave_id=44 dir=up mag=1.78%
[WB] 2026-05-12T18:00:05.104717-04:00 TRAW WB_ARMED: score=7 wave_id=45 prov_entry=1.7200 stop=1.7057
[WB] 2026-05-12T18:00:05.104858-04:00 TRAW REFUSE entry: daily risk kill (daily_pnl=$-3,623.67)
[WB] 2026-05-12T18:04:47.282660-04:00 XOS WB_OBSERVE: wave_id=37 dir=up mag=2.65%
[WB] 2026-05-12T18:05:07.239825-04:00 SST WB_DOWNWAVE: wave_id=36 score=3 (< 7, no arm)
[WB] 2026-05-12T18:08:27.218104-04:00 SST WB_OBSERVE: wave_id=37 dir=up mag=1.72%
[WB] 2026-05-12T18:09:35.740306-04:00 TRAW WB_OBSERVE: wave_id=46 dir=up mag=1.18%
[WB] 2026-05-12T18:14:03.183193-04:00 SST WB_ARMED: score=7 wave_id=38 prov_entry=3.0700 stop=3.0524
[WB] 2026-05-12T18:14:03.183327-04:00 SST REFUSE entry: daily risk kill (daily_pnl=$-3,623.67)
[WB] 2026-05-12T18:18:10.516008-04:00 SST WB_OBSERVE: wave_id=39 dir=up mag=1.30%
[WB] 2026-05-12T18:27:08.087900-04:00 TRAW WB_OBSERVE: wave_id=47 dir=up mag=1.17%
[WB] 2026-05-12T18:28:16.328788-04:00 SST WB_ARMED: score=7 wave_id=40 prov_entry=3.0800 stop=3.0627
[WB] 2026-05-12T18:28:16.328888-04:00 SST REFUSE entry: daily risk kill (daily_pnl=$-3,623.67)
[WB] 2026-05-12T18:31:37.858734-04:00 TRAW WB_DOWNWAVE: wave_id=48 score=2 (< 7, no arm)
[WB] 2026-05-12T18:33:01.026147-04:00 ODYS WB_OBSERVE: wave_id=38 dir=up mag=2.22%
[WB] 2026-05-12T18:36:40.844242-04:00 SST WB_OBSERVE: wave_id=41 dir=up mag=2.27%
[WB] 2026-05-12T18:37:38.693320-04:00 TRAW WB_OBSERVE: wave_id=49 dir=up mag=1.17%
[WB] 2026-05-12T18:40:07.535077-04:00 XOS WB_DOWNWAVE: wave_id=38 score=3 (< 7, no arm)
[WB] 2026-05-12T18:40:09.785736-04:00 SST WB_DOWNWAVE: wave_id=42 score=4 (< 7, no arm)
[WB] 2026-05-12T18:42:00.391818-04:00 CNCK WB_DOWNWAVE: wave_id=46 score=3 (< 7, no arm)
[WB] 2026-05-12T18:45:03.615645-04:00 SST WB_OBSERVE: wave_id=43 dir=up mag=2.89%
[WB] 2026-05-12T18:57:02.447456-04:00 XOS WB_OBSERVE: wave_id=39 dir=up mag=2.15%
[WB] 2026-05-12T18:59:50.635683-04:00 ENSC WB_DOWNWAVE: wave_id=38 score=5 (< 7, no arm)
[WB] 2026-05-12T19:00:21.242344-04:00 XOS WB_DOWNWAVE: wave_id=40 score=5 (< 7, no arm)
[WB] 2026-05-12T19:02:02.918042-04:00 CNCK WB_DOWNWAVE: wave_id=47 score=2 (< 7, no arm)
[WB] 2026-05-12T19:05:02.198398-04:00 SST WB_DOWNWAVE: wave_id=44 score=5 (< 7, no arm)
[WB] 2026-05-12T19:08:08.514257-04:00 ENSC WB_OBSERVE: wave_id=39 dir=up mag=2.72%
[WB] 2026-05-12T19:09:24.108213-04:00 XOS WB_OBSERVE: wave_id=41 dir=up mag=2.15%
[WB] 2026-05-12T19:10:00.656171-04:00 SST WB_OBSERVE: wave_id=45 dir=up mag=3.97%
[WB] 2026-05-12T19:10:08.669104-04:00 ENSC WB_DOWNWAVE: wave_id=40 score=3 (< 7, no arm)
[WB] 2026-05-12T19:11:08.993563-04:00 TRAW WB_DOWNWAVE: wave_id=50 score=3 (< 7, no arm)
[WB] 2026-05-12T19:11:29.770362-04:00 XOS WB_DOWNWAVE: wave_id=42 score=4 (< 7, no arm)
[WB] 2026-05-12T19:13:00.606306-04:00 CNCK WB_DOWNWAVE: wave_id=48 score=2 (< 7, no arm)
[WB] 2026-05-12T19:15:06.180238-04:00 TRAW WB_OBSERVE: wave_id=51 dir=up mag=1.78%
[WB] 2026-05-12T19:17:01.646104-04:00 XOS WB_OBSERVE: wave_id=43 dir=up mag=3.23%
[WB] 2026-05-12T19:20:17.190160-04:00 SST WB_DOWNWAVE: wave_id=46 score=4 (< 7, no arm)
[WB] 2026-05-12T19:20:34.463249-04:00 ODYS WB_DOWNWAVE: wave_id=39 score=6 (< 7, no arm)
[WB] 2026-05-12T19:21:28.343741-04:00 XOS WB_OBSERVE: wave_id=44 dir=up mag=2.63%
[WB] 2026-05-12T19:22:08.333024-04:00 ENSC WB_ARMED: score=8 wave_id=41 prov_entry=0.3095 stop=0.3003
[WB] 2026-05-12T19:22:08.333162-04:00 ENSC REFUSE entry: daily risk kill (daily_pnl=$-3,623.67)
[WB] 2026-05-12T19:23:22.349472-04:00 ENSC WB_OBSERVE: wave_id=42 dir=up mag=3.57%
[WB] 2026-05-12T19:25:00.304081-04:00 SST WB_DOWNWAVE: wave_id=47 score=3 (< 7, no arm)
[WB] 2026-05-12T19:30:00.038742-04:00 CNCK WB_DOWNWAVE: wave_id=49 score=5 (< 7, no arm)
[WB] 2026-05-12T19:30:03.793309-04:00 XOS WB_OBSERVE: wave_id=45 dir=up mag=1.54%
[WB] 2026-05-12T19:30:06.799007-04:00 ODYS WB_DOWNWAVE: wave_id=40 score=5 (< 7, no arm)
[WB] 2026-05-12T19:31:15.635121-04:00 TRAW WB_OBSERVE: wave_id=52 dir=up mag=1.70%
[WB] 2026-05-12T19:33:05.492519-04:00 SST WB_DOWNWAVE: wave_id=48 score=3 (< 7, no arm)
[WB] 2026-05-12T19:36:01.177641-04:00 CNCK WB_OBSERVE: wave_id=50 dir=up mag=1.67%
[WB] 2026-05-12T19:40:03.761128-04:00 SST WB_OBSERVE: wave_id=49 dir=up mag=2.90%
[WB] 2026-05-12T19:44:10.635392-04:00 ODYS WB_OBSERVE: wave_id=41 dir=up mag=2.43%
[WB] 2026-05-12T19:44:21.652697-04:00 TRAW WB_OBSERVE: wave_id=53 dir=up mag=1.79%
[WB] 2026-05-12T19:45:05.466715-04:00 XOS WB_DOWNWAVE: wave_id=46 score=2 (< 7, no arm)
[WB] 2026-05-12T19:46:33.588467-04:00 TRAW WB_DOWNWAVE: wave_id=54 score=2 (< 7, no arm)
[WB] 2026-05-12T19:50:01.450108-04:00 SST WB_DOWNWAVE: wave_id=50 score=4 (< 7, no arm)
[WB] 2026-05-12T19:50:04.635106-04:00 TRAW WB_OBSERVE: wave_id=55 dir=up mag=1.16%
[WB] 2026-05-12T19:55:01.049010-04:00 SST WB_DOWNWAVE: wave_id=51 score=5 (< 7, no arm)
[WB] 2026-05-12T19:55:16.570554-04:00 CNCK WB_DOWNWAVE: wave_id=51 score=3 (< 7, no arm)
[WB] 2026-05-12T20:00:00.095972-04:00 CLNN WB_OBSERVE: wave_id=21 dir=up mag=3.30%
[WB] 2026-05-12T20:05:00.727388-04:00 SST WB_DOWNWAVE: wave_id=52 score=6 (< 7, no arm)
[WB] 2026-05-12T20:05:03.481207-04:00 ENSC WB_DOWNWAVE: wave_id=43 score=5 (< 7, no arm)
[WB] 2026-05-12T20:05:22.488619-04:00 engine socket closed — fail-CLOSED, no new entries. Open positions: 0
[WB] 2026-05-13T01:49:25.693778-04:00 signal received — shutting down
[WB] 2026-05-13T01:49:25.694113-04:00 shutdown complete (daily_pnl=$-3,623.67, open_positions=0)
