=== Waking screen and ensuring active desktop ===
Display wake signal sent
Waiting 10s for desktop session...
Desktop session: ACTIVE
caffeinate started (PID: 28083)
=== V3 Hybrid daily run started: Tue Apr 14 04:47:27 MDT 2026 ===
daily_run_v3.sh: line 82: 28066 Terminated: 15          caffeinate -u -t 30
From github.com:mannyluke4/warrior_bot
 * branch            v2-ibkr-migration -> FETCH_HEAD
Already up to date.
Code version: a1a0382 (auto: v3 daily logs 2026-04-14)
daily_run_v3.sh hash: c5b26f92734a06adf2eaef33e2d0d199  /Users/duffy/warrior_bot_v2/daily_run_v3.sh
bot_v3_hybrid.py hash: 65f753798fa655a54d9d331298e3cb64  /Users/duffy/warrior_bot_v2/bot_v3_hybrid.py
sntp: clock_settime: Operation not permitted
+0.028199 +/- 0.055698 time.apple.com 2620:149:a23:4000::1e2
NTP sync skipped (non-root)
System time: Tue Apr 14 10:47:28 UTC 2026
Pre-flight: checking Python imports...
V3 Imports OK
Killing stale processes...
All stale processes cleared.
Starting IB Gateway via IBC...
Waiting for IB Gateway on port 4002...
  attempt 1/72: port 4002 not ready yet, waiting 5s...
[1;32m+==============================================================================
+
+ IBC version 3.23.0
+
+ Running GATEWAY 10.37
+
+ Diagnostic information is logged in:
+
+ /Users/duffy/ibc/logs/ibc-3.23.0_GATEWAY-10.37_Tuesday.txt
+
+[0m
Gateway is up on port 4002 (after ~10s)
Cleaning up stale connections...
Starting live_scanner.py...
Live scanner started (PID: 28147)
Starting bot_v3_hybrid.py...
Bot started (PID: 28152)
Bot health check passed (still running after 15s, PID: 28152)
HEALTH_OK: Bot connected at 2026-04-14 10:48:01 UTC
Gateway watchdog started (PID: 28167)
Watchdog: monitoring bot until 6:05 PM MT / 8:05 PM ET (Tue Apr 14 18:05:00 MDT 2026)...
  Bot runs: morning 7:00-12:00 ET, sleeps 12:00-16:00, evening 16:00-20:00 ET
ALERT: bot_v3_hybrid.py died at Tue Apr 14 18:00:22 MDT 2026! Session ended early. Check /Users/duffy/warrior_bot_v2/logs/2026-04-14_daily.log.
=== Shutting down at Tue Apr 14 18:00:22 MDT 2026 ===
Pushing logs...
[v2-ibkr-migration 6ea9af4] auto: v3 daily logs 2026-04-14
 4 files changed, 6485 insertions(+)
 create mode 100644 logs/2026-04-14_daily_manual.log
 create mode 100644 logs/2026-04-14_scanner.log
=== V3 Hybrid daily run complete: Tue Apr 14 18:00:29 MDT 2026 ===
=== TRAP: cleanup at Tue Apr 14 18:00:29 MDT 2026 ===
