=== Waking screen and ensuring active desktop ===
Display wake signal sent
Waiting 10s for desktop session...
Desktop session: ACTIVE
daily_run_v3.sh: line 78: 52537 Terminated: 15          caffeinate -u -t 30
caffeinate started (PID: 52552)
=== V3 Hybrid daily run started: Wed Apr 15 07:46:51 MDT 2026 ===
From github.com:mannyluke4/warrior_bot
 * branch            v2-ibkr-migration -> FETCH_HEAD
Already up to date.
Code version: 162c29f (auto: v3 daily logs 2026-04-15)
daily_run_v3.sh hash: c5b26f92734a06adf2eaef33e2d0d199  /Users/duffy/warrior_bot_v2/daily_run_v3.sh
bot_v3_hybrid.py hash: 65f753798fa655a54d9d331298e3cb64  /Users/duffy/warrior_bot_v2/bot_v3_hybrid.py
sntp: clock_settime: Operation not permitted
+0.028631 +/- 0.054710 time.apple.com 2620:149:a23:3000::1f2
NTP sync skipped (non-root)
System time: Wed Apr 15 13:46:53 UTC 2026
Pre-flight: checking Python imports...
V3 Imports OK
Killing stale processes...
All stale processes cleared.
Starting IB Gateway via IBC...
Waiting for IB Gateway on port 4002...
  attempt 1/72: port 4002 not ready yet, waiting 5s...
[1;32m+==============================================================================
+
+ IBC version 3.23.0
+
+ Running GATEWAY 10.37
+
+ Diagnostic information is logged in:
+
+ /Users/duffy/ibc/logs/ibc-3.23.0_GATEWAY-10.37_Wednesday.txt
+
+[0m
Gateway is up on port 4002 (after ~10s)
Cleaning up stale connections...
Starting live_scanner.py...
Live scanner started (PID: 52633)
Starting bot_v3_hybrid.py...
Bot started (PID: 52636)
Bot health check passed (still running after 15s, PID: 52636)
HEALTH_OK: Bot connected at 2026-04-15 13:47:25 UTC
Gateway watchdog started (PID: 52653)
Watchdog: monitoring bot until 6:05 PM MT / 8:05 PM ET (Wed Apr 15 18:05:00 MDT 2026)...
  Bot runs: morning 7:00-12:00 ET, sleeps 12:00-16:00, evening 16:00-20:00 ET
ALERT: bot_v3_hybrid.py died at Wed Apr 15 07:49:25 MDT 2026! Session ended early. Check /Users/duffy/warrior_bot_v2/logs/2026-04-15_daily.log.
=== Shutting down at Wed Apr 15 07:49:25 MDT 2026 ===
=== TRAP: cleanup at Wed Apr 15 07:49:27 MDT 2026 ===
daily_run_v3.sh: line 16: 52653 Terminated: 15          ( while true; do
    sleep 60; if ! python3 -c "import socket; s=socket.socket(); s.settimeout(2); s.connect(('127.0.0.1',$IBKR_PORT)); s.close()" 2> /dev/null; then
        echo "WARNING: Gateway port $IBKR_PORT dropped at $(date -u '+%Y-%m-%d %H:%M:%S UTC')" >> "$LOG_DIR/gateway_watchdog.log"; echo "WARNING: Gateway port $IBKR_PORT dropped at $(date -u '+%Y-%m-%d %H:%M:%S UTC')";
    fi;
done )
daily_run_v3.sh: line 16: 52552 Terminated: 15          caffeinate -dims -w $$
[v2-ibkr-migration 583ab4e] auto: v3 daily logs 2026-04-15
 4 files changed, 222 insertions(+)
 create mode 100644 logs/2026-04-15_daily_relaunch2.log
[1;32m+
+ IBC terminated by SIGTERM
+
[1;32m+ GATEWAY 10.37 has finished
+
+==============================================================================[0m
=== Cleanup complete: Wed Apr 15 07:49:28 MDT 2026 ===
