
======================================================================
  WARRIOR BOT BACKTESTER (TICK MODE)
  Symbols: MYSE  |  Date: 2026-04-16  |  Window: 07:00 -> 12:00 ET
======================================================================

Building MYSE bars from tick cache for 2026-04-16...
  Total bars: 481  |  Seed: 180  |  Sim: 301
  Seed complete: EMA9=4.0748
  Loaded 1,663,175 ticks from cache (tick_cache//2026-04-16/MYSE.json.gz)
  Tick replay: 1068262 trades for sim window
  SIM_START: crossed sim_start — 0 pre-sim ticks used for seeding only
  [07:07] SQ_PRIMED: vol=8.0x avg, bar_vol=2,883,826, price=$4.8000 above VWAP ($3.7874)
  [07:11] SQ_RESET: prime_expired (4 bars elapsed)
  [07:12] SQ_PRIMED: vol=4.9x avg, bar_vol=2,415,923, price=$5.0800 above VWAP ($3.9372)
  ARMED entry=5.0200 stop=4.9000 R=0.1200 score=7.4 level=whole_dollar setup_type=squeeze [PARABOLIC] [PROBE=50%] why=squeeze: base=5.0;vol_extra=+2.4;[PARABOLIC]
  [07:13] SQ_ENTRY: 5.0400 stop=4.9000 R=0.1400 qty=3571 score=7.4 setup_type=squeeze
  [07:13] SQ_PRIMED: vol=10.3x avg, bar_vol=5,506,170, price=$5.6700 above VWAP ($4.0934)
  [07:15] ARMED entry=6.0200 stop=5.9000 R=0.1200 score=5.9 level=whole_dollar setup_type=squeeze [PARABOLIC] [PROBE=50%] why=squeeze: base=5.0;vol_extra=+0.9;[PARABOLIC]
  [07:15] 1M IMPULSE detected
  [07:16] SQ_ENTRY: 6.0400 stop=5.9000 R=0.1400 qty=3571 score=5.9 setup_type=squeeze
  [07:17] 1M RESET (bearish engulfing)
  [07:20] 1M IMPULSE detected
  [07:21] 1M PULLBACK 1/3
  [07:22] 1M PULLBACK 2/3
  [07:23] 1M RESET (MACD bearish cross)
  [07:24] 1M IMPULSE detected
  [07:25] 1M RESET (topping wicky)
  [07:26] 1M RESET (topping wicky)
  [08:00] 1M RESET (topping wicky)
  [08:02] 1M RESET (topping wicky)
  [08:27] 1M IMPULSE detected
  [08:28] 1M PULLBACK 1/3
  [08:29] 1M PULLBACK 2/3
  [08:30] 1M RESET (topping wicky)
  [08:31] 1M RESET (topping wicky)
  [08:32] 1M RESET (topping wicky)
  [08:33] 1M IMPULSE detected
  [08:34] 1M PULLBACK 1/3
  [08:35] 1M RESET (topping wicky)
  [09:09] SQ_REJECT: not_new_hod (bar_high=$5.3400 < HOD=$5.6900)
  [09:09] 1M IMPULSE detected
  [09:10] SQ_REJECT: not_new_hod (bar_high=$5.4500 < HOD=$5.6900)
  [09:11] 1M RESET (bearish engulfing)
  [09:12] 1M RESET (topping wicky)
  [09:14] 1M IMPULSE detected
  [09:16] 1M RESET (bearish engulfing)
  [09:17] 1M RESET (topping wicky)
  [09:18] 1M RESET (topping wicky)
  [09:19] 1M RESET (topping wicky)
  [09:29] SQ_PRIMED: vol=3.0x avg, bar_vol=633,809, price=$5.5200 above VWAP ($4.8417)
  [09:32] SQ_RESET: vwap_lost (close=4.7300 < vwap=4.8750)

======================================================================
  BACKTEST REPORT: MYSE -- 2026-04-16 (07:00 -> 12:00 ET)
======================================================================
  Settings: risk=$1000  min_score=3.0  MACD_gate=ON  slippage=$0.02  exit=signal  cooldown=2/10m  L2=OFF [TICK mode]
  Bars: 1068262 sim + 180 seed  |  EMA9=3.0908  VWAP=4.5685
======================================================================

    #    TIME    ENTRY     STOP       R  SCORE     EXIT  REASON                     P&L  R-MULT  XTIME
  ───  ──────  ───────  ───────  ──────  ─────  ───────  ────────────────────  ────────  ──────  ─────
    1   07:13   5.0400   4.9000  0.1400    7.4   5.0798  sq_para_trail_exit        +142    +0.3R  07:13
    2   07:16   6.0400   5.9000  0.1400    5.9   5.9600  sq_para_trail_exit        -286    -0.6R  07:16

  ──────────────────────────────────────────────────────────────────
  SUMMARY
  ──────────────────────────────────────────────────────────────────
  Trades: 2  |  Wins: 1  |  Losses: 1  |  Win Rate: 50.0%
  Gross P&L: $-144  |  Avg R-Multiple: -0.1R
  Largest Win: $+142  |  Largest Loss: $-286
  Armed: 2  |  Signals: 2  |  Entered: 2
======================================================================

