=== Waking screen and ensuring active desktop ===
Display wake signal sent
Waiting 10s for desktop session...
Desktop session: ACTIVE
daily_run_v3.sh: line 78: 52769 Terminated: 15          caffeinate -u -t 30
caffeinate started (PID: 52786)
=== V3 Hybrid daily run started: Wed Apr 15 07:49:53 MDT 2026 ===
From github.com:mannyluke4/warrior_bot
 * branch            v2-ibkr-migration -> FETCH_HEAD
Already up to date.
Code version: 583ab4e (auto: v3 daily logs 2026-04-15)
daily_run_v3.sh hash: c5b26f92734a06adf2eaef33e2d0d199  /Users/duffy/warrior_bot_v2/daily_run_v3.sh
bot_v3_hybrid.py hash: 65f753798fa655a54d9d331298e3cb64  /Users/duffy/warrior_bot_v2/bot_v3_hybrid.py
sntp: clock_settime: Operation not permitted
+0.029347 +/- 0.056319 time.apple.com 2620:149:a23:3000::1f2
NTP sync skipped (non-root)
System time: Wed Apr 15 13:49:54 UTC 2026
Pre-flight: checking Python imports...
V3 Imports OK
Killing stale processes...
All stale processes cleared.
Starting IB Gateway via IBC...
Waiting for IB Gateway on port 4002...
  attempt 1/72: port 4002 not ready yet, waiting 5s...
[1;32m+==============================================================================
+
+ IBC version 3.23.0
+
+ Running GATEWAY 10.37
+
+ Diagnostic information is logged in:
+
+ /Users/duffy/ibc/logs/ibc-3.23.0_GATEWAY-10.37_Wednesday.txt
+
+[0m
Gateway is up on port 4002 (after ~10s)
Cleaning up stale connections...
Starting live_scanner.py...
Live scanner started (PID: 52861)
Starting bot_v3_hybrid.py...
Bot started (PID: 52863)
Bot health check passed (still running after 15s, PID: 52863)
HEALTH_OK: Bot connected at 2026-04-15 13:50:27 UTC
Gateway watchdog started (PID: 52872)
Watchdog: monitoring bot until 6:05 PM MT / 8:05 PM ET (Wed Apr 15 18:05:00 MDT 2026)...
  Bot runs: morning 7:00-12:00 ET, sleeps 12:00-16:00, evening 16:00-20:00 ET
ALERT: bot_v3_hybrid.py died at Wed Apr 15 07:52:27 MDT 2026! Session ended early. Check /Users/duffy/warrior_bot_v2/logs/2026-04-15_daily.log.
=== Shutting down at Wed Apr 15 07:52:27 MDT 2026 ===
Pushing logs...
[v2-ibkr-migration 960ae45] auto: v3 daily logs 2026-04-15
 4 files changed, 207 insertions(+)
 create mode 100644 logs/2026-04-15_daily_relaunch3.log
=== V3 Hybrid daily run complete: Wed Apr 15 07:52:34 MDT 2026 ===
=== TRAP: cleanup at Wed Apr 15 07:52:34 MDT 2026 ===
daily_run_v3.sh: line 16: 52786 Terminated: 15          caffeinate -dims -w $$
daily_run_v3.sh: line 16: 52872 Terminated: 15          ( while true; do
    sleep 60; if ! python3 -c "import socket; s=socket.socket(); s.settimeout(2); s.connect(('127.0.0.1',$IBKR_PORT)); s.close()" 2> /dev/null; then
        echo "WARNING: Gateway port $IBKR_PORT dropped at $(date -u '+%Y-%m-%d %H:%M:%S UTC')" >> "$LOG_DIR/gateway_watchdog.log"; echo "WARNING: Gateway port $IBKR_PORT dropped at $(date -u '+%Y-%m-%d %H:%M:%S UTC')";
    fi;
done )
[v2-ibkr-migration 485a038] auto: v3 daily logs 2026-04-15
 2 files changed, 10 insertions(+)
=== Cleanup complete: Wed Apr 15 07:52:35 MDT 2026 ===
/Users/duffy/ibc/scripts/displaybannerandlaunch.sh: line 75: 52832 Killed: 9               "${IBC_PATH}/scripts/ibcstart.sh" "${TWS_MAJOR_VRSN}" ${gw_flag} "--tws-path=${TWS_PATH}" "--tws-settings-path=${TWS_SETTINGS_PATH}" "--ibc-path=${IBC_PATH}" "--ibc-ini=${IBC_INI}" "--user=${TWSUSERID}" "--pw=${TWSPASSWORD}" "--fix-user=${FIXUSERID}" "--fix-pw=${FIXPASSWORD}" "--java-path=${JAVA_PATH}" "--mode=${TRADING_MODE}" "--on2fatimeout=${TWOFA_TIMEOUT_ACTION}" >> "${log_file}" 2>&1
[1;31m+==============================================================================
+
+                       **** An error has occurred ****
+
+                     Please look in the diagnostics file 
+                   mentioned above for further information
+
+                           Press enter to continue.
+
+==============================================================================[0m
