=== Waking screen and ensuring active desktop ===
Display wake signal sent
WARN: keystroke failed — check Accessibility permissions
Waiting 10s for desktop session...
Desktop session: ACTIVE
caffeinate started (PID: 29587)
=== V3 Hybrid daily run started: Fri Apr 10 02:04:18 MDT 2026 ===
From github.com:mannyluke4/warrior_bot
 * branch            v2-ibkr-migration -> FETCH_HEAD
Already up to date.
Code version: bebeb10 (auto: v3 daily logs 2026-04-09)
daily_run_v3.sh hash: 998610b510d5787cb975cea099fe261f760d5986
bot_v3_hybrid.py hash: 0bba18ddb7e05f600cad39c3cdde21415ff327fb
sntp: clock_settime: Operation not permitted
+0.030208 +/- 0.052235 time.apple.com 2620:149:a23:3000::1e2
NTP sync skipped (non-root)
System time: Fri Apr 10 08:04:20 UTC 2026
Pre-flight: checking Python imports...
V3 Imports OK
Killing stale processes...
All stale processes cleared.
Starting IB Gateway via IBC...
Waiting for IB Gateway on port 4002...
  attempt 1/72: port 4002 not ready yet, waiting 5s...
[1;32m+==============================================================================
+
+ IBC version 3.23.0
+
+ Running GATEWAY 10.37
+
+ Diagnostic information is logged in:
+
+ /Users/duffy/ibc/logs/ibc-3.23.0_GATEWAY-10.37_Friday.txt
+
+[0m
  attempt 2/72: port 4002 not ready yet, waiting 5s...
  attempt 3/72: port 4002 not ready yet, waiting 5s...
  attempt 4/72: port 4002 not ready yet, waiting 5s...
  attempt 5/72: port 4002 not ready yet, waiting 5s...
  attempt 6/72: port 4002 not ready yet, waiting 5s...
  attempt 7/72: port 4002 not ready yet, waiting 5s...
  attempt 8/72: port 4002 not ready yet, waiting 5s...
  attempt 9/72: port 4002 not ready yet, waiting 5s...
  attempt 10/72: port 4002 not ready yet, waiting 5s...
  attempt 11/72: port 4002 not ready yet, waiting 5s...
  attempt 12/72: port 4002 not ready yet, waiting 5s...
  attempt 13/72: port 4002 not ready yet, waiting 5s...
  attempt 14/72: port 4002 not ready yet, waiting 5s...
  attempt 15/72: port 4002 not ready yet, waiting 5s...
  attempt 16/72: port 4002 not ready yet, waiting 5s...
  attempt 17/72: port 4002 not ready yet, waiting 5s...
  attempt 18/72: port 4002 not ready yet, waiting 5s...
  attempt 19/72: port 4002 not ready yet, waiting 5s...
  attempt 20/72: port 4002 not ready yet, waiting 5s...
  attempt 21/72: port 4002 not ready yet, waiting 5s...
  attempt 22/72: port 4002 not ready yet, waiting 5s...
  attempt 23/72: port 4002 not ready yet, waiting 5s...
  attempt 24/72: port 4002 not ready yet, waiting 5s...
  attempt 25/72: port 4002 not ready yet, waiting 5s...
  attempt 26/72: port 4002 not ready yet, waiting 5s...
  attempt 27/72: port 4002 not ready yet, waiting 5s...
  attempt 28/72: port 4002 not ready yet, waiting 5s...
  attempt 29/72: port 4002 not ready yet, waiting 5s...
  attempt 30/72: port 4002 not ready yet, waiting 5s...
  attempt 31/72: port 4002 not ready yet, waiting 5s...
  attempt 32/72: port 4002 not ready yet, waiting 5s...
  attempt 33/72: port 4002 not ready yet, waiting 5s...
  attempt 34/72: port 4002 not ready yet, waiting 5s...
  attempt 35/72: port 4002 not ready yet, waiting 5s...
  attempt 36/72: port 4002 not ready yet, waiting 5s...
  attempt 37/72: port 4002 not ready yet, waiting 5s...
  attempt 38/72: port 4002 not ready yet, waiting 5s...
  attempt 39/72: port 4002 not ready yet, waiting 5s...
  attempt 40/72: port 4002 not ready yet, waiting 5s...
  attempt 41/72: port 4002 not ready yet, waiting 5s...
  attempt 42/72: port 4002 not ready yet, waiting 5s...
  attempt 43/72: port 4002 not ready yet, waiting 5s...
  attempt 44/72: port 4002 not ready yet, waiting 5s...
  attempt 45/72: port 4002 not ready yet, waiting 5s...
  attempt 46/72: port 4002 not ready yet, waiting 5s...
  attempt 47/72: port 4002 not ready yet, waiting 5s...
  attempt 48/72: port 4002 not ready yet, waiting 5s...
  attempt 49/72: port 4002 not ready yet, waiting 5s...
  attempt 50/72: port 4002 not ready yet, waiting 5s...
  attempt 51/72: port 4002 not ready yet, waiting 5s...
  attempt 52/72: port 4002 not ready yet, waiting 5s...
  attempt 53/72: port 4002 not ready yet, waiting 5s...
  attempt 54/72: port 4002 not ready yet, waiting 5s...
  attempt 55/72: port 4002 not ready yet, waiting 5s...
  attempt 56/72: port 4002 not ready yet, waiting 5s...
  attempt 57/72: port 4002 not ready yet, waiting 5s...
  attempt 58/72: port 4002 not ready yet, waiting 5s...
  attempt 59/72: port 4002 not ready yet, waiting 5s...
  attempt 60/72: port 4002 not ready yet, waiting 5s...
  attempt 61/72: port 4002 not ready yet, waiting 5s...
  attempt 62/72: port 4002 not ready yet, waiting 5s...
  attempt 63/72: port 4002 not ready yet, waiting 5s...
  attempt 64/72: port 4002 not ready yet, waiting 5s...
  attempt 65/72: port 4002 not ready yet, waiting 5s...
  attempt 66/72: port 4002 not ready yet, waiting 5s...
  attempt 67/72: port 4002 not ready yet, waiting 5s...
  attempt 68/72: port 4002 not ready yet, waiting 5s...
  attempt 69/72: port 4002 not ready yet, waiting 5s...
  attempt 70/72: port 4002 not ready yet, waiting 5s...
  attempt 71/72: port 4002 not ready yet, waiting 5s...
  attempt 72/72: port 4002 not ready yet, waiting 5s...
FATAL: IB Gateway did not open port 4002 within 360 seconds. Aborting.
=== TRAP: cleanup at Fri Apr 10 02:10:40 MDT 2026 ===
/Users/duffy/warrior_bot_v2/daily_run_v3.sh: line 16: 29587 Terminated: 15          caffeinate -dims -w $$  (wd: ~)
[v2-ibkr-migration 875adf5] auto: v3 daily logs 2026-04-10
 4 files changed, 7714 insertions(+)
 create mode 100644 logs/2026-04-10_daily.log
 create mode 100644 logs/cron_2026-04-10.log
=== Cleanup complete: Fri Apr 10 02:10:42 MDT 2026 ===
=== Waking screen and ensuring active desktop ===
Display wake signal sent
WARN: keystroke failed — check Accessibility permissions
Waiting 10s for desktop session...
Desktop session: ACTIVE
caffeinate started (PID: 30172)
=== V3 Hybrid daily run started: Fri Apr 10 02:34:19 MDT 2026 ===
From github.com:mannyluke4/warrior_bot
 * branch            v2-ibkr-migration -> FETCH_HEAD
Already up to date.
Code version: 875adf5 (auto: v3 daily logs 2026-04-10)
daily_run_v3.sh hash: 998610b510d5787cb975cea099fe261f760d5986
bot_v3_hybrid.py hash: 0bba18ddb7e05f600cad39c3cdde21415ff327fb
sntp: clock_settime: Operation not permitted
+0.028029 +/- 0.053169 time.apple.com 2620:149:a23:4000::1e2
NTP sync skipped (non-root)
System time: Fri Apr 10 08:34:21 UTC 2026
Pre-flight: checking Python imports...
V3 Imports OK
Killing stale processes...
[1;31m+==============================================================================
+
+                       **** An error has occurred ****
+
+                     Please look in the diagnostics file 
+                   mentioned above for further information
+
+                           Press enter to continue.
+
+==============================================================================[0m
All stale processes cleared.
Starting IB Gateway via IBC...
Waiting for IB Gateway on port 4002...
  attempt 1/72: port 4002 not ready yet, waiting 5s...
[1;32m+==============================================================================
+
+ IBC version 3.23.0
+
+ Running GATEWAY 10.37
+
+ Diagnostic information is logged in:
+
+ /Users/duffy/ibc/logs/ibc-3.23.0_GATEWAY-10.37_Friday.txt
+
+[0m
  attempt 2/72: port 4002 not ready yet, waiting 5s...
  attempt 3/72: port 4002 not ready yet, waiting 5s...
  attempt 4/72: port 4002 not ready yet, waiting 5s...
  attempt 5/72: port 4002 not ready yet, waiting 5s...
  attempt 6/72: port 4002 not ready yet, waiting 5s...
  attempt 7/72: port 4002 not ready yet, waiting 5s...
  attempt 8/72: port 4002 not ready yet, waiting 5s...
  attempt 9/72: port 4002 not ready yet, waiting 5s...
  attempt 10/72: port 4002 not ready yet, waiting 5s...
  attempt 11/72: port 4002 not ready yet, waiting 5s...
  attempt 12/72: port 4002 not ready yet, waiting 5s...
  attempt 13/72: port 4002 not ready yet, waiting 5s...
  attempt 14/72: port 4002 not ready yet, waiting 5s...
  attempt 15/72: port 4002 not ready yet, waiting 5s...
  attempt 16/72: port 4002 not ready yet, waiting 5s...
  attempt 17/72: port 4002 not ready yet, waiting 5s...
  attempt 18/72: port 4002 not ready yet, waiting 5s...
  attempt 19/72: port 4002 not ready yet, waiting 5s...
  attempt 20/72: port 4002 not ready yet, waiting 5s...
  attempt 21/72: port 4002 not ready yet, waiting 5s...
  attempt 22/72: port 4002 not ready yet, waiting 5s...
  attempt 23/72: port 4002 not ready yet, waiting 5s...
  attempt 24/72: port 4002 not ready yet, waiting 5s...
  attempt 25/72: port 4002 not ready yet, waiting 5s...
  attempt 26/72: port 4002 not ready yet, waiting 5s...
  attempt 27/72: port 4002 not ready yet, waiting 5s...
  attempt 28/72: port 4002 not ready yet, waiting 5s...
  attempt 29/72: port 4002 not ready yet, waiting 5s...
  attempt 30/72: port 4002 not ready yet, waiting 5s...
  attempt 31/72: port 4002 not ready yet, waiting 5s...
  attempt 32/72: port 4002 not ready yet, waiting 5s...
  attempt 33/72: port 4002 not ready yet, waiting 5s...
  attempt 34/72: port 4002 not ready yet, waiting 5s...
  attempt 35/72: port 4002 not ready yet, waiting 5s...
  attempt 36/72: port 4002 not ready yet, waiting 5s...
  attempt 37/72: port 4002 not ready yet, waiting 5s...
  attempt 38/72: port 4002 not ready yet, waiting 5s...
  attempt 39/72: port 4002 not ready yet, waiting 5s...
  attempt 40/72: port 4002 not ready yet, waiting 5s...
  attempt 41/72: port 4002 not ready yet, waiting 5s...
  attempt 42/72: port 4002 not ready yet, waiting 5s...
  attempt 43/72: port 4002 not ready yet, waiting 5s...
  attempt 44/72: port 4002 not ready yet, waiting 5s...
  attempt 45/72: port 4002 not ready yet, waiting 5s...
  attempt 46/72: port 4002 not ready yet, waiting 5s...
  attempt 47/72: port 4002 not ready yet, waiting 5s...
  attempt 48/72: port 4002 not ready yet, waiting 5s...
  attempt 49/72: port 4002 not ready yet, waiting 5s...
  attempt 50/72: port 4002 not ready yet, waiting 5s...
  attempt 51/72: port 4002 not ready yet, waiting 5s...
  attempt 52/72: port 4002 not ready yet, waiting 5s...
  attempt 53/72: port 4002 not ready yet, waiting 5s...
  attempt 54/72: port 4002 not ready yet, waiting 5s...
  attempt 55/72: port 4002 not ready yet, waiting 5s...
  attempt 56/72: port 4002 not ready yet, waiting 5s...
  attempt 57/72: port 4002 not ready yet, waiting 5s...
  attempt 58/72: port 4002 not ready yet, waiting 5s...
  attempt 59/72: port 4002 not ready yet, waiting 5s...
  attempt 60/72: port 4002 not ready yet, waiting 5s...
  attempt 61/72: port 4002 not ready yet, waiting 5s...
  attempt 62/72: port 4002 not ready yet, waiting 5s...
  attempt 63/72: port 4002 not ready yet, waiting 5s...
  attempt 64/72: port 4002 not ready yet, waiting 5s...
  attempt 65/72: port 4002 not ready yet, waiting 5s...
  attempt 66/72: port 4002 not ready yet, waiting 5s...
  attempt 67/72: port 4002 not ready yet, waiting 5s...
  attempt 68/72: port 4002 not ready yet, waiting 5s...
  attempt 69/72: port 4002 not ready yet, waiting 5s...
  attempt 70/72: port 4002 not ready yet, waiting 5s...
  attempt 71/72: port 4002 not ready yet, waiting 5s...
  attempt 72/72: port 4002 not ready yet, waiting 5s...
FATAL: IB Gateway did not open port 4002 within 360 seconds. Aborting.
=== TRAP: cleanup at Fri Apr 10 02:40:41 MDT 2026 ===
daily_run_v3.sh: line 16: 30172 Terminated: 15          caffeinate -dims -w $$
[v2-ibkr-migration 9df9400] auto: v3 daily logs 2026-04-10
 3 files changed, 253 insertions(+)
 create mode 100644 logs/healthcheck_2026-04-10.log
=== Cleanup complete: Fri Apr 10 02:40:43 MDT 2026 ===
/Users/duffy/ibc/scripts/displaybannerandlaunch.sh: line 75: 30225 Killed: 9               "${IBC_PATH}/scripts/ibcstart.sh" "${TWS_MAJOR_VRSN}" ${gw_flag} "--tws-path=${TWS_PATH}" "--tws-settings-path=${TWS_SETTINGS_PATH}" "--ibc-path=${IBC_PATH}" "--ibc-ini=${IBC_INI}" "--user=${TWSUSERID}" "--pw=${TWSPASSWORD}" "--fix-user=${FIXUSERID}" "--fix-pw=${FIXPASSWORD}" "--java-path=${JAVA_PATH}" "--mode=${TRADING_MODE}" "--on2fatimeout=${TWOFA_TIMEOUT_ACTION}" >> "${log_file}" 2>&1
[1;31m+==============================================================================
+
+                       **** An error has occurred ****
+
+                     Please look in the diagnostics file 
+                   mentioned above for further information
+
+                           Press enter to continue.
+
+==============================================================================[0m
============================================================
  WARRIOR BOT V3 — Hybrid (IBKR data + Alpaca execution)
  Squeeze: ON
  MP: OFF
  MP V2 (Re-Entry): OFF
  Port: 4002
  Risk: 3.5% per trade
  Starting Equity: $30,000
  Max Daily Loss: $3,000 (2% of equity, scaling)
  Windows: 04:00-11:00,16:00-20:00
  SQ Target R: 1.5
============================================================

Pre-flight port check:
  Port 4002: IN USE
  Port 7497: free
Alpaca connected (PAPER)
  Position sync: No open positions on Alpaca. Clean start.
Connected: True
Account: ['DUQ143444']
Account equity: $29,697
EPL initialized: 1 strategies registered

🔄 CATCHUP SCAN at 05:14:17 ET (first scan — casting wide net)...
Error 162, reqId 3: Historical Market Data Service error message:API scanner subscription cancelled: 3
IBKR ERROR 162: Historical Market Data Service error message:API scanner subscription cancelled: 3 (reqId=3, symbol=?)
Error 162, reqId 4: Historical Market Data Service error message:API scanner subscription cancelled: 4
IBKR ERROR 162: Historical Market Data Service error message:API scanner subscription cancelled: 4 (reqId=4, symbol=?)
  Catchup: 39 unique symbols from 3 scanners
  [float_cache] Cleared 1 stale None entries — will re-attempt lookups
    Catchup: processing 1/39 — BATL...
Error 162, reqId 5: Historical Market Data Service error message:API scanner subscription cancelled: 5
IBKR ERROR 162: Historical Market Data Service error message:API scanner subscription cancelled: 5 (reqId=5, symbol=?)
    Catchup: processing 2/39 — BBAI...
    Catchup: processing 3/39 — BBGI...
    Catchup: processing 4/39 — BITX...
    Catchup: processing 5/39 — BZAI...
    Catchup: processing 6/39 — CCUP...
    Catchup: processing 7/39 — CONL...
    Catchup: processing 8/39 — CRCD...
    Catchup: processing 9/39 — CRCG...
    Catchup: processing 10/39 — ELAB...
    Catchup: processing 11/39 — EOSE...
    Catchup: processing 12/39 — ETHA...
    Catchup: processing 13/39 — IQST...
    Catchup: processing 14/39 — LAES...
    Catchup: processing 15/39 — LI...
  [FMP] LI: 548.99M
    Catchup: processing 16/39 — MSTU...
    Catchup: processing 17/39 — MSTZ...
    Catchup: processing 18/39 — MXL...
    Catchup: processing 19/39 — NBIZ...
    Catchup: processing 20/39 — NIO...
    Catchup: processing 21/39 — NOK...
    Catchup: processing 22/39 — NOWL...
    Catchup: processing 23/39 — NVDQ...
    Catchup: processing 24/39 — OGN...
    Catchup: processing 25/39 — PLUG...
    Catchup: processing 26/39 — POET...
    Catchup: processing 27/39 — PTIR...
    Catchup: processing 28/39 — RZLV...
    Catchup: processing 29/39 — SATL...
    Catchup: processing 30/39 — SCO...
    Catchup: processing 31/39 — SGML...
    Catchup: processing 32/39 — SKYQ...
    Catchup: processing 33/39 — SQFT...
    Catchup: processing 34/39 — TE...
    Catchup: processing 35/39 — TSLL...
    Catchup: processing 36/39 — UGRO...
    Catchup: processing 37/39 — UVIX...
    Catchup: processing 38/39 — VG...
    Catchup: processing 39/39 — ZNTL...
  Catchup: 1 candidates after filters
[05:17 ET] SQFT SQ | SQ_REJECT: not_new_hod (bar_high=$4.1800 < HOD=$5.1000)
[05:17 ET] SQFT SQ | SQ_REJECT: not_new_hod (bar_high=$3.5800 < HOD=$3.6681)
🔥 Seeded SQFT: 50871 ticks → 50 bars, EMA=3.3449 (1017 ticks/bar avg)
✅ Subscribed: SQFT
📊 Scanner: 1 new candidates, 1 new subs, 1 total watching

📡 Databento bridge: 1 new symbols from watchlist.txt: ['KIDZ']
🔥 Seeded KIDZ: 33 ticks → 8 bars, EMA=2.5466 (4 ticks/bar avg)
✅ Subscribed: KIDZ

Bot running. Windows: 04:00-11:00, 16:00-20:00 ET. Ctrl+C to stop.
  TICK AUDIT: KIDZ: 0 ticks in last 60s, last_price=$2.57, last_tick_time=05:17:20
  TICK AUDIT: SQFT: 60 ticks in last 60s, last_price=$3.22, last_tick_time=05:17:30
⚠️ TICK DROUGHT: KIDZ — 0 ticks in last audit period. Resubscribing (attempt 1/3)...
[05:18:00 ET] ACTIVE | flat | daily=$+0 (0t) | conn=OK | ticks=199 | KIDZ:1t/IDLE SQFT:95t/IDLE
[05:18:01 ET] ACTIVE | flat | daily=$+0 (0t) | conn=OK | ticks=201 | KIDZ:1t/IDLE SQFT:97t/IDLE
  TICK AUDIT: KIDZ: 1 ticks in last 60s, last_price=$2.57, last_tick_time=05:17:33
  TICK AUDIT: SQFT: 190 ticks in last 60s, last_price=$3.29, last_tick_time=05:18:31
[05:19:00 ET] ACTIVE | flat | daily=$+0 (0t) | conn=OK | ticks=131 | KIDZ:0t/IDLE SQFT:28t/IDLE
[05:19:01 ET] ACTIVE | flat | daily=$+0 (0t) | conn=OK | ticks=138 | KIDZ:0t/IDLE SQFT:35t/IDLE

🔄 Running scanner at 05:19:18 ET...
Error 162, reqId 140: Historical Market Data Service error message:API scanner subscription cancelled: 140
  [float_cache] Cleared 2 stale None entries — will re-attempt lookups
IBKR ERROR 162: Historical Market Data Service error message:API scanner subscription cancelled: 140 (reqId=140, symbol=?)
[05:20 ET] NIO CHART | O=6.19 H=6.19 L=6.19 C=6.19 V=200 | EMA9=none VWAP=6.19 (+0.0%) HOD=6.19 PM_H=6.19 | MACD=N/A vol_ratio=0.0x avg_vol=0 bars=0 | sq=N/A armed=none
[05:20 ET] SQFT CHART | O=3.29 H=3.31 L=3.27 C=3.30 V=8,432 | EMA9=3.32 VWAP=3.48 (-5.2%) HOD=5.10 PM_H=5.10 | MACD=N/A vol_ratio=0.2x avg_vol=34,972 bars=50 | sq=IDLE armed=none
[05:20 ET] NBIZ CHART | O=5.91 H=5.91 L=5.91 C=5.91 V=800 | EMA9=none VWAP=5.90 (+0.1%) HOD=5.91 PM_H=5.91 | MACD=N/A vol_ratio=0.0x avg_vol=0 bars=0 | sq=N/A armed=none
[05:20 ET] RZLV CHART | O=2.58 H=2.58 L=2.58 C=2.58 V=300 | EMA9=none VWAP=2.58 (+0.0%) HOD=2.58 PM_H=2.58 | MACD=N/A vol_ratio=0.0x avg_vol=0 bars=0 | sq=N/A armed=none
[05:20 ET] POET CHART | O=6.17 H=6.17 L=6.17 C=6.17 V=200 | EMA9=none VWAP=6.17 (+0.1%) HOD=6.17 PM_H=6.17 | MACD=N/A vol_ratio=0.0x avg_vol=0 bars=0 | sq=N/A armed=none
[05:20 ET] VG CHART | O=13.23 H=13.23 L=13.23 C=13.23 V=900 | EMA9=none VWAP=13.22 (+0.1%) HOD=13.23 PM_H=13.23 | MACD=N/A vol_ratio=0.0x avg_vol=0 bars=0 | sq=N/A armed=none
[05:20 ET] BBAI CHART | O=3.33 H=3.33 L=3.33 C=3.33 V=16,000 | EMA9=none VWAP=3.33 (+0.0%) HOD=3.33 PM_H=3.33 | MACD=N/A vol_ratio=0.0x avg_vol=0 bars=0 | sq=N/A armed=none
  Saved: /Users/duffy/warrior_bot_v2/scanner_results/2026-04-10.json (1 snapshots)
📊 Scanner: 1 new candidates, 0 new subs, 2 total watching
  TICK AUDIT: KIDZ: 0 ticks in last 60s, last_price=$2.57, last_tick_time=05:17:33
  TICK AUDIT: SQFT: 189 ticks in last 60s, last_price=$3.29, last_tick_time=05:20:16
⚠️ TICK DROUGHT: KIDZ — 0 ticks in last audit period. Resubscribing (attempt 1/3)...
[05:20 ET] KIDZ CHART | O=2.57 H=2.57 L=2.57 C=2.57 V=100 | EMA9=2.54 VWAP=2.53 (+1.6%) HOD=2.59 PM_H=2.59 | MACD=N/A vol_ratio=0.4x avg_vol=260 bars=9 | sq=IDLE armed=none
[05:21:00 ET] ACTIVE | flat | daily=$+0 (0t) | conn=OK | ticks=244 | KIDZ:3t/IDLE SQFT:87t/IDLE
[05:21:01 ET] ACTIVE | flat | daily=$+0 (0t) | conn=OK | ticks=244 | KIDZ:3t/IDLE SQFT:87t/IDLE
  TICK AUDIT: KIDZ: 3 ticks in last 60s, last_price=$2.57, last_tick_time=05:20:19
  TICK AUDIT: SQFT: 128 ticks in last 60s, last_price=$3.31, last_tick_time=05:21:16
[05:22:00 ET] ACTIVE | flat | daily=$+0 (0t) | conn=OK | ticks=288 | KIDZ:0t/IDLE SQFT:134t/IDLE
[05:22:01 ET] ACTIVE | flat | daily=$+0 (0t) | conn=OK | ticks=295 | KIDZ:0t/IDLE SQFT:141t/IDLE
  TICK AUDIT: KIDZ: 0 ticks in last 60s, last_price=$2.57, last_tick_time=05:20:19
  TICK AUDIT: SQFT: 192 ticks in last 60s, last_price=$3.34, last_tick_time=05:22:15
⚠️ TICK DROUGHT: KIDZ — 0 ticks in last audit period. Resubscribing (attempt 1/3)...
[05:23:00 ET] ACTIVE | flat | daily=$+0 (0t) | conn=OK | ticks=278 | KIDZ:3t/IDLE SQFT:121t/IDLE
[05:23:01 ET] ACTIVE | flat | daily=$+0 (0t) | conn=OK | ticks=280 | KIDZ:3t/IDLE SQFT:123t/IDLE
  TICK AUDIT: KIDZ: 3 ticks in last 60s, last_price=$2.57, last_tick_time=05:22:19
  TICK AUDIT: SQFT: 166 ticks in last 60s, last_price=$3.40, last_tick_time=05:23:17
[05:24:00 ET] ACTIVE | flat | daily=$+0 (0t) | conn=OK | ticks=274 | KIDZ:0t/IDLE SQFT:120t/IDLE
[05:24:01 ET] ACTIVE | flat | daily=$+0 (0t) | conn=OK | ticks=277 | KIDZ:0t/IDLE SQFT:123t/IDLE
  TICK AUDIT: KIDZ: 0 ticks in last 60s, last_price=$2.57, last_tick_time=05:22:19
  TICK AUDIT: SQFT: 192 ticks in last 60s, last_price=$3.41, last_tick_time=05:24:17
⚠️ TICK DROUGHT: KIDZ — 0 ticks in last audit period. Resubscribing (attempt 1/3)...

🔄 Running scanner at 05:24:21 ET...
Error 162, reqId 224: Historical Market Data Service error message:API scanner subscription cancelled: 224
  [float_cache] Cleared 1 stale None entries — will re-attempt lookups
IBKR ERROR 162: Historical Market Data Service error message:API scanner subscription cancelled: 224 (reqId=224, symbol=?)
[05:25 ET] SQFT CHART | O=3.42 H=3.45 L=3.38 C=3.45 V=24,086 | EMA9=3.35 VWAP=3.48 (-0.8%) HOD=5.10 PM_H=5.10 | MACD=N/A vol_ratio=0.7x avg_vol=33,401 bars=50 | sq=IDLE armed=none
[05:25 ET] BZAI CHART | O=2.39 H=2.39 L=2.39 C=2.39 V=400 | EMA9=none VWAP=2.38 (+0.2%) HOD=2.39 PM_H=2.39 | MACD=N/A vol_ratio=0.0x avg_vol=0 bars=0 | sq=N/A armed=none
[05:25 ET] NIO CHART | O=6.19 H=6.19 L=6.19 C=6.19 V=1,000 | EMA9=none VWAP=6.19 (+0.0%) HOD=6.19 PM_H=6.19 | MACD=N/A vol_ratio=0.0x avg_vol=0 bars=0 | sq=N/A armed=none
[05:25 ET] RZLV CHART | O=2.58 H=2.58 L=2.58 C=2.58 V=600 | EMA9=none VWAP=2.58 (+0.1%) HOD=2.58 PM_H=2.58 | MACD=N/A vol_ratio=0.0x avg_vol=0 bars=0 | sq=N/A armed=none
[05:25 ET] POET CHART | O=6.16 H=6.16 L=6.16 C=6.16 V=200 | EMA9=none VWAP=6.16 (-0.0%) HOD=6.17 PM_H=6.17 | MACD=N/A vol_ratio=0.0x avg_vol=0 bars=0 | sq=N/A armed=none
[05:25 ET] VG CHART | O=13.15 H=13.15 L=13.15 C=13.15 V=200 | EMA9=none VWAP=13.21 (-0.4%) HOD=13.23 PM_H=13.23 | MACD=N/A vol_ratio=0.0x avg_vol=0 bars=0 | sq=N/A armed=none
  Saved: /Users/duffy/warrior_bot_v2/scanner_results/2026-04-10.json (2 snapshots)
📊 Scanner: 1 new candidates, 0 new subs, 2 total watching
  TICK AUDIT: KIDZ: 3 ticks in last 60s, last_price=$2.57, last_tick_time=05:24:20
  TICK AUDIT: SQFT: 252 ticks in last 60s, last_price=$3.43, last_tick_time=05:25:19
[05:26:00 ET] ACTIVE | flat | daily=$+0 (0t) | conn=OK | ticks=395 | KIDZ:0t/IDLE SQFT:191t/IDLE
[05:26:01 ET] ACTIVE | flat | daily=$+0 (0t) | conn=OK | ticks=397 | KIDZ:0t/IDLE SQFT:193t/IDLE
  TICK AUDIT: KIDZ: 0 ticks in last 60s, last_price=$2.57, last_tick_time=05:24:20
  TICK AUDIT: SQFT: 268 ticks in last 60s, last_price=$3.36, last_tick_time=05:26:19
⚠️ TICK DROUGHT: KIDZ — 0 ticks in last audit period. Resubscribing (attempt 1/3)...
[05:27:00 ET] ACTIVE | flat | daily=$+0 (0t) | conn=OK | ticks=301 | KIDZ:2t/IDLE SQFT:95t/IDLE
[05:27:01 ET] ACTIVE | flat | daily=$+0 (0t) | conn=OK | ticks=301 | KIDZ:2t/IDLE SQFT:95t/IDLE
  TICK AUDIT: KIDZ: 2 ticks in last 60s, last_price=$2.57, last_tick_time=05:26:22
  TICK AUDIT: SQFT: 128 ticks in last 60s, last_price=$3.37, last_tick_time=05:27:18
[05:28:00 ET] ACTIVE | flat | daily=$+0 (0t) | conn=OK | ticks=279 | KIDZ:0t/IDLE SQFT:75t/IDLE
[05:28:01 ET] ACTIVE | flat | daily=$+0 (0t) | conn=OK | ticks=282 | KIDZ:0t/IDLE SQFT:78t/IDLE
  TICK AUDIT: KIDZ: 0 ticks in last 60s, last_price=$2.57, last_tick_time=05:26:22
  TICK AUDIT: SQFT: 104 ticks in last 60s, last_price=$3.37, last_tick_time=05:28:17
⚠️ TICK DROUGHT: KIDZ — 0 ticks in last audit period. Resubscribing (attempt 1/3)...
[05:29:00 ET] ACTIVE | flat | daily=$+0 (0t) | conn=OK | ticks=290 | KIDZ:2t/IDLE SQFT:84t/IDLE
[05:29:01 ET] ACTIVE | flat | daily=$+0 (0t) | conn=OK | ticks=293 | KIDZ:2t/IDLE SQFT:87t/IDLE
IBKR ERROR 2157: Sec-def data farm connection is broken:secdefil (reqId=-1, symbol=?)
IBKR ERROR 2105: HMDS data farm connection is broken:ushmds (reqId=-1, symbol=?)
IBKR ERROR 2103: Market data farm connection is broken:usfarm (reqId=-1, symbol=?)
  TICK AUDIT: KIDZ: 2 ticks in last 60s, last_price=$2.57, last_tick_time=05:28:22
  TICK AUDIT: SQFT: 96 ticks in last 60s, last_price=$3.35, last_tick_time=05:29:08

🔄 Running scanner at 05:29:21 ET...
Error 1100, reqId -1: Connectivity between IBKR and Trader Workstation has been lost.
IBKR ERROR 1100: Connectivity between IBKR and Trader Workstation has been lost. (reqId=-1, symbol=?)
Error 1100, reqId -1: Connectivity between IBKR and Trader Workstation has been lost.
IBKR ERROR 1100: Connectivity between IBKR and Trader Workstation has been lost. (reqId=-1, symbol=?)
⚠️ IBKR ERROR 2158: Sec-def data farm connection is OK:secdefil (symbol=?)
⚠️ IBKR ERROR 2106: HMDS data farm connection is OK:ushmds (symbol=?)
⚠️ IBKR ERROR 2104: Market data farm connection is OK:usfarm (symbol=?)
Error 162, reqId 307: Historical Market Data Service error message:API scanner subscription cancelled: 307
  [float_cache] Cleared 1 stale None entries — will re-attempt lookups
IBKR ERROR 162: Historical Market Data Service error message:API scanner subscription cancelled: 307 (reqId=307, symbol=?)
Error 1102, reqId -1: Connectivity between IBKR and Trader Workstation has been restored - data maintained. All data farms are connected: usfarm; ushmds; secdefil.
IBKR ERROR 1102: Connectivity between IBKR and Trader Workstation has been restored - data maintained. All data farms are connected: usfarm; ushmds; secdefil. (reqId=-1, symbol=?)
  [FMP] KYIV: 230.42M
  Saved: /Users/duffy/warrior_bot_v2/scanner_results/2026-04-10.json (3 snapshots)
📊 Scanner: 1 new candidates, 0 new subs, 2 total watching
  TICK AUDIT: KIDZ: 4 ticks in last 60s, last_price=$2.57, last_tick_time=05:33:39
  TICK AUDIT: SQFT: 143 ticks in last 60s, last_price=$3.34, last_tick_time=05:34:44
============================================================
  WARRIOR BOT V3 — Hybrid (IBKR data + Alpaca execution)
  Squeeze: ON
  MP: OFF
  MP V2 (Re-Entry): OFF
  Port: 4002
  Risk: 3.5% per trade
  Starting Equity: $30,000
  Max Daily Loss: $3,000 (2% of equity, scaling)
  Windows: 04:00-11:00,16:00-20:00
  SQ Target R: 1.5
============================================================

Pre-flight port check:
  Port 4002: IN USE
  Port 7497: free
  Watchdog: armed (kills bot if main thread frozen >120s)
Alpaca connected (PAPER)
  Position sync: No open positions on Alpaca. Clean start.
Connected: True
Account: ['DUQ143444']
Account equity: $29,697
EPL initialized: 1 strategies registered

🔄 CATCHUP SCAN at 16:01:18 ET (first scan — casting wide net)...
Error 162, reqId 3: Historical Market Data Service error message:API scanner subscription cancelled: 3
IBKR ERROR 162: Historical Market Data Service error message:API scanner subscription cancelled: 3 (reqId=3, symbol=?)
Error 162, reqId 4: Historical Market Data Service error message:API scanner subscription cancelled: 4
IBKR ERROR 162: Historical Market Data Service error message:API scanner subscription cancelled: 4 (reqId=4, symbol=?)
  Catchup: 51 unique symbols from 3 scanners
  [float_cache] Cleared 1 stale None entries — will re-attempt lookups
    Catchup: processing 1/51 — ALOY...
Error 162, reqId 5: Historical Market Data Service error message:API scanner subscription cancelled: 5
IBKR ERROR 162: Historical Market Data Service error message:API scanner subscription cancelled: 5 (reqId=5, symbol=?)
    Catchup: processing 2/51 — ANGX...
    Catchup: processing 3/51 — AOHY...
  [FMP] AOHY: 11.13M
    Catchup: processing 4/51 — APAD...
    Catchup: processing 5/51 — APLM...
    Catchup: processing 6/51 — BBD...
    Catchup: processing 7/51 — BENF...
    Catchup: processing 8/51 — BITO...
    Catchup: processing 9/51 — CHSN...
    Catchup: processing 10/51 — CKX...
    Catchup: processing 11/51 — CRWG...
    Catchup: processing 12/51 — CRWU...
    Catchup: processing 13/51 — EOSE...
    Catchup: processing 14/51 — GRAB...
    Catchup: processing 15/51 — HURA...
    Catchup: processing 16/51 — LNKS...
    Catchup: processing 17/51 — LWLG...
    Catchup: processing 18/51 — MBBC...
    Catchup: processing 19/51 — MFI...
    Catchup: processing 20/51 — NBIZ...
    Catchup: processing 21/51 — NCEL...
    Catchup: processing 22/51 — NETG...
    Catchup: processing 23/51 — NIO...
    Catchup: processing 24/51 — NOK...
    Catchup: processing 25/51 — NOWL...
    Catchup: processing 26/51 — NVD...
    Catchup: processing 27/51 — OCC...
    Catchup: processing 28/51 — OGN...
    Catchup: processing 29/51 — PLTD...
    Catchup: processing 30/51 — PLUG...
    Catchup: processing 31/51 — POET...
    Catchup: processing 32/51 — PSTV...
    Catchup: processing 33/51 — SIDU...
    Catchup: processing 34/51 — SKYQ...
    Catchup: processing 35/51 — SMCL...
    Catchup: processing 36/51 — SMCX...
    Catchup: processing 37/51 — SNAP...
    Catchup: processing 38/51 — SNOU...
    Catchup: processing 39/51 — SPDN...
    Catchup: processing 40/51 — SQFT...
    Catchup: processing 41/51 — TDOG...
    Catchup: processing 42/51 — TPST...
    Catchup: processing 43/51 — TSLG...
    Catchup: processing 44/51 — TSLL...
    Catchup: processing 45/51 — TZA...
    Catchup: processing 46/51 — UBCP...
  [FMP] UBCP: 4.90M
    Catchup: processing 47/51 — UCAR...
    Catchup: processing 48/51 — UVIX...
    Catchup: processing 49/51 — WSR...
    Catchup: processing 50/51 — XNDU...
    Catchup: processing 51/51 — ZNTL...
  Catchup: 11 candidates after filters

💀 WATCHDOG: main thread frozen for 120s — exiting hard for restart.
