05:22:29  Live Scanner starting — 2026-04-17 
05:22:29  [1/2] Fetching 21-day OHLCV (Databento EQUS.SUMMARY ohlcv-1d)...
05:22:29  Initialized Historical(gateway=https://hist.databento.com)
05:22:29        Requesting OHLCV from 2026-03-19 to 2026-04-16...
05:22:32        FAILED to load prev close: 402 account_delinquent_invoice
Unable to submit the request because there is an unpaid invoice.
documentation: https://databento.com/docs/portal/billing
05:22:32        If EQUS.SUMMARY is not in your plan, confirm dataset access
05:22:32        at https://databento.com/platform/datasets
05:22:32        Scanner cannot run without prev close data — aborting
Traceback (most recent call last):
  File "/Users/duffy/warrior_bot_v2/live_scanner.py", line 733, in <module>
    main()
  File "/Users/duffy/warrior_bot_v2/live_scanner.py", line 729, in main
    scanner.run()
  File "/Users/duffy/warrior_bot_v2/live_scanner.py", line 637, in run
    self.load_prev_close()
  File "/Users/duffy/warrior_bot_v2/live_scanner.py", line 306, in load_prev_close
    data = client.timeseries.get_range(
           ^^^^^^^^^^^^^^^^^^^^^^^^^^^^
  File "/Users/duffy/warrior_bot/venv/lib/python3.12/site-packages/databento/historical/api/timeseries.py", line 127, in get_range
    return self._stream(
           ^^^^^^^^^^^^^
  File "/Users/duffy/warrior_bot/venv/lib/python3.12/site-packages/databento/common/http.py", line 134, in _stream
    check_http_error(response)
  File "/Users/duffy/warrior_bot/venv/lib/python3.12/site-packages/databento/common/http.py", line 249, in check_http_error
    raise BentoClientError(
databento.common.error.BentoClientError: 402 account_delinquent_invoice
Unable to submit the request because there is an unpaid invoice.
documentation: https://databento.com/docs/portal/billing
