============================================================
  WARRIOR BOT V3 — Hybrid (IBKR data + Alpaca execution)
  Squeeze: ON
  MP: OFF
  MP V2 (Re-Entry): OFF
  Port: 4002
  Risk: 2.5% per trade
  Starting Equity: $30,000
  Max Daily Loss: $3,000
  Windows: 04:00-11:00,16:00-20:00
  SQ Target R: 2.0
============================================================

Pre-flight port check:
  Port 4002: IN USE
  Port 7497: free
Alpaca connected (PAPER)
  Position sync: No open positions on Alpaca. Clean start.
Connected: True
Account: ['DUQ143444']
Account equity: $29,697
EPL initialized: 1 strategies registered

📡 Databento bridge: 1 new symbols from watchlist.txt: ['KIDZ']
🔥 Seeded KIDZ: 960 bars, EMA=3.4035
✅ Subscribed: KIDZ

Bot running. Windows: 04:00-11:00, 16:00-20:00 ET. Ctrl+C to stop.
  Tick cache: KIDZ → +2 ticks (total 2)
📦 Tick cache saved: 1 symbols → tick_cache/2026-04-06/

💤 Dead zone (02:15 ET). Sleeping until next window...
IBKR ERROR 2107: HMDS data farm connection is inactive but should be available upon demand.ushmds (reqId=-1, symbol=?)
[02:45 ET] KIDZ CHART | O=3.36 H=3.36 L=3.36 C=3.36 V=100 | EMA9=3.38 VWAP=3.36 (+0.0%) HOD=3.36 PM_H=-inf | MACD=N/A vol_ratio=0.4x avg_vol=258 bars=50 | sq=IDLE armed=none
[03:35 ET] KIDZ CHART | O=3.26 H=3.26 L=3.26 C=3.26 V=400 | EMA9=3.33 VWAP=3.32 (-1.8%) HOD=3.36 PM_H=-inf | MACD=N/A vol_ratio=1.2x avg_vol=338 bars=50 | sq=IDLE armed=none
[03:45 ET] KIDZ CHART | O=3.26 H=3.26 L=3.26 C=3.26 V=400 | EMA9=3.32 VWAP=3.32 (-1.7%) HOD=3.36 PM_H=-inf | MACD=N/A vol_ratio=1.2x avg_vol=346 bars=50 | sq=IDLE armed=none
[03:50 ET] KIDZ CHART | O=3.26 H=3.29 L=3.26 C=3.29 V=900 | EMA9=3.29 VWAP=3.30 (-0.4%) HOD=3.36 PM_H=-inf | MACD=N/A vol_ratio=2.4x avg_vol=370 bars=50 | sq=IDLE armed=none
[04:00 ET] KIDZ CHART | O=3.29 H=3.29 L=3.29 C=3.29 V=200 | EMA9=3.29 VWAP=3.30 (-0.4%) HOD=3.36 PM_H=3.29 | MACD=N/A vol_ratio=0.5x avg_vol=387 bars=50 | sq=IDLE armed=none
=== Waking screen and ensuring active desktop ===
Display wake signal sent

🟢 Evening session started (04:00 ET). Full reset. Resuming trading.

🔄 CATCHUP SCAN at 04:00:11 ET (first scan — casting wide net)...
⚠️ IBKR ERROR 2106: HMDS data farm connection is OK:ushmds (symbol=?)
IBKR ERROR 165: Historical Market Data Service query message:no items retrieved (reqId=6, symbol=?)
Error 162, reqId 6: Historical Market Data Service error message:API scanner subscription cancelled: 6
IBKR ERROR 162: Historical Market Data Service error message:API scanner subscription cancelled: 6 (reqId=6, symbol=?)
IBKR ERROR 165: Historical Market Data Service query message:no items retrieved (reqId=7, symbol=?)
Error 162, reqId 7: Historical Market Data Service error message:API scanner subscription cancelled: 7
IBKR ERROR 162: Historical Market Data Service error message:API scanner subscription cancelled: 7 (reqId=7, symbol=?)
IBKR ERROR 165: Historical Market Data Service query message:no items retrieved (reqId=8, symbol=?)
  Catchup: 0 unique symbols from 3 scanners
📊 Scanner: 0 new candidates, 0 new subs, 0 total watching

📡 Databento bridge: 1 new symbols from watchlist.txt: ['KIDZ']
Error 162, reqId 8: Historical Market Data Service error message:API scanner subscription cancelled: 8
IBKR ERROR 162: Historical Market Data Service error message:API scanner subscription cancelled: 8 (reqId=8, symbol=?)
🔥 Seeded KIDZ: 1 bars, EMA=3.3600
✅ Subscribed: KIDZ
  TICK AUDIT: KIDZ: 0 ticks in last 60s, last_price=$3.31, last_tick_time=04:00:15
⚠️ TICK DROUGHT: KIDZ — 0 ticks in last audit period. Resubscribing (attempt 1/3)...
[04:01:00 ET] ACTIVE | flat | daily=$+0 (0t) | conn=OK | ticks=6 | KIDZ:6t/IDLE
[04:01:01 ET] ACTIVE | flat | daily=$+0 (0t) | conn=OK | ticks=7 | KIDZ:7t/IDLE
  TICK AUDIT: KIDZ: 7 ticks in last 60s, last_price=$3.41, last_tick_time=04:01:01
[04:02:00 ET] ACTIVE | flat | daily=$+0 (0t) | conn=OK | ticks=4 | KIDZ:4t/IDLE
[04:02:01 ET] ACTIVE | flat | daily=$+0 (0t) | conn=OK | ticks=4 | KIDZ:4t/IDLE
  TICK AUDIT: KIDZ: 4 ticks in last 60s, last_price=$3.41, last_tick_time=04:01:41
[04:03:00 ET] ACTIVE | flat | daily=$+0 (0t) | conn=OK | ticks=0 | KIDZ:0t/IDLE
[04:03:01 ET] ACTIVE | flat | daily=$+0 (0t) | conn=OK | ticks=0 | KIDZ:0t/IDLE
  TICK AUDIT: KIDZ: 0 ticks in last 60s, last_price=$3.41, last_tick_time=04:01:41
⚠️ TICK DROUGHT: KIDZ — 0 ticks in last audit period. Resubscribing (attempt 1/3)...
[04:04:00 ET] ACTIVE | flat | daily=$+0 (0t) | conn=OK | ticks=4 | KIDZ:4t/IDLE
[04:04:01 ET] ACTIVE | flat | daily=$+0 (0t) | conn=OK | ticks=4 | KIDZ:4t/IDLE
WARN: keystroke failed — check Accessibility permissions
Waiting 10s for desktop session...
  TICK AUDIT: KIDZ: 14 ticks in last 60s, last_price=$3.41, last_tick_time=04:04:12
Desktop session: ACTIVE
caffeinate started (PID: 26582)
=== V3 Hybrid daily run started: Mon Apr  6 02:04:18 MDT 2026 ===
From github.com:mannyluke4/warrior_bot
 * branch            v2-ibkr-migration -> FETCH_HEAD
Already up to date.
Code version: f8daa85 (Add session report: box strategy build + ship (April 3))
/Users/duffy/warrior_bot_v2/daily_run_v3.sh: line 88: md5: command not found
daily_run_v3.sh hash: 
/Users/duffy/warrior_bot_v2/daily_run_v3.sh: line 89: md5: command not found
bot_v3_hybrid.py hash: 
sntp: clock_settime: Operation not permitted
+0.022090 +/- 0.043553 time.apple.com 2620:149:a23:3000::1f2
NTP sync skipped (non-root)
System time: Mon Apr  6 08:04:20 UTC 2026
Pre-flight: checking Python imports...
V3 Imports OK
Killing stale processes...
Peer closed connection.
Traceback (most recent call last):
  File "/Users/duffy/warrior_bot/venv/lib/python3.12/site-packages/ib_insync/util.py", line 341, in run
    result = loop.run_until_complete(task)
             ^^^^^^^^^^^^^^^^^^^^^^^^^^^^^
  File "/opt/homebrew/Cellar/python@3.12/3.12.13/Frameworks/Python.framework/Versions/3.12/lib/python3.12/asyncio/base_events.py", line 691, in run_until_complete
    return future.result()
           ^^^^^^^^^^^^^^^
  File "/opt/homebrew/Cellar/python@3.12/3.12.13/Frameworks/Python.framework/Versions/3.12/lib/python3.12/asyncio/tasks.py", line 665, in sleep
    return await future
           ^^^^^^^^^^^^
asyncio.exceptions.CancelledError

During handling of the above exception, another exception occurred:

Traceback (most recent call last):
  File "/Users/duffy/warrior_bot_v2/bot_v3_hybrid.py", line 2035, in main
    ib.sleep(30 if state.in_dead_zone else 1)
  File "/Users/duffy/warrior_bot/venv/lib/python3.12/site-packages/ib_insync/util.py", line 386, in sleep
    run(asyncio.sleep(secs))
  File "/Users/duffy/warrior_bot/venv/lib/python3.12/site-packages/ib_insync/util.py", line 343, in run
    raise globalErrorEvent.value() or e
ConnectionError: Socket disconnect
🔥 Bot crashed:
  Tick cache: KIDZ → +96 ticks (total 98)
📦 Tick cache saved: 1 symbols → tick_cache/2026-04-06/

============================================================
  SESSION SUMMARY
  Momentum Trades: 0
  Momentum P&L: $+0
  Box Trades: 0
  Box P&L: $+0.00
  COMBINED P&L: $+0.00
============================================================
All stale processes cleared.
Starting IB Gateway via IBC...
Waiting for IB Gateway on port 4002...
  attempt 1/36: port 4002 not ready yet, waiting 5s...
[1;32m+==============================================================================
+
+ IBC version 3.23.0
+
+ Running GATEWAY 10.37
+
+ Diagnostic information is logged in:
+
+ /Users/duffy/ibc/logs/ibc-3.23.0_GATEWAY-10.37_Monday.txt
+
+[0m
  attempt 2/36: port 4002 not ready yet, waiting 5s...
  attempt 3/36: port 4002 not ready yet, waiting 5s...
  attempt 4/36: port 4002 not ready yet, waiting 5s...
  attempt 5/36: port 4002 not ready yet, waiting 5s...
  attempt 6/36: port 4002 not ready yet, waiting 5s...
  attempt 7/36: port 4002 not ready yet, waiting 5s...
  attempt 8/36: port 4002 not ready yet, waiting 5s...
  attempt 9/36: port 4002 not ready yet, waiting 5s...
  attempt 10/36: port 4002 not ready yet, waiting 5s...
  attempt 11/36: port 4002 not ready yet, waiting 5s...
  attempt 12/36: port 4002 not ready yet, waiting 5s...
  attempt 13/36: port 4002 not ready yet, waiting 5s...
  attempt 14/36: port 4002 not ready yet, waiting 5s...
  attempt 15/36: port 4002 not ready yet, waiting 5s...
  attempt 16/36: port 4002 not ready yet, waiting 5s...
  attempt 17/36: port 4002 not ready yet, waiting 5s...
  attempt 18/36: port 4002 not ready yet, waiting 5s...
  attempt 19/36: port 4002 not ready yet, waiting 5s...
  attempt 20/36: port 4002 not ready yet, waiting 5s...
  attempt 21/36: port 4002 not ready yet, waiting 5s...
  attempt 22/36: port 4002 not ready yet, waiting 5s...
  attempt 23/36: port 4002 not ready yet, waiting 5s...
  attempt 24/36: port 4002 not ready yet, waiting 5s...
  attempt 25/36: port 4002 not ready yet, waiting 5s...
  attempt 26/36: port 4002 not ready yet, waiting 5s...
  attempt 27/36: port 4002 not ready yet, waiting 5s...
  attempt 28/36: port 4002 not ready yet, waiting 5s...
  attempt 29/36: port 4002 not ready yet, waiting 5s...
  attempt 30/36: port 4002 not ready yet, waiting 5s...
  attempt 31/36: port 4002 not ready yet, waiting 5s...
  attempt 32/36: port 4002 not ready yet, waiting 5s...
  attempt 33/36: port 4002 not ready yet, waiting 5s...
  attempt 34/36: port 4002 not ready yet, waiting 5s...
  attempt 35/36: port 4002 not ready yet, waiting 5s...
  attempt 36/36: port 4002 not ready yet, waiting 5s...
FATAL: IB Gateway did not open port 4002 within 180 seconds. Aborting.
=== TRAP: cleanup at Mon Apr  6 02:07:33 MDT 2026 ===
/Users/duffy/warrior_bot_v2/daily_run_v3.sh: line 16: 26582 Terminated: 15          caffeinate -dims -w $$  (wd: ~)
[v2-ibkr-migration e370b82] auto: v3 daily logs 2026-04-06
 7 files changed, 3169 insertions(+)
 create mode 100644 logs/2026-04-06_daily.log
 create mode 100644 logs/box_backtest_run.log
 create mode 100644 logs/box_backtest_run2.log
 create mode 100644 logs/box_scanner_ytd_run.log
 create mode 100644 logs/cron_2026-04-06.log
=== Cleanup complete: Mon Apr  6 02:07:34 MDT 2026 ===
=== Waking screen and ensuring active desktop ===
Display wake signal sent
WARN: keystroke failed — check Accessibility permissions
Waiting 10s for desktop session...
Desktop session: ACTIVE
caffeinate started (PID: 27001)
=== V3 Hybrid daily run started: Mon Apr  6 02:34:19 MDT 2026 ===
From github.com:mannyluke4/warrior_bot
 * branch            v2-ibkr-migration -> FETCH_HEAD
Already up to date.
Code version: e370b82 (auto: v3 daily logs 2026-04-06)
daily_run_v3.sh: line 88: md5: command not found
daily_run_v3.sh hash: 
daily_run_v3.sh: line 89: md5: command not found
bot_v3_hybrid.py hash: 
sntp: clock_settime: Operation not permitted
+0.021930 +/- 0.043215 time.apple.com 2620:149:a23:3000::1e2
NTP sync skipped (non-root)
System time: Mon Apr  6 08:34:20 UTC 2026
Pre-flight: checking Python imports...
V3 Imports OK
Killing stale processes...
[1;31m+==============================================================================
+
+                       **** An error has occurred ****
+
+                     Please look in the diagnostics file 
+                   mentioned above for further information
+
+                           Press enter to continue.
+
+==============================================================================[0m
All stale processes cleared.
Starting IB Gateway via IBC...
Waiting for IB Gateway on port 4002...
  attempt 1/36: port 4002 not ready yet, waiting 5s...
[1;32m+==============================================================================
+
+ IBC version 3.23.0
+
+ Running GATEWAY 10.37
+
+ Diagnostic information is logged in:
+
+ /Users/duffy/ibc/logs/ibc-3.23.0_GATEWAY-10.37_Monday.txt
+
+[0m
  attempt 2/36: port 4002 not ready yet, waiting 5s...
  attempt 3/36: port 4002 not ready yet, waiting 5s...
  attempt 4/36: port 4002 not ready yet, waiting 5s...
  attempt 5/36: port 4002 not ready yet, waiting 5s...
  attempt 6/36: port 4002 not ready yet, waiting 5s...
  attempt 7/36: port 4002 not ready yet, waiting 5s...
  attempt 8/36: port 4002 not ready yet, waiting 5s...
  attempt 9/36: port 4002 not ready yet, waiting 5s...
  attempt 10/36: port 4002 not ready yet, waiting 5s...
  attempt 11/36: port 4002 not ready yet, waiting 5s...
  attempt 12/36: port 4002 not ready yet, waiting 5s...
  attempt 13/36: port 4002 not ready yet, waiting 5s...
  attempt 14/36: port 4002 not ready yet, waiting 5s...
  attempt 15/36: port 4002 not ready yet, waiting 5s...
  attempt 16/36: port 4002 not ready yet, waiting 5s...
  attempt 17/36: port 4002 not ready yet, waiting 5s...
  attempt 18/36: port 4002 not ready yet, waiting 5s...
  attempt 19/36: port 4002 not ready yet, waiting 5s...
  attempt 20/36: port 4002 not ready yet, waiting 5s...
  attempt 21/36: port 4002 not ready yet, waiting 5s...
  attempt 22/36: port 4002 not ready yet, waiting 5s...
  attempt 23/36: port 4002 not ready yet, waiting 5s...
  attempt 24/36: port 4002 not ready yet, waiting 5s...
  attempt 25/36: port 4002 not ready yet, waiting 5s...
  attempt 26/36: port 4002 not ready yet, waiting 5s...
  attempt 27/36: port 4002 not ready yet, waiting 5s...
  attempt 28/36: port 4002 not ready yet, waiting 5s...
  attempt 29/36: port 4002 not ready yet, waiting 5s...
  attempt 30/36: port 4002 not ready yet, waiting 5s...
  attempt 31/36: port 4002 not ready yet, waiting 5s...
  attempt 32/36: port 4002 not ready yet, waiting 5s...
  attempt 33/36: port 4002 not ready yet, waiting 5s...
  attempt 34/36: port 4002 not ready yet, waiting 5s...
  attempt 35/36: port 4002 not ready yet, waiting 5s...
  attempt 36/36: port 4002 not ready yet, waiting 5s...
FATAL: IB Gateway did not open port 4002 within 180 seconds. Aborting.
=== TRAP: cleanup at Mon Apr  6 02:37:33 MDT 2026 ===
