[SQUEEZE] BOOT: COLD (reason=no_marker, marker_age=n/a)
[SQUEEZE] 2026-05-13T04:00:11.833825-04:00 starting equity $88,797 (third Alpaca paper account)
[SQUEEZE] 2026-05-13T04:00:11.835129-04:00 connected to engine — fail-CLOSED until first healthy heartbeat
[SQUEEZE] 2026-05-13T04:00:15.020781-04:00 stream healthy — entries unlocked
[SQUEEZE] 2026-05-13T15:18:01.811894-04:00 signal received — shutting down
[SQUEEZE] 2026-05-13T15:18:01.812309-04:00 engine socket closed — fail-CLOSED, no new entries. Open positions: 0 (continuing to manage via cached last-tick prices when they arrive — none will arrive until engine reconnects). Manual intervention required to flatten if engine stays down.
[SQUEEZE] 2026-05-13T15:18:01.812365-04:00 shutdown complete (daily_pnl=$+0.00, open_positions=0)
[SQUEEZE] BOOT: RESUME (reason=resume_flag, marker_age=40700s)
[SQUEEZE] 2026-05-13T15:18:32.101836-04:00 starting equity $88,782 (third Alpaca paper account)
[SQUEEZE] 2026-05-13T15:18:32.102085-04:00 RESUME: reconciling state
[SQUEEZE] 2026-05-13T15:18:32.237392-04:00 RESUME: risk restored daily_pnl=$+0.00 entries=0 consec_losses=0
[SQUEEZE] 2026-05-13T15:18:32.239280-04:00 RESUME: complete
[SQUEEZE] 2026-05-13T15:18:32.239502-04:00 connected to engine — fail-CLOSED until first healthy heartbeat
[SQUEEZE] 2026-05-13T15:18:35.256804-04:00 stream healthy — entries unlocked
[SQUEEZE] 2026-05-13T15:19:00.857107-04:00 signal received — shutting down
[SQUEEZE] 2026-05-13T15:19:00.857484-04:00 engine socket closed — fail-CLOSED, no new entries. Open positions: 0 (continuing to manage via cached last-tick prices when they arrive — none will arrive until engine reconnects). Manual intervention required to flatten if engine stays down.
[SQUEEZE] 2026-05-13T15:19:00.857558-04:00 shutdown complete (daily_pnl=$+0.00, open_positions=0)
[SQUEEZE] BOOT: RESUME (reason=resume_flag, marker_age=40774s)
[SQUEEZE] 2026-05-13T15:19:45.876561-04:00 starting equity $88,782 (third Alpaca paper account)
[SQUEEZE] 2026-05-13T15:19:45.876596-04:00 RESUME: reconciling state
[SQUEEZE] 2026-05-13T15:19:46.005755-04:00 RESUME: risk restored daily_pnl=$+0.00 entries=0 consec_losses=0
[SQUEEZE] 2026-05-13T15:19:46.006146-04:00 RESUME: complete
[SQUEEZE] 2026-05-13T15:19:46.006200-04:00 connected to engine — fail-CLOSED until first healthy heartbeat
[SQUEEZE] 2026-05-13T15:19:49.033623-04:00 stream healthy — entries unlocked
[SQUEEZE] 2026-05-13T15:19:53.690723-04:00 ATRA SQ_PRIMED: vol=47.9x avg, bar_vol=65,112, price=$10.2300 above VWAP ($9.5015)
  ARMED entry=10.0200 stop=9.7500 R=0.2700 score=11.0 level=whole_dollar setup_type=squeeze [PROBE=50%] why=squeeze: base=5.0;vol_extra=+5.0;vwap_dist=+1.0(8%)
[SQUEEZE] 2026-05-13T15:19:53.766974-04:00 ATRA ENTRY qty=4766 ibkr_signal=$10.4900 stop=$9.7500 R=$0.2700 risk=$3107 notional=$49,995 score=11.0
[FALLBACK] ATRA BUY limit=10.5900 reason=no_quote ibkr_signal=10.4900 buffer_pct=1.0
[SQUEEZE] 2026-05-13T15:19:53.841201-04:00 BROKER ORDER: db2605d1-adbf-4eec-a4dc-48b228d0bc6a BUY 4766 ATRA @ $10.59
[SQUEEZE] 2026-05-13T15:19:54.484387-04:00 ATRA FILL @ $10.5000 qty=4766
[SQUEEZE] 2026-05-13T15:19:55.536926-04:00 VNET SQ_PRIMED: vol=6.2x avg, bar_vol=53,775, price=$10.4000 above VWAP ($9.9210)
[SQUEEZE] 2026-05-13T15:19:55.536979-04:00 VNET SQ_RESET: prime_expired (4 bars elapsed)
[SQUEEZE] 2026-05-13T15:19:55.537042-04:00 VNET SQ_PRIMED: vol=5.0x avg, bar_vol=75,909, price=$11.0700 above VWAP ($10.1431)
  ARMED entry=11.0200 stop=10.9000 R=0.1200 score=8.5 level=whole_dollar setup_type=squeeze [PARABOLIC] [PROBE=50%] why=squeeze: base=5.0;vol_extra=+2.5;vwap_dist=+1.0(9%);[PARABOLIC]
[SQUEEZE] 2026-05-13T15:19:55.604538-04:00 VNET ENTRY qty=4430 ibkr_signal=$11.2850 stop=$10.9000 R=$0.1200 risk=$3107 notional=$49,993 score=8.5
[FALLBACK] VNET BUY limit=11.4000 reason=no_quote ibkr_signal=11.2850 buffer_pct=1.0
[SQUEEZE] 2026-05-13T15:19:55.674762-04:00 BROKER ORDER: 8612e908-a752-485a-9cde-a269b07892be BUY 4430 VNET @ $11.40
[SQUEEZE] 2026-05-13T15:19:56.885576-04:00 VNET FILL @ $11.2900 qty=4430 [PARABOLIC]
[SQUEEZE] 2026-05-13T15:22:24.055192-04:00 ATRA EXIT submitting reason=sq_dollar_loss_cap ($715) qty=4766 ref=$10.3500
[QUOTE_INFO] ATRA SELL: large divergence 15.17% (alpaca_bid=8.7800, ibkr=10.3500) — limit-as-floor pattern expected to yield real-market fill
[QUOTE_AWARE_STOP] ATRA SELL limit=8.5200 from alpaca_bid=8.7800 (ibkr_signal+buffer=10.0395) quote_age_ms=838
[SQUEEZE] 2026-05-13T15:22:24.267145-04:00 BROKER ORDER: c31bee9c-0ab2-408b-9320-707a139ff0c5 SELL 4766 ATRA @ $8.52
[SQUEEZE] 2026-05-13T15:22:24.907819-04:00 ATRA CLOSED @ $10.3100 pnl=$-905.54 reason=sq_dollar_loss_cap ($715) daily_pnl=$-905.54
[SQUEEZE] 2026-05-13T15:24:57.292541-04:00 VNET EXIT submitting reason=bail_timer qty=4430 ref=$11.2900
[FALLBACK] VNET SELL limit=11.1800 reason=stale_quote ibkr_signal=11.2900 buffer_pct=1.0
[SQUEEZE] 2026-05-13T15:24:57.571393-04:00 BROKER ORDER: 285b529b-2689-4bc0-b480-9203fd23a94a SELL 4430 VNET @ $11.18
[SQUEEZE] 2026-05-13T15:25:00.481107-04:00 VNET CLOSED @ $11.2800 pnl=$-44.30 reason=bail_timer daily_pnl=$-949.84
[SQUEEZE] 2026-05-13T15:29:02.040412-04:00 signal received — shutting down
[SQUEEZE] 2026-05-13T15:29:02.040701-04:00 engine socket closed — fail-CLOSED, no new entries. Open positions: 0 (continuing to manage via cached last-tick prices when they arrive — none will arrive until engine reconnects). Manual intervention required to flatten if engine stays down.
[SQUEEZE] 2026-05-13T15:29:02.040776-04:00 shutdown complete (daily_pnl=$-949.84, open_positions=0)
[SQUEEZE] BOOT: RESUME (reason=resume_flag, marker_age=41372s)
[SQUEEZE] 2026-05-13T15:29:44.261091-04:00 starting equity $87,832 (third Alpaca paper account)
[SQUEEZE] 2026-05-13T15:29:44.261129-04:00 RESUME: reconciling state
[SQUEEZE] 2026-05-13T15:29:44.390402-04:00 RESUME: risk restored daily_pnl=$-949.84 entries=2 consec_losses=2
[SQUEEZE] 2026-05-13T15:29:44.390858-04:00 RESUME: complete
[SQUEEZE] 2026-05-13T15:29:44.390914-04:00 connected to engine — fail-CLOSED until first healthy heartbeat
[SQUEEZE] 2026-05-13T15:29:45.896934-04:00 stream healthy — entries unlocked
[SQUEEZE] 2026-05-13T15:30:00.106511-04:00 MEI seed→live transition (seed_last_price=$14.0800)
[SQUEEZE] 2026-05-13T15:30:00.424606-04:00 NVOX seed→live transition (seed_last_price=$16.1500)
[SQUEEZE] 2026-05-13T15:30:00.425123-04:00 VNET seed→live transition (seed_last_price=$11.2850)
[SQUEEZE] 2026-05-13T15:30:03.121356-04:00 SST seed→live transition (seed_last_price=$3.6400)
[SQUEEZE] 2026-05-13T15:30:04.121989-04:00 FATN seed→live transition (seed_last_price=$4.2050)
[SQUEEZE] 2026-05-13T15:30:05.422623-04:00 ODYS seed→live transition (seed_last_price=$4.4500)
[SQUEEZE] 2026-05-13T15:30:06.859488-04:00 KBSX seed→live transition (seed_last_price=$1.2715)
[SQUEEZE] 2026-05-13T15:30:07.743694-04:00 CLNN seed→live transition (seed_last_price=$6.3700)
[SQUEEZE] 2026-05-13T15:30:09.179717-04:00 ENSC seed→live transition (seed_last_price=$0.2895)
[SQUEEZE] 2026-05-13T15:30:14.256184-04:00 TRAW seed→live transition (seed_last_price=$1.7100)
[SQUEEZE] 2026-05-13T15:32:05.170615-04:00 ATRA seed→live transition (seed_last_price=$10.3200)
[SQUEEZE] 2026-05-13T15:33:06.430076-04:00 KBSX seed→live transition (seed_last_price=$1.2715)
[SQUEEZE] 2026-05-13T15:34:05.002620-04:00 CLNN seed→live transition (seed_last_price=$6.2526)
[SQUEEZE] 2026-05-13T15:34:11.009086-04:00 FATN seed→live transition (seed_last_price=$4.2540)
[SQUEEZE] 2026-05-13T15:35:26.598842-04:00 NSTS seed→live transition (seed_last_price=$13.6500)
[SQUEEZE] 2026-05-13T15:37:09.896306-04:00 FATN seed→live transition (seed_last_price=$4.2000)
[SQUEEZE] 2026-05-13T15:37:23.663058-04:00 ODYS seed→live transition (seed_last_price=$4.4400)
[SQUEEZE] 2026-05-13T15:39:06.290543-04:00 CLNN seed→live transition (seed_last_price=$6.3100)
[SQUEEZE] 2026-05-13T15:40:00.311267-04:00 ENSC seed→live transition (seed_last_price=$0.2869)
[SQUEEZE] 2026-05-13T15:41:00.336593-04:00 ODYS seed→live transition (seed_last_price=$4.4100)
[SQUEEZE] 2026-05-13T15:41:29.374037-04:00 FATN seed→live transition (seed_last_price=$4.2000)
[SQUEEZE] 2026-05-13T15:42:23.942527-04:00 NSTS seed→live transition (seed_last_price=$13.6400)
[SQUEEZE] 2026-05-13T15:43:12.323589-04:00 CLNN seed→live transition (seed_last_price=$6.3000)
[SQUEEZE] 2026-05-13T15:45:05.955684-04:00 FATN seed→live transition (seed_last_price=$4.2000)
[SQUEEZE] 2026-05-13T15:47:04.295518-04:00 CLNN seed→live transition (seed_last_price=$6.3000)
[SQUEEZE] 2026-05-13T15:47:29.260238-04:00 ODYS seed→live transition (seed_last_price=$4.4000)
[SQUEEZE] 2026-05-13T15:48:00.800839-04:00 FATN seed→live transition (seed_last_price=$4.1899)
[SQUEEZE] 2026-05-13T15:50:09.309736-04:00 KBSX seed→live transition (seed_last_price=$1.2715)
[SQUEEZE] 2026-05-13T15:50:20.127794-04:00 CLNN seed→live transition (seed_last_price=$6.3300)
[SQUEEZE] 2026-05-13T15:55:00.344894-04:00 ENSC seed→live transition (seed_last_price=$0.2844)
[SQUEEZE] 2026-05-13T15:57:00.533352-04:00 CLNN seed→live transition (seed_last_price=$6.3000)
[SQUEEZE] 2026-05-13T15:58:00.191439-04:00 NSTS seed→live transition (seed_last_price=$13.6500)
[SQUEEZE] 2026-05-13T15:58:02.191950-04:00 FATN seed→live transition (seed_last_price=$4.1600)
[SQUEEZE] 2026-05-13T15:58:02.376300-04:00 KBSX seed→live transition (seed_last_price=$1.2900)
[SQUEEZE] 2026-05-13T16:00:00.343973-04:00 PTBD seed→live transition (seed_last_price=$19.1700)
[SQUEEZE] 2026-05-13T16:02:05.720417-04:00 NVOX seed→live transition (seed_last_price=$16.1100)
[SQUEEZE] 2026-05-13T16:03:07.790735-04:00 SST seed→live transition (seed_last_price=$3.5300)
[SQUEEZE] 2026-05-13T16:03:13.795326-04:00 ENSC seed→live transition (seed_last_price=$0.2917)
[SQUEEZE] 2026-05-13T16:05:09.373731-04:00 ENSC seed→live transition (seed_last_price=$0.2917)
[SQUEEZE] 2026-05-13T16:07:06.835510-04:00 TRAW seed→live transition (seed_last_price=$1.7509)
[SQUEEZE] 2026-05-13T16:08:02.195226-04:00 ATRA seed→live transition (seed_last_price=$10.5000)
[SQUEEZE] 2026-05-13T16:08:14.207412-04:00 VNET seed→live transition (seed_last_price=$11.3400)
[SQUEEZE] 2026-05-13T16:09:21.277437-04:00 NVOX seed→live transition (seed_last_price=$16.1200)
[SQUEEZE] 2026-05-13T16:10:01.568904-04:00 ATRA seed→live transition (seed_last_price=$10.6200)
[SQUEEZE] 2026-05-13T16:10:04.386851-04:00 ODYS seed→live transition (seed_last_price=$4.4600)
[SQUEEZE] 2026-05-13T16:10:04.869082-04:00 TRAW seed→live transition (seed_last_price=$1.6843)
[SQUEEZE] 2026-05-13T16:10:07.545371-04:00 ENSC seed→live transition (seed_last_price=$0.2935)
[SQUEEZE] 2026-05-13T16:12:29.213231-04:00 PTBD seed→live transition (seed_last_price=$19.1700)
[SQUEEZE] 2026-05-13T16:13:15.449628-04:00 ODYS seed→live transition (seed_last_price=$4.5500)
[SQUEEZE] 2026-05-13T16:14:08.578268-04:00 MEI seed→live transition (seed_last_price=$13.9500)
[SQUEEZE] 2026-05-13T16:14:28.278560-04:00 ENSC seed→live transition (seed_last_price=$0.2934)
[SQUEEZE] 2026-05-13T16:16:02.855170-04:00 VNET seed→live transition (seed_last_price=$11.3400)
[SQUEEZE] 2026-05-13T16:16:04.812501-04:00 ATRA seed→live transition (seed_last_price=$10.5400)
[SQUEEZE] 2026-05-13T16:17:10.008922-04:00 SST seed→live transition (seed_last_price=$3.5300)
[SQUEEZE] 2026-05-13T16:21:10.205182-04:00 VNET seed→live transition (seed_last_price=$11.3200)
[SQUEEZE] 2026-05-13T16:21:21.287487-04:00 SST seed→live transition (seed_last_price=$3.4600)
[SQUEEZE] 2026-05-13T16:22:24.059037-04:00 TRAW seed→live transition (seed_last_price=$1.7200)
[SQUEEZE] 2026-05-13T16:24:04.128827-04:00 MEI seed→live transition (seed_last_price=$14.2200)
[SQUEEZE] 2026-05-13T16:24:20.888328-04:00 SST seed→live transition (seed_last_price=$3.4600)
[SQUEEZE] 2026-05-13T16:25:05.508969-04:00 ODYS seed→live transition (seed_last_price=$4.3100)
[SQUEEZE] 2026-05-13T16:27:25.806995-04:00 ENSC seed→live transition (seed_last_price=$0.2823)
[SQUEEZE] 2026-05-13T16:30:24.978470-04:00 ODYS seed→live transition (seed_last_price=$4.3900)
[SQUEEZE] 2026-05-13T16:31:00.257933-04:00 TRAW seed→live transition (seed_last_price=$1.7100)
[SQUEEZE] 2026-05-13T16:32:10.117126-04:00 ENSC seed→live transition (seed_last_price=$0.2827)
[SQUEEZE] 2026-05-13T16:32:23.381761-04:00 VNET seed→live transition (seed_last_price=$11.3200)
[SQUEEZE] 2026-05-13T16:35:00.316914-04:00 VNET seed→live transition (seed_last_price=$11.3500)
[SQUEEZE] 2026-05-13T16:35:06.572852-04:00 MEI seed→live transition (seed_last_price=$14.0800)
[SQUEEZE] 2026-05-13T16:36:04.761024-04:00 NVOX seed→live transition (seed_last_price=$16.1200)
[SQUEEZE] 2026-05-13T16:37:24.344924-04:00 ATRA seed→live transition (seed_last_price=$10.3900)
[SQUEEZE] 2026-05-13T16:38:13.057822-04:00 ODYS seed→live transition (seed_last_price=$4.3200)
[SQUEEZE] 2026-05-13T16:38:25.823781-04:00 ENSC seed→live transition (seed_last_price=$0.2823)
[SQUEEZE] 2026-05-13T16:39:26.144078-04:00 TRAW seed→live transition (seed_last_price=$1.7102)
[SQUEEZE] 2026-05-13T16:41:00.612018-04:00 MEI seed→live transition (seed_last_price=$14.0400)
[SQUEEZE] 2026-05-13T16:41:11.717756-04:00 FATN seed→live transition (seed_last_price=$4.1344)
[SQUEEZE] 2026-05-13T16:41:12.468779-04:00 ENSC seed→live transition (seed_last_price=$0.2850)
[SQUEEZE] 2026-05-13T16:41:26.033373-04:00 VNET seed→live transition (seed_last_price=$11.3500)
[SQUEEZE] 2026-05-13T16:41:28.215772-04:00 ATRA seed→live transition (seed_last_price=$10.3700)
[SQUEEZE] 2026-05-13T16:43:11.578983-04:00 NVOX seed→live transition (seed_last_price=$16.1300)
[SQUEEZE] 2026-05-13T16:44:03.384116-04:00 MEI seed→live transition (seed_last_price=$14.0200)
[SQUEEZE] 2026-05-13T16:45:00.694198-04:00 ATRA seed→live transition (seed_last_price=$10.3400)
[SQUEEZE] 2026-05-13T16:45:02.444173-04:00 VNET seed→live transition (seed_last_price=$11.3418)
[SQUEEZE] 2026-05-13T16:45:06.950937-04:00 ODYS seed→live transition (seed_last_price=$4.1400)
[SQUEEZE] 2026-05-13T16:45:09.203155-04:00 TRAW seed→live transition (seed_last_price=$1.7202)
[SQUEEZE] 2026-05-13T16:45:10.202809-04:00 ENSC seed→live transition (seed_last_price=$0.2850)
[SQUEEZE] 2026-05-13T16:47:00.812368-04:00 MEI seed→live transition (seed_last_price=$14.0400)
[SQUEEZE] 2026-05-13T16:47:03.316628-04:00 ATRA seed→live transition (seed_last_price=$10.0100)
[SQUEEZE] 2026-05-13T16:47:06.321993-04:00 FATN seed→live transition (seed_last_price=$4.1499)
[SQUEEZE] 2026-05-13T16:47:11.826020-04:00 ENSC seed→live transition (seed_last_price=$0.2899)
[SQUEEZE] 2026-05-13T16:47:14.328002-04:00 NVOX seed→live transition (seed_last_price=$16.1300)
[SQUEEZE] 2026-05-13T16:48:23.651633-04:00 TRAW seed→live transition (seed_last_price=$1.7200)
[SQUEEZE] 2026-05-13T16:49:07.451079-04:00 VNET seed→live transition (seed_last_price=$11.3800)
[SQUEEZE] 2026-05-13T16:50:04.014883-04:00 ODYS seed→live transition (seed_last_price=$4.2000)
[SQUEEZE] 2026-05-13T16:50:04.514809-04:00 ENSC seed→live transition (seed_last_price=$0.2899)
[SQUEEZE] 2026-05-13T16:50:09.834938-04:00 NVOX seed→live transition (seed_last_price=$16.1300)
[SQUEEZE] 2026-05-13T16:53:00.473008-04:00 ENSC seed→live transition (seed_last_price=$0.2898)
[SQUEEZE] 2026-05-13T16:53:28.714704-04:00 ODYS seed→live transition (seed_last_price=$4.1600)
[SQUEEZE] 2026-05-13T16:54:09.187672-04:00 FATN seed→live transition (seed_last_price=$4.1400)
[SQUEEZE] 2026-05-13T16:54:26.958250-04:00 NVOX seed→live transition (seed_last_price=$16.0800)
[SQUEEZE] 2026-05-13T16:56:09.244349-04:00 MEI seed→live transition (seed_last_price=$13.9300)
[SQUEEZE] 2026-05-13T16:56:10.998655-04:00 TRAW seed→live transition (seed_last_price=$1.7400)
[SQUEEZE] 2026-05-13T16:56:28.776870-04:00 VNET seed→live transition (seed_last_price=$11.3661)
[SQUEEZE] 2026-05-13T16:57:12.216024-04:00 FATN seed→live transition (seed_last_price=$4.1500)
[SQUEEZE] 2026-05-13T16:57:13.718834-04:00 ODYS seed→live transition (seed_last_price=$4.3800)
[SQUEEZE] 2026-05-13T16:57:21.225787-04:00 ATRA seed→live transition (seed_last_price=$10.0100)
[SQUEEZE] 2026-05-13T16:58:05.270612-04:00 MEI seed→live transition (seed_last_price=$13.9300)
[SQUEEZE] 2026-05-13T16:58:11.777554-04:00 TRAW seed→live transition (seed_last_price=$1.7400)
[SQUEEZE] 2026-05-13T16:59:20.347455-04:00 NVOX seed→live transition (seed_last_price=$16.0800)
[SQUEEZE] 2026-05-13T17:00:05.645340-04:00 ENSC seed→live transition (seed_last_price=$0.2825)
[SQUEEZE] 2026-05-13T17:01:23.077953-04:00 VNET seed→live transition (seed_last_price=$11.3800)
[SQUEEZE] 2026-05-13T17:03:21.009860-04:00 ATRA seed→live transition (seed_last_price=$10.0700)
[SQUEEZE] 2026-05-13T17:04:04.312550-04:00 ODYS seed→live transition (seed_last_price=$4.2700)
[SQUEEZE] 2026-05-13T17:05:03.630208-04:00 MEI seed→live transition (seed_last_price=$13.9300)
[SQUEEZE] 2026-05-13T17:05:08.134936-04:00 VNET seed→live transition (seed_last_price=$11.3600)
[SQUEEZE] 2026-05-13T17:05:18.647193-04:00 NVOX seed→live transition (seed_last_price=$16.0800)
[SQUEEZE] 2026-05-13T17:06:06.397396-04:00 ENSC seed→live transition (seed_last_price=$0.2897)
[SQUEEZE] 2026-05-13T17:07:24.096233-04:00 ATRA seed→live transition (seed_last_price=$10.0700)
[SQUEEZE] 2026-05-13T17:08:04.643573-04:00 ENSC seed→live transition (seed_last_price=$0.2881)
[SQUEEZE] 2026-05-13T17:09:10.792496-04:00 ODYS seed→live transition (seed_last_price=$4.2700)
[SQUEEZE] 2026-05-13T17:10:14.116543-04:00 VNET seed→live transition (seed_last_price=$11.3800)
[SQUEEZE] 2026-05-13T17:10:20.303152-04:00 SST seed→live transition (seed_last_price=$3.5700)
[SQUEEZE] 2026-05-13T17:11:03.191557-04:00 NVOX seed→live transition (seed_last_price=$16.0800)
[SQUEEZE] 2026-05-13T17:11:04.617154-04:00 ATRA seed→live transition (seed_last_price=$10.1400)
[SQUEEZE] 2026-05-13T17:12:08.602866-04:00 FATN seed→live transition (seed_last_price=$4.1200)
[SQUEEZE] 2026-05-13T17:12:14.109099-04:00 ENSC seed→live transition (seed_last_price=$0.2881)
[SQUEEZE] 2026-05-13T17:13:12.671660-04:00 TRAW seed→live transition (seed_last_price=$1.7250)
[SQUEEZE] 2026-05-13T17:14:05.732615-04:00 VNET seed→live transition (seed_last_price=$11.3800)
[SQUEEZE] 2026-05-13T17:14:15.993481-04:00 NVOX seed→live transition (seed_last_price=$16.0800)
[SQUEEZE] 2026-05-13T17:14:24.253481-04:00 ODYS seed→live transition (seed_last_price=$4.2100)
[SQUEEZE] 2026-05-13T17:14:27.758132-04:00 MEI seed→live transition (seed_last_price=$13.8100)
[SQUEEZE] 2026-05-13T17:15:11.302463-04:00 ENSC seed→live transition (seed_last_price=$0.2881)
[SQUEEZE] 2026-05-13T17:16:29.775578-04:00 TRAW seed→live transition (seed_last_price=$1.7250)
[SQUEEZE] 2026-05-13T17:17:18.098853-04:00 ENSC seed→live transition (seed_last_price=$0.2870)
[SQUEEZE] 2026-05-13T17:18:12.157492-04:00 SST seed→live transition (seed_last_price=$3.4600)
[SQUEEZE] 2026-05-13T17:18:16.662991-04:00 ODYS seed→live transition (seed_last_price=$4.2100)
[SQUEEZE] 2026-05-13T17:18:24.991011-04:00 VNET seed→live transition (seed_last_price=$11.3400)
[SQUEEZE] 2026-05-13T17:19:10.472889-04:00 MEI seed→live transition (seed_last_price=$13.8500)
[SQUEEZE] 2026-05-13T17:20:09.289613-04:00 ENSC seed→live transition (seed_last_price=$0.2823)
[SQUEEZE] 2026-05-13T17:20:10.539982-04:00 ATRA seed→live transition (seed_last_price=$10.0400)
[SQUEEZE] 2026-05-13T17:20:26.309652-04:00 ODYS seed→live transition (seed_last_price=$4.2100)
[SQUEEZE] 2026-05-13T17:21:00.598521-04:00 VNET seed→live transition (seed_last_price=$11.3400)
[SQUEEZE] 2026-05-13T17:21:15.088293-04:00 SST seed→live transition (seed_last_price=$3.5657)
[SQUEEZE] 2026-05-13T17:23:05.126613-04:00 MEI seed→live transition (seed_last_price=$14.2000)
[SQUEEZE] 2026-05-13T17:24:10.194690-04:00 ENSC seed→live transition (seed_last_price=$0.2823)
[SQUEEZE] 2026-05-13T17:26:07.824947-04:00 MEI seed→live transition (seed_last_price=$14.1000)
[SQUEEZE] 2026-05-13T17:28:01.179768-04:00 MEI seed→live transition (seed_last_price=$14.1100)
[SQUEEZE] 2026-05-13T17:28:07.867896-04:00 ENSC seed→live transition (seed_last_price=$0.2864)
[SQUEEZE] 2026-05-13T17:28:09.369749-04:00 FATN seed→live transition (seed_last_price=$4.1498)
[SQUEEZE] 2026-05-13T17:30:13.007097-04:00 ODYS seed→live transition (seed_last_price=$4.2100)
[SQUEEZE] 2026-05-13T17:30:28.274130-04:00 NVOX seed→live transition (seed_last_price=$16.0800)
[SQUEEZE] 2026-05-13T17:32:15.042496-04:00 ATRA seed→live transition (seed_last_price=$10.0400)
[SQUEEZE] 2026-05-13T17:33:19.610973-04:00 VNET seed→live transition (seed_last_price=$11.3300)
[SQUEEZE] 2026-05-13T17:33:23.114884-04:00 ENSC seed→live transition (seed_last_price=$0.2864)
[SQUEEZE] 2026-05-13T17:33:26.367696-04:00 NVOX seed→live transition (seed_last_price=$16.1200)
[SQUEEZE] 2026-05-13T17:36:22.304372-04:00 ENSC seed→live transition (seed_last_price=$0.2825)
[SQUEEZE] 2026-05-13T17:37:13.519740-04:00 VNET seed→live transition (seed_last_price=$11.3570)
[SQUEEZE] 2026-05-13T17:38:28.554644-04:00 TRAW seed→live transition (seed_last_price=$1.7300)
[SQUEEZE] 2026-05-13T17:40:29.254029-04:00 NVOX seed→live transition (seed_last_price=$16.0700)
[SQUEEZE] 2026-05-13T17:41:01.542046-04:00 ENSC seed→live transition (seed_last_price=$0.2811)
[SQUEEZE] 2026-05-13T17:42:04.622626-04:00 SST seed→live transition (seed_last_price=$3.4700)
[SQUEEZE] 2026-05-13T17:42:08.354978-04:00 MEI seed→live transition (seed_last_price=$14.0100)
[SQUEEZE] 2026-05-13T17:42:14.364151-04:00 FATN seed→live transition (seed_last_price=$4.1100)
[SQUEEZE] 2026-05-13T17:45:13.699067-04:00 ENSC seed→live transition (seed_last_price=$0.2819)
[SQUEEZE] 2026-05-13T17:46:02.002004-04:00 MEI seed→live transition (seed_last_price=$14.0200)
[SQUEEZE] 2026-05-13T17:46:12.264953-04:00 ODYS seed→live transition (seed_last_price=$4.2100)
[SQUEEZE] 2026-05-13T17:46:13.015232-04:00 ATRA seed→live transition (seed_last_price=$10.0600)
[SQUEEZE] 2026-05-13T17:48:07.057625-04:00 MEI seed→live transition (seed_last_price=$13.9000)
[SQUEEZE] 2026-05-13T17:48:24.399360-04:00 SST seed→live transition (seed_last_price=$3.4900)
[SQUEEZE] 2026-05-13T17:50:09.240816-04:00 ATRA seed→live transition (seed_last_price=$10.1700)
[SQUEEZE] 2026-05-13T17:50:22.003758-04:00 ENSC seed→live transition (seed_last_price=$0.2819)
[SQUEEZE] 2026-05-13T17:52:10.911807-04:00 MEI seed→live transition (seed_last_price=$13.8400)
[SQUEEZE] 2026-05-13T17:52:12.897896-04:00 TRAW seed→live transition (seed_last_price=$1.7100)
[SQUEEZE] 2026-05-13T17:52:13.648717-04:00 ODYS seed→live transition (seed_last_price=$4.3500)
[SQUEEZE] 2026-05-13T17:56:24.658000-04:00 ODYS seed→live transition (seed_last_price=$4.2400)
[SQUEEZE] 2026-05-13T17:57:00.790222-04:00 ENSC seed→live transition (seed_last_price=$0.2802)
[SQUEEZE] 2026-05-13T18:01:12.673184-04:00 SST seed→live transition (seed_last_price=$3.5300)
[SQUEEZE] 2026-05-13T18:01:23.577839-04:00 ENSC seed→live transition (seed_last_price=$0.2789)
[SQUEEZE] 2026-05-13T18:03:02.648503-04:00 MEI seed→live transition (seed_last_price=$13.9900)
[SQUEEZE] 2026-05-13T18:03:09.086737-04:00 ENSC seed→live transition (seed_last_price=$0.2800)
[SQUEEZE] 2026-05-13T18:04:21.422714-04:00 SST seed→live transition (seed_last_price=$3.4600)
[SQUEEZE] 2026-05-13T18:05:10.230675-04:00 ODYS seed→live transition (seed_last_price=$4.2400)
[SQUEEZE] 2026-05-13T18:06:19.810919-04:00 MEI seed→live transition (seed_last_price=$13.9900)
[SQUEEZE] 2026-05-13T18:07:11.215938-04:00 FATN seed→live transition (seed_last_price=$4.1100)
[SQUEEZE] 2026-05-13T18:07:23.402488-04:00 ATRA seed→live transition (seed_last_price=$10.0300)
[SQUEEZE] 2026-05-13T18:08:16.272525-04:00 ENSC seed→live transition (seed_last_price=$0.2831)
[SQUEEZE] 2026-05-13T18:09:04.084149-04:00 NVOX seed→live transition (seed_last_price=$16.1400)
[SQUEEZE] 2026-05-13T18:10:01.231400-04:00 FATN seed→live transition (seed_last_price=$4.1100)
[SQUEEZE] 2026-05-13T18:11:04.562761-04:00 ENSC seed→live transition (seed_last_price=$0.2831)
[SQUEEZE] 2026-05-13T18:12:03.042746-04:00 VNET seed→live transition (seed_last_price=$11.3769)
[SQUEEZE] 2026-05-13T18:12:06.713738-04:00 ODYS seed→live transition (seed_last_price=$4.2400)
[SQUEEZE] 2026-05-13T18:13:26.242884-04:00 FATN seed→live transition (seed_last_price=$4.0000)
[SQUEEZE] 2026-05-13T18:14:06.541384-04:00 MEI seed→live transition (seed_last_price=$14.1000)
[SQUEEZE] 2026-05-13T18:16:00.680139-04:00 NVOX seed→live transition (seed_last_price=$16.1400)
[SQUEEZE] 2026-05-13T18:19:00.053038-04:00 ODYS seed→live transition (seed_last_price=$4.2400)
[SQUEEZE] 2026-05-13T18:19:28.088359-04:00 MEI seed→live transition (seed_last_price=$14.0700)
[SQUEEZE] 2026-05-13T18:20:18.398625-04:00 VNET seed→live transition (seed_last_price=$11.3800)
[SQUEEZE] 2026-05-13T18:20:27.411368-04:00 NVOX seed→live transition (seed_last_price=$16.0700)
[SQUEEZE] 2026-05-13T18:25:00.322698-04:00 MEI seed→live transition (seed_last_price=$14.0700)
[SQUEEZE] 2026-05-13T18:25:07.833675-04:00 VNET seed→live transition (seed_last_price=$11.3800)
[SQUEEZE] 2026-05-13T18:29:29.773410-04:00 ENSC seed→live transition (seed_last_price=$0.2831)
[SQUEEZE] 2026-05-13T18:30:01.265044-04:00 MEI seed→live transition (seed_last_price=$14.0700)
[SQUEEZE] 2026-05-13T18:31:06.846646-04:00 KBSX seed→live transition (seed_last_price=$1.2900)
[SQUEEZE] 2026-05-13T18:32:07.196444-04:00 VNET seed→live transition (seed_last_price=$11.3800)
[SQUEEZE] 2026-05-13T18:33:07.455958-04:00 ATRA seed→live transition (seed_last_price=$10.1700)
[SQUEEZE] 2026-05-13T18:33:29.483049-04:00 FATN seed→live transition (seed_last_price=$4.1200)
[SQUEEZE] 2026-05-13T18:34:08.529044-04:00 ENSC seed→live transition (seed_last_price=$0.2720)
[SQUEEZE] 2026-05-13T18:37:04.850249-04:00 NVOX seed→live transition (seed_last_price=$16.1500)
[SQUEEZE] 2026-05-13T18:38:01.521944-04:00 ENSC seed→live transition (seed_last_price=$0.2720)
[SQUEEZE] 2026-05-13T18:39:00.099519-04:00 VNET seed→live transition (seed_last_price=$11.3600)
[SQUEEZE] 2026-05-13T18:40:14.193963-04:00 MEI seed→live transition (seed_last_price=$14.0400)
[SQUEEZE] 2026-05-13T18:42:00.323707-04:00 NVOX seed→live transition (seed_last_price=$16.1300)
[SQUEEZE] 2026-05-13T18:42:03.828723-04:00 ATRA seed→live transition (seed_last_price=$10.1400)
[SQUEEZE] 2026-05-13T18:42:09.563639-04:00 ENSC seed→live transition (seed_last_price=$0.2747)
[SQUEEZE] 2026-05-13T18:42:10.562104-04:00 VNET seed→live transition (seed_last_price=$11.3600)
[SQUEEZE] 2026-05-13T18:43:28.981817-04:00 FATN seed→live transition (seed_last_price=$4.1400)
[SQUEEZE] 2026-05-13T18:44:18.040712-04:00 MEI seed→live transition (seed_last_price=$14.0100)
[SQUEEZE] 2026-05-13T18:45:03.095440-04:00 ENSC seed→live transition (seed_last_price=$0.2790)
[SQUEEZE] 2026-05-13T18:45:10.899286-04:00 TRAW seed→live transition (seed_last_price=$1.7200)
[SQUEEZE] 2026-05-13T18:45:23.116061-04:00 FATN seed→live transition (seed_last_price=$4.1400)
[SQUEEZE] 2026-05-13T18:47:18.855261-04:00 ENSC seed→live transition (seed_last_price=$0.2790)
[SQUEEZE] 2026-05-13T18:49:20.869104-04:00 MEI seed→live transition (seed_last_price=$14.0100)
[SQUEEZE] 2026-05-13T18:50:12.996757-04:00 TRAW seed→live transition (seed_last_price=$1.7200)
[SQUEEZE] 2026-05-13T18:51:00.478692-04:00 NVOX seed→live transition (seed_last_price=$16.1300)
[SQUEEZE] 2026-05-13T18:51:07.988727-04:00 ATRA seed→live transition (seed_last_price=$10.1700)
[SQUEEZE] 2026-05-13T18:51:12.745160-04:00 ENSC seed→live transition (seed_last_price=$0.2751)
[SQUEEZE] 2026-05-13T18:52:13.624265-04:00 CLNN seed→live transition (seed_last_price=$6.6700)
[SQUEEZE] 2026-05-13T18:52:18.296291-04:00 ODYS seed→live transition (seed_last_price=$4.2300)
[SQUEEZE] 2026-05-13T18:53:05.998758-04:00 ENSC seed→live transition (seed_last_price=$0.2751)
[SQUEEZE] 2026-05-13T18:53:11.503544-04:00 VNET seed→live transition (seed_last_price=$11.3700)
[SQUEEZE] 2026-05-13T18:55:20.147184-04:00 ENSC seed→live transition (seed_last_price=$0.2745)
[SQUEEZE] 2026-05-13T18:56:17.211977-04:00 MEI seed→live transition (seed_last_price=$14.0300)
[SQUEEZE] 2026-05-13T18:56:20.007188-04:00 TRAW seed→live transition (seed_last_price=$1.7200)
[SQUEEZE] 2026-05-13T18:56:29.223880-04:00 VNET seed→live transition (seed_last_price=$11.3794)
[SQUEEZE] 2026-05-13T18:58:20.122257-04:00 ODYS seed→live transition (seed_last_price=$4.2300)
[SQUEEZE] 2026-05-13T18:59:06.173241-04:00 VNET seed→live transition (seed_last_price=$11.3796)
[SQUEEZE] 2026-05-13T19:00:07.988238-04:00 MEI seed→live transition (seed_last_price=$14.1000)
[SQUEEZE] 2026-05-13T19:00:11.242302-04:00 SST seed→live transition (seed_last_price=$3.4600)
[SQUEEZE] 2026-05-13T19:01:20.065372-04:00 ENSC seed→live transition (seed_last_price=$0.2727)
[SQUEEZE] 2026-05-13T19:02:11.873375-04:00 ODYS seed→live transition (seed_last_price=$4.2300)
[SQUEEZE] 2026-05-13T19:05:00.500666-04:00 NVOX seed→live transition (seed_last_price=$16.1300)
[SQUEEZE] 2026-05-13T19:05:20.272691-04:00 ENSC seed→live transition (seed_last_price=$0.2726)
[SQUEEZE] 2026-05-13T19:09:04.844166-04:00 ATRA seed→live transition (seed_last_price=$10.1500)
[SQUEEZE] 2026-05-13T19:10:02.336766-04:00 MEI seed→live transition (seed_last_price=$14.1000)
[SQUEEZE] 2026-05-13T19:10:06.842060-04:00 ODYS seed→live transition (seed_last_price=$4.2400)
[SQUEEZE] 2026-05-13T19:11:15.668852-04:00 ENSC seed→live transition (seed_last_price=$0.2725)
[SQUEEZE] 2026-05-13T19:11:20.241035-04:00 VNET seed→live transition (seed_last_price=$11.3896)
[SQUEEZE] 2026-05-13T19:13:09.619190-04:00 ODYS seed→live transition (seed_last_price=$4.2500)
[SQUEEZE] 2026-05-13T19:14:06.578225-04:00 ENSC seed→live transition (seed_last_price=$0.2711)
[SQUEEZE] 2026-05-13T19:15:21.157034-04:00 ATRA seed→live transition (seed_last_price=$10.2200)
[SQUEEZE] 2026-05-13T19:16:24.980262-04:00 ODYS seed→live transition (seed_last_price=$4.2300)
[SQUEEZE] 2026-05-13T19:17:01.270820-04:00 NVOX seed→live transition (seed_last_price=$16.1500)
[SQUEEZE] 2026-05-13T19:20:01.077922-04:00 ATRA seed→live transition (seed_last_price=$10.4900)
[SQUEEZE] 2026-05-13T19:20:06.834971-04:00 ENSC seed→live transition (seed_last_price=$0.2709)
[SQUEEZE] 2026-05-13T19:20:26.107018-04:00 MEI seed→live transition (seed_last_price=$14.0500)
[SQUEEZE] 2026-05-13T19:21:08.156108-04:00 NVOX seed→live transition (seed_last_price=$16.1700)
[SQUEEZE] 2026-05-13T19:22:00.464855-04:00 VNET seed→live transition (seed_last_price=$11.4000)
[SQUEEZE] 2026-05-13T19:25:10.594330-04:00 ODYS seed→live transition (seed_last_price=$4.2600)
[SQUEEZE] 2026-05-13T19:26:07.085836-04:00 VNET seed→live transition (seed_last_price=$11.3800)
[SQUEEZE] 2026-05-13T19:26:20.599496-04:00 ENSC seed→live transition (seed_last_price=$0.2728)
[SQUEEZE] 2026-05-13T19:28:28.432236-04:00 ODYS seed→live transition (seed_last_price=$4.2600)
[SQUEEZE] 2026-05-13T19:30:01.531307-04:00 SST seed→live transition (seed_last_price=$3.4500)
[SQUEEZE] 2026-05-13T19:31:13.862446-04:00 VNET seed→live transition (seed_last_price=$11.3804)
[SQUEEZE] 2026-05-13T19:31:23.371243-04:00 NVOX seed→live transition (seed_last_price=$16.1700)
[SQUEEZE] 2026-05-13T19:32:05.417695-04:00 SST seed→live transition (seed_last_price=$3.4500)
[SQUEEZE] 2026-05-13T19:33:00.367592-04:00 VNET seed→live transition (seed_last_price=$11.3996)
[SQUEEZE] 2026-05-13T19:34:22.987993-04:00 MEI seed→live transition (seed_last_price=$14.0000)
[SQUEEZE] 2026-05-13T19:36:16.610295-04:00 VNET seed→live transition (seed_last_price=$11.3600)
[SQUEEZE] 2026-05-13T19:37:02.160872-04:00 ENSC seed→live transition (seed_last_price=$0.2737)
[SQUEEZE] 2026-05-13T19:38:01.979870-04:00 ODYS seed→live transition (seed_last_price=$4.2700)
[SQUEEZE] 2026-05-13T19:39:24.918720-04:00 NVOX seed→live transition (seed_last_price=$16.1700)
[SQUEEZE] 2026-05-13T19:40:01.207742-04:00 MEI seed→live transition (seed_last_price=$14.0100)
[SQUEEZE] 2026-05-13T19:40:24.234203-04:00 VNET seed→live transition (seed_last_price=$11.3600)
[SQUEEZE] 2026-05-13T19:42:01.333234-04:00 VNET seed→live transition (seed_last_price=$11.3615)
[SQUEEZE] 2026-05-13T19:43:15.334426-04:00 ENSC seed→live transition (seed_last_price=$0.2722)
[SQUEEZE] 2026-05-13T19:43:17.491501-04:00 ODYS seed→live transition (seed_last_price=$4.3400)
[SQUEEZE] 2026-05-13T19:45:00.376128-04:00 MEI seed→live transition (seed_last_price=$13.9600)
[SQUEEZE] 2026-05-13T19:48:03.699333-04:00 ODYS seed→live transition (seed_last_price=$4.3400)
[SQUEEZE] 2026-05-13T19:49:02.804626-04:00 MEI seed→live transition (seed_last_price=$14.0100)
[SQUEEZE] 2026-05-13T19:49:25.579901-04:00 VNET seed→live transition (seed_last_price=$11.4000)
[SQUEEZE] 2026-05-13T19:51:16.455081-04:00 VNET seed→live transition (seed_last_price=$11.4300)
[SQUEEZE] 2026-05-13T19:52:06.760664-04:00 NVOX seed→live transition (seed_last_price=$16.2000)
[SQUEEZE] 2026-05-13T19:53:07.216501-04:00 ODYS seed→live transition (seed_last_price=$4.2300)
[SQUEEZE] 2026-05-13T19:55:18.445141-04:00 VNET seed→live transition (seed_last_price=$11.4000)
[SQUEEZE] 2026-05-13T19:56:20.514891-04:00 ENSC seed→live transition (seed_last_price=$0.2663)
[SQUEEZE] 2026-05-13T19:56:22.267660-04:00 MEI seed→live transition (seed_last_price=$13.9200)
[SQUEEZE] 2026-05-13T19:57:01.309815-04:00 ATRA seed→live transition (seed_last_price=$10.3000)
[SQUEEZE] 2026-05-13T19:57:14.574713-04:00 ODYS seed→live transition (seed_last_price=$4.2300)
[SQUEEZE] 2026-05-13T19:58:24.884606-04:00 MEI seed→live transition (seed_last_price=$13.9200)
[SQUEEZE] 2026-05-13T20:00:00.160173-04:00 FATN seed→live transition (seed_last_price=$4.0600)
[SQUEEZE] 2026-05-13T20:00:00.160391-04:00 KBSX seed→live transition (seed_last_price=$1.2900)
[SQUEEZE] 2026-05-13T20:00:00.160493-04:00 VNET seed→live transition (seed_last_price=$11.4200)
[SQUEEZE] 2026-05-13T20:00:00.161131-04:00 NVOX seed→live transition (seed_last_price=$16.1700)
[SQUEEZE] 2026-05-13T20:00:00.161592-04:00 ENSC seed→live transition (seed_last_price=$0.2780)
[SQUEEZE] 2026-05-13T20:01:06.229666-04:00 SST seed→live transition (seed_last_price=$3.4500)
[SQUEEZE] 2026-05-13T20:03:12.866085-04:00 ENSC seed→live transition (seed_last_price=$0.2666)
[SQUEEZE] 2026-05-13T20:03:13.366604-04:00 MEI seed→live transition (seed_last_price=$13.9500)
[SQUEEZE] 2026-05-13T20:05:04.741237-04:00 SST seed→live transition (seed_last_price=$3.4300)
[SQUEEZE] 2026-05-13T20:10:00.817720-04:00 NVOX seed→live transition (seed_last_price=$16.1700)
[SQUEEZE] 2026-05-13T20:10:21.339883-04:00 VNET seed→live transition (seed_last_price=$11.4197)
[SQUEEZE] 2026-05-13T20:12:18.223733-04:00 SST seed→live transition (seed_last_price=$3.3500)
[SQUEEZE] 2026-05-13T20:14:06.843634-04:00 ODYS seed→live transition (seed_last_price=$4.2400)
[SQUEEZE] 2026-05-13T20:15:11.914547-04:00 ENSC seed→live transition (seed_last_price=$0.2860)
[SQUEEZE] 2026-05-13T20:15:25.930984-04:00 VNET seed→live transition (seed_last_price=$11.4197)
[SQUEEZE] 2026-05-13T20:17:10.618214-04:00 VNET seed→live transition (seed_last_price=$11.4197)
[SQUEEZE] 2026-05-13T20:18:06.610487-04:00 NVOX seed→live transition (seed_last_price=$16.1700)
[SQUEEZE] 2026-05-13T20:20:02.238556-04:00 SST seed→live transition (seed_last_price=$3.3500)
[SQUEEZE] 2026-05-13T20:20:09.997678-04:00 ATRA seed→live transition (seed_last_price=$10.3000)
[SQUEEZE] 2026-05-13T20:25:03.572903-04:00 NVOX seed→live transition (seed_last_price=$16.1700)
[SQUEEZE] 2026-05-13T20:25:26.598308-04:00 VNET seed→live transition (seed_last_price=$11.4300)
[SQUEEZE] 2026-05-13T20:26:04.138767-04:00 ENSC seed→live transition (seed_last_price=$0.2862)
[SQUEEZE] 2026-05-13T20:27:09.958104-04:00 VNET seed→live transition (seed_last_price=$11.4300)
[SQUEEZE] 2026-05-13T20:31:14.721163-04:00 MEI seed→live transition (seed_last_price=$14.3200)
[SQUEEZE] 2026-05-13T20:32:15.037942-04:00 ENSC seed→live transition (seed_last_price=$0.2862)
[SQUEEZE] 2026-05-13T20:32:26.800197-04:00 VNET seed→live transition (seed_last_price=$11.6100)
[SQUEEZE] 2026-05-13T20:33:01.086757-04:00 NVOX seed→live transition (seed_last_price=$16.1700)
[SQUEEZE] 2026-05-13T20:34:00.724240-04:00 ENSC seed→live transition (seed_last_price=$0.2858)
[SQUEEZE] 2026-05-13T20:38:13.181616-04:00 NVOX seed→live transition (seed_last_price=$16.1700)
[SQUEEZE] 2026-05-13T20:39:19.506463-04:00 ENSC seed→live transition (seed_last_price=$0.2858)
[SQUEEZE] 2026-05-13T20:41:13.631993-04:00 NVOX seed→live transition (seed_last_price=$16.1700)
[SQUEEZE] 2026-05-13T20:45:01.384853-04:00 VNET seed→live transition (seed_last_price=$11.4900)
[SQUEEZE] 2026-05-13T20:51:10.531896-04:00 VNET seed→live transition (seed_last_price=$11.4900)
[SQUEEZE] 2026-05-13T20:52:24.864248-04:00 ENSC seed→live transition (seed_last_price=$0.2858)
[SQUEEZE] 2026-05-13T20:52:28.869017-04:00 NVOX seed→live transition (seed_last_price=$16.1200)
[SQUEEZE] 2026-05-13T20:53:19.924976-04:00 ODYS seed→live transition (seed_last_price=$4.2400)
[SQUEEZE] 2026-05-13T20:54:18.740244-04:00 NVOX seed→live transition (seed_last_price=$16.1200)
[SQUEEZE] 2026-05-13T20:55:03.287916-04:00 SST seed→live transition (seed_last_price=$3.3500)
[SQUEEZE] 2026-05-13T20:59:05.308393-04:00 NVOX seed→live transition (seed_last_price=$16.1200)
[SQUEEZE] 2026-05-13T21:00:14.635633-04:00 ENSC seed→live transition (seed_last_price=$0.2858)
[SQUEEZE] 2026-05-13T21:02:15.515558-04:00 NVOX seed→live transition (seed_last_price=$16.1200)
[SQUEEZE] 2026-05-13T21:04:02.126977-04:00 NVOX seed→live transition (seed_last_price=$16.1200)
[SQUEEZE] 2026-05-13T21:06:01.079012-04:00 NVOX seed→live transition (seed_last_price=$16.1200)
[SQUEEZE] 2026-05-13T21:08:00.637200-04:00 VNET seed→live transition (seed_last_price=$11.5000)
[SQUEEZE] 2026-05-13T21:08:21.908952-04:00 ODYS seed→live transition (seed_last_price=$4.2400)
[SQUEEZE] 2026-05-13T21:11:26.362552-04:00 NVOX seed→live transition (seed_last_price=$16.1200)
[SQUEEZE] 2026-05-13T21:12:26.929168-04:00 VNET seed→live transition (seed_last_price=$11.5000)
[SQUEEZE] 2026-05-13T21:15:04.685186-04:00 VNET seed→live transition (seed_last_price=$11.5100)
[SQUEEZE] 2026-05-13T21:17:01.227601-04:00 NVOX seed→live transition (seed_last_price=$16.1200)
[SQUEEZE] 2026-05-13T21:18:08.301088-04:00 SST seed→live transition (seed_last_price=$3.4800)
[SQUEEZE] 2026-05-13T21:18:11.127242-04:00 MEI seed→live transition (seed_last_price=$14.0000)
[SQUEEZE] 2026-05-13T21:19:00.105762-04:00 VNET seed→live transition (seed_last_price=$11.5900)
[SQUEEZE] 2026-05-13T21:19:16.623288-04:00 ODYS seed→live transition (seed_last_price=$4.5000)
[SQUEEZE] 2026-05-13T21:20:00.419697-04:00 NVOX seed→live transition (seed_last_price=$16.1200)
[SQUEEZE] 2026-05-13T21:21:00.734103-04:00 VNET seed→live transition (seed_last_price=$11.5900)
[SQUEEZE] 2026-05-13T21:23:07.620094-04:00 ATRA seed→live transition (seed_last_price=$10.3000)
[SQUEEZE] 2026-05-13T21:24:09.437805-04:00 VNET seed→live transition (seed_last_price=$11.5900)
[SQUEEZE] 2026-05-13T21:25:06.503472-04:00 ENSC seed→live transition (seed_last_price=$0.2821)
[SQUEEZE] 2026-05-13T21:27:00.876692-04:00 NVOX seed→live transition (seed_last_price=$16.1200)
[SQUEEZE] 2026-05-13T21:28:15.208118-04:00 MEI seed→live transition (seed_last_price=$14.0000)
[SQUEEZE] 2026-05-13T21:29:06.765001-04:00 ODYS seed→live transition (seed_last_price=$4.5000)
[SQUEEZE] 2026-05-13T21:29:14.772715-04:00 NVOX seed→live transition (seed_last_price=$16.1200)
[SQUEEZE] 2026-05-13T21:30:12.840694-04:00 VNET seed→live transition (seed_last_price=$11.6000)
[SQUEEZE] 2026-05-13T21:32:03.461430-04:00 ENSC seed→live transition (seed_last_price=$0.2821)
[SQUEEZE] 2026-05-13T21:32:20.480854-04:00 NVOX seed→live transition (seed_last_price=$16.1200)
[SQUEEZE] 2026-05-13T21:37:22.303036-04:00 VNET seed→live transition (seed_last_price=$11.5600)
[SQUEEZE] 2026-05-13T21:38:29.628901-04:00 NVOX seed→live transition (seed_last_price=$16.1200)
[SQUEEZE] 2026-05-13T21:43:00.673918-04:00 VNET seed→live transition (seed_last_price=$11.5100)
[SQUEEZE] 2026-05-13T21:45:04.555873-04:00 VNET seed→live transition (seed_last_price=$11.4400)
[SQUEEZE] 2026-05-13T21:48:02.247892-04:00 MEI seed→live transition (seed_last_price=$13.9500)
[SQUEEZE] 2026-05-13T21:49:05.316192-04:00 VNET seed→live transition (seed_last_price=$11.4000)
[SQUEEZE] 2026-05-13T21:49:16.327521-04:00 ENSC seed→live transition (seed_last_price=$0.2821)
[SQUEEZE] 2026-05-13T21:51:27.718600-04:00 NVOX seed→live transition (seed_last_price=$16.1200)
[SQUEEZE] 2026-05-13T21:52:11.519381-04:00 VNET seed→live transition (seed_last_price=$11.4000)
[SQUEEZE] 2026-05-13T21:59:05.211112-04:00 ENSC seed→live transition (seed_last_price=$0.2821)
[SQUEEZE] 2026-05-13T21:59:08.215082-04:00 VNET seed→live transition (seed_last_price=$11.3100)
[SQUEEZE] 2026-05-13T22:01:05.594610-04:00 NVOX seed→live transition (seed_last_price=$16.1200)
[SQUEEZE] 2026-05-13T22:03:05.230621-04:00 MEI seed→live transition (seed_last_price=$13.9500)
[SQUEEZE] 2026-05-13T22:06:22.194119-04:00 SST seed→live transition (seed_last_price=$3.4500)
[SQUEEZE] 2026-05-13T22:12:13.586350-04:00 VNET seed→live transition (seed_last_price=$11.3200)
[SQUEEZE] 2026-05-13T22:14:04.709917-04:00 NVOX seed→live transition (seed_last_price=$16.1200)
[SQUEEZE] 2026-05-13T22:18:10.476866-04:00 ENSC seed→live transition (seed_last_price=$0.2790)
[SQUEEZE] 2026-05-13T22:18:27.245119-04:00 NVOX seed→live transition (seed_last_price=$16.1200)
[SQUEEZE] 2026-05-13T22:21:21.934423-04:00 NVOX seed→live transition (seed_last_price=$16.1200)
[SQUEEZE] 2026-05-13T22:23:16.556283-04:00 ODYS seed→live transition (seed_last_price=$4.5000)
[SQUEEZE] 2026-05-13T22:26:21.005638-04:00 ENSC seed→live transition (seed_last_price=$0.2790)
[SQUEEZE] 2026-05-13T22:30:08.515889-04:00 ENSC seed→live transition (seed_last_price=$0.2792)
[SQUEEZE] 2026-05-13T22:36:00.255267-04:00 FATN seed→live transition (seed_last_price=$4.0600)
[SQUEEZE] 2026-05-13T22:36:09.855561-04:00 ATRA seed→live transition (seed_last_price=$10.3000)
[SQUEEZE] 2026-05-13T22:37:27.649094-04:00 VNET seed→live transition (seed_last_price=$11.2600)
[SQUEEZE] 2026-05-13T22:38:18.525541-04:00 ENSC seed→live transition (seed_last_price=$0.2792)
[SQUEEZE] 2026-05-13T22:40:27.515888-04:00 NVOX seed→live transition (seed_last_price=$16.1400)
[SQUEEZE] 2026-05-13T22:48:08.144538-04:00 ENSC seed→live transition (seed_last_price=$0.2786)
[SQUEEZE] 2026-05-13T22:49:07.894428-04:00 NVOX seed→live transition (seed_last_price=$16.1400)
[SQUEEZE] 2026-05-13T22:50:25.780955-04:00 ODYS seed→live transition (seed_last_price=$4.5000)
[SQUEEZE] 2026-05-13T22:52:25.515747-04:00 NVOX seed→live transition (seed_last_price=$16.1400)
[SQUEEZE] 2026-05-13T23:01:04.704933-04:00 VNET seed→live transition (seed_last_price=$11.2600)
[SQUEEZE] 2026-05-13T23:04:06.198385-04:00 ODYS seed→live transition (seed_last_price=$4.5000)
[SQUEEZE] 2026-05-13T23:04:07.265964-04:00 NVOX seed→live transition (seed_last_price=$16.1300)
[SQUEEZE] 2026-05-13T23:05:00.336258-04:00 VNET seed→live transition (seed_last_price=$11.2800)
[SQUEEZE] 2026-05-13T23:05:02.089105-04:00 MEI seed→live transition (seed_last_price=$13.8500)
[SQUEEZE] 2026-05-13T23:08:22.344234-04:00 ODYS seed→live transition (seed_last_price=$4.5000)
[SQUEEZE] 2026-05-13T23:08:25.346941-04:00 ENSC seed→live transition (seed_last_price=$0.2787)
[SQUEEZE] 2026-05-13T23:09:05.498494-04:00 NVOX seed→live transition (seed_last_price=$16.1300)
[SQUEEZE] 2026-05-13T23:15:07.061499-04:00 VNET seed→live transition (seed_last_price=$11.2600)
[SQUEEZE] 2026-05-13T23:21:04.929411-04:00 MEI seed→live transition (seed_last_price=$13.8500)
[SQUEEZE] 2026-05-13T23:22:29.622444-04:00 NVOX seed→live transition (seed_last_price=$16.1300)
[SQUEEZE] 2026-05-13T23:25:12.596132-04:00 ENSC seed→live transition (seed_last_price=$0.2786)
[SQUEEZE] 2026-05-13T23:28:04.370980-04:00 VNET seed→live transition (seed_last_price=$11.2500)
[SQUEEZE] 2026-05-13T23:28:08.374684-04:00 NVOX seed→live transition (seed_last_price=$16.1500)
[SQUEEZE] 2026-05-13T23:33:11.095910-04:00 VNET seed→live transition (seed_last_price=$11.2400)
[SQUEEZE] 2026-05-13T23:36:11.417320-04:00 SST seed→live transition (seed_last_price=$3.4500)
[SQUEEZE] 2026-05-13T23:37:25.789418-04:00 VNET seed→live transition (seed_last_price=$11.2400)
[SQUEEZE] 2026-05-13T23:47:11.035289-04:00 ENSC seed→live transition (seed_last_price=$0.2823)
[SQUEEZE] 2026-05-13T23:48:09.852131-04:00 VNET seed→live transition (seed_last_price=$11.2300)
[SQUEEZE] 2026-05-13T23:52:08.047772-04:00 ENSC seed→live transition (seed_last_price=$0.2825)
[SQUEEZE] 2026-05-13T23:52:14.058345-04:00 MEI seed→live transition (seed_last_price=$14.0800)
[SQUEEZE] 2026-05-13T23:52:18.063905-04:00 NVOX seed→live transition (seed_last_price=$16.1500)
[SQUEEZE] 2026-05-13T23:54:07.420145-04:00 VNET seed→live transition (seed_last_price=$11.2000)
[SQUEEZE] 2026-05-14T00:00:02.650595-04:00 TRAW seed→live transition (seed_last_price=$1.7600)
[SQUEEZE] 2026-05-14T00:00:02.650913-04:00 PTBD seed→live transition (seed_last_price=$19.1700)
[SQUEEZE] 2026-05-14T00:00:04.651061-04:00 SST seed→live transition (seed_last_price=$3.4500)
[SQUEEZE] 2026-05-14T00:00:05.150413-04:00 MEI seed→live transition (seed_last_price=$14.0800)
[SQUEEZE] 2026-05-14T00:00:05.400730-04:00 ODYS seed→live transition (seed_last_price=$4.5000)
[SQUEEZE] 2026-05-14T00:00:05.651391-04:00 ENSC seed→live transition (seed_last_price=$0.2828)
[SQUEEZE] 2026-05-14T00:00:17.738500-04:00 VNET seed→live transition (seed_last_price=$11.2000)
[SQUEEZE] 2026-05-14T00:00:17.738906-04:00 FATN seed→live transition (seed_last_price=$4.0600)
[SQUEEZE] 2026-05-14T00:00:18.920354-04:00 ATRA seed→live transition (seed_last_price=$10.3000)
[SQUEEZE] 2026-05-14T00:00:19.420991-04:00 CLNN seed→live transition (seed_last_price=$6.6700)
[SQUEEZE] 2026-05-14T00:06:05.113484-04:00 MEI seed→live transition (seed_last_price=$13.8700)
[SQUEEZE] 2026-05-14T00:07:07.188475-04:00 ENSC seed→live transition (seed_last_price=$0.2828)
[SQUEEZE] 2026-05-14T00:08:12.771026-04:00 SST seed→live transition (seed_last_price=$3.4500)
[SQUEEZE] 2026-05-14T00:09:01.084610-04:00 ODYS seed→live transition (seed_last_price=$4.5000)
[SQUEEZE] 2026-05-14T00:10:00.416150-04:00 ENSC seed→live transition (seed_last_price=$0.2823)
[SQUEEZE] 2026-05-14T00:14:12.495119-04:00 ODYS seed→live transition (seed_last_price=$4.5000)
[SQUEEZE] 2026-05-14T00:15:00.809540-04:00 NVOX seed→live transition (seed_last_price=$16.1200)
[SQUEEZE] 2026-05-14T00:17:00.278721-04:00 NVOX seed→live transition (seed_last_price=$16.1200)
[SQUEEZE] 2026-05-14T00:19:25.501384-04:00 NVOX seed→live transition (seed_last_price=$16.1200)
[SQUEEZE] 2026-05-14T00:21:10.381413-04:00 ODYS seed→live transition (seed_last_price=$4.5000)
[SQUEEZE] 2026-05-14T00:22:09.370165-04:00 NVOX seed→live transition (seed_last_price=$16.1200)
[SQUEEZE] 2026-05-14T00:25:23.621169-04:00 ENSC seed→live transition (seed_last_price=$0.2823)
[SQUEEZE] 2026-05-14T00:40:03.332880-04:00 ENSC seed→live transition (seed_last_price=$0.2822)
[SQUEEZE] 2026-05-14T00:41:23.726663-04:00 signal received — shutting down
[SQUEEZE] 2026-05-14T00:41:23.726959-04:00 engine socket closed — fail-CLOSED, no new entries. Open positions: 0 (continuing to manage via cached last-tick prices when they arrive — none will arrive until engine reconnects). Manual intervention required to flatten if engine stays down.
[SQUEEZE] 2026-05-14T00:41:23.727020-04:00 shutdown complete (daily_pnl=$-949.84, open_positions=0)
