=== Setup B engine daily run started: Thu May 14 02:00:00 MDT 2026 ===
  Worktree: /Users/duffy/warrior_bot_v2_engine
  Logs dir: /Users/duffy/warrior_bot_v2_engine/logs
Persistent caffeinate started (PID: 65770)
From github.com:mannyluke4/warrior_bot
 * branch            data-engine-unified -> FETCH_HEAD
Already up to date.
Code version: 678b75f (engine wb_bot: H#16 — entry-time min price floor (mirror Setup A))
Pre-flight: imports...
Setup B imports OK
Checking IB Gateway on port 4002...
Gateway is up on port 4002 (after ~5s)
Starting data_engine.py...
Engine started (PID: 65827, log: /Users/duffy/warrior_bot_v2_engine/logs/2026-05-14_engine.log)
Waiting for IPC socket at /tmp/warrior_engine.sock...
IPC socket is up (after ~2s)
Starting squeeze_bot.py...
Squeeze bot started (PID: 65830, log: /Users/duffy/warrior_bot_v2_engine/logs/2026-05-14_squeeze_bot.log)
Starting wb_bot.py...
WB bot started (PID: 65831, log: /Users/duffy/warrior_bot_v2_engine/logs/2026-05-14_wb_bot.log)
engine OK (PID 65827)
squeeze OK (PID 65830)
wb OK (PID 65831)
Watchdog: monitoring until Thu May 14 18:05:00 MDT 2026...
ALERT: data_engine.py died at Thu May 14 07:31:05 MDT 2026. See /Users/duffy/warrior_bot_v2_engine/logs/2026-05-14_engine.log.
       Bots will fail-CLOSED on socket close; no auto-restart per directive.
ALERT: squeeze_bot.py died at Thu May 14 07:31:05 MDT 2026. See /Users/duffy/warrior_bot_v2_engine/logs/2026-05-14_squeeze_bot.log.
ALERT: wb_bot.py died at Thu May 14 07:31:05 MDT 2026. See /Users/duffy/warrior_bot_v2_engine/logs/2026-05-14_wb_bot.log.
All 3 processes are dead. Exiting watchdog.
=== Setup B engine daily run complete: Thu May 14 07:31:05 MDT 2026 ===
=== TRAP: cleanup at Thu May 14 07:31:05 MDT 2026 ===
