[2026-01-06] All 1 symbols already cached, skipping
[2026-01-07] All 1 symbols already cached, skipping
[2026-01-08] All 1 symbols already cached, skipping
[2026-01-09] All 3 symbols already cached, skipping
[2026-01-12] All 3 symbols already cached, skipping
[2026-01-13] All 3 symbols already cached, skipping
[2026-01-14] All 4 symbols already cached, skipping
[2026-01-15] All 4 symbols already cached, skipping
[2026-01-16] All 5 symbols already cached, skipping
[2026-01-20] All 6 symbols already cached, skipping
[2026-01-21] All 5 symbols already cached, skipping
[2026-01-22] All 3 symbols already cached, skipping
[2026-01-23] All 7 symbols already cached, skipping
[2026-01-26] All 3 symbols already cached, skipping
[2026-01-27] All 5 symbols already cached, skipping
[2026-01-28] All 3 symbols already cached, skipping
[2026-01-29] All 3 symbols already cached, skipping

[2026-01-30] Fetching 1 symbols (2 cached)...
  [2026-01-30] DZZ...
  Saved 1830 ticks → /Users/duffy/warrior_bot_v2/tick_cache/2026-01-30/DZZ.json.gz

[2026-02-02] Fetching 1 symbols (4 cached)...
  [2026-02-02] FATN...
    10,074 ticks, up to 16:03:25 ET...
    20,436 ticks, up to 16:07:08 ET...
    30,599 ticks, up to 16:12:35 ET...
    40,736 ticks, up to 16:22:37 ET...
    51,155 ticks, up to 16:27:58 ET...
    61,336 ticks, up to 16:43:02 ET...
    71,619 ticks, up to 16:48:36 ET...
    82,171 ticks, up to 16:50:55 ET...
    92,424 ticks, up to 16:53:15 ET...
    102,849 ticks, up to 16:56:55 ET...
    113,055 ticks, up to 17:03:18 ET...
    123,623 ticks, up to 17:06:25 ET...
    134,093 ticks, up to 17:10:38 ET...
    144,445 ticks, up to 17:15:57 ET...
    154,691 ticks, up to 17:26:49 ET...
    164,775 ticks, up to 17:52:12 ET...
    174,853 ticks, up to 19:02:03 ET...
  Saved 180446 ticks → /Users/duffy/warrior_bot_v2/tick_cache/2026-02-02/FATN.json.gz
[2026-02-03] All 3 symbols already cached, skipping

[2026-02-04] Fetching 2 symbols (0 cached)...
  [2026-02-04] YOOV...
  YOOV: no ticks
  [2026-02-04] TLF...
  Saved 2665 ticks → /Users/duffy/warrior_bot_v2/tick_cache/2026-02-04/TLF.json.gz
[2026-02-05] All 1 symbols already cached, skipping
[2026-02-06] All 2 symbols already cached, skipping
[2026-02-10] All 1 symbols already cached, skipping
[2026-02-17] All 1 symbols already cached, skipping
[2026-03-05] All 1 symbols already cached, skipping
[2026-03-09] All 1 symbols already cached, skipping
[2026-03-12] All 1 symbols already cached, skipping
[2026-03-18] All 1 symbols already cached, skipping
[2026-03-19] All 1 symbols already cached, skipping
[2026-03-23] All 1 symbols already cached, skipping
Traceback (most recent call last):
  File "/Users/duffy/warrior_bot_v2/ibkr_tick_fetcher.py", line 235, in <module>
    main()
  File "/Users/duffy/warrior_bot_v2/ibkr_tick_fetcher.py", line 168, in main
    symbols = [c["symbol"] for c in candidates]
               ~^^^^^^^^^^
KeyError: 'symbol'
[2026-04-01] All 2 symbols already cached, skipping
[2026-04-02] All 25 symbols already cached, skipping

[2026-04-03] Fetching 24 symbols (0 cached)...
  [2026-04-03] SKYQ...
  SKYQ: no ticks
  [2026-04-03] LUD...
  LUD: no ticks
  [2026-04-03] GVH...
  GVH: no ticks
  [2026-04-03] TURB...
  TURB: no ticks
  [2026-04-03] LUNL...
  LUNL: no ticks
  [2026-04-03] VOYX...
  VOYX: no ticks
  [2026-04-03] VELO...
  VELO: no ticks
  [2026-04-03] MGRT...
  MGRT: no ticks
  [2026-04-03] ICU...
  ICU: no ticks
  [2026-04-03] LABX...
  LABX: no ticks
  [2026-04-03] ILAG...
  ILAG: no ticks
  [2026-04-03] ONDU...
  ONDU: no ticks
  [2026-04-03] SKYQ...
  SKYQ: no ticks
  [2026-04-03] LUD...
  LUD: no ticks
  [2026-04-03] GVH...
  GVH: no ticks
  [2026-04-03] TURB...
  TURB: no ticks
  [2026-04-03] LUNL...
  LUNL: no ticks
  [2026-04-03] VOYX...
  VOYX: no ticks
  [2026-04-03] VELO...
  VELO: no ticks
  [2026-04-03] MGRT...
  MGRT: no ticks
  [2026-04-03] ICU...
  ICU: no ticks
  [2026-04-03] LABX...
  LABX: no ticks
  [2026-04-03] ILAG...
  ILAG: no ticks
  [2026-04-03] ONDU...
  ONDU: no ticks
[2026-04-06] All 106 symbols already cached, skipping
[2026-04-07] All 58 symbols already cached, skipping
[2026-04-08] All 38 symbols already cached, skipping
[2026-04-10] All 2 symbols already cached, skipping
[2026-04-13] All 31 symbols already cached, skipping
[2026-04-14] All 14 symbols already cached, skipping
[2026-04-15] All 3 symbols already cached, skipping
[2026-04-16] All 36 symbols already cached, skipping

Done. Fetched ticks for 0 symbol-dates.
