YTD Backtest: 75 dates (2026-01-02 → 2026-04-17)
  Squeeze: ON  (MP forced OFF)
  Short:   OFF
  Filters: gap=5.0-500.0% price=$2.0-$20.0 float<20.0M rvol>1.5x pmvol>30,000
  Compounding: start=$30,000  bp_pct=50%×4×eq  notional_cap=none

[4/75] 2026-01-06 (1 syms) | SQ: 0t $+0   | eq=$30,000 (cap=$60,000) | YTD SQ=$+0 SH=$+0 Combined=$+0
[5/75] 2026-01-07 (1 syms) | SQ: 0t $+0   | eq=$30,000 (cap=$60,000) | YTD SQ=$+0 SH=$+0 Combined=$+0
[6/75] 2026-01-08 (1 syms) | SQ: 1t $+900   | eq=$30,900 (cap=$60,000) | YTD SQ=$+900 SH=$+0 Combined=$+900
[7/75] 2026-01-09 (3 syms) | SQ: 1t $+6,359   | eq=$37,259 (cap=$61,800) | YTD SQ=$+7,259 SH=$+0 Combined=$+7,259
[8/75] 2026-01-12 (3 syms) | SQ: 6t $+7,583   | eq=$44,842 (cap=$74,518) | YTD SQ=$+14,842 SH=$+0 Combined=$+14,842
[9/75] 2026-01-13 (3 syms) | SQ: 7t $+21,867   | eq=$66,709 (cap=$89,684) | YTD SQ=$+36,709 SH=$+0 Combined=$+36,709
[10/75] 2026-01-14 (4 syms) | SQ: 5t $+18,921   | eq=$85,630 (cap=$133,418) | YTD SQ=$+55,630 SH=$+0 Combined=$+55,630
[11/75] 2026-01-15 (4 syms) | SQ: 14t $+5,780   | eq=$91,410 (cap=$171,260) | YTD SQ=$+61,410 SH=$+0 Combined=$+61,410
[12/75] 2026-01-16 (5 syms) | SQ: 7t $+17,857   | eq=$109,267 (cap=$182,820) | YTD SQ=$+79,267 SH=$+0 Combined=$+79,267
[13/75] 2026-01-20 (6 syms) | SQ: 14t $-777   | eq=$108,490 (cap=$218,534) | YTD SQ=$+78,490 SH=$+0 Combined=$+78,490
[14/75] 2026-01-21 (5 syms) | SQ: 6t $+99   | eq=$108,589 (cap=$216,980) | YTD SQ=$+78,589 SH=$+0 Combined=$+78,589
[15/75] 2026-01-22 (3 syms) | SQ: 8t $+556   | eq=$109,145 (cap=$217,178) | YTD SQ=$+79,145 SH=$+0 Combined=$+79,145
[16/75] 2026-01-23 (7 syms) | SQ: 11t $+15,624   | eq=$124,769 (cap=$218,290) | YTD SQ=$+94,769 SH=$+0 Combined=$+94,769
[17/75] 2026-01-26 (3 syms) | SQ: 4t $+11,284   | eq=$136,053 (cap=$249,538) | YTD SQ=$+106,053 SH=$+0 Combined=$+106,053
[18/75] 2026-01-27 (5 syms) | SQ: 4t $+5,242   | eq=$141,295 (cap=$272,106) | YTD SQ=$+111,295 SH=$+0 Combined=$+111,295
[19/75] 2026-01-28 (3 syms) | SQ: 1t $-357   | eq=$140,938 (cap=$282,590) | YTD SQ=$+110,938 SH=$+0 Combined=$+110,938
[20/75] 2026-01-29 (3 syms) | SQ: 1t $-500   | eq=$140,438 (cap=$281,876) | YTD SQ=$+110,438 SH=$+0 Combined=$+110,438
[21/75] 2026-01-30 (3 syms) | SQ: 0t $+0   | eq=$140,438 (cap=$280,876) | YTD SQ=$+110,438 SH=$+0 Combined=$+110,438
[22/75] 2026-02-02 (5 syms) | SQ: 2t $+344   | eq=$140,782 (cap=$280,876) | YTD SQ=$+110,782 SH=$+0 Combined=$+110,782
[23/75] 2026-02-03 (3 syms) | SQ: 6t $+43,543   | eq=$184,325 (cap=$281,564) | YTD SQ=$+154,325 SH=$+0 Combined=$+154,325
[24/75] 2026-02-04 (1 syms) | SQ: 0t $+0   | eq=$184,325 (cap=$368,650) | YTD SQ=$+154,325 SH=$+0 Combined=$+154,325
[25/75] 2026-02-05 (1 syms) | SQ: 0t $+0   | eq=$184,325 (cap=$368,650) | YTD SQ=$+154,325 SH=$+0 Combined=$+154,325
[26/75] 2026-02-06 (2 syms) | SQ: 2t $+3,682   | eq=$188,007 (cap=$368,650) | YTD SQ=$+158,007 SH=$+0 Combined=$+158,007
[28/75] 2026-02-10 (1 syms) | SQ: 0t $+0   | eq=$188,007 (cap=$376,014) | YTD SQ=$+158,007 SH=$+0 Combined=$+158,007
[32/75] 2026-02-17 (1 syms) | SQ: 1t $+5,075   | eq=$193,082 (cap=$376,014) | YTD SQ=$+163,082 SH=$+0 Combined=$+163,082
[44/75] 2026-03-05 (1 syms) | SQ: 1t $-357   | eq=$192,725 (cap=$386,164) | YTD SQ=$+162,725 SH=$+0 Combined=$+162,725
[46/75] 2026-03-09 (1 syms) | SQ: 0t $+0   | eq=$192,725 (cap=$385,450) | YTD SQ=$+162,725 SH=$+0 Combined=$+162,725
[49/75] 2026-03-12 (1 syms) | SQ: 0t $+0   | eq=$192,725 (cap=$385,450) | YTD SQ=$+162,725 SH=$+0 Combined=$+162,725
[53/75] 2026-03-18 (1 syms) | SQ: 5t $+3,533   | eq=$196,258 (cap=$385,450) | YTD SQ=$+166,258 SH=$+0 Combined=$+166,258
[54/75] 2026-03-19 (1 syms) | SQ: 3t $-562   | eq=$195,696 (cap=$392,516) | YTD SQ=$+165,696 SH=$+0 Combined=$+165,696
[56/75] 2026-03-23 (1 syms) | SQ: 4t $-2,178   | eq=$193,518 (cap=$391,392) | YTD SQ=$+163,518 SH=$+0 Combined=$+163,518
[63/75] 2026-04-01 (2 syms) | SQ: 0t $+0   | eq=$193,518 (cap=$387,036) | YTD SQ=$+163,518 SH=$+0 Combined=$+163,518
[64/75] 2026-04-02 (15 syms) | SQ: 0t $+0   | eq=$193,518 (cap=$387,036) | YTD SQ=$+163,518 SH=$+0 Combined=$+163,518
[66/75] 2026-04-06 (15 syms) | SQ: 0t $+0   | eq=$193,518 (cap=$387,036) | YTD SQ=$+163,518 SH=$+0 Combined=$+163,518
[67/75] 2026-04-07 (15 syms) | SQ: 0t $+0   | eq=$193,518 (cap=$387,036) | YTD SQ=$+163,518 SH=$+0 Combined=$+163,518
[68/75] 2026-04-08 (15 syms) | SQ: 0t $+0   | eq=$193,518 (cap=$387,036) | YTD SQ=$+163,518 SH=$+0 Combined=$+163,518
[70/75] 2026-04-10 (2 syms) | SQ: 3t $-427   | eq=$193,091 (cap=$387,036) | YTD SQ=$+163,091 SH=$+0 Combined=$+163,091
[71/75] 2026-04-13 (15 syms) | SQ: 0t $+0   | eq=$193,091 (cap=$386,182) | YTD SQ=$+163,091 SH=$+0 Combined=$+163,091
[72/75] 2026-04-14 (14 syms) | SQ: 0t $+0   | eq=$193,091 (cap=$386,182) | YTD SQ=$+163,091 SH=$+0 Combined=$+163,091
[73/75] 2026-04-15 (3 syms) | SQ: 5t $+1,931   | eq=$195,022 (cap=$386,182) | YTD SQ=$+165,022 SH=$+0 Combined=$+165,022
[74/75] 2026-04-16 (15 syms) | SQ: 0t $+0   | eq=$195,022 (cap=$390,044) | YTD SQ=$+165,022 SH=$+0 Combined=$+165,022

======================================================================
SQUEEZE: 122 trades, 32W/17L (26% WR), $+165,022
COMBINED: $+165,022
EQUITY:   $30,000 → $195,022 (+550.1%)
======================================================================
