========================================================================
[ENGINE] 2026-05-14T04:00:09.753276-04:00 Setup B Unified Data Engine starting
[ENGINE]   IBKR target:    127.0.0.1:4002 clientId=3
[ENGINE]   IPC socket:     /tmp/warrior_engine.sock
[ENGINE]   A/B safety:     WB_ENGINE_AB_PERIOD=1 (TBT disabled)
[ENGINE]   Tick cache:     /Users/duffy/warrior_bot_v2_engine/tick_cache_engine
[ENGINE]   Watchlist src:  /Users/duffy/warrior_bot_v2/session_state/2026-05-14/watchlist.json
[ENGINE]   Tier 1 (TBT):   0 slots used (A/B period — no TBT)
[ENGINE]   Alpaca quotes:  ENABLED (feed=iex)
========================================================================
[ENGINE] 2026-05-14T04:00:10.457033-04:00 Alpaca quote stream started (feed=iex)
[ENGINE] 2026-05-14T04:00:10.457270-04:00 connecting IBKR (attempt 1, after 0s)…
[ENGINE] 2026-05-14T04:00:10.868931-04:00 IBKR connected (accounts: ['DUQ143444'])
[ENGINE] 2026-05-14T04:00:12.089095-04:00 IPC client connected (unknown#5190)
[ENGINE] 2026-05-14T04:00:12.089479-04:00 hello from squeeze_bot v1.0
[ENGINE] 2026-05-14T04:00:12.095989-04:00 IPC client connected (unknown#d130)
[ENGINE] 2026-05-14T04:00:12.096219-04:00 hello from wb_bot v1.0
[ENGINE] 2026-05-14T09:30:53.231944-04:00 signal received — requesting shutdown
[ENGINE] 2026-05-14T09:30:53.232096-04:00 shutdown initiated
[ENGINE] 2026-05-14T09:30:53.232663-04:00 IPC client disconnected (squeeze_bot#5190, dropped=0)
[ENGINE] 2026-05-14T09:30:53.232725-04:00 IPC client disconnected (wb_bot#d130, dropped=0)
[ENGINE] 2026-05-14T09:30:53.233347-04:00 IBKR disconnected (event)
[ENGINE] 2026-05-14T09:30:53.233544-04:00 shutdown complete
