=== Waking screen and ensuring active desktop ===
Display wake signal sent
Waiting 10s for desktop session...
Desktop session: ACTIVE
daily_run_v3.sh: line 78: 52122 Terminated: 15          caffeinate -u -t 30
caffeinate started (PID: 52139)
=== V3 Hybrid daily run started: Wed Apr 15 07:33:11 MDT 2026 ===
From github.com:mannyluke4/warrior_bot
 * branch            v2-ibkr-migration -> FETCH_HEAD
Already up to date.
Code version: 075913f (auto: v3 daily logs 2026-04-15)
daily_run_v3.sh hash: c5b26f92734a06adf2eaef33e2d0d199  /Users/duffy/warrior_bot_v2/daily_run_v3.sh
bot_v3_hybrid.py hash: 65f753798fa655a54d9d331298e3cb64  /Users/duffy/warrior_bot_v2/bot_v3_hybrid.py
sntp: Exchange failed: Timeout
sntp: clock_settime: Operation not permitted
sntp_exchange {
        result: 6 (Timeout)
        header: 00 (li:0 vn:0 mode:0)
       stratum: 00 (0)
          poll: 00 (1)
     precision: 00 (1.000000e+00)
         delay: 0000.0000 (0.000000000)
    dispersion: 0000.0000 (0.000000000)
           ref: 00000000 ("    ")
         t_ref: 00000000.00000000 (0.000000000)
            t1: ED8A1218.67C1EFF9 (3985248792.405302999)
            t2: 00000000.00000000 (0.000000000)
            t3: 00000000.00000000 (0.000000000)
            t4: 00000000.00000000 (0.000000000)
        offset: FFFFFFFF893AF6F3.CC1F080380000000 (-1992624396.202651501)
         delay: FFFFFFFF1275EDE7.983E100700000000 (-3985248792.405303001)
          mean: 0000000000000000.0000000000000000 (0.000000000)
         error: 0000000000000000.0000000000000000 (0.000000000)
          addr: 2620:149:a16:4000::31
}
+0.030839 +/- 0.054944 time.apple.com 2620:149:a23:3000::1f2
NTP sync skipped (non-root)
System time: Wed Apr 15 13:33:13 UTC 2026
Pre-flight: checking Python imports...
V3 Imports OK
Killing stale processes...
All stale processes cleared.
Starting IB Gateway via IBC...
Waiting for IB Gateway on port 4002...
  attempt 1/72: port 4002 not ready yet, waiting 5s...
[1;32m+==============================================================================
+
+ IBC version 3.23.0
+
+ Running GATEWAY 10.37
+
+ Diagnostic information is logged in:
+
+ /Users/duffy/ibc/logs/ibc-3.23.0_GATEWAY-10.37_Wednesday.txt
+
+[0m
Gateway is up on port 4002 (after ~10s)
Cleaning up stale connections...
Starting live_scanner.py...
Live scanner started (PID: 52204)
Starting bot_v3_hybrid.py...
Bot started (PID: 52211)
Bot health check passed (still running after 15s, PID: 52211)
HEALTH_OK: Bot connected at 2026-04-15 13:33:46 UTC
Gateway watchdog started (PID: 52222)
Watchdog: monitoring bot until 6:05 PM MT / 8:05 PM ET (Wed Apr 15 18:05:00 MDT 2026)...
  Bot runs: morning 7:00-12:00 ET, sleeps 12:00-16:00, evening 16:00-20:00 ET
ALERT: bot_v3_hybrid.py died at Wed Apr 15 07:45:47 MDT 2026! Session ended early. Check /Users/duffy/warrior_bot_v2/logs/2026-04-15_daily.log.
=== Shutting down at Wed Apr 15 07:45:47 MDT 2026 ===
Pushing logs...
