=== Waking screen and ensuring active desktop ===
Display wake signal sent
Waiting 10s for desktop session...
Desktop session: ACTIVE
caffeinate started (PID: 53021)
=== V3 Hybrid daily run started: Wed Apr 15 07:53:58 MDT 2026 ===
daily_run_v3.sh: line 82: 53003 Terminated: 15          caffeinate -u -t 30
From github.com:mannyluke4/warrior_bot
 * branch            v2-ibkr-migration -> FETCH_HEAD
Already up to date.
Code version: 485a038 (auto: v3 daily logs 2026-04-15)
daily_run_v3.sh hash: c5b26f92734a06adf2eaef33e2d0d199  /Users/duffy/warrior_bot_v2/daily_run_v3.sh
bot_v3_hybrid.py hash: 65f753798fa655a54d9d331298e3cb64  /Users/duffy/warrior_bot_v2/bot_v3_hybrid.py
sntp: clock_settime: Operation not permitted
+0.028326 +/- 0.054329 time.apple.com 2620:149:a23:4000::1e2
NTP sync skipped (non-root)
System time: Wed Apr 15 13:54:00 UTC 2026
Pre-flight: checking Python imports...
V3 Imports OK
Killing stale processes...
All stale processes cleared.
Starting IB Gateway via IBC...
Waiting for IB Gateway on port 4002...
  attempt 1/72: port 4002 not ready yet, waiting 5s...
[1;32m+==============================================================================
+
+ IBC version 3.23.0
+
+ Running GATEWAY 10.37
+
+ Diagnostic information is logged in:
+
+ /Users/duffy/ibc/logs/ibc-3.23.0_GATEWAY-10.37_Wednesday.txt
+
+[0m
Gateway is up on port 4002 (after ~10s)
Cleaning up stale connections...
Starting live_scanner.py...
Live scanner started (PID: 53083)
Starting bot_v3_hybrid.py...
Bot started (PID: 53085)
Bot health check passed (still running after 15s, PID: 53085)
HEALTH_OK: Bot connected at 2026-04-15 13:54:32 UTC
Gateway watchdog started (PID: 53098)
Watchdog: monitoring bot until 6:05 PM MT / 8:05 PM ET (Wed Apr 15 18:05:00 MDT 2026)...
  Bot runs: morning 7:00-12:00 ET, sleeps 12:00-16:00, evening 16:00-20:00 ET
ALERT: bot_v3_hybrid.py died at Wed Apr 15 07:56:32 MDT 2026! Session ended early. Check /Users/duffy/warrior_bot_v2/logs/2026-04-15_daily.log.
=== Shutting down at Wed Apr 15 07:56:32 MDT 2026 ===
Pushing logs...
