YTD Backtest: 75 dates (2026-01-02 → 2026-04-17)
  Squeeze: ON  (MP forced OFF)
  Short:   OFF
  Filters: gap=5.0-500.0% price=$2.0-$20.0 float<20.0M rvol>1.5x pmvol>30,000
  Compounding: start=$10,000  bp_pct=50%×4×eq  notional_cap=none

[4/75] 2026-01-06 (1 syms) | SQ: 0t $+0   | eq=$10,000 (cap=$20,000) | YTD SQ=$+0 SH=$+0 Combined=$+0
[5/75] 2026-01-07 (1 syms) | SQ: 0t $+0   | eq=$10,000 (cap=$20,000) | YTD SQ=$+0 SH=$+0 Combined=$+0
[6/75] 2026-01-08 (1 syms) | SQ: 1t $+313   | eq=$10,313 (cap=$20,000) | YTD SQ=$+313 SH=$+0 Combined=$+313
[7/75] 2026-01-09 (3 syms) | SQ: 1t $+2,123   | eq=$12,436 (cap=$20,626) | YTD SQ=$+2,436 SH=$+0 Combined=$+2,436
[8/75] 2026-01-12 (3 syms) | SQ: 6t $+5,303   | eq=$17,739 (cap=$24,872) | YTD SQ=$+7,739 SH=$+0 Combined=$+7,739
[9/75] 2026-01-13 (3 syms) | SQ: 7t $+7,964   | eq=$25,703 (cap=$35,478) | YTD SQ=$+15,703 SH=$+0 Combined=$+15,703
[10/75] 2026-01-14 (4 syms) | SQ: 5t $+16,123   | eq=$41,826 (cap=$51,406) | YTD SQ=$+31,826 SH=$+0 Combined=$+31,826
[11/75] 2026-01-15 (4 syms) | SQ: 14t $+5,780   | eq=$47,606 (cap=$83,652) | YTD SQ=$+37,606 SH=$+0 Combined=$+37,606
[12/75] 2026-01-16 (5 syms) | SQ: 7t $+17,857   | eq=$65,463 (cap=$95,212) | YTD SQ=$+55,463 SH=$+0 Combined=$+55,463
[13/75] 2026-01-20 (6 syms) | SQ: 14t $-777   | eq=$64,686 (cap=$130,926) | YTD SQ=$+54,686 SH=$+0 Combined=$+54,686
[14/75] 2026-01-21 (5 syms) | SQ: 6t $+99   | eq=$64,785 (cap=$129,372) | YTD SQ=$+54,785 SH=$+0 Combined=$+54,785
[15/75] 2026-01-22 (3 syms) | SQ: 8t $+556   | eq=$65,341 (cap=$129,570) | YTD SQ=$+55,341 SH=$+0 Combined=$+55,341
[16/75] 2026-01-23 (7 syms) | SQ: 11t $+15,221   | eq=$80,562 (cap=$130,682) | YTD SQ=$+70,562 SH=$+0 Combined=$+70,562
[17/75] 2026-01-26 (3 syms) | SQ: 4t $+11,284   | eq=$91,846 (cap=$161,124) | YTD SQ=$+81,846 SH=$+0 Combined=$+81,846
[18/75] 2026-01-27 (5 syms) | SQ: 4t $+5,242   | eq=$97,088 (cap=$183,692) | YTD SQ=$+87,088 SH=$+0 Combined=$+87,088
[19/75] 2026-01-28 (3 syms) | SQ: 1t $-357   | eq=$96,731 (cap=$194,176) | YTD SQ=$+86,731 SH=$+0 Combined=$+86,731
[20/75] 2026-01-29 (3 syms) | SQ: 1t $-500   | eq=$96,231 (cap=$193,462) | YTD SQ=$+86,231 SH=$+0 Combined=$+86,231
[21/75] 2026-01-30 (3 syms) | SQ: 0t $+0   | eq=$96,231 (cap=$192,462) | YTD SQ=$+86,231 SH=$+0 Combined=$+86,231
[22/75] 2026-02-02 (5 syms) | SQ: 2t $+344   | eq=$96,575 (cap=$192,462) | YTD SQ=$+86,575 SH=$+0 Combined=$+86,575
[23/75] 2026-02-03 (3 syms) | SQ: 6t $+43,543   | eq=$140,118 (cap=$193,150) | YTD SQ=$+130,118 SH=$+0 Combined=$+130,118
[24/75] 2026-02-04 (1 syms) | SQ: 0t $+0   | eq=$140,118 (cap=$280,236) | YTD SQ=$+130,118 SH=$+0 Combined=$+130,118
[25/75] 2026-02-05 (1 syms) | SQ: 0t $+0   | eq=$140,118 (cap=$280,236) | YTD SQ=$+130,118 SH=$+0 Combined=$+130,118
[26/75] 2026-02-06 (2 syms) | SQ: 2t $+3,682   | eq=$143,800 (cap=$280,236) | YTD SQ=$+133,800 SH=$+0 Combined=$+133,800
[28/75] 2026-02-10 (1 syms) | SQ: 0t $+0   | eq=$143,800 (cap=$287,600) | YTD SQ=$+133,800 SH=$+0 Combined=$+133,800
[32/75] 2026-02-17 (1 syms) | SQ: 1t $+5,075   | eq=$148,875 (cap=$287,600) | YTD SQ=$+138,875 SH=$+0 Combined=$+138,875
[44/75] 2026-03-05 (1 syms) | SQ: 1t $-357   | eq=$148,518 (cap=$297,750) | YTD SQ=$+138,518 SH=$+0 Combined=$+138,518
[46/75] 2026-03-09 (1 syms) | SQ: 0t $+0   | eq=$148,518 (cap=$297,036) | YTD SQ=$+138,518 SH=$+0 Combined=$+138,518
[49/75] 2026-03-12 (1 syms) | SQ: 0t $+0   | eq=$148,518 (cap=$297,036) | YTD SQ=$+138,518 SH=$+0 Combined=$+138,518
[53/75] 2026-03-18 (1 syms) | SQ: 5t $+3,533   | eq=$152,051 (cap=$297,036) | YTD SQ=$+142,051 SH=$+0 Combined=$+142,051
[54/75] 2026-03-19 (1 syms) | SQ: 3t $-562   | eq=$151,489 (cap=$304,102) | YTD SQ=$+141,489 SH=$+0 Combined=$+141,489
[56/75] 2026-03-23 (1 syms) | SQ: 4t $-2,178   | eq=$149,311 (cap=$302,978) | YTD SQ=$+139,311 SH=$+0 Combined=$+139,311
[63/75] 2026-04-01 (2 syms) | SQ: 0t $+0   | eq=$149,311 (cap=$298,622) | YTD SQ=$+139,311 SH=$+0 Combined=$+139,311
[64/75] 2026-04-02 (15 syms) | SQ: 0t $+0   | eq=$149,311 (cap=$298,622) | YTD SQ=$+139,311 SH=$+0 Combined=$+139,311
[66/75] 2026-04-06 (15 syms) | SQ: 0t $+0   | eq=$149,311 (cap=$298,622) | YTD SQ=$+139,311 SH=$+0 Combined=$+139,311
[67/75] 2026-04-07 (15 syms) | SQ: 0t $+0   | eq=$149,311 (cap=$298,622) | YTD SQ=$+139,311 SH=$+0 Combined=$+139,311
[68/75] 2026-04-08 (15 syms) | SQ: 0t $+0   | eq=$149,311 (cap=$298,622) | YTD SQ=$+139,311 SH=$+0 Combined=$+139,311
[70/75] 2026-04-10 (2 syms) | SQ: 3t $-427   | eq=$148,884 (cap=$298,622) | YTD SQ=$+138,884 SH=$+0 Combined=$+138,884
[71/75] 2026-04-13 (15 syms) | SQ: 0t $+0   | eq=$148,884 (cap=$297,768) | YTD SQ=$+138,884 SH=$+0 Combined=$+138,884
[72/75] 2026-04-14 (14 syms) | SQ: 0t $+0   | eq=$148,884 (cap=$297,768) | YTD SQ=$+138,884 SH=$+0 Combined=$+138,884
[73/75] 2026-04-15 (3 syms) | SQ: 5t $+1,931   | eq=$150,815 (cap=$297,768) | YTD SQ=$+140,815 SH=$+0 Combined=$+140,815
[74/75] 2026-04-16 (15 syms) | SQ: 0t $+0   | eq=$150,815 (cap=$301,630) | YTD SQ=$+140,815 SH=$+0 Combined=$+140,815

======================================================================
SQUEEZE: 122 trades, 32W/17L (26% WR), $+140,815
COMBINED: $+140,815
EQUITY:   $10,000 → $150,815 (+1408.2%)
======================================================================
