=== Waking screen and ensuring active desktop ===
Display wake signal sent
Waiting 10s for desktop session...
Desktop session: ACTIVE
daily_run_v3.sh: line 78: 16058 Terminated: 15          caffeinate -u -t 30
caffeinate started (PID: 16075)
=== V3 Hybrid daily run started: Mon Apr 13 05:20:19 MDT 2026 ===
From github.com:mannyluke4/warrior_bot
 * branch            v2-ibkr-migration -> FETCH_HEAD
Already up to date.
Code version: 5131e5c (auto: v3 daily logs 2026-04-13)
daily_run_v3.sh hash: c5b26f92734a06adf2eaef33e2d0d199  /Users/duffy/warrior_bot_v2/daily_run_v3.sh
bot_v3_hybrid.py hash: d7d2526c64e4146b8776f6bf26a7007b  /Users/duffy/warrior_bot_v2/bot_v3_hybrid.py
sntp: clock_settime: Operation not permitted
+0.028388 +/- 0.054121 time.apple.com 2620:149:a23:3000::1e2
NTP sync skipped (non-root)
System time: Mon Apr 13 11:20:21 UTC 2026
Pre-flight: checking Python imports...
V3 Imports OK
Killing stale processes...
All stale processes cleared.
Starting IB Gateway via IBC...
Waiting for IB Gateway on port 4002...
  attempt 1/72: port 4002 not ready yet, waiting 5s...
[1;32m+==============================================================================
+
+ IBC version 3.23.0
+
+ Running GATEWAY 10.37
+
+ Diagnostic information is logged in:
+
+ /Users/duffy/ibc/logs/ibc-3.23.0_GATEWAY-10.37_Monday.txt
+
+[0m
Gateway is up on port 4002 (after ~10s)
Cleaning up stale connections...
Starting live_scanner.py...
Live scanner started (PID: 16141)
Starting bot_v3_hybrid.py...
Bot started (PID: 16143)
Bot health check passed (still running after 15s, PID: 16143)
HEALTH_OK: Bot connected at 2026-04-13 11:20:54 UTC
Gateway watchdog started (PID: 16167)
Watchdog: monitoring bot until 6:05 PM MT / 8:05 PM ET (Mon Apr 13 18:05:00 MDT 2026)...
  Bot runs: morning 7:00-12:00 ET, sleeps 12:00-16:00, evening 16:00-20:00 ET
ALERT: bot_v3_hybrid.py died at Mon Apr 13 05:22:54 MDT 2026! Session ended early. Check /Users/duffy/warrior_bot_v2/logs/2026-04-13_daily.log.
=== Shutting down at Mon Apr 13 05:22:54 MDT 2026 ===
Pushing logs...
