=== Waking screen and ensuring active desktop ===
Display wake signal sent
WARN: keystroke failed — check Accessibility permissions
Waiting 10s for desktop session...
Desktop session: ACTIVE
caffeinate started (PID: 65867)
=== V3 Hybrid daily run started: Wed Apr 22 02:04:18 MDT 2026 ===
From github.com:mannyluke4/warrior_bot
 * branch            v2-ibkr-migration -> FETCH_HEAD
Already up to date.
Code version: 2d3845f (auto: v3 daily logs 2026-04-21)
daily_run_v3.sh hash: 1352b3d30fb4128bdfc496aad26d7829ff54db23
bot_v3_hybrid.py hash: 4f7f3166520d1eabebe38f9fbdebe58975c79077
sntp: clock_settime: Operation not permitted
+0.029699 +/- 0.054239 time.apple.com 2620:149:a23:4000::1e2
NTP sync skipped (non-root)
System time: Wed Apr 22 08:04:19 UTC 2026
Pre-flight: checking Python imports...
V3 Imports OK
Killing stale processes...
All stale processes cleared.
Starting IB Gateway via IBC...
Waiting for IB Gateway on port 4002...
  attempt 1/72: port 4002 not ready yet, waiting 5s...
[1;32m+==============================================================================
+
+ IBC version 3.23.0
+
+ Running GATEWAY 10.37
+
+ Diagnostic information is logged in:
+
+ /Users/duffy/ibc/logs/ibc-3.23.0_GATEWAY-10.37_Wednesday.txt
+
+[0m
  attempt 2/72: port 4002 not ready yet, waiting 5s...
  attempt 3/72: port 4002 not ready yet, waiting 5s...
  attempt 4/72: port 4002 not ready yet, waiting 5s...
  attempt 5/72: port 4002 not ready yet, waiting 5s...
  attempt 6/72: port 4002 not ready yet, waiting 5s...
  attempt 7/72: port 4002 not ready yet, waiting 5s...
  attempt 8/72: port 4002 not ready yet, waiting 5s...
  attempt 9/72: port 4002 not ready yet, waiting 5s...
  attempt 10/72: port 4002 not ready yet, waiting 5s...
  attempt 11/72: port 4002 not ready yet, waiting 5s...
  attempt 12/72: port 4002 not ready yet, waiting 5s...
  attempt 13/72: port 4002 not ready yet, waiting 5s...
  attempt 14/72: port 4002 not ready yet, waiting 5s...
  attempt 15/72: port 4002 not ready yet, waiting 5s...
  attempt 16/72: port 4002 not ready yet, waiting 5s...
  attempt 17/72: port 4002 not ready yet, waiting 5s...
  attempt 18/72: port 4002 not ready yet, waiting 5s...
  attempt 19/72: port 4002 not ready yet, waiting 5s...
  attempt 20/72: port 4002 not ready yet, waiting 5s...
  attempt 21/72: port 4002 not ready yet, waiting 5s...
  attempt 22/72: port 4002 not ready yet, waiting 5s...
  attempt 23/72: port 4002 not ready yet, waiting 5s...
  attempt 24/72: port 4002 not ready yet, waiting 5s...
  attempt 25/72: port 4002 not ready yet, waiting 5s...
  attempt 26/72: port 4002 not ready yet, waiting 5s...
  attempt 27/72: port 4002 not ready yet, waiting 5s...
  attempt 28/72: port 4002 not ready yet, waiting 5s...
  attempt 29/72: port 4002 not ready yet, waiting 5s...
  attempt 30/72: port 4002 not ready yet, waiting 5s...
  attempt 31/72: port 4002 not ready yet, waiting 5s...
  attempt 32/72: port 4002 not ready yet, waiting 5s...
  attempt 33/72: port 4002 not ready yet, waiting 5s...
  attempt 34/72: port 4002 not ready yet, waiting 5s...
  attempt 35/72: port 4002 not ready yet, waiting 5s...
  attempt 36/72: port 4002 not ready yet, waiting 5s...
  attempt 37/72: port 4002 not ready yet, waiting 5s...
  attempt 38/72: port 4002 not ready yet, waiting 5s...
  attempt 39/72: port 4002 not ready yet, waiting 5s...
  attempt 40/72: port 4002 not ready yet, waiting 5s...
  attempt 41/72: port 4002 not ready yet, waiting 5s...
  attempt 42/72: port 4002 not ready yet, waiting 5s...
  attempt 43/72: port 4002 not ready yet, waiting 5s...
  attempt 44/72: port 4002 not ready yet, waiting 5s...
  attempt 45/72: port 4002 not ready yet, waiting 5s...
  attempt 46/72: port 4002 not ready yet, waiting 5s...
  attempt 47/72: port 4002 not ready yet, waiting 5s...
  attempt 48/72: port 4002 not ready yet, waiting 5s...
  attempt 49/72: port 4002 not ready yet, waiting 5s...
  attempt 50/72: port 4002 not ready yet, waiting 5s...
  attempt 51/72: port 4002 not ready yet, waiting 5s...
  attempt 52/72: port 4002 not ready yet, waiting 5s...
  attempt 53/72: port 4002 not ready yet, waiting 5s...
  attempt 54/72: port 4002 not ready yet, waiting 5s...
  attempt 55/72: port 4002 not ready yet, waiting 5s...
  attempt 56/72: port 4002 not ready yet, waiting 5s...
  attempt 57/72: port 4002 not ready yet, waiting 5s...
  attempt 58/72: port 4002 not ready yet, waiting 5s...
  attempt 59/72: port 4002 not ready yet, waiting 5s...
  attempt 60/72: port 4002 not ready yet, waiting 5s...
  attempt 61/72: port 4002 not ready yet, waiting 5s...
  attempt 62/72: port 4002 not ready yet, waiting 5s...
  attempt 63/72: port 4002 not ready yet, waiting 5s...
  attempt 64/72: port 4002 not ready yet, waiting 5s...
  attempt 65/72: port 4002 not ready yet, waiting 5s...
  attempt 66/72: port 4002 not ready yet, waiting 5s...
  attempt 67/72: port 4002 not ready yet, waiting 5s...
  attempt 68/72: port 4002 not ready yet, waiting 5s...
  attempt 69/72: port 4002 not ready yet, waiting 5s...
  attempt 70/72: port 4002 not ready yet, waiting 5s...
  attempt 71/72: port 4002 not ready yet, waiting 5s...
  attempt 72/72: port 4002 not ready yet, waiting 5s...
FATAL: IB Gateway did not open port 4002 within 360 seconds. Aborting.
=== TRAP: cleanup at Wed Apr 22 02:10:38 MDT 2026 ===
/Users/duffy/warrior_bot_v2/daily_run_v3.sh: line 21: 65867 Terminated: 15          caffeinate -dims -w $$  (wd: ~)
[v2-ibkr-migration 7cd1d36] auto: v3 daily logs 2026-04-22
 4 files changed, 746 insertions(+)
 create mode 100644 logs/2026-04-22_daily.log
 create mode 100644 logs/cron_2026-04-22.log
=== Cleanup complete: Wed Apr 22 02:10:39 MDT 2026 ===
/Users/duffy/ibc/scripts/displaybannerandlaunch.sh: line 75: 65914 Killed: 9               "${IBC_PATH}/scripts/ibcstart.sh" "${TWS_MAJOR_VRSN}" ${gw_flag} "--tws-path=${TWS_PATH}" "--tws-settings-path=${TWS_SETTINGS_PATH}" "--ibc-path=${IBC_PATH}" "--ibc-ini=${IBC_INI}" "--user=${TWSUSERID}" "--pw=${TWSPASSWORD}" "--fix-user=${FIXUSERID}" "--fix-pw=${FIXPASSWORD}" "--java-path=${JAVA_PATH}" "--mode=${TRADING_MODE}" "--on2fatimeout=${TWOFA_TIMEOUT_ACTION}" >> "${log_file}" 2>&1
[1;31m+==============================================================================
+
+                       **** An error has occurred ****
+
+                     Please look in the diagnostics file 
+                   mentioned above for further information
+
+                           Press enter to continue.
+
+==============================================================================[0m
=== Waking screen and ensuring active desktop ===
Display wake signal sent
Waiting 10s for desktop session...
Desktop session: ACTIVE
daily_run_v3.sh: line 81: 70944 Terminated: 15          caffeinate -u -t 30
caffeinate started (PID: 70956)
=== V3 Hybrid daily run started: Wed Apr 22 04:49:33 MDT 2026 ===
From github.com:mannyluke4/warrior_bot
 * branch            v2-ibkr-migration -> FETCH_HEAD
Already up to date.
Code version: 7cd1d36 (auto: v3 daily logs 2026-04-22)
daily_run_v3.sh hash: fabe3ba69ecdffd6fb0d51183d40b7a0  /Users/duffy/warrior_bot_v2/daily_run_v3.sh
bot_v3_hybrid.py hash: da18ae42beb8337819b5d1401fc22e86  /Users/duffy/warrior_bot_v2/bot_v3_hybrid.py
sntp: Exchange failed: Timeout
sntp: clock_settime: Operation not permitted
sntp_exchange {
        result: 6 (Timeout)
        header: 00 (li:0 vn:0 mode:0)
       stratum: 00 (0)
          poll: 00 (1)
     precision: 00 (1.000000e+00)
         delay: 0000.0000 (0.000000000)
    dispersion: 0000.0000 (0.000000000)
           ref: 00000000 ("    ")
         t_ref: 00000000.00000000 (0.000000000)
            t1: ED93263F.3051C9F7 (3985843775.188747999)
            t2: 00000000.00000000 (0.000000000)
            t3: 00000000.00000000 (0.000000000)
            t4: 00000000.00000000 (0.000000000)
        offset: FFFFFFFF89366CE0.67D71B0480000000 (-1992921887.594373941)
         delay: FFFFFFFF126CD9C0.CFAE360900000000 (-3985843775.188747883)
          mean: 0000000000000000.0000000000000000 (0.000000000)
         error: 0000000000000000.0000000000000000 (0.000000000)
          addr: 2620:149:a16:4000::31
}
+0.029780 +/- 0.056082 time.apple.com 2620:149:a23:3000::1e2
NTP sync skipped (non-root)
System time: Wed Apr 22 10:49:36 UTC 2026
Pre-flight: checking Python imports...
V3 Imports OK
Killing stale processes...
All stale processes cleared.
Starting IB Gateway via IBC...
Waiting for IB Gateway on port 4002...
  attempt 1/72: port 4002 not ready yet, waiting 5s...
[1;32m+==============================================================================
+
+ IBC version 3.23.0
+
+ Running GATEWAY 10.37
+
+ Diagnostic information is logged in:
+
+ /Users/duffy/ibc/logs/ibc-3.23.0_GATEWAY-10.37_Wednesday.txt
+
+[0m
Gateway is up on port 4002 (after ~10s)
Cleaning up stale connections...
Starting live_scanner.py...
Live scanner started (PID: 71024)
Starting bot_v3_hybrid.py...
Bot started (PID: 71042)
BOOT: COLD start (reason=no_marker)
============================================================
  WARRIOR BOT V3 — Hybrid (IBKR data + Alpaca execution)
  Squeeze: ON
  MP: OFF
  MP V2 (Re-Entry): OFF
  Short: OFF
  Max entries/day: unlimited
  Buying power: 50% of 2x margin
  Port: 4002
  Risk: 3.5% per trade
  Starting Equity: $30,000
  Max Daily Loss: $3,000 (2% of equity, scaling)
  Windows: 04:00-20:00
  SQ Target R: 1.5
============================================================

Pre-flight port check:
  Port 4002: IN USE
  Port 7497: free
  Watchdog: armed (kills bot if main thread frozen >120s)
Alpaca connected (PAPER)
📦 Tick flush thread started (every 30s)
📊 Risk flush thread started (every 60s)
Connected: True
Account: ['DUQ143444']
Broker: IBKR
  Position sync: No open positions at broker. Clean start.
Account equity: $29,503
EPL initialized: 1 strategies registered

🔄 CATCHUP SCAN at 06:49:55 ET (first scan — casting wide net)...
Error 162, reqId 2264: Historical Market Data Service error message:API scanner subscription cancelled: 2264
IBKR ERROR 162: Historical Market Data Service error message:API scanner subscription cancelled: 2264 (reqId=2264, symbol=?)
Error 162, reqId 2265: Historical Market Data Service error message:API scanner subscription cancelled: 2265
IBKR ERROR 162: Historical Market Data Service error message:API scanner subscription cancelled: 2265 (reqId=2265, symbol=?)
  Catchup: 39 unique symbols from 3 scanners
    Catchup: processing 1/39 — BEZ...
Error 162, reqId 2266: Historical Market Data Service error message:API scanner subscription cancelled: 2266
IBKR ERROR 162: Historical Market Data Service error message:API scanner subscription cancelled: 2266 (reqId=2266, symbol=?)
    Catchup: processing 2/39 — BITU...
    Catchup: processing 3/39 — BITX...
    Catchup: processing 4/39 — BMNU...
    Catchup: processing 5/39 — CCUP...
    Catchup: processing 6/39 — CONL...
    Catchup: processing 7/39 — CRCG...
Bot health check passed (still running after 15s, PID: 71042)
HEALTH_OK: Bot connected at 2026-04-22 10:50:09 UTC
Gateway watchdog started (PID: 71067)
Watchdog: monitoring bot until 6:05 PM MT / 8:05 PM ET (Wed Apr 22 18:05:00 MDT 2026)...
  Bot runs: morning 7:00-12:00 ET, sleeps 12:00-16:00, evening 16:00-20:00 ET
    Catchup: processing 8/39 — DAMD...
    Catchup: processing 9/39 — DCX...
    Catchup: processing 10/39 — ELPW...
    Catchup: processing 11/39 — ETHA...
    Catchup: processing 12/39 — ETHT...
    Catchup: processing 13/39 — HCAI...
    Catchup: processing 14/39 — IONZ...
    Catchup: processing 15/39 — KYTX...
    Catchup: processing 16/39 — LOCL...
  Tick cache: BEZ → +2 ticks (total 2)
  Tick cache: BITU → +2 ticks (total 2)
  Tick cache: BITX → +3 ticks (total 3)
  Tick cache: BMNU → +2 ticks (total 2)
  Tick cache: CCUP → +3 ticks (total 3)
  Tick cache: CONL → +2 ticks (total 2)
  Tick cache: CRCG → +2 ticks (total 2)
  Tick cache: DAMD → +2 ticks (total 2)
  Tick cache: DCX → +3 ticks (total 3)
  Tick cache: ELPW → +3 ticks (total 3)
  Tick cache: ETHA → +2 ticks (total 2)
  Tick cache: ETHT → +3 ticks (total 3)
  Tick cache: HCAI → +2 ticks (total 2)
  Tick cache: IONZ → +2 ticks (total 2)
  Tick cache: KYTX → +1 ticks (total 1)
  Tick cache: LOCL → +3 ticks (total 3)
📦 Tick cache saved: 16 symbols → tick_cache/2026-04-22/
    Catchup: processing 17/39 — MRAL...
    Catchup: processing 18/39 — MSTP...
    Catchup: processing 19/39 — MSTU...
    Catchup: processing 20/39 — MSTZ...
    Catchup: processing 21/39 — NEOV...
    Catchup: processing 22/39 — NKLR...
    Catchup: processing 23/39 — NOK...
    Catchup: processing 24/39 — NVTS...
    Catchup: processing 25/39 — OKLL...
    Catchup: processing 26/39 — OPEN...
    Catchup: processing 27/39 — PBM...
    Catchup: processing 28/39 — PLUG...
    Catchup: processing 29/39 — POET...
    Catchup: processing 30/39 — RDWU...
    Catchup: processing 31/39 — SCO...
    Catchup: processing 32/39 — SLDP...
    Catchup: processing 33/39 — SMR...
    Catchup: processing 34/39 — SMU...
    Catchup: processing 35/39 — SOXS...
  Tick cache: MRAL → +2 ticks (total 2)
  Tick cache: MSTP → +3 ticks (total 3)
  Tick cache: MSTU → +2 ticks (total 2)
  Tick cache: MSTZ → +2 ticks (total 2)
  Tick cache: NEOV → +2 ticks (total 2)
  Tick cache: NKLR → +3 ticks (total 3)
  Tick cache: NOK → +2 ticks (total 2)
  Tick cache: NVTS → +3 ticks (total 3)
  Tick cache: OKLL → +3 ticks (total 3)
  Tick cache: OPEN → +2 ticks (total 2)
  Tick cache: PBM → +2 ticks (total 2)
  Tick cache: PLUG → +3 ticks (total 3)
  Tick cache: POET → +3 ticks (total 3)
  Tick cache: RDWU → +2 ticks (total 2)
  Tick cache: SCO → +3 ticks (total 3)
  Tick cache: SLDP → +2 ticks (total 2)
  Tick cache: SMR → +1 ticks (total 1)
  Tick cache: SMU → +3 ticks (total 3)
📦 Tick cache saved: 18 symbols → tick_cache/2026-04-22/
    Catchup: processing 36/39 — SST...
    Catchup: processing 37/39 — TSLL...
    Catchup: processing 38/39 — UVIX...
    Catchup: processing 39/39 — VIVO...
  Catchup: 2 candidates after filters
  Tick cache: SOXS → +2 ticks (total 2)
  Tick cache: SST → +2 ticks (total 2)
  Tick cache: TSLL → +3 ticks (total 3)
  Tick cache: UVIX → +3 ticks (total 3)
  Tick cache: VIVO → +2 ticks (total 2)
  Tick cache: ELPW → +78 ticks (total 81)
📦 Tick cache saved: 6 symbols → tick_cache/2026-04-22/
  Tick cache: ELPW → +92 ticks (total 173)
📦 Tick cache saved: 1 symbols → tick_cache/2026-04-22/
/Users/duffy/ibc/scripts/displaybannerandlaunch.sh: line 75: 70997 Killed: 9               "${IBC_PATH}/scripts/ibcstart.sh" "${TWS_MAJOR_VRSN}" ${gw_flag} "--tws-path=${TWS_PATH}" "--tws-settings-path=${TWS_SETTINGS_PATH}" "--ibc-path=${IBC_PATH}" "--ibc-ini=${IBC_INI}" "--user=${TWSUSERID}" "--pw=${TWSPASSWORD}" "--fix-user=${FIXUSERID}" "--fix-pw=${FIXPASSWORD}" "--java-path=${JAVA_PATH}" "--mode=${TRADING_MODE}" "--on2fatimeout=${TWOFA_TIMEOUT_ACTION}" >> "${log_file}" 2>&1
[1;31m+==============================================================================
+
+                       **** An error has occurred ****
+
+                     Please look in the diagnostics file 
+                   mentioned above for further information
+
+                           Press enter to continue.
+
+==============================================================================[0m
Peer closed connection.
⚠️ Tick seed failed for ELPW: Socket disconnect — falling back to 1m bars
Traceback (most recent call last):
  File "/Users/duffy/warrior_bot_v2/bot_v3_hybrid.py", line 944, in seed_symbol
    ticks = state.ib.reqHistoricalTicks(
            ^^^^^^^^^^^^^^^^^^^^^^^^^^^^
  File "/Users/duffy/warrior_bot/venv/lib/python3.12/site-packages/ib_insync/ib.py", line 1142, in reqHistoricalTicks
    return self._run(
           ^^^^^^^^^^
  File "/Users/duffy/warrior_bot/venv/lib/python3.12/site-packages/ib_insync/ib.py", line 318, in _run
    return util.run(*awaitables, timeout=self.RequestTimeout)
           ^^^^^^^^^^^^^^^^^^^^^^^^^^^^^^^^^^^^^^^^^^^^^^^^^^
  File "/Users/duffy/warrior_bot/venv/lib/python3.12/site-packages/ib_insync/util.py", line 341, in run
    result = loop.run_until_complete(task)
             ^^^^^^^^^^^^^^^^^^^^^^^^^^^^^
  File "/opt/homebrew/Cellar/python@3.12/3.12.13/Frameworks/Python.framework/Versions/3.12/lib/python3.12/asyncio/base_events.py", line 691, in run_until_complete
    return future.result()
           ^^^^^^^^^^^^^^^
ConnectionError: Socket disconnect
⚠️ Fallback seed also failed for ELPW: Not connected
✅ Subscribed: ELPW
Traceback (most recent call last):
  File "/Users/duffy/warrior_bot_v2/bot_v3_hybrid.py", line 3393, in <module>
    main()
  File "/Users/duffy/warrior_bot_v2/bot_v3_hybrid.py", line 3164, in main
    run_scanner()
  File "/Users/duffy/warrior_bot_v2/bot_v3_hybrid.py", line 1216, in run_scanner
    subscribe_symbol(sym)
  File "/Users/duffy/warrior_bot_v2/bot_v3_hybrid.py", line 830, in subscribe_symbol
    state.ib.qualifyContracts(contract)
  File "/Users/duffy/warrior_bot/venv/lib/python3.12/site-packages/ib_insync/ib.py", line 570, in qualifyContracts
    return self._run(self.qualifyContractsAsync(*contracts))
           ^^^^^^^^^^^^^^^^^^^^^^^^^^^^^^^^^^^^^^^^^^^^^^^^^
  File "/Users/duffy/warrior_bot/venv/lib/python3.12/site-packages/ib_insync/ib.py", line 318, in _run
    return util.run(*awaitables, timeout=self.RequestTimeout)
           ^^^^^^^^^^^^^^^^^^^^^^^^^^^^^^^^^^^^^^^^^^^^^^^^^^
  File "/Users/duffy/warrior_bot/venv/lib/python3.12/site-packages/ib_insync/util.py", line 341, in run
    result = loop.run_until_complete(task)
             ^^^^^^^^^^^^^^^^^^^^^^^^^^^^^
  File "/opt/homebrew/Cellar/python@3.12/3.12.13/Frameworks/Python.framework/Versions/3.12/lib/python3.12/asyncio/base_events.py", line 691, in run_until_complete
    return future.result()
           ^^^^^^^^^^^^^^^
  File "/Users/duffy/warrior_bot/venv/lib/python3.12/site-packages/ib_insync/ib.py", line 1798, in qualifyContractsAsync
    detailsLists = await asyncio.gather(
                         ^^^^^^^^^^^^^^^
  File "/Users/duffy/warrior_bot/venv/lib/python3.12/site-packages/ib_insync/ib.py", line 1799, in <genexpr>
    *(self.reqContractDetailsAsync(c) for c in contracts))
      ^^^^^^^^^^^^^^^^^^^^^^^^^^^^^^^
  File "/Users/duffy/warrior_bot/venv/lib/python3.12/site-packages/ib_insync/ib.py", line 1929, in reqContractDetailsAsync
    reqId = self.client.getReqId()
            ^^^^^^^^^^^^^^^^^^^^^^
  File "/Users/duffy/warrior_bot/venv/lib/python3.12/site-packages/ib_insync/client.py", line 160, in getReqId
    raise ConnectionError('Not connected')
ConnectionError: Not connected
=== Waking screen and ensuring active desktop ===
Display wake signal sent
WARN: keystroke failed — check Accessibility permissions
Waiting 10s for desktop session...
Desktop session: ACTIVE
/Users/duffy/warrior_bot_v2/daily_run_v3.sh: line 81: 71637 Terminated: 15          caffeinate -u -t 30
caffeinate started (PID: 71722)
=== V3 Hybrid daily run started: Wed Apr 22 04:56:19 MDT 2026 ===
From github.com:mannyluke4/warrior_bot
 * branch            v2-ibkr-migration -> FETCH_HEAD
Already up to date.
Code version: 7cd1d36 (auto: v3 daily logs 2026-04-22)
daily_run_v3.sh hash: 1352b3d30fb4128bdfc496aad26d7829ff54db23
bot_v3_hybrid.py hash: 4f7f3166520d1eabebe38f9fbdebe58975c79077
sntp: clock_settime: Operation not permitted
+0.029336 +/- 0.057116 time.apple.com 2620:149:a23:3000::1e2
NTP sync skipped (non-root)
System time: Wed Apr 22 10:56:22 UTC 2026
Pre-flight: checking Python imports...
V3 Imports OK
Killing stale processes...
All stale processes cleared.
Starting IB Gateway via IBC...
Waiting for IB Gateway on port 4002...
  attempt 1/72: port 4002 not ready yet, waiting 5s...
[1;32m+==============================================================================
+
+ IBC version 3.23.0
+
+ Running GATEWAY 10.37
+
+ Diagnostic information is logged in:
+
+ /Users/duffy/ibc/logs/ibc-3.23.0_GATEWAY-10.37_Wednesday.txt
+
+[0m
  attempt 2/72: port 4002 not ready yet, waiting 5s...
  attempt 3/72: port 4002 not ready yet, waiting 5s...
  attempt 4/72: port 4002 not ready yet, waiting 5s...
  attempt 5/72: port 4002 not ready yet, waiting 5s...
  attempt 6/72: port 4002 not ready yet, waiting 5s...
  attempt 7/72: port 4002 not ready yet, waiting 5s...
  attempt 8/72: port 4002 not ready yet, waiting 5s...
  attempt 9/72: port 4002 not ready yet, waiting 5s...
  attempt 10/72: port 4002 not ready yet, waiting 5s...
  attempt 11/72: port 4002 not ready yet, waiting 5s...
  attempt 12/72: port 4002 not ready yet, waiting 5s...
  attempt 13/72: port 4002 not ready yet, waiting 5s...
  attempt 14/72: port 4002 not ready yet, waiting 5s...
  attempt 15/72: port 4002 not ready yet, waiting 5s...
  attempt 16/72: port 4002 not ready yet, waiting 5s...
  attempt 17/72: port 4002 not ready yet, waiting 5s...
  attempt 18/72: port 4002 not ready yet, waiting 5s...
  attempt 19/72: port 4002 not ready yet, waiting 5s...
  attempt 20/72: port 4002 not ready yet, waiting 5s...
  attempt 21/72: port 4002 not ready yet, waiting 5s...
  attempt 22/72: port 4002 not ready yet, waiting 5s...
  attempt 23/72: port 4002 not ready yet, waiting 5s...
  attempt 24/72: port 4002 not ready yet, waiting 5s...
  attempt 25/72: port 4002 not ready yet, waiting 5s...
  attempt 26/72: port 4002 not ready yet, waiting 5s...
  attempt 27/72: port 4002 not ready yet, waiting 5s...
  attempt 28/72: port 4002 not ready yet, waiting 5s...
  attempt 29/72: port 4002 not ready yet, waiting 5s...
  attempt 30/72: port 4002 not ready yet, waiting 5s...
  attempt 31/72: port 4002 not ready yet, waiting 5s...
  attempt 32/72: port 4002 not ready yet, waiting 5s...
  attempt 33/72: port 4002 not ready yet, waiting 5s...
  attempt 34/72: port 4002 not ready yet, waiting 5s...
  attempt 35/72: port 4002 not ready yet, waiting 5s...
  attempt 36/72: port 4002 not ready yet, waiting 5s...
  attempt 37/72: port 4002 not ready yet, waiting 5s...
  attempt 38/72: port 4002 not ready yet, waiting 5s...
  attempt 39/72: port 4002 not ready yet, waiting 5s...
  attempt 40/72: port 4002 not ready yet, waiting 5s...
  attempt 41/72: port 4002 not ready yet, waiting 5s...
  attempt 42/72: port 4002 not ready yet, waiting 5s...
  attempt 43/72: port 4002 not ready yet, waiting 5s...
  attempt 44/72: port 4002 not ready yet, waiting 5s...
  attempt 45/72: port 4002 not ready yet, waiting 5s...
  attempt 46/72: port 4002 not ready yet, waiting 5s...
  attempt 47/72: port 4002 not ready yet, waiting 5s...
  attempt 48/72: port 4002 not ready yet, waiting 5s...
  attempt 49/72: port 4002 not ready yet, waiting 5s...
  attempt 50/72: port 4002 not ready yet, waiting 5s...
  attempt 51/72: port 4002 not ready yet, waiting 5s...
  attempt 52/72: port 4002 not ready yet, waiting 5s...
  attempt 53/72: port 4002 not ready yet, waiting 5s...
  attempt 54/72: port 4002 not ready yet, waiting 5s...
  attempt 55/72: port 4002 not ready yet, waiting 5s...
  attempt 56/72: port 4002 not ready yet, waiting 5s...
  attempt 57/72: port 4002 not ready yet, waiting 5s...
  attempt 58/72: port 4002 not ready yet, waiting 5s...
  attempt 59/72: port 4002 not ready yet, waiting 5s...
  attempt 60/72: port 4002 not ready yet, waiting 5s...
  attempt 61/72: port 4002 not ready yet, waiting 5s...
  attempt 62/72: port 4002 not ready yet, waiting 5s...
  attempt 63/72: port 4002 not ready yet, waiting 5s...
  attempt 64/72: port 4002 not ready yet, waiting 5s...
  attempt 65/72: port 4002 not ready yet, waiting 5s...
  attempt 66/72: port 4002 not ready yet, waiting 5s...
  attempt 67/72: port 4002 not ready yet, waiting 5s...
  attempt 68/72: port 4002 not ready yet, waiting 5s...
=== Waking screen and ensuring active desktop ===
Display wake signal sent
  attempt 69/72: port 4002 not ready yet, waiting 5s...
Waiting 10s for desktop session...
  attempt 70/72: port 4002 not ready yet, waiting 5s...
  attempt 71/72: port 4002 not ready yet, waiting 5s...
Desktop session: ACTIVE
caffeinate started (PID: 72661)
=== V3 Hybrid daily run started: Wed Apr 22 05:02:30 MDT 2026 ===
daily_run_v3.sh: line 85: 72634 Terminated: 15          caffeinate -u -t 30
  attempt 72/72: port 4002 not ready yet, waiting 5s...
From github.com:mannyluke4/warrior_bot
 * branch            v2-ibkr-migration -> FETCH_HEAD
Already up to date.
Code version: 7cd1d36 (auto: v3 daily logs 2026-04-22)
daily_run_v3.sh hash: fabe3ba69ecdffd6fb0d51183d40b7a0  /Users/duffy/warrior_bot_v2/daily_run_v3.sh
bot_v3_hybrid.py hash: da18ae42beb8337819b5d1401fc22e86  /Users/duffy/warrior_bot_v2/bot_v3_hybrid.py
sntp: Exchange failed: Timeout
sntp: clock_settime: Operation not permitted
sntp_exchange {
        result: 6 (Timeout)
        header: 00 (li:0 vn:0 mode:0)
       stratum: 00 (0)
          poll: 00 (1)
     precision: 00 (1.000000e+00)
         delay: 0000.0000 (0.000000000)
    dispersion: 0000.0000 (0.000000000)
           ref: 00000000 ("    ")
         t_ref: 00000000.00000000 (0.000000000)
            t1: ED932947.E5B951C5 (3985844551.897358999)
            t2: 00000000.00000000 (0.000000000)
            t3: 00000000.00000000 (0.000000000)
            t4: 00000000.00000000 (0.000000000)
        offset: FFFFFFFF89366B5C.0D23571D80000000 (-1992922275.948679447)
         delay: FFFFFFFF126CD6B8.1A46AE3B00000000 (-3985844551.897358894)
          mean: 0000000000000000.0000000000000000 (0.000000000)
         error: 0000000000000000.0000000000000000 (0.000000000)
          addr: 2620:149:a16:4000::31
}
+0.028726 +/- 0.055229 time.apple.com 2620:149:a23:3000::1f2
NTP sync skipped (non-root)
System time: Wed Apr 22 11:02:33 UTC 2026
Pre-flight: checking Python imports...
V3 Imports OK
Killing stale processes...
[1;31m+==============================================================================
+
+                       **** An error has occurred ****
+
+                     Please look in the diagnostics file 
+                   mentioned above for further information
+
+                           Press enter to continue.
+
+==============================================================================[0m
FATAL: IB Gateway did not open port 4002 within 360 seconds. Aborting.
=== TRAP: cleanup at Wed Apr 22 05:02:35 MDT 2026 ===
