
======================================================================
  WARRIOR BOT BACKTESTER (TICK MODE)
  Symbols: MYSE  |  Date: 2026-04-16  |  Window: 07:00 -> 12:00 ET
======================================================================

Building MYSE bars from tick cache for 2026-04-16...
  Total bars: 327  |  Seed: 28  |  Sim: 299
  Seed complete: EMA9=4.3109
  Loaded 682,503 ticks from cache (tick_cache//2026-04-16/MYSE.json.gz)
  Tick replay: 158126 trades for sim window
  SIM_START: crossed sim_start — 0 pre-sim ticks used for seeding only
  [07:25] 1M RESET (topping wicky)
  [07:26] 1M RESET (topping wicky)
  [08:30] 1M RESET (topping wicky)
  [08:31] 1M RESET (topping wicky)
  [08:32] 1M RESET (bearish engulfing)
  [08:33] 1M IMPULSE detected
  [08:34] 1M PULLBACK 1/3
  [08:35] 1M RESET (topping wicky)
  [09:14] 1M IMPULSE detected
  [09:16] 1M RESET (bearish engulfing)
  [09:17] 1M RESET (topping wicky)
  [09:18] 1M RESET (topping wicky)
  [09:19] 1M RESET (topping wicky)

======================================================================
  BACKTEST REPORT: MYSE -- 2026-04-16 (07:00 -> 12:00 ET)
======================================================================
  Settings: risk=$1000  min_score=3.0  MACD_gate=ON  slippage=$0.02  exit=signal  cooldown=2/10m  L2=OFF [TICK mode]
  Bars: 158126 sim + 28 seed  |  EMA9=3.0750  VWAP=4.3940
======================================================================

  No trades taken.

  Armed: 0  |  Signals: 0
======================================================================
