YTD Backtest: 75 dates (2026-01-02 → 2026-04-17)
  Squeeze: ON  (MP forced OFF)
  Short:   OFF
  Filters: gap=5.0-500.0% price=$2.0-$20.0 float<20.0M rvol>1.5x pmvol>30,000
  Compounding: start=$10,000  bp_pct=50%×4×eq  notional_cap=$25,000

[4/75] 2026-01-06 (1 syms) | SQ: 0t $+0   | eq=$10,000 (cap=$20,000) | YTD SQ=$+0 SH=$+0 Combined=$+0
[5/75] 2026-01-07 (1 syms) | SQ: 0t $+0   | eq=$10,000 (cap=$20,000) | YTD SQ=$+0 SH=$+0 Combined=$+0
[6/75] 2026-01-08 (1 syms) | SQ: 1t $+313   | eq=$10,313 (cap=$20,000) | YTD SQ=$+313 SH=$+0 Combined=$+313
[7/75] 2026-01-09 (3 syms) | SQ: 1t $+2,123   | eq=$12,436 (cap=$20,626) | YTD SQ=$+2,436 SH=$+0 Combined=$+2,436
[8/75] 2026-01-12 (3 syms) | SQ: 6t $+5,303   | eq=$17,739 (cap=$24,872) | YTD SQ=$+7,739 SH=$+0 Combined=$+7,739
[9/75] 2026-01-13 (3 syms) | SQ: 7t $+5,183   | eq=$22,922 (cap=$25,000) | YTD SQ=$+12,922 SH=$+0 Combined=$+12,922
[10/75] 2026-01-14 (4 syms) | SQ: 5t $+10,026   | eq=$32,948 (cap=$25,000) | YTD SQ=$+22,948 SH=$+0 Combined=$+22,948
[11/75] 2026-01-15 (4 syms) | SQ: 14t $+4,808   | eq=$37,756 (cap=$25,000) | YTD SQ=$+27,756 SH=$+0 Combined=$+27,756
[12/75] 2026-01-16 (5 syms) | SQ: 7t $+13,148   | eq=$50,904 (cap=$25,000) | YTD SQ=$+40,904 SH=$+0 Combined=$+40,904
[13/75] 2026-01-20 (6 syms) | SQ: 14t $-473   | eq=$50,431 (cap=$25,000) | YTD SQ=$+40,431 SH=$+0 Combined=$+40,431
[14/75] 2026-01-21 (5 syms) | SQ: 6t $+49   | eq=$50,480 (cap=$25,000) | YTD SQ=$+40,480 SH=$+0 Combined=$+40,480
[15/75] 2026-01-22 (3 syms) | SQ: 8t $+423   | eq=$50,903 (cap=$25,000) | YTD SQ=$+40,903 SH=$+0 Combined=$+40,903
[16/75] 2026-01-23 (7 syms) | SQ: 11t $+5,813   | eq=$56,716 (cap=$25,000) | YTD SQ=$+46,716 SH=$+0 Combined=$+46,716
[17/75] 2026-01-26 (3 syms) | SQ: 4t $+9,093   | eq=$65,809 (cap=$25,000) | YTD SQ=$+55,809 SH=$+0 Combined=$+55,809
[18/75] 2026-01-27 (5 syms) | SQ: 4t $+3,435   | eq=$69,244 (cap=$25,000) | YTD SQ=$+59,244 SH=$+0 Combined=$+59,244
[19/75] 2026-01-28 (3 syms) | SQ: 1t $-174   | eq=$69,070 (cap=$25,000) | YTD SQ=$+59,070 SH=$+0 Combined=$+59,070
[20/75] 2026-01-29 (3 syms) | SQ: 1t $-347   | eq=$68,723 (cap=$25,000) | YTD SQ=$+58,723 SH=$+0 Combined=$+58,723
[21/75] 2026-01-30 (3 syms) | SQ: 0t $+0   | eq=$68,723 (cap=$25,000) | YTD SQ=$+58,723 SH=$+0 Combined=$+58,723
[22/75] 2026-02-02 (5 syms) | SQ: 2t $+344   | eq=$69,067 (cap=$25,000) | YTD SQ=$+59,067 SH=$+0 Combined=$+59,067
[23/75] 2026-02-03 (3 syms) | SQ: 6t $+17,156   | eq=$86,223 (cap=$25,000) | YTD SQ=$+76,223 SH=$+0 Combined=$+76,223
[24/75] 2026-02-04 (1 syms) | SQ: 0t $+0   | eq=$86,223 (cap=$25,000) | YTD SQ=$+76,223 SH=$+0 Combined=$+76,223
[25/75] 2026-02-05 (1 syms) | SQ: 0t $+0   | eq=$86,223 (cap=$25,000) | YTD SQ=$+76,223 SH=$+0 Combined=$+76,223
[26/75] 2026-02-06 (2 syms) | SQ: 2t $+2,088   | eq=$88,311 (cap=$25,000) | YTD SQ=$+78,311 SH=$+0 Combined=$+78,311
[28/75] 2026-02-10 (1 syms) | SQ: 0t $+0   | eq=$88,311 (cap=$25,000) | YTD SQ=$+78,311 SH=$+0 Combined=$+78,311
[32/75] 2026-02-17 (1 syms) | SQ: 1t $+2,883   | eq=$91,194 (cap=$25,000) | YTD SQ=$+81,194 SH=$+0 Combined=$+81,194
[44/75] 2026-03-05 (1 syms) | SQ: 1t $-357   | eq=$90,837 (cap=$25,000) | YTD SQ=$+80,837 SH=$+0 Combined=$+80,837
[46/75] 2026-03-09 (1 syms) | SQ: 0t $+0   | eq=$90,837 (cap=$25,000) | YTD SQ=$+80,837 SH=$+0 Combined=$+80,837
[49/75] 2026-03-12 (1 syms) | SQ: 0t $+0   | eq=$90,837 (cap=$25,000) | YTD SQ=$+80,837 SH=$+0 Combined=$+80,837
[53/75] 2026-03-18 (1 syms) | SQ: 5t $+3,319   | eq=$94,156 (cap=$25,000) | YTD SQ=$+84,156 SH=$+0 Combined=$+84,156
[54/75] 2026-03-19 (1 syms) | SQ: 3t $-562   | eq=$93,594 (cap=$25,000) | YTD SQ=$+83,594 SH=$+0 Combined=$+83,594
[56/75] 2026-03-23 (1 syms) | SQ: 4t $-1,363   | eq=$92,231 (cap=$25,000) | YTD SQ=$+82,231 SH=$+0 Combined=$+82,231
[63/75] 2026-04-01 (2 syms) | SQ: 0t $+0   | eq=$92,231 (cap=$25,000) | YTD SQ=$+82,231 SH=$+0 Combined=$+82,231
[64/75] 2026-04-02 (15 syms) | SQ: 0t $+0   | eq=$92,231 (cap=$25,000) | YTD SQ=$+82,231 SH=$+0 Combined=$+82,231
[66/75] 2026-04-06 (15 syms) | SQ: 0t $+0   | eq=$92,231 (cap=$25,000) | YTD SQ=$+82,231 SH=$+0 Combined=$+82,231
[67/75] 2026-04-07 (15 syms) | SQ: 0t $+0   | eq=$92,231 (cap=$25,000) | YTD SQ=$+82,231 SH=$+0 Combined=$+82,231
[68/75] 2026-04-08 (15 syms) | SQ: 0t $+0   | eq=$92,231 (cap=$25,000) | YTD SQ=$+82,231 SH=$+0 Combined=$+82,231
[70/75] 2026-04-10 (2 syms) | SQ: 3t $-378   | eq=$91,853 (cap=$25,000) | YTD SQ=$+81,853 SH=$+0 Combined=$+81,853
[71/75] 2026-04-13 (15 syms) | SQ: 0t $+0   | eq=$91,853 (cap=$25,000) | YTD SQ=$+81,853 SH=$+0 Combined=$+81,853
[72/75] 2026-04-14 (14 syms) | SQ: 0t $+0   | eq=$91,853 (cap=$25,000) | YTD SQ=$+81,853 SH=$+0 Combined=$+81,853
[73/75] 2026-04-15 (3 syms) | SQ: 5t $+1,821   | eq=$93,674 (cap=$25,000) | YTD SQ=$+83,674 SH=$+0 Combined=$+83,674
[74/75] 2026-04-16 (15 syms) | SQ: 0t $+0   | eq=$93,674 (cap=$25,000) | YTD SQ=$+83,674 SH=$+0 Combined=$+83,674

======================================================================
SQUEEZE: 122 trades, 32W/17L (26% WR), $+83,674
COMBINED: $+83,674
EQUITY:   $10,000 → $93,674 (+836.7%)
======================================================================
