[SQUEEZE] BOOT: COLD (reason=no_marker, marker_age=n/a)
[SQUEEZE] 2026-05-18T04:00:12.169217-04:00 starting equity $69,178 (third Alpaca paper account)
[SQUEEZE] 2026-05-18T04:00:12.170230-04:00 connected to engine — fail-CLOSED until first healthy heartbeat
[SQUEEZE] 2026-05-18T04:00:12.196865-04:00 force_exit: enabled=True end=20:00 ET trigger=19:55 ET first_offset=1.0% step=1.0% retries=3
[SQUEEZE] 2026-05-18T04:00:15.994589-04:00 stream healthy — entries unlocked
[SQUEEZE] 2026-05-18T04:04:13.221062-04:00 SST seed→live transition (seed_last_price=$2.9200)
[SQUEEZE] 2026-05-18T04:06:02.174889-04:00 CORD seed→live transition (seed_last_price=$5.9300)
[SQUEEZE] 2026-05-18T04:07:08.738256-04:00 SKYQ seed→live transition (seed_last_price=$3.1200)
[SQUEEZE] 2026-05-18T04:08:28.790427-04:00 LNKS seed→live transition (seed_last_price=$1.5200)
[SQUEEZE] 2026-05-18T04:09:02.621233-04:00 LESL seed→live transition (seed_last_price=$2.9200)
[SQUEEZE] 2026-05-18T04:09:04.331271-04:00 FCHL seed→live transition (seed_last_price=$1.7700)
[SQUEEZE] 2026-05-18T04:11:12.661060-04:00 MOBX seed→live transition (seed_last_price=$2.2100)
[SQUEEZE] 2026-05-18T04:12:00.966603-04:00 SST seed→live transition (seed_last_price=$2.9500)
[SQUEEZE] 2026-05-18T04:13:06.538671-04:00 SKK seed→live transition (seed_last_price=$4.1100)
[SQUEEZE] 2026-05-18T04:13:19.302971-04:00 LESL seed→live transition (seed_last_price=$2.9200)
[SQUEEZE] 2026-05-18T04:15:01.263511-04:00 FCHL seed→live transition (seed_last_price=$1.7500)
[SQUEEZE] 2026-05-18T04:15:16.783059-04:00 SST seed→live transition (seed_last_price=$2.9800)
[SQUEEZE] 2026-05-18T04:18:00.138816-04:00 SKK seed→live transition (seed_last_price=$4.1300)
[SQUEEZE] 2026-05-18T04:18:02.141693-04:00 SKYQ seed→live transition (seed_last_price=$3.1400)
[SQUEEZE] 2026-05-18T04:18:09.151792-04:00 SST seed→live transition (seed_last_price=$2.9900)
[SQUEEZE] 2026-05-18T04:20:15.186312-04:00 LESL seed→live transition (seed_last_price=$2.9200)
[SQUEEZE] 2026-05-18T04:21:13.945790-04:00 SKK seed→live transition (seed_last_price=$4.1200)
[SQUEEZE] 2026-05-18T04:22:04.136036-04:00 LNKS seed→live transition (seed_last_price=$1.5200)
[SQUEEZE] 2026-05-18T04:23:21.229271-04:00 FCHL seed→live transition (seed_last_price=$1.7400)
[SQUEEZE] 2026-05-18T04:24:12.543203-04:00 SKYQ seed→live transition (seed_last_price=$3.2000)
[SQUEEZE] 2026-05-18T04:25:09.114200-04:00 LNKS seed→live transition (seed_last_price=$1.5003)
[SQUEEZE] 2026-05-18T04:26:18.578242-04:00 FCHL seed→live transition (seed_last_price=$1.7400)
[SQUEEZE] 2026-05-18T04:28:20.944184-04:00 SKK seed→live transition (seed_last_price=$4.1400)
[SQUEEZE] 2026-05-18T04:29:00.315361-04:00 CORD seed→live transition (seed_last_price=$5.7400)
[SQUEEZE] 2026-05-18T04:29:14.186455-04:00 LESL seed→live transition (seed_last_price=$2.9200)
[SQUEEZE] 2026-05-18T04:30:21.646779-04:00 FCHL seed→live transition (seed_last_price=$1.7400)
[SQUEEZE] 2026-05-18T04:32:00.244655-04:00 ONDG seed→live transition (seed_last_price=$6.6400)
[SQUEEZE] 2026-05-18T04:32:18.017819-04:00 LNKS seed→live transition (seed_last_price=$1.5047)
[SQUEEZE] 2026-05-18T04:32:21.269986-04:00 SKYQ seed→live transition (seed_last_price=$3.2032)
[SQUEEZE] 2026-05-18T04:34:20.210356-04:00 SKK seed→live transition (seed_last_price=$4.1400)
[SQUEEZE] 2026-05-18T04:35:08.731386-04:00 LNKS seed→live transition (seed_last_price=$1.5000)
[SQUEEZE] 2026-05-18T04:36:25.835299-04:00 SKK seed→live transition (seed_last_price=$4.1400)
[SQUEEZE] 2026-05-18T04:36:26.747774-04:00 FCHL seed→live transition (seed_last_price=$1.7400)
[SQUEEZE] 2026-05-18T04:37:18.764991-04:00 SKYQ seed→live transition (seed_last_price=$3.1300)
[SQUEEZE] 2026-05-18T04:38:01.815469-04:00 FCHL seed→live transition (seed_last_price=$1.7200)
[SQUEEZE] 2026-05-18T04:38:15.832635-04:00 SKK seed→live transition (seed_last_price=$4.1400)
[SQUEEZE] 2026-05-18T04:39:00.891094-04:00 SLE seed→live transition (seed_last_price=$5.1400)
[SQUEEZE] 2026-05-18T04:40:02.970244-04:00 LNKS seed→live transition (seed_last_price=$1.5100)
[SQUEEZE] 2026-05-18T04:41:20.140548-04:00 SKYQ seed→live transition (seed_last_price=$3.1600)
[SQUEEZE] 2026-05-18T04:42:01.460039-04:00 FCHL seed→live transition (seed_last_price=$1.7200)
[SQUEEZE] 2026-05-18T04:42:06.216271-04:00 SKK seed→live transition (seed_last_price=$4.1000)
[SQUEEZE] 2026-05-18T04:43:16.049668-04:00 LNKS seed→live transition (seed_last_price=$1.5100)
[SQUEEZE] 2026-05-18T04:44:24.139030-04:00 SKYQ seed→live transition (seed_last_price=$3.1600)
[SQUEEZE] 2026-05-18T04:46:00.017604-04:00 LESL seed→live transition (seed_last_price=$2.9300)
[SQUEEZE] 2026-05-18T04:46:00.860460-04:00 SST seed→live transition (seed_last_price=$3.0000)
[SQUEEZE] 2026-05-18T04:46:20.578490-04:00 SKK seed→live transition (seed_last_price=$4.0800)
[SQUEEZE] 2026-05-18T04:47:07.735102-04:00 FCHL seed→live transition (seed_last_price=$1.6800)
[SQUEEZE] 2026-05-18T04:48:03.556333-04:00 PIII seed→live transition (seed_last_price=$8.5700)
[SQUEEZE] 2026-05-18T04:49:04.881042-04:00 SKK seed→live transition (seed_last_price=$4.0800)
[SQUEEZE] 2026-05-18T04:52:01.064928-04:00 MOBX seed→live transition (seed_last_price=$2.1100)
[SQUEEZE] 2026-05-18T04:52:18.876139-04:00 SKYQ seed→live transition (seed_last_price=$3.1600)
[SQUEEZE] 2026-05-18T04:54:06.217568-04:00 SLE seed→live transition (seed_last_price=$5.1500)
[SQUEEZE] 2026-05-18T04:55:09.337221-04:00 SKYQ seed→live transition (seed_last_price=$3.1800)
[SQUEEZE] 2026-05-18T04:55:22.312535-04:00 LESL seed→live transition (seed_last_price=$2.9300)
[SQUEEZE] 2026-05-18T04:57:01.895287-04:00 ONDG seed→live transition (seed_last_price=$6.7100)
[SQUEEZE] 2026-05-18T04:58:02.261164-04:00 MOBX seed→live transition (seed_last_price=$2.1199)
[SQUEEZE] 2026-05-18T04:58:15.983614-04:00 SLE seed→live transition (seed_last_price=$5.1900)
[SQUEEZE] 2026-05-18T04:59:05.542907-04:00 ONDG seed→live transition (seed_last_price=$6.7100)
[SQUEEZE] 2026-05-18T05:01:00.821561-04:00 SLE seed→live transition (seed_last_price=$5.1900)
[SQUEEZE] 2026-05-18T05:01:26.465952-04:00 LESL seed→live transition (seed_last_price=$2.9300)
[SQUEEZE] 2026-05-18T05:02:15.737603-04:00 LNKS seed→live transition (seed_last_price=$1.5203)
[SQUEEZE] 2026-05-18T05:04:04.118382-04:00 MOBX seed→live transition (seed_last_price=$2.1300)
[SQUEEZE] 2026-05-18T05:04:08.872922-04:00 AEHL seed→live transition (seed_last_price=$4.0000)
[SQUEEZE] 2026-05-18T05:04:27.147760-04:00 FCHL seed→live transition (seed_last_price=$1.6955)
[SQUEEZE] 2026-05-18T05:05:13.954115-04:00 SKK seed→live transition (seed_last_price=$4.0800)
[SQUEEZE] 2026-05-18T05:07:00.257039-04:00 LNKS seed→live transition (seed_last_price=$1.5200)
[SQUEEZE] 2026-05-18T05:07:20.530522-04:00 SKYQ seed→live transition (seed_last_price=$3.1294)
[SQUEEZE] 2026-05-18T05:07:28.792683-04:00 LESL seed→live transition (seed_last_price=$2.9200)
[SQUEEZE] 2026-05-18T05:08:08.839182-04:00 SLE seed→live transition (seed_last_price=$5.1500)
[SQUEEZE] 2026-05-18T05:08:26.149411-04:00 ONDG seed→live transition (seed_last_price=$6.7500)
[SQUEEZE] 2026-05-18T05:10:02.482266-04:00 LNKS seed→live transition (seed_last_price=$1.5200)
[SQUEEZE] 2026-05-18T05:10:13.747025-04:00 ONDG seed→live transition (seed_last_price=$6.7500)
[SQUEEZE] 2026-05-18T05:10:26.762553-04:00 PIII seed→live transition (seed_last_price=$8.3500)
[SQUEEZE] 2026-05-18T05:11:00.098727-04:00 MOBX seed→live transition (seed_last_price=$2.1500)
[SQUEEZE] 2026-05-18T05:12:07.325013-04:00 LESL seed→live transition (seed_last_price=$2.9900)
[SQUEEZE] 2026-05-18T05:12:10.827960-04:00 PIII seed→live transition (seed_last_price=$8.3400)
[SQUEEZE] 2026-05-18T05:12:11.828413-04:00 SKK seed→live transition (seed_last_price=$4.0700)
[SQUEEZE] 2026-05-18T05:13:08.647479-04:00 AEHL seed→live transition (seed_last_price=$4.0700)
[SQUEEZE] 2026-05-18T05:16:03.401411-04:00 LNKS seed→live transition (seed_last_price=$1.5203)
[SQUEEZE] 2026-05-18T05:16:06.772608-04:00 SKK seed→live transition (seed_last_price=$4.1000)
[SQUEEZE] 2026-05-18T05:16:24.687503-04:00 LESL seed→live transition (seed_last_price=$2.9200)
[SQUEEZE] 2026-05-18T05:18:21.236713-04:00 SKYQ seed→live transition (seed_last_price=$3.0900)
[SQUEEZE] 2026-05-18T05:19:00.284147-04:00 ONDG seed→live transition (seed_last_price=$6.7100)
[SQUEEZE] 2026-05-18T05:19:03.331849-04:00 LESL seed→live transition (seed_last_price=$2.9200)
[SQUEEZE] 2026-05-18T05:21:15.300852-04:00 FCHL seed→live transition (seed_last_price=$1.6700)
[SQUEEZE] 2026-05-18T05:23:02.693526-04:00 FCHL seed→live transition (seed_last_price=$1.6700)
[SQUEEZE] 2026-05-18T05:24:09.736983-04:00 LNKS seed→live transition (seed_last_price=$1.5200)
[SQUEEZE] 2026-05-18T05:24:21.250261-04:00 SKK seed→live transition (seed_last_price=$4.1000)
[SQUEEZE] 2026-05-18T05:25:01.551808-04:00 SKYQ seed→live transition (seed_last_price=$3.0900)
[SQUEEZE] 2026-05-18T05:25:08.810420-04:00 ONDG seed→live transition (seed_last_price=$6.6700)
[SQUEEZE] 2026-05-18T05:26:03.622800-04:00 SKK seed→live transition (seed_last_price=$4.1000)
[SQUEEZE] 2026-05-18T05:26:07.124799-04:00 CORD seed→live transition (seed_last_price=$5.7000)
[SQUEEZE] 2026-05-18T05:27:02.283332-04:00 MOBX seed→live transition (seed_last_price=$2.1600)
[SQUEEZE] 2026-05-18T05:27:04.035995-04:00 SLE seed→live transition (seed_last_price=$5.1400)
[SQUEEZE] 2026-05-18T05:28:13.115199-04:00 ONDG seed→live transition (seed_last_price=$6.7700)
[SQUEEZE] 2026-05-18T05:28:22.877996-04:00 LNKS seed→live transition (seed_last_price=$1.5232)
[SQUEEZE] 2026-05-18T05:28:28.883925-04:00 AEHL seed→live transition (seed_last_price=$4.0000)
[SQUEEZE] 2026-05-18T05:29:18.193828-04:00 FCHL seed→live transition (seed_last_price=$1.6700)
[SQUEEZE] 2026-05-18T05:31:01.358708-04:00 CORD seed→live transition (seed_last_price=$5.7300)
[SQUEEZE] 2026-05-18T05:31:14.797448-04:00 SKK seed→live transition (seed_last_price=$4.0800)
[SQUEEZE] 2026-05-18T05:31:27.486084-04:00 PIII seed→live transition (seed_last_price=$8.3400)
[SQUEEZE] 2026-05-18T05:32:05.544987-04:00 SKYQ seed→live transition (seed_last_price=$3.1000)
[SQUEEZE] 2026-05-18T05:33:04.571693-04:00 FCHL seed→live transition (seed_last_price=$1.6700)
[SQUEEZE] 2026-05-18T05:33:16.124988-04:00 ONDG seed→live transition (seed_last_price=$6.7700)
[SQUEEZE] 2026-05-18T05:34:07.391631-04:00 MOBX seed→live transition (seed_last_price=$2.1500)
[SQUEEZE] 2026-05-18T05:34:09.646588-04:00 CORD seed→live transition (seed_last_price=$5.7300)
[SQUEEZE] 2026-05-18T05:34:20.159569-04:00 LNKS seed→live transition (seed_last_price=$1.5200)
[SQUEEZE] 2026-05-18T05:36:12.292418-04:00 SKYQ seed→live transition (seed_last_price=$3.1794)
[SQUEEZE] 2026-05-18T05:36:17.907593-04:00 LESL seed→live transition (seed_last_price=$2.8500)
[SQUEEZE] 2026-05-18T05:37:00.971438-04:00 SKK seed→live transition (seed_last_price=$4.1108)
[SQUEEZE] 2026-05-18T05:37:03.388635-04:00 AEHL seed→live transition (seed_last_price=$4.0000)
[SQUEEZE] 2026-05-18T05:39:01.560491-04:00 LESL seed→live transition (seed_last_price=$2.8300)
[SQUEEZE] 2026-05-18T05:39:03.813020-04:00 SKYQ seed→live transition (seed_last_price=$3.1600)
[SQUEEZE] 2026-05-18T05:39:05.609312-04:00 LNKS seed→live transition (seed_last_price=$1.5000)
[SQUEEZE] 2026-05-18T05:40:14.896519-04:00 MOBX seed→live transition (seed_last_price=$2.1400)
[SQUEEZE] 2026-05-18T05:41:12.966990-04:00 SKYQ seed→live transition (seed_last_price=$3.1800)
[SQUEEZE] 2026-05-18T05:42:03.019623-04:00 LNKS seed→live transition (seed_last_price=$1.5000)
[SQUEEZE] 2026-05-18T05:42:03.810409-04:00 SLE seed→live transition (seed_last_price=$5.2000)
[SQUEEZE] 2026-05-18T05:42:23.324613-04:00 PIII seed→live transition (seed_last_price=$8.3700)
[SQUEEZE] 2026-05-18T05:42:23.367981-04:00 FCHL seed→live transition (seed_last_price=$1.6700)
[SQUEEZE] 2026-05-18T05:43:22.147196-04:00 SKK seed→live transition (seed_last_price=$4.1300)
[SQUEEZE] 2026-05-18T05:44:09.491381-04:00 MOBX seed→live transition (seed_last_price=$2.1400)
[SQUEEZE] 2026-05-18T05:44:17.962241-04:00 AEHL seed→live transition (seed_last_price=$4.0100)
[SQUEEZE] 2026-05-18T05:45:01.516365-04:00 CORD seed→live transition (seed_last_price=$5.7500)
[SQUEEZE] 2026-05-18T05:46:07.130167-04:00 LESL seed→live transition (seed_last_price=$2.8200)
[SQUEEZE] 2026-05-18T05:47:06.493402-04:00 SLE seed→live transition (seed_last_price=$5.1400)
[SQUEEZE] 2026-05-18T05:47:25.545042-04:00 SKK seed→live transition (seed_last_price=$4.0800)
[SQUEEZE] 2026-05-18T05:48:15.101747-04:00 SKYQ seed→live transition (seed_last_price=$3.0900)
[SQUEEZE] 2026-05-18T05:48:16.563498-04:00 LNKS seed→live transition (seed_last_price=$1.5452)
[SQUEEZE] 2026-05-18T05:49:27.901154-04:00 ONDG seed→live transition (seed_last_price=$6.9400)
[SQUEEZE] 2026-05-18T05:50:01.688844-04:00 SST seed→live transition (seed_last_price=$3.0000)
[SQUEEZE] 2026-05-18T05:50:02.439542-04:00 SLE seed→live transition (seed_last_price=$5.1400)
[SQUEEZE] 2026-05-18T05:51:08.023600-04:00 PIII seed→live transition (seed_last_price=$8.3800)
[SQUEEZE] 2026-05-18T05:52:04.120142-04:00 SKK seed→live transition (seed_last_price=$4.0800)
[SQUEEZE] 2026-05-18T05:52:28.294495-04:00 SLE seed→live transition (seed_last_price=$5.1400)
[SQUEEZE] 2026-05-18T05:53:04.301357-04:00 SKYQ seed→live transition (seed_last_price=$3.1300)
[SQUEEZE] 2026-05-18T05:54:08.878132-04:00 AEHL seed→live transition (seed_last_price=$4.0100)
[SQUEEZE] 2026-05-18T05:54:17.137511-04:00 MOBX seed→live transition (seed_last_price=$2.1262)
[SQUEEZE] 2026-05-18T05:55:22.220391-04:00 LNKS seed→live transition (seed_last_price=$1.5400)
[SQUEEZE] 2026-05-18T05:56:00.017003-04:00 AEHL seed→live transition (seed_last_price=$4.0000)
[SQUEEZE] 2026-05-18T05:56:01.557509-04:00 ONDG seed→live transition (seed_last_price=$6.8000)
[SQUEEZE] 2026-05-18T05:57:04.326644-04:00 MOBX seed→live transition (seed_last_price=$2.1200)
[SQUEEZE] 2026-05-18T05:57:04.952907-04:00 SKK seed→live transition (seed_last_price=$4.0500)
[SQUEEZE] 2026-05-18T05:57:27.327440-04:00 SKYQ seed→live transition (seed_last_price=$3.1500)
[SQUEEZE] 2026-05-18T05:59:29.979347-04:00 SKK seed→live transition (seed_last_price=$4.0500)
[SQUEEZE] 2026-05-18T06:00:01.767296-04:00 SLE seed→live transition (seed_last_price=$5.1300)
[SQUEEZE] 2026-05-18T06:00:21.792620-04:00 SKYQ seed→live transition (seed_last_price=$3.1400)
[SQUEEZE] 2026-05-18T06:01:03.597250-04:00 MOBX seed→live transition (seed_last_price=$2.1300)
[SQUEEZE] 2026-05-18T06:01:26.625001-04:00 FCHL seed→live transition (seed_last_price=$1.7000)
[SQUEEZE] 2026-05-18T06:02:02.228326-04:00 LNKS seed→live transition (seed_last_price=$1.5200)
[SQUEEZE] 2026-05-18T06:02:06.633790-04:00 PIII seed→live transition (seed_last_price=$8.2700)
[SQUEEZE] 2026-05-18T06:03:19.242982-04:00 ONDG seed→live transition (seed_last_price=$6.8000)
[SQUEEZE] 2026-05-18T06:04:00.043682-04:00 AEHL seed→live transition (seed_last_price=$4.0000)
[SQUEEZE] 2026-05-18T06:04:04.799447-04:00 SKK seed→live transition (seed_last_price=$4.0500)
[SQUEEZE] 2026-05-18T06:05:02.370525-04:00 ONDG seed→live transition (seed_last_price=$6.7500)
[SQUEEZE] 2026-05-18T06:05:02.660672-04:00 SLE seed→live transition (seed_last_price=$5.1400)
[SQUEEZE] 2026-05-18T06:06:14.463210-04:00 MOBX seed→live transition (seed_last_price=$2.1400)
[SQUEEZE] 2026-05-18T06:07:02.329470-04:00 SST seed→live transition (seed_last_price=$3.0700)
[SQUEEZE] 2026-05-18T06:07:09.234419-04:00 FCHL seed→live transition (seed_last_price=$1.7000)
[SQUEEZE] 2026-05-18T06:08:00.291635-04:00 SLE seed→live transition (seed_last_price=$5.1400)
[SQUEEZE] 2026-05-18T06:08:22.571816-04:00 SKYQ seed→live transition (seed_last_price=$3.1400)
[SQUEEZE] 2026-05-18T06:09:18.885802-04:00 LNKS seed→live transition (seed_last_price=$1.5000)
[SQUEEZE] 2026-05-18T06:10:25.962098-04:00 SKK seed→live transition (seed_last_price=$4.0500)
[SQUEEZE] 2026-05-18T06:11:00.755810-04:00 MOBX seed→live transition (seed_last_price=$2.1500)
[SQUEEZE] 2026-05-18T06:12:00.768287-04:00 LESL seed→live transition (seed_last_price=$2.8200)
[SQUEEZE] 2026-05-18T06:12:02.019787-04:00 SKK seed→live transition (seed_last_price=$4.0200)
[SQUEEZE] 2026-05-18T06:12:08.368471-04:00 FCHL seed→live transition (seed_last_price=$1.7000)
[SQUEEZE] 2026-05-18T06:13:11.021668-04:00 PIII seed→live transition (seed_last_price=$8.3600)
[SQUEEZE] 2026-05-18T06:14:05.834501-04:00 SKK seed→live transition (seed_last_price=$4.0200)
[SQUEEZE] 2026-05-18T06:15:10.873593-04:00 SKYQ seed→live transition (seed_last_price=$3.1300)
[SQUEEZE] 2026-05-18T06:16:00.436520-04:00 SKK seed→live transition (seed_last_price=$4.0300)
[SQUEEZE] 2026-05-18T06:18:11.288173-04:00 SLE seed→live transition (seed_last_price=$5.1300)
[SQUEEZE] 2026-05-18T06:18:29.514329-04:00 SKYQ seed→live transition (seed_last_price=$3.0900)
[SQUEEZE] 2026-05-18T06:25:10.826948-04:00 LNKS seed→live transition (seed_last_price=$1.5000)
[SQUEEZE] 2026-05-18T06:26:07.216931-04:00 LESL seed→live transition (seed_last_price=$2.9100)
[SQUEEZE] 2026-05-18T06:26:15.163607-04:00 MOBX seed→live transition (seed_last_price=$2.1400)
[SQUEEZE] 2026-05-18T06:26:28.679606-04:00 SKK seed→live transition (seed_last_price=$4.0500)
[SQUEEZE] 2026-05-18T06:27:08.743690-04:00 ONDG seed→live transition (seed_last_price=$6.7000)
[SQUEEZE] 2026-05-18T06:28:01.914331-04:00 SLE seed→live transition (seed_last_price=$5.1400)
[SQUEEZE] 2026-05-18T06:28:10.240525-04:00 FCHL seed→live transition (seed_last_price=$1.7000)
[SQUEEZE] 2026-05-18T06:30:06.817207-04:00 ONDG seed→live transition (seed_last_price=$6.7000)
[SQUEEZE] 2026-05-18T06:30:15.577650-04:00 SKYQ seed→live transition (seed_last_price=$3.1500)
[SQUEEZE] 2026-05-18T06:32:09.554188-04:00 LNKS seed→live transition (seed_last_price=$1.5000)
[SQUEEZE] 2026-05-18T06:33:00.567372-04:00 ONDG seed→live transition (seed_last_price=$6.7000)
[SQUEEZE] 2026-05-18T06:34:00.016432-04:00 SKK seed→live transition (seed_last_price=$4.0200)
[SQUEEZE] 2026-05-18T06:34:08.957938-04:00 FCHL seed→live transition (seed_last_price=$1.7442)
[SQUEEZE] 2026-05-18T06:34:10.960886-04:00 SLE seed→live transition (seed_last_price=$5.1600)
[SQUEEZE] 2026-05-18T06:34:29.549870-04:00 MOBX seed→live transition (seed_last_price=$2.1400)
[SQUEEZE] 2026-05-18T06:37:15.321323-04:00 PIII seed→live transition (seed_last_price=$8.5550)
[SQUEEZE] 2026-05-18T06:38:17.754235-04:00 MOBX seed→live transition (seed_last_price=$2.1400)
[SQUEEZE] 2026-05-18T06:39:22.079242-04:00 LNKS seed→live transition (seed_last_price=$1.5100)
[SQUEEZE] 2026-05-18T06:40:00.619730-04:00 SKK seed→live transition (seed_last_price=$4.0105)
[SQUEEZE] 2026-05-18T06:42:13.531661-04:00 SKK seed→live transition (seed_last_price=$4.0200)
[SQUEEZE] 2026-05-18T06:42:16.641553-04:00 FCHL seed→live transition (seed_last_price=$1.7600)
[SQUEEZE] 2026-05-18T06:43:04.002748-04:00 PIII seed→live transition (seed_last_price=$8.4200)
[SQUEEZE] 2026-05-18T06:44:05.819423-04:00 CORD seed→live transition (seed_last_price=$6.0200)
[SQUEEZE] 2026-05-18T06:44:13.577848-04:00 LNKS seed→live transition (seed_last_price=$1.5100)
[SQUEEZE] 2026-05-18T06:45:07.914227-04:00 MOBX seed→live transition (seed_last_price=$2.1400)
[SQUEEZE] 2026-05-18T06:46:12.056788-04:00 SKYQ seed→live transition (seed_last_price=$3.1000)
[SQUEEZE] 2026-05-18T06:46:16.742638-04:00 LESL seed→live transition (seed_last_price=$2.8900)
[SQUEEZE] 2026-05-18T06:46:17.995662-04:00 FCHL seed→live transition (seed_last_price=$1.7500)
[SQUEEZE] 2026-05-18T06:46:18.244539-04:00 SLE seed→live transition (seed_last_price=$5.1400)
[SQUEEZE] 2026-05-18T06:52:00.645436-04:00 ONDG seed→live transition (seed_last_price=$6.5500)
[SQUEEZE] 2026-05-18T06:52:07.901747-04:00 SKYQ seed→live transition (seed_last_price=$3.0800)
[SQUEEZE] 2026-05-18T06:53:03.633353-04:00 SKK seed→live transition (seed_last_price=$4.0300)
[SQUEEZE] 2026-05-18T06:54:00.499543-04:00 MOBX seed→live transition (seed_last_price=$2.1500)
[SQUEEZE] 2026-05-18T06:54:01.683818-04:00 PIII seed→live transition (seed_last_price=$8.5500)
[SQUEEZE] 2026-05-18T06:55:06.590561-04:00 SLE seed→live transition (seed_last_price=$5.1500)
[SQUEEZE] 2026-05-18T06:55:09.846805-04:00 LESL seed→live transition (seed_last_price=$2.8400)
[SQUEEZE] 2026-05-18T06:56:05.016449-04:00 LNKS seed→live transition (seed_last_price=$1.5100)
[SQUEEZE] 2026-05-18T06:56:05.266558-04:00 SKYQ seed→live transition (seed_last_price=$3.0800)
[SQUEEZE] 2026-05-18T06:57:25.821140-04:00 ONDG seed→live transition (seed_last_price=$6.5500)
[SQUEEZE] 2026-05-18T06:58:03.619167-04:00 CORD seed→live transition (seed_last_price=$5.9400)
[SQUEEZE] 2026-05-18T06:58:13.608004-04:00 LESL seed→live transition (seed_last_price=$2.8400)
[SQUEEZE] 2026-05-18T06:58:19.365994-04:00 PIII seed→live transition (seed_last_price=$8.5200)
[SQUEEZE] 2026-05-18T07:00:00.447846-04:00 ONDG seed→live transition (seed_last_price=$6.5500)
[SQUEEZE] 2026-05-18T07:00:08.118091-04:00 SKK seed→live transition (seed_last_price=$4.0400)
[SQUEEZE] 2026-05-18T07:01:00.526268-04:00 SKYQ seed→live transition (seed_last_price=$3.0800)
[SQUEEZE] 2026-05-18T07:01:05.030185-04:00 LESL seed→live transition (seed_last_price=$2.8500)
[SQUEEZE] 2026-05-18T07:02:05.478988-04:00 FCHL seed→live transition (seed_last_price=$1.7600)
[SQUEEZE] 2026-05-18T07:02:14.582067-04:00 SBFM seed→live transition (seed_last_price=$0.9871)
[SQUEEZE] 2026-05-18T07:03:04.551120-04:00 LESL seed→live transition (seed_last_price=$2.8900)
[SQUEEZE] 2026-05-18T07:04:26.309908-04:00 SKK seed→live transition (seed_last_price=$4.0200)
[SQUEEZE] 2026-05-18T07:05:20.198484-04:00 LNKS seed→live transition (seed_last_price=$1.4900)
[SQUEEZE] 2026-05-18T07:06:16.689095-04:00 SKYQ seed→live transition (seed_last_price=$3.0701)
[SQUEEZE] 2026-05-18T07:06:20.192820-04:00 FCHL seed→live transition (seed_last_price=$1.7000)
[SQUEEZE] 2026-05-18T07:07:07.700460-04:00 SKK seed→live transition (seed_last_price=$4.0200)
[SQUEEZE] 2026-05-18T07:07:08.201349-04:00 LNKS seed→live transition (seed_last_price=$1.4924)
[SQUEEZE] 2026-05-18T07:07:10.270786-04:00 LESL seed→live transition (seed_last_price=$2.8400)
[SQUEEZE] 2026-05-18T07:09:19.665208-04:00 SKYQ seed→live transition (seed_last_price=$3.0700)
[SQUEEZE] 2026-05-18T07:10:01.720615-04:00 CORD seed→live transition (seed_last_price=$6.0600)
[SQUEEZE] 2026-05-18T07:10:26.759028-04:00 FCHL seed→live transition (seed_last_price=$1.7000)
[SQUEEZE] 2026-05-18T07:11:20.848584-04:00 LESL seed→live transition (seed_last_price=$2.8300)
[SQUEEZE] 2026-05-18T07:12:09.466672-04:00 ONDG seed→live transition (seed_last_price=$6.4600)
[SQUEEZE] 2026-05-18T07:12:20.984063-04:00 LNKS seed→live transition (seed_last_price=$1.4900)
[SQUEEZE] 2026-05-18T07:13:02.564231-04:00 LESL seed→live transition (seed_last_price=$2.8200)
[SQUEEZE] 2026-05-18T07:13:03.382217-04:00 SLE seed→live transition (seed_last_price=$5.1600)
[SQUEEZE] 2026-05-18T07:15:05.359577-04:00 LESL seed→live transition (seed_last_price=$2.8200)
[SQUEEZE] 2026-05-18T07:15:12.937131-04:00 SST seed→live transition (seed_last_price=$3.1000)
[SQUEEZE] 2026-05-18T07:16:02.527589-04:00 ONDG seed→live transition (seed_last_price=$6.4600)
[SQUEEZE] 2026-05-18T07:16:24.033209-04:00 SKYQ seed→live transition (seed_last_price=$3.0500)
[SQUEEZE] 2026-05-18T07:18:17.504227-04:00 LNKS seed→live transition (seed_last_price=$1.4900)
[SQUEEZE] 2026-05-18T07:18:26.914162-04:00 LESL seed→live transition (seed_last_price=$2.8900)
[SQUEEZE] 2026-05-18T07:20:10.173356-04:00 LNKS seed→live transition (seed_last_price=$1.4900)
[SQUEEZE] 2026-05-18T07:21:04.336927-04:00 CORD seed→live transition (seed_last_price=$6.0000)
[SQUEEZE] 2026-05-18T07:22:01.857901-04:00 SKK seed→live transition (seed_last_price=$4.0300)
[SQUEEZE] 2026-05-18T07:23:06.858440-04:00 LESL seed→live transition (seed_last_price=$2.8900)
[SQUEEZE] 2026-05-18T07:23:12.045171-04:00 ONDG seed→live transition (seed_last_price=$6.4900)
[SQUEEZE] 2026-05-18T07:24:09.778311-04:00 SKYQ seed→live transition (seed_last_price=$3.0400)
[SQUEEZE] 2026-05-18T07:25:01.222727-04:00 FCHL seed→live transition (seed_last_price=$1.7600)
[SQUEEZE] 2026-05-18T07:25:10.917053-04:00 LNKS seed→live transition (seed_last_price=$1.5040)
[SQUEEZE] 2026-05-18T07:26:09.312592-04:00 SST seed→live transition (seed_last_price=$3.0200)
[SQUEEZE] 2026-05-18T07:27:08.888978-04:00 ONDG seed→live transition (seed_last_price=$6.4900)
[SQUEEZE] 2026-05-18T07:27:20.088557-04:00 LESL seed→live transition (seed_last_price=$2.8300)
[SQUEEZE] 2026-05-18T07:29:00.399403-04:00 CORD seed→live transition (seed_last_price=$6.0100)
[SQUEEZE] 2026-05-18T07:29:02.402435-04:00 SKK seed→live transition (seed_last_price=$4.1100)
[SQUEEZE] 2026-05-18T07:29:03.152144-04:00 MOBX seed→live transition (seed_last_price=$2.1900)
[SQUEEZE] 2026-05-18T07:29:10.597180-04:00 LNKS seed→live transition (seed_last_price=$1.5100)
[SQUEEZE] 2026-05-18T07:29:25.182263-04:00 ONDG seed→live transition (seed_last_price=$6.4900)
[SQUEEZE] 2026-05-18T07:30:08.202824-04:00 SKYQ seed→live transition (seed_last_price=$3.0608)
[SQUEEZE] 2026-05-18T07:32:25.592237-04:00 ONDG seed→live transition (seed_last_price=$6.5800)
[SQUEEZE] 2026-05-18T07:33:00.192001-04:00 QUCY SQ_PRIMED: vol=5.2x avg, bar_vol=50,212, price=$3.9400 above VWAP ($3.6294)
[SQUEEZE] 2026-05-18T07:33:10.878258-04:00 SKYQ seed→live transition (seed_last_price=$3.0700)
[SQUEEZE] 2026-05-18T07:33:12.766291-04:00 SKK seed→live transition (seed_last_price=$4.1100)
[SQUEEZE] 2026-05-18T07:34:01.057290-04:00 LESL seed→live transition (seed_last_price=$2.8500)
[SQUEEZE] 2026-05-18T07:35:04.381805-04:00 SLE seed→live transition (seed_last_price=$5.1400)
[SQUEEZE] 2026-05-18T07:36:04.953103-04:00 FCHL seed→live transition (seed_last_price=$1.7100)
[SQUEEZE] 2026-05-18T07:36:07.456899-04:00 LNKS seed→live transition (seed_last_price=$1.4900)
[SQUEEZE] 2026-05-18T07:37:00.191619-04:00 QUCY SQ_RESET: prime_expired (4 bars elapsed)
[SQUEEZE] 2026-05-18T07:38:04.079531-04:00 SKYQ seed→live transition (seed_last_price=$3.0800)
[SQUEEZE] 2026-05-18T07:38:07.774086-04:00 LESL seed→live transition (seed_last_price=$2.8300)
[SQUEEZE] 2026-05-18T07:38:14.014260-04:00 SKK seed→live transition (seed_last_price=$4.1000)
[SQUEEZE] 2026-05-18T07:39:01.310915-04:00 MOBX seed→live transition (seed_last_price=$2.1700)
[SQUEEZE] 2026-05-18T07:40:00.369512-04:00 PIII seed→live transition (seed_last_price=$8.6600)
[SQUEEZE] 2026-05-18T07:42:00.350158-04:00 MOBX seed→live transition (seed_last_price=$2.2300)
[SQUEEZE] 2026-05-18T07:42:25.171070-04:00 LNKS seed→live transition (seed_last_price=$1.4900)
[SQUEEZE] 2026-05-18T07:43:00.049398-04:00 SKK seed→live transition (seed_last_price=$4.1900)
[SQUEEZE] 2026-05-18T07:43:19.797758-04:00 LESL seed→live transition (seed_last_price=$2.8700)
[SQUEEZE] 2026-05-18T07:45:00.061876-04:00 ONDG seed→live transition (seed_last_price=$6.6200)
[SQUEEZE] 2026-05-18T07:45:17.016549-04:00 LESL seed→live transition (seed_last_price=$2.8400)
[SQUEEZE] 2026-05-18T07:46:00.389496-04:00 PIII seed→live transition (seed_last_price=$8.4900)
[SQUEEZE] 2026-05-18T07:46:02.326807-04:00 SLE seed→live transition (seed_last_price=$5.1300)
[SQUEEZE] 2026-05-18T07:48:21.358354-04:00 SKK seed→live transition (seed_last_price=$4.1500)
[SQUEEZE] 2026-05-18T07:49:23.649170-04:00 FCHL seed→live transition (seed_last_price=$1.7159)
[SQUEEZE] 2026-05-18T07:49:29.405090-04:00 LNKS seed→live transition (seed_last_price=$1.4700)
[SQUEEZE] 2026-05-18T07:50:11.387800-04:00 SKYQ seed→live transition (seed_last_price=$3.0000)
[SQUEEZE] 2026-05-18T07:51:01.014614-04:00 SKK seed→live transition (seed_last_price=$4.1200)
[SQUEEZE] 2026-05-18T07:52:10.934283-04:00 LESL seed→live transition (seed_last_price=$2.8000)
[SQUEEZE] 2026-05-18T07:53:01.237892-04:00 SKYQ seed→live transition (seed_last_price=$3.0200)
[SQUEEZE] 2026-05-18T07:54:00.524062-04:00 AEHL seed→live transition (seed_last_price=$3.6400)
[SQUEEZE] 2026-05-18T07:54:14.491451-04:00 SLE seed→live transition (seed_last_price=$5.1800)
[SQUEEZE] 2026-05-18T07:54:14.991564-04:00 PIII seed→live transition (seed_last_price=$8.6560)
[SQUEEZE] 2026-05-18T07:55:07.605511-04:00 FCHL seed→live transition (seed_last_price=$1.6900)
[SQUEEZE] 2026-05-18T07:56:00.062465-04:00 GOVX seed→live transition (seed_last_price=$3.4399)
[SQUEEZE] 2026-05-18T07:56:01.313720-04:00 SKYQ seed→live transition (seed_last_price=$3.0200)
[SQUEEZE] 2026-05-18T07:56:06.637453-04:00 LNKS seed→live transition (seed_last_price=$1.4700)
[SQUEEZE] 2026-05-18T07:57:00.956551-04:00 ONDG seed→live transition (seed_last_price=$6.6300)
[SQUEEZE] 2026-05-18T07:57:09.652458-04:00 SLE seed→live transition (seed_last_price=$5.1400)
[SQUEEZE] 2026-05-18T07:57:29.929092-04:00 FCHL seed→live transition (seed_last_price=$1.6938)
[SQUEEZE] 2026-05-18T07:58:08.475087-04:00 SKYQ seed→live transition (seed_last_price=$2.9700)
[SQUEEZE] 2026-05-18T07:58:17.736826-04:00 LESL seed→live transition (seed_last_price=$2.8000)
[SQUEEZE] 2026-05-18T08:00:11.884270-04:00 SLE seed→live transition (seed_last_price=$5.1300)
[SQUEEZE] 2026-05-18T08:00:16.708900-04:00 PIII seed→live transition (seed_last_price=$8.6600)
[SQUEEZE] 2026-05-18T08:01:29.986657-04:00 SKK seed→live transition (seed_last_price=$4.1000)
[SQUEEZE] 2026-05-18T08:02:01.847868-04:00 LNKS seed→live transition (seed_last_price=$1.4500)
[SQUEEZE] 2026-05-18T08:02:04.782779-04:00 SLE seed→live transition (seed_last_price=$5.1300)
[SQUEEZE] 2026-05-18T08:02:04.852065-04:00 LESL seed→live transition (seed_last_price=$2.7900)
[SQUEEZE] 2026-05-18T08:02:10.359690-04:00 SST seed→live transition (seed_last_price=$3.1000)
[SQUEEZE] 2026-05-18T08:02:25.628922-04:00 SKYQ seed→live transition (seed_last_price=$3.0100)
[SQUEEZE] 2026-05-18T08:02:27.879592-04:00 FCHL seed→live transition (seed_last_price=$1.6903)
[SQUEEZE] 2026-05-18T08:03:00.121511-04:00 SKK seed→live transition (seed_last_price=$4.1000)
[SQUEEZE] 2026-05-18T08:04:01.633261-04:00 SKYQ seed→live transition (seed_last_price=$3.0100)
[SQUEEZE] 2026-05-18T08:04:06.640216-04:00 MOBX seed→live transition (seed_last_price=$2.2300)
[SQUEEZE] 2026-05-18T08:04:12.581769-04:00 PIII seed→live transition (seed_last_price=$8.7000)
[SQUEEZE] 2026-05-18T08:05:19.423312-04:00 SLE seed→live transition (seed_last_price=$5.1300)
[SQUEEZE] 2026-05-18T08:06:00.303479-04:00 GOVX SQ_REJECT: not_new_hod (bar_high=$3.5000 < HOD=$4.2200)
[SQUEEZE] 2026-05-18T08:06:01.799797-04:00 ONDG seed→live transition (seed_last_price=$6.6400)
[SQUEEZE] 2026-05-18T08:06:02.052265-04:00 SKK seed→live transition (seed_last_price=$4.1000)
[SQUEEZE] 2026-05-18T08:06:04.052778-04:00 SKYQ seed→live transition (seed_last_price=$3.0100)
[SQUEEZE] 2026-05-18T08:06:19.573189-04:00 PIII seed→live transition (seed_last_price=$8.6600)
[SQUEEZE] 2026-05-18T08:07:00.069356-04:00 GOVX SQ_REJECT: not_new_hod (bar_high=$3.5700 < HOD=$4.2200)
[SQUEEZE] 2026-05-18T08:08:18.254435-04:00 LNKS seed→live transition (seed_last_price=$1.4500)
[SQUEEZE] 2026-05-18T08:08:19.938210-04:00 PIII seed→live transition (seed_last_price=$8.7000)
[SQUEEZE] 2026-05-18T08:09:03.516929-04:00 MOBX seed→live transition (seed_last_price=$2.2300)
[SQUEEZE] 2026-05-18T08:10:00.163221-04:00 ONDG seed→live transition (seed_last_price=$6.6500)
[SQUEEZE] 2026-05-18T08:12:00.010746-04:00 GOVX SQ_REJECT: not_new_hod (bar_high=$3.4300 < HOD=$4.2200)
[SQUEEZE] 2026-05-18T08:12:01.262209-04:00 SKK seed→live transition (seed_last_price=$4.1000)
[SQUEEZE] 2026-05-18T08:12:16.283238-04:00 SKYQ seed→live transition (seed_last_price=$2.9900)
[SQUEEZE] 2026-05-18T08:12:16.599590-04:00 SLE seed→live transition (seed_last_price=$5.1400)
[SQUEEZE] 2026-05-18T08:14:00.443609-04:00 SLE seed→live transition (seed_last_price=$5.1300)
[SQUEEZE] 2026-05-18T08:14:12.028861-04:00 LNKS seed→live transition (seed_last_price=$1.4500)
[SQUEEZE] 2026-05-18T08:16:16.447906-04:00 LESL seed→live transition (seed_last_price=$2.9000)
[SQUEEZE] 2026-05-18T08:17:03.881120-04:00 SLE seed→live transition (seed_last_price=$5.1400)
[SQUEEZE] 2026-05-18T08:17:13.312063-04:00 SKYQ seed→live transition (seed_last_price=$2.9500)
[SQUEEZE] 2026-05-18T08:17:24.509936-04:00 SKK seed→live transition (seed_last_price=$4.1000)
[SQUEEZE] 2026-05-18T08:18:13.434542-04:00 LNKS seed→live transition (seed_last_price=$1.4300)
[SQUEEZE] 2026-05-18T08:18:28.214915-04:00 LESL seed→live transition (seed_last_price=$2.9000)
[SQUEEZE] 2026-05-18T08:21:02.884616-04:00 LESL seed→live transition (seed_last_price=$2.9000)
[SQUEEZE] 2026-05-18T08:21:25.914351-04:00 FCHL seed→live transition (seed_last_price=$1.7797)
[SQUEEZE] 2026-05-18T08:22:21.739821-04:00 SKYQ seed→live transition (seed_last_price=$2.9006)
[SQUEEZE] 2026-05-18T08:22:28.314249-04:00 SKK seed→live transition (seed_last_price=$4.1100)
[SQUEEZE] 2026-05-18T08:23:09.870099-04:00 SST seed→live transition (seed_last_price=$3.0300)
[SQUEEZE] 2026-05-18T08:25:09.366700-04:00 ONDG seed→live transition (seed_last_price=$6.7000)
[SQUEEZE] 2026-05-18T08:25:13.440571-04:00 LESL seed→live transition (seed_last_price=$3.0100)
[SQUEEZE] 2026-05-18T08:25:28.895381-04:00 SKYQ seed→live transition (seed_last_price=$2.9000)
[SQUEEZE] 2026-05-18T08:27:09.348202-04:00 PIII seed→live transition (seed_last_price=$8.7500)
[SQUEEZE] 2026-05-18T08:29:02.383743-04:00 MOBX seed→live transition (seed_last_price=$2.2100)
[SQUEEZE] 2026-05-18T08:29:04.135704-04:00 AEHL seed→live transition (seed_last_price=$3.6000)
[SQUEEZE] 2026-05-18T08:29:07.825423-04:00 SKYQ seed→live transition (seed_last_price=$2.9400)
[SQUEEZE] 2026-05-18T08:29:28.038368-04:00 LNKS seed→live transition (seed_last_price=$1.4600)
[SQUEEZE] 2026-05-18T08:31:00.171513-04:00 GOVX SQ_REJECT: not_new_hod (bar_high=$3.4300 < HOD=$4.2200)
[SQUEEZE] 2026-05-18T08:31:00.488887-04:00 ONDG seed→live transition (seed_last_price=$6.6700)
[SQUEEZE] 2026-05-18T08:31:18.017054-04:00 SST seed→live transition (seed_last_price=$3.0200)
[SQUEEZE] 2026-05-18T08:32:15.346163-04:00 PIII seed→live transition (seed_last_price=$8.9200)
[SQUEEZE] 2026-05-18T08:32:27.113443-04:00 LNKS seed→live transition (seed_last_price=$1.4600)
[SQUEEZE] 2026-05-18T08:33:04.415496-04:00 MOBX seed→live transition (seed_last_price=$2.1900)
[SQUEEZE] 2026-05-18T08:33:05.100178-04:00 LESL seed→live transition (seed_last_price=$2.9600)
[SQUEEZE] 2026-05-18T08:35:23.433375-04:00 SKYQ seed→live transition (seed_last_price=$2.9214)
[SQUEEZE] 2026-05-18T08:36:03.238522-04:00 PIII seed→live transition (seed_last_price=$8.8746)
[SQUEEZE] 2026-05-18T08:36:17.076629-04:00 SST seed→live transition (seed_last_price=$3.0200)
[SQUEEZE] 2026-05-18T08:37:01.884895-04:00 SKYQ seed→live transition (seed_last_price=$2.9300)
[SQUEEZE] 2026-05-18T08:37:11.397486-04:00 LNKS seed→live transition (seed_last_price=$1.4300)
[SQUEEZE] 2026-05-18T08:39:01.383863-04:00 MOBX seed→live transition (seed_last_price=$2.1900)
[SQUEEZE] 2026-05-18T08:39:12.423392-04:00 FCHL seed→live transition (seed_last_price=$1.7100)
[SQUEEZE] 2026-05-18T08:41:01.070742-04:00 ATRA seed→live transition (seed_last_price=$9.2300)
[SQUEEZE] 2026-05-18T08:41:01.571019-04:00 LESL seed→live transition (seed_last_price=$2.9600)
[SQUEEZE] 2026-05-18T08:42:10.165676-04:00 LNKS seed→live transition (seed_last_price=$1.4348)
[SQUEEZE] 2026-05-18T08:44:02.316480-04:00 SKK seed→live transition (seed_last_price=$4.1100)
[SQUEEZE] 2026-05-18T08:44:16.904359-04:00 SKYQ seed→live transition (seed_last_price=$2.9400)
[SQUEEZE] 2026-05-18T08:46:12.129738-04:00 LNKS seed→live transition (seed_last_price=$1.4348)
[SQUEEZE] 2026-05-18T08:47:24.045027-04:00 LESL seed→live transition (seed_last_price=$2.9600)
[SQUEEZE] 2026-05-18T08:49:05.604922-04:00 LNKS seed→live transition (seed_last_price=$1.4348)
[SQUEEZE] 2026-05-18T08:50:06.639556-04:00 PIII seed→live transition (seed_last_price=$9.0000)
[SQUEEZE] 2026-05-18T08:51:22.991320-04:00 SKYQ seed→live transition (seed_last_price=$2.9000)
[SQUEEZE] 2026-05-18T08:53:06.126953-04:00 SKK seed→live transition (seed_last_price=$4.4300)
[SQUEEZE] 2026-05-18T08:53:10.883492-04:00 FCHL seed→live transition (seed_last_price=$1.7033)
[SQUEEZE] 2026-05-18T08:55:00.046286-04:00 LESL seed→live transition (seed_last_price=$2.9700)
[SQUEEZE] 2026-05-18T08:56:00.311357-04:00 QUCY SQ_PRIMED: vol=4.4x avg, bar_vol=81,749, price=$4.3300 above VWAP ($3.9200)
[SQUEEZE] 2026-05-18T08:57:00.460066-04:00 AEHL seed→live transition (seed_last_price=$3.5500)
[SQUEEZE] 2026-05-18T08:58:09.235584-04:00 LNKS seed→live transition (seed_last_price=$1.4897)
[SQUEEZE] 2026-05-18T08:59:04.688691-04:00 ONDG seed→live transition (seed_last_price=$6.7200)
[SQUEEZE] 2026-05-18T09:00:00.553143-04:00 QUCY SQ_RESET: prime_expired (4 bars elapsed)
[SQUEEZE] 2026-05-18T09:00:03.989617-04:00 LESL seed→live transition (seed_last_price=$3.0591)
[SQUEEZE] 2026-05-18T09:00:17.824421-04:00 SKYQ seed→live transition (seed_last_price=$2.8800)
[SQUEEZE] 2026-05-18T09:01:04.638690-04:00 SST seed→live transition (seed_last_price=$3.0012)
[SQUEEZE] 2026-05-18T09:01:06.825643-04:00 SKK seed→live transition (seed_last_price=$4.7900)
[SQUEEZE] 2026-05-18T09:04:23.946328-04:00 SST seed→live transition (seed_last_price=$3.0000)
[SQUEEZE] 2026-05-18T09:06:05.092617-04:00 LNKS seed→live transition (seed_last_price=$1.4100)
[SQUEEZE] 2026-05-18T09:08:04.286929-04:00 LESL seed→live transition (seed_last_price=$3.0000)
[SQUEEZE] 2026-05-18T09:09:02.305571-04:00 SST seed→live transition (seed_last_price=$2.9500)
[SQUEEZE] 2026-05-18T09:15:00.192456-04:00 SST seed→live transition (seed_last_price=$2.9600)
[SQUEEZE] 2026-05-18T09:15:00.376267-04:00 LNKS seed→live transition (seed_last_price=$1.3800)
[SQUEEZE] 2026-05-18T09:16:06.032151-04:00 LESL seed→live transition (seed_last_price=$2.9000)
[SQUEEZE] 2026-05-18T09:16:09.469850-04:00 SKYQ seed→live transition (seed_last_price=$2.9000)
[SQUEEZE] 2026-05-18T09:18:02.326724-04:00 MOBX seed→live transition (seed_last_price=$2.3800)
[SQUEEZE] 2026-05-18T09:18:07.149597-04:00 LESL seed→live transition (seed_last_price=$2.9000)
[SQUEEZE] 2026-05-18T09:20:01.829726-04:00 LNKS seed→live transition (seed_last_price=$1.3800)
[SQUEEZE] 2026-05-18T09:20:24.613958-04:00 SST seed→live transition (seed_last_price=$2.9600)
[SQUEEZE] 2026-05-18T09:22:02.756633-04:00 PIII seed→live transition (seed_last_price=$9.1500)
[SQUEEZE] 2026-05-18T09:22:04.264611-04:00 SKK seed→live transition (seed_last_price=$4.6700)
[SQUEEZE] 2026-05-18T09:23:06.594386-04:00 LNKS seed→live transition (seed_last_price=$1.4000)
[SQUEEZE] 2026-05-18T09:23:07.595238-04:00 SKYQ seed→live transition (seed_last_price=$2.8700)
[SQUEEZE] 2026-05-18T09:24:05.600603-04:00 ONDG seed→live transition (seed_last_price=$6.6500)
[SQUEEZE] 2026-05-18T09:25:04.104625-04:00 SKK seed→live transition (seed_last_price=$4.7600)
[SQUEEZE] 2026-05-18T09:25:14.053574-04:00 SKYQ seed→live transition (seed_last_price=$2.8800)
[SQUEEZE] 2026-05-18T09:26:02.692729-04:00 LESL seed→live transition (seed_last_price=$2.9400)
[SQUEEZE] 2026-05-18T09:26:21.467906-04:00 FCHL seed→live transition (seed_last_price=$1.7000)
[SQUEEZE] 2026-05-18T09:27:01.277165-04:00 LNKS seed→live transition (seed_last_price=$1.4000)
[SQUEEZE] 2026-05-18T09:27:12.792239-04:00 SKYQ seed→live transition (seed_last_price=$2.9100)
[SQUEEZE] 2026-05-18T09:28:02.029005-04:00 AEHL seed→live transition (seed_last_price=$3.6200)
[SQUEEZE] 2026-05-18T09:28:07.786796-04:00 MOBX seed→live transition (seed_last_price=$2.3800)
[SQUEEZE] 2026-05-18T09:29:14.831271-04:00 SST seed→live transition (seed_last_price=$2.9300)
[SQUEEZE] 2026-05-18T09:29:23.754817-04:00 ATRA seed→live transition (seed_last_price=$9.2300)
[SQUEEZE] 2026-05-18T09:30:01.221834-04:00 FCHL seed→live transition (seed_last_price=$1.7000)
[SQUEEZE] 2026-05-18T09:30:01.722582-04:00 LNKS seed→live transition (seed_last_price=$1.3400)
[SQUEEZE] 2026-05-18T09:31:00.085708-04:00 SBFM SQ_REJECT: not_new_hod (bar_high=$1.9700 < HOD=$2.6400)
[SQUEEZE] 2026-05-18T09:31:00.153017-04:00 CORD SQ_PRIMED: vol=4.4x avg, bar_vol=54,138, price=$6.2500 above VWAP ($5.8533)
  ARMED entry=6.0200 stop=5.8700 R=0.1500 score=7.9 level=whole_dollar setup_type=squeeze [PROBE=50%] why=squeeze: base=5.0;vol_extra=+1.9;vwap_dist=+1.0(7%)
[SQUEEZE] 2026-05-18T09:31:00.153329-04:00 CORD ENTRY qty=8000 ibkr_signal=$6.2500 stop=$5.8700 R=$0.1500 risk=$2421 notional=$50,000 score=7.9
[QUOTE_AWARE] CORD BUY limit=6.3000 from alpaca_ask=6.2700 (ibkr_signal+buffer=6.2812) quote_age_ms=296
[SQUEEZE] 2026-05-18T09:31:00.540637-04:00 BROKER ORDER: 34914de2-3363-4d27-8387-1f820a07735d BUY 8000 CORD @ $6.30
[SQUEEZE] 2026-05-18T09:31:02.090416-04:00 SKYQ seed→live transition (seed_last_price=$2.9100)
[QUOTE_AWARE] CORD BUY limit=6.3500 from alpaca_ask=6.3200 (ibkr_signal+buffer=6.2812) quote_age_ms=337
[SQUEEZE] 2026-05-18T09:31:11.785085-04:00 BROKER ORDER: 859d355a-78d3-4c19-b901-2347c157b445 BUY 8000 CORD @ $6.35 [RETRY 1/3]
[QUOTE_AWARE] CORD BUY limit=6.4600 from alpaca_ask=6.4300 (ibkr_signal+buffer=6.2812) quote_age_ms=200
[SQUEEZE] 2026-05-18T09:31:22.610186-04:00 CORD ORDER TIMEOUT: BUY reprice $6.4600 exceeds max chase $6.4260 (2.0% above original $6.3000) after 2 retries — giving up
[SQUEEZE] 2026-05-18T09:33:00.106049-04:00 GOVX SQ_REJECT: not_new_hod (bar_high=$3.4600 < HOD=$4.2200)
[SQUEEZE] 2026-05-18T09:34:00.032782-04:00 GOVX SQ_REJECT: not_new_hod (bar_high=$3.7000 < HOD=$4.2200)
[SQUEEZE] 2026-05-18T09:34:04.696328-04:00 LNKS seed→live transition (seed_last_price=$1.3700)
[SQUEEZE] 2026-05-18T09:35:00.102593-04:00 GOVX SQ_REJECT: not_new_hod (bar_high=$3.8699 < HOD=$4.2200)
[SQUEEZE] 2026-05-18T09:35:00.670150-04:00 SST seed→live transition (seed_last_price=$3.0200)
[SQUEEZE] 2026-05-18T09:36:00.461889-04:00 ATRA seed→live transition (seed_last_price=$9.4200)
[SQUEEZE] 2026-05-18T09:37:00.072480-04:00 GOVX SQ_REJECT: not_new_hod (bar_high=$3.8438 < HOD=$4.2200)
[SQUEEZE] 2026-05-18T09:37:00.072652-04:00 SBFM seed→live transition (seed_last_price=$1.9700)
[SQUEEZE] 2026-05-18T09:37:00.072726-04:00 SBFM SQ_REJECT: not_new_hod (bar_high=$2.2300 < HOD=$2.6400)
[SQUEEZE] 2026-05-18T09:37:15.352626-04:00 FCHL seed→live transition (seed_last_price=$1.7600)
[SQUEEZE] 2026-05-18T09:37:27.875030-04:00 SKK seed→live transition (seed_last_price=$4.8000)
[SQUEEZE] 2026-05-18T09:38:00.001306-04:00 GOVX SQ_REJECT: not_new_hod (bar_high=$4.0599 < HOD=$4.2200)
[SQUEEZE] 2026-05-18T09:38:04.259170-04:00 SKYQ seed→live transition (seed_last_price=$2.9000)
[SQUEEZE] 2026-05-18T09:40:01.889323-04:00 ATRA seed→live transition (seed_last_price=$9.4100)
[SQUEEZE] 2026-05-18T09:42:01.040226-04:00 LESL seed→live transition (seed_last_price=$3.0299)
[SQUEEZE] 2026-05-18T09:44:07.833691-04:00 SKYQ seed→live transition (seed_last_price=$2.9200)
[SQUEEZE] 2026-05-18T09:46:08.329104-04:00 ATRA seed→live transition (seed_last_price=$9.3100)
[SQUEEZE] 2026-05-18T09:48:00.418178-04:00 LESL seed→live transition (seed_last_price=$2.9400)
[SQUEEZE] 2026-05-18T09:48:00.607565-04:00 SST seed→live transition (seed_last_price=$2.9300)
[SQUEEZE] 2026-05-18T09:48:06.370013-04:00 FCHL seed→live transition (seed_last_price=$1.6500)
[SQUEEZE] 2026-05-18T09:48:09.877683-04:00 ATRA seed→live transition (seed_last_price=$9.2600)
[SQUEEZE] 2026-05-18T09:49:00.355916-04:00 LNKS seed→live transition (seed_last_price=$1.4600)
[SQUEEZE] 2026-05-18T09:49:12.385485-04:00 SKK seed→live transition (seed_last_price=$4.6500)
[SQUEEZE] 2026-05-18T09:53:00.038186-04:00 SBFM seed→live transition (seed_last_price=$2.1400)
[SQUEEZE] 2026-05-18T09:53:00.038646-04:00 ATRA seed→live transition (seed_last_price=$9.1400)
[SQUEEZE] 2026-05-18T09:54:11.620107-04:00 FCHL seed→live transition (seed_last_price=$1.5900)
[SQUEEZE] 2026-05-18T09:55:16.081911-04:00 SKK seed→live transition (seed_last_price=$4.5000)
[SQUEEZE] 2026-05-18T09:56:09.191464-04:00 SKYQ seed→live transition (seed_last_price=$2.9500)
[SQUEEZE] 2026-05-18T09:56:13.451177-04:00 FCHL seed→live transition (seed_last_price=$1.6100)
[SQUEEZE] 2026-05-18T09:57:03.312838-04:00 ATRA seed→live transition (seed_last_price=$9.1400)
[SQUEEZE] 2026-05-18T09:57:11.262713-04:00 LNKS seed→live transition (seed_last_price=$1.5000)
[SQUEEZE] 2026-05-18T09:58:06.199465-04:00 SST seed→live transition (seed_last_price=$2.9700)
[SQUEEZE] 2026-05-18T09:59:00.310944-04:00 ATRA seed→live transition (seed_last_price=$9.1400)
[SQUEEZE] 2026-05-18T09:59:08.199644-04:00 FCHL seed→live transition (seed_last_price=$1.6600)
[SQUEEZE] 2026-05-18T10:00:21.429643-04:00 LNKS seed→live transition (seed_last_price=$1.5500)
[SQUEEZE] 2026-05-18T10:01:00.070770-04:00 ATRA seed→live transition (seed_last_price=$9.1000)
[SQUEEZE] 2026-05-18T10:02:15.919318-04:00 SKK seed→live transition (seed_last_price=$4.6000)
[SQUEEZE] 2026-05-18T10:04:05.154028-04:00 ATRA seed→live transition (seed_last_price=$9.1000)
[SQUEEZE] 2026-05-18T10:05:00.611878-04:00 SST seed→live transition (seed_last_price=$3.0000)
[SQUEEZE] 2026-05-18T10:06:03.355601-04:00 SKYQ seed→live transition (seed_last_price=$2.9700)
[SQUEEZE] 2026-05-18T10:06:26.904225-04:00 FCHL seed→live transition (seed_last_price=$1.6302)
[SQUEEZE] 2026-05-18T10:07:04.964084-04:00 SST seed→live transition (seed_last_price=$3.0000)
[SQUEEZE] 2026-05-18T10:07:21.155412-04:00 SBFM seed→live transition (seed_last_price=$1.3700)
[SQUEEZE] 2026-05-18T10:09:00.057833-04:00 GOVX seed→live transition (seed_last_price=$3.2400)
[SQUEEZE] 2026-05-18T10:10:01.783735-04:00 SKK seed→live transition (seed_last_price=$4.4500)
[SQUEEZE] 2026-05-18T10:11:01.654809-04:00 SKYQ seed→live transition (seed_last_price=$3.0150)
[SQUEEZE] 2026-05-18T10:14:00.004276-04:00 SBFM seed→live transition (seed_last_price=$1.4300)
[SQUEEZE] 2026-05-18T10:14:24.642969-04:00 FCHL seed→live transition (seed_last_price=$1.6802)
[SQUEEZE] 2026-05-18T10:16:05.587719-04:00 SST seed→live transition (seed_last_price=$2.9829)
[SQUEEZE] 2026-05-18T10:16:10.095807-04:00 LESL seed→live transition (seed_last_price=$2.9288)
[SQUEEZE] 2026-05-18T10:16:11.349481-04:00 FCHL seed→live transition (seed_last_price=$1.6800)
[SQUEEZE] 2026-05-18T10:17:25.746818-04:00 SKK seed→live transition (seed_last_price=$4.5200)
[SQUEEZE] 2026-05-18T10:18:16.852115-04:00 ATRA seed→live transition (seed_last_price=$9.1500)
[SQUEEZE] 2026-05-18T10:20:00.080490-04:00 SBFM seed→live transition (seed_last_price=$1.7000)
[SQUEEZE] 2026-05-18T10:20:08.616770-04:00 SKYQ seed→live transition (seed_last_price=$2.9000)
[SQUEEZE] 2026-05-18T10:20:10.688025-04:00 SKK seed→live transition (seed_last_price=$4.5200)
[SQUEEZE] 2026-05-18T10:22:13.753290-04:00 SKK seed→live transition (seed_last_price=$4.5201)
[SQUEEZE] 2026-05-18T10:23:06.355706-04:00 ATRA seed→live transition (seed_last_price=$9.1000)
[SQUEEZE] 2026-05-18T10:23:06.537856-04:00 SKYQ seed→live transition (seed_last_price=$2.9164)
[SQUEEZE] 2026-05-18T10:25:10.720637-04:00 SKK seed→live transition (seed_last_price=$4.5450)
[SQUEEZE] 2026-05-18T10:26:00.879321-04:00 SST seed→live transition (seed_last_price=$3.0050)
[SQUEEZE] 2026-05-18T10:26:15.591593-04:00 FCHL seed→live transition (seed_last_price=$1.6800)
[SQUEEZE] 2026-05-18T10:27:00.243242-04:00 SLE seed→live transition (seed_last_price=$4.4900)
[SQUEEZE] 2026-05-18T10:28:05.867511-04:00 SKK seed→live transition (seed_last_price=$4.5400)
[SQUEEZE] 2026-05-18T10:29:21.404720-04:00 ATRA seed→live transition (seed_last_price=$9.1900)
[SQUEEZE] 2026-05-18T10:30:00.414117-04:00 FCHL seed→live transition (seed_last_price=$1.6700)
[SQUEEZE] 2026-05-18T10:30:00.480428-04:00 LNKS seed→live transition (seed_last_price=$1.5451)
[SQUEEZE] 2026-05-18T10:31:00.143628-04:00 SBFM seed→live transition (seed_last_price=$1.6100)
[SQUEEZE] 2026-05-18T10:32:27.388021-04:00 FCHL seed→live transition (seed_last_price=$1.6600)
[SQUEEZE] 2026-05-18T10:33:03.967412-04:00 SST seed→live transition (seed_last_price=$3.0000)
[SQUEEZE] 2026-05-18T10:34:05.237758-04:00 ATRA seed→live transition (seed_last_price=$9.1600)
[SQUEEZE] 2026-05-18T10:36:01.894486-04:00 SKK seed→live transition (seed_last_price=$4.6700)
[SQUEEZE] 2026-05-18T10:38:15.346853-04:00 LNKS seed→live transition (seed_last_price=$1.6000)
[SQUEEZE] 2026-05-18T10:39:01.259831-04:00 SST seed→live transition (seed_last_price=$3.0100)
[SQUEEZE] 2026-05-18T10:39:06.201991-04:00 FCHL seed→live transition (seed_last_price=$1.6800)
[SQUEEZE] 2026-05-18T10:40:00.953927-04:00 SBFM seed→live transition (seed_last_price=$1.9000)
[SQUEEZE] 2026-05-18T10:40:03.379031-04:00 SKK seed→live transition (seed_last_price=$4.5900)
[SQUEEZE] 2026-05-18T10:40:12.464697-04:00 ATRA seed→live transition (seed_last_price=$9.1400)
[SQUEEZE] 2026-05-18T10:42:11.889894-04:00 ATRA seed→live transition (seed_last_price=$9.1400)
[SQUEEZE] 2026-05-18T10:43:01.990401-04:00 SKYQ seed→live transition (seed_last_price=$2.8100)
[SQUEEZE] 2026-05-18T10:44:08.686878-04:00 FCHL seed→live transition (seed_last_price=$1.6800)
[SQUEEZE] 2026-05-18T10:46:11.145827-04:00 SKK seed→live transition (seed_last_price=$4.7600)
[SQUEEZE] 2026-05-18T10:47:00.059094-04:00 LNKS seed→live transition (seed_last_price=$1.6100)
[SQUEEZE] 2026-05-18T10:49:00.231286-04:00 SBFM SQ_REJECT: not_new_hod (bar_high=$1.8700 < HOD=$2.6400)
[SQUEEZE] 2026-05-18T10:50:08.878832-04:00 SST seed→live transition (seed_last_price=$3.0700)
[SQUEEZE] 2026-05-18T10:51:10.146451-04:00 SKK seed→live transition (seed_last_price=$4.6500)
[SQUEEZE] 2026-05-18T10:51:10.828000-04:00 LNKS seed→live transition (seed_last_price=$1.5800)
[SQUEEZE] 2026-05-18T10:51:16.095585-04:00 FCHL seed→live transition (seed_last_price=$1.6557)
[SQUEEZE] 2026-05-18T10:53:09.330371-04:00 LNKS seed→live transition (seed_last_price=$1.5800)
[SQUEEZE] 2026-05-18T10:54:07.185141-04:00 PIII seed→live transition (seed_last_price=$8.3399)
[SQUEEZE] 2026-05-18T10:55:02.607035-04:00 SST seed→live transition (seed_last_price=$3.0900)
[SQUEEZE] 2026-05-18T10:55:08.863711-04:00 SKYQ seed→live transition (seed_last_price=$2.8050)
[SQUEEZE] 2026-05-18T10:58:04.744115-04:00 ATRA seed→live transition (seed_last_price=$9.1500)
[SQUEEZE] 2026-05-18T10:58:21.031154-04:00 SKYQ seed→live transition (seed_last_price=$2.8200)
[SQUEEZE] 2026-05-18T10:59:02.680790-04:00 FCHL seed→live transition (seed_last_price=$1.6600)
[SQUEEZE] 2026-05-18T10:59:07.688090-04:00 SST seed→live transition (seed_last_price=$3.0700)
[SQUEEZE] 2026-05-18T11:00:04.380739-04:00 PIII seed→live transition (seed_last_price=$8.3900)
[SQUEEZE] 2026-05-18T11:00:08.803655-04:00 LNKS seed→live transition (seed_last_price=$1.5500)
[SQUEEZE] 2026-05-18T11:00:11.852101-04:00 SLE seed→live transition (seed_last_price=$4.6300)
[SQUEEZE] 2026-05-18T11:02:17.282019-04:00 SLE seed→live transition (seed_last_price=$4.5900)
[SQUEEZE] 2026-05-18T11:04:10.750247-04:00 PIII seed→live transition (seed_last_price=$8.4800)
[SQUEEZE] 2026-05-18T11:05:00.172764-04:00 SBFM seed→live transition (seed_last_price=$1.6300)
[SQUEEZE] 2026-05-18T11:05:26.480159-04:00 SKK seed→live transition (seed_last_price=$4.6650)
[SQUEEZE] 2026-05-18T11:05:27.296781-04:00 SKYQ seed→live transition (seed_last_price=$2.8600)
[SQUEEZE] 2026-05-18T11:06:01.898622-04:00 LNKS seed→live transition (seed_last_price=$1.6100)
[SQUEEZE] 2026-05-18T11:06:14.930459-04:00 SLE seed→live transition (seed_last_price=$4.6300)
[SQUEEZE] 2026-05-18T11:07:03.830571-04:00 FCHL seed→live transition (seed_last_price=$1.6500)
[SQUEEZE] 2026-05-18T11:07:04.330207-04:00 PIII seed→live transition (seed_last_price=$8.5400)
[SQUEEZE] 2026-05-18T11:09:13.649847-04:00 SKYQ seed→live transition (seed_last_price=$2.8600)
[SQUEEZE] 2026-05-18T11:10:10.280081-04:00 SLE seed→live transition (seed_last_price=$4.7100)
[SQUEEZE] 2026-05-18T11:10:12.168871-04:00 LNKS seed→live transition (seed_last_price=$1.6100)
[SQUEEZE] 2026-05-18T11:11:00.146484-04:00 SBFM seed→live transition (seed_last_price=$1.7300)
[SQUEEZE] 2026-05-18T11:12:15.504332-04:00 LNKS seed→live transition (seed_last_price=$1.6000)
[SQUEEZE] 2026-05-18T11:12:21.950121-04:00 FCHL seed→live transition (seed_last_price=$1.6600)
[SQUEEZE] 2026-05-18T11:14:04.219579-04:00 LNKS seed→live transition (seed_last_price=$1.6100)
[SQUEEZE] 2026-05-18T11:15:04.483838-04:00 FCHL seed→live transition (seed_last_price=$1.6600)
[SQUEEZE] 2026-05-18T11:16:02.437013-04:00 SLE seed→live transition (seed_last_price=$4.7000)
[SQUEEZE] 2026-05-18T11:17:14.651890-04:00 SKK seed→live transition (seed_last_price=$4.6000)
[SQUEEZE] 2026-05-18T11:18:00.171045-04:00 SBFM seed→live transition (seed_last_price=$1.5500)
[SQUEEZE] 2026-05-18T11:19:13.151920-04:00 SST seed→live transition (seed_last_price=$3.0500)
[SQUEEZE] 2026-05-18T11:20:00.198871-04:00 ATRA seed→live transition (seed_last_price=$9.0000)
[SQUEEZE] 2026-05-18T11:20:15.232911-04:00 FCHL seed→live transition (seed_last_price=$1.6600)
[SQUEEZE] 2026-05-18T11:21:17.028008-04:00 LNKS seed→live transition (seed_last_price=$1.6200)
[SQUEEZE] 2026-05-18T11:22:02.305726-04:00 SST seed→live transition (seed_last_price=$3.0700)
[SQUEEZE] 2026-05-18T11:23:04.479765-04:00 SKK seed→live transition (seed_last_price=$4.5700)
[SQUEEZE] 2026-05-18T11:24:00.081311-04:00 SBFM seed→live transition (seed_last_price=$1.3300)
[SQUEEZE] 2026-05-18T11:24:01.584010-04:00 SKYQ seed→live transition (seed_last_price=$2.9300)
[SQUEEZE] 2026-05-18T11:24:16.612510-04:00 LNKS seed→live transition (seed_last_price=$1.6200)
[SQUEEZE] 2026-05-18T11:26:04.432257-04:00 ATRA seed→live transition (seed_last_price=$9.0000)
[SQUEEZE] 2026-05-18T11:26:08.689717-04:00 FCHL seed→live transition (seed_last_price=$1.6600)
[SQUEEZE] 2026-05-18T11:26:13.699904-04:00 PIII seed→live transition (seed_last_price=$8.5200)
[SQUEEZE] 2026-05-18T11:27:20.015701-04:00 SKK seed→live transition (seed_last_price=$4.3000)
[SQUEEZE] 2026-05-18T11:28:03.861737-04:00 LNKS seed→live transition (seed_last_price=$1.6100)
[SQUEEZE] 2026-05-18T11:29:00.028754-04:00 SST seed→live transition (seed_last_price=$3.0600)
[SQUEEZE] 2026-05-18T11:29:01.283198-04:00 SLE seed→live transition (seed_last_price=$4.7800)
[SQUEEZE] 2026-05-18T11:31:00.093024-04:00 SKK seed→live transition (seed_last_price=$4.3300)
[SQUEEZE] 2026-05-18T11:31:04.102075-04:00 ATRA seed→live transition (seed_last_price=$9.0300)
[SQUEEZE] 2026-05-18T11:33:01.810947-04:00 SKYQ seed→live transition (seed_last_price=$2.9000)
[SQUEEZE] 2026-05-18T11:33:04.999888-04:00 LESL seed→live transition (seed_last_price=$2.5640)
[SQUEEZE] 2026-05-18T11:34:02.369240-04:00 LNKS seed→live transition (seed_last_price=$1.6293)
[SQUEEZE] 2026-05-18T11:34:06.445876-04:00 SKK seed→live transition (seed_last_price=$4.3700)
[SQUEEZE] 2026-05-18T11:35:00.076736-04:00 QUCY SQ_REJECT: not_new_hod (bar_high=$4.0900 < HOD=$4.4501)
[SQUEEZE] 2026-05-18T11:35:25.196072-04:00 PIII seed→live transition (seed_last_price=$8.2001)
[SQUEEZE] 2026-05-18T11:36:06.460464-04:00 FCHL seed→live transition (seed_last_price=$1.6601)
[SQUEEZE] 2026-05-18T11:37:12.069703-04:00 SKK seed→live transition (seed_last_price=$4.2500)
[SQUEEZE] 2026-05-18T11:38:03.155957-04:00 ATRA seed→live transition (seed_last_price=$9.0300)
[SQUEEZE] 2026-05-18T11:40:06.513301-04:00 FCHL seed→live transition (seed_last_price=$1.6700)
[SQUEEZE] 2026-05-18T11:40:11.761492-04:00 SKK seed→live transition (seed_last_price=$4.3400)
[SQUEEZE] 2026-05-18T11:41:23.277507-04:00 LNKS seed→live transition (seed_last_price=$1.6074)
[SQUEEZE] 2026-05-18T11:42:01.851954-04:00 LESL seed→live transition (seed_last_price=$2.5200)
[SQUEEZE] 2026-05-18T11:42:20.635565-04:00 SKYQ seed→live transition (seed_last_price=$2.8600)
[SQUEEZE] 2026-05-18T11:43:01.456082-04:00 LNKS seed→live transition (seed_last_price=$1.6100)
[SQUEEZE] 2026-05-18T11:43:19.421495-04:00 PIII seed→live transition (seed_last_price=$8.2000)
[SQUEEZE] 2026-05-18T11:44:09.576314-04:00 FCHL seed→live transition (seed_last_price=$1.6700)
[SQUEEZE] 2026-05-18T11:45:05.876299-04:00 SBFM seed→live transition (seed_last_price=$1.0900)
[SQUEEZE] 2026-05-18T11:46:01.509887-04:00 LESL seed→live transition (seed_last_price=$2.5100)
[SQUEEZE] 2026-05-18T11:46:27.988536-04:00 SKYQ seed→live transition (seed_last_price=$2.8600)
[SQUEEZE] 2026-05-18T11:47:09.376916-04:00 FCHL seed→live transition (seed_last_price=$1.6700)
[SQUEEZE] 2026-05-18T11:49:08.531869-04:00 SLE seed→live transition (seed_last_price=$4.8500)
[SQUEEZE] 2026-05-18T11:50:01.959821-04:00 LNKS seed→live transition (seed_last_price=$1.6300)
[SQUEEZE] 2026-05-18T11:50:08.126138-04:00 FCHL seed→live transition (seed_last_price=$1.6700)
[SQUEEZE] 2026-05-18T11:52:14.293278-04:00 SLE seed→live transition (seed_last_price=$4.7600)
[SQUEEZE] 2026-05-18T11:53:09.393975-04:00 FCHL seed→live transition (seed_last_price=$1.6800)
[SQUEEZE] 2026-05-18T11:53:23.676203-04:00 SKK seed→live transition (seed_last_price=$4.3400)
[SQUEEZE] 2026-05-18T11:54:04.501011-04:00 SKYQ seed→live transition (seed_last_price=$2.8450)
[SQUEEZE] 2026-05-18T11:54:05.001517-04:00 SLE seed→live transition (seed_last_price=$4.8000)
[SQUEEZE] 2026-05-18T11:54:21.461791-04:00 LNKS seed→live transition (seed_last_price=$1.6293)
[SQUEEZE] 2026-05-18T11:56:04.828360-04:00 ATRA seed→live transition (seed_last_price=$9.0300)
[SQUEEZE] 2026-05-18T11:56:19.537405-04:00 SKYQ seed→live transition (seed_last_price=$2.8500)
[SQUEEZE] 2026-05-18T11:57:23.157667-04:00 LNKS seed→live transition (seed_last_price=$1.6200)
[SQUEEZE] 2026-05-18T11:58:09.060323-04:00 SST seed→live transition (seed_last_price=$3.0100)
[SQUEEZE] 2026-05-18T11:58:10.994080-04:00 SKK seed→live transition (seed_last_price=$4.3950)
[SQUEEZE] 2026-05-18T12:00:09.485082-04:00 FCHL seed→live transition (seed_last_price=$1.6900)
[SQUEEZE] 2026-05-18T12:01:02.987204-04:00 SKK seed→live transition (seed_last_price=$4.2403)
[SQUEEZE] 2026-05-18T12:01:12.505374-04:00 LNKS seed→live transition (seed_last_price=$1.6200)
[SQUEEZE] 2026-05-18T12:01:17.764446-04:00 SKYQ seed→live transition (seed_last_price=$2.8578)
[SQUEEZE] 2026-05-18T12:04:00.144853-04:00 SBFM seed→live transition (seed_last_price=$1.2500)
[SQUEEZE] 2026-05-18T12:04:04.653309-04:00 SKYQ seed→live transition (seed_last_price=$2.8550)
[SQUEEZE] 2026-05-18T12:07:16.034776-04:00 ATRA seed→live transition (seed_last_price=$9.0900)
[SQUEEZE] 2026-05-18T12:07:19.792361-04:00 SLE seed→live transition (seed_last_price=$4.8000)
[SQUEEZE] 2026-05-18T12:09:06.240914-04:00 SKYQ seed→live transition (seed_last_price=$2.8600)
[SQUEEZE] 2026-05-18T12:11:06.213303-04:00 FCHL seed→live transition (seed_last_price=$1.7200)
[SQUEEZE] 2026-05-18T12:12:22.604519-04:00 LNKS seed→live transition (seed_last_price=$1.6600)
[SQUEEZE] 2026-05-18T12:14:26.941708-04:00 SKK seed→live transition (seed_last_price=$4.2700)
[SQUEEZE] 2026-05-18T12:15:02.281548-04:00 PIII seed→live transition (seed_last_price=$7.7001)
[SQUEEZE] 2026-05-18T12:15:02.968048-04:00 LNKS seed→live transition (seed_last_price=$1.6100)
[SQUEEZE] 2026-05-18T12:17:18.405062-04:00 FCHL seed→live transition (seed_last_price=$1.7000)
[SQUEEZE] 2026-05-18T12:17:23.481101-04:00 SKK seed→live transition (seed_last_price=$4.2500)
[SQUEEZE] 2026-05-18T12:20:00.416810-04:00 MOBX seed→live transition (seed_last_price=$2.4500)
[SQUEEZE] 2026-05-18T12:20:23.821692-04:00 ATRA seed→live transition (seed_last_price=$9.0900)
[SQUEEZE] 2026-05-18T12:21:01.492439-04:00 LNKS seed→live transition (seed_last_price=$1.7000)
[SQUEEZE] 2026-05-18T12:22:09.484629-04:00 FCHL seed→live transition (seed_last_price=$1.6768)
[SQUEEZE] 2026-05-18T12:22:18.502374-04:00 SKYQ seed→live transition (seed_last_price=$2.9201)
[SQUEEZE] 2026-05-18T12:23:21.307623-04:00 PIII seed→live transition (seed_last_price=$7.7701)
[SQUEEZE] 2026-05-18T12:24:03.893282-04:00 SKK seed→live transition (seed_last_price=$4.2100)
[SQUEEZE] 2026-05-18T12:25:09.784760-04:00 SBFM seed→live transition (seed_last_price=$0.8881)
[SQUEEZE] 2026-05-18T12:25:11.468422-04:00 SLE seed→live transition (seed_last_price=$4.6700)
[SQUEEZE] 2026-05-18T12:26:03.648120-04:00 SKYQ seed→live transition (seed_last_price=$2.9300)
[SQUEEZE] 2026-05-18T12:26:05.725534-04:00 PIII seed→live transition (seed_last_price=$7.7701)
[SQUEEZE] 2026-05-18T12:28:05.782814-04:00 SBFM seed→live transition (seed_last_price=$0.8881)
[SQUEEZE] 2026-05-18T12:28:24.754466-04:00 FCHL seed→live transition (seed_last_price=$1.7000)
[SQUEEZE] 2026-05-18T12:28:26.009594-04:00 LNKS seed→live transition (seed_last_price=$1.6400)
[SQUEEZE] 2026-05-18T12:28:27.826427-04:00 SKK seed→live transition (seed_last_price=$4.2400)
[SQUEEZE] 2026-05-18T12:29:03.898508-04:00 SST seed→live transition (seed_last_price=$3.0100)
[SQUEEZE] 2026-05-18T12:31:00.040719-04:00 SST seed→live transition (seed_last_price=$2.9997)
[SQUEEZE] 2026-05-18T12:31:06.553869-04:00 LESL seed→live transition (seed_last_price=$2.5800)
[SQUEEZE] 2026-05-18T12:31:10.566373-04:00 FCHL seed→live transition (seed_last_price=$1.7100)
[SQUEEZE] 2026-05-18T12:31:18.762012-04:00 SKYQ seed→live transition (seed_last_price=$2.9350)
[SQUEEZE] 2026-05-18T12:31:20.514993-04:00 SLE seed→live transition (seed_last_price=$4.8400)
[SQUEEZE] 2026-05-18T12:33:10.016563-04:00 SKYQ seed→live transition (seed_last_price=$2.9600)
[SQUEEZE] 2026-05-18T12:34:09.208672-04:00 SKK seed→live transition (seed_last_price=$4.2000)
[SQUEEZE] 2026-05-18T12:34:12.964952-04:00 SST seed→live transition (seed_last_price=$3.0000)
[SQUEEZE] 2026-05-18T12:35:04.499343-04:00 SLE seed→live transition (seed_last_price=$4.7500)
[SQUEEZE] 2026-05-18T12:35:25.417695-04:00 FCHL seed→live transition (seed_last_price=$1.7400)
[SQUEEZE] 2026-05-18T12:36:16.246386-04:00 SST seed→live transition (seed_last_price=$3.0000)
[SQUEEZE] 2026-05-18T12:37:05.783218-04:00 LNKS seed→live transition (seed_last_price=$1.6050)
[SQUEEZE] 2026-05-18T12:37:08.110709-04:00 FCHL seed→live transition (seed_last_price=$1.7400)
[SQUEEZE] 2026-05-18T12:38:00.141258-04:00 SBFM seed→live transition (seed_last_price=$0.4800)
[SQUEEZE] 2026-05-18T12:38:25.443319-04:00 LESL seed→live transition (seed_last_price=$2.5500)
[SQUEEZE] 2026-05-18T12:39:08.844797-04:00 LNKS seed→live transition (seed_last_price=$1.6050)
[SQUEEZE] 2026-05-18T12:40:09.198541-04:00 SLE seed→live transition (seed_last_price=$4.6600)
[SQUEEZE] 2026-05-18T12:41:08.796764-04:00 SST seed→live transition (seed_last_price=$3.0400)
[SQUEEZE] 2026-05-18T12:42:09.657926-04:00 LNKS seed→live transition (seed_last_price=$1.6400)
[SQUEEZE] 2026-05-18T12:43:05.764625-04:00 SKYQ seed→live transition (seed_last_price=$2.9450)
[SQUEEZE] 2026-05-18T12:43:05.949361-04:00 FCHL seed→live transition (seed_last_price=$1.7364)
[SQUEEZE] 2026-05-18T12:43:27.263594-04:00 SLE seed→live transition (seed_last_price=$4.7300)
[SQUEEZE] 2026-05-18T12:44:02.961415-04:00 SST seed→live transition (seed_last_price=$3.0150)
[SQUEEZE] 2026-05-18T12:44:05.966968-04:00 MOBX seed→live transition (seed_last_price=$2.4300)
[SQUEEZE] 2026-05-18T12:44:12.979293-04:00 LESL seed→live transition (seed_last_price=$2.5700)
[SQUEEZE] 2026-05-18T12:46:06.961418-04:00 SST seed→live transition (seed_last_price=$3.0150)
[SQUEEZE] 2026-05-18T12:47:04.150752-04:00 LESL seed→live transition (seed_last_price=$2.5500)
[SQUEEZE] 2026-05-18T12:47:04.575764-04:00 LNKS seed→live transition (seed_last_price=$1.6300)
[SQUEEZE] 2026-05-18T12:49:21.255001-04:00 LNKS seed→live transition (seed_last_price=$1.6300)
[SQUEEZE] 2026-05-18T12:49:22.942070-04:00 SKK seed→live transition (seed_last_price=$4.3300)
[SQUEEZE] 2026-05-18T12:50:15.903455-04:00 SKYQ seed→live transition (seed_last_price=$2.9200)
[SQUEEZE] 2026-05-18T12:51:04.158768-04:00 SLE seed→live transition (seed_last_price=$4.8700)
[SQUEEZE] 2026-05-18T12:51:09.658525-04:00 PIII seed→live transition (seed_last_price=$7.9700)
[SQUEEZE] 2026-05-18T12:53:03.747463-04:00 SKK seed→live transition (seed_last_price=$4.2500)
[SQUEEZE] 2026-05-18T12:53:28.796607-04:00 LESL seed→live transition (seed_last_price=$2.5500)
[SQUEEZE] 2026-05-18T12:53:29.799135-04:00 LNKS seed→live transition (seed_last_price=$1.5900)
[SQUEEZE] 2026-05-18T12:55:00.046076-04:00 SBFM seed→live transition (seed_last_price=$0.7000)
[SQUEEZE] 2026-05-18T12:55:15.580110-04:00 LNKS seed→live transition (seed_last_price=$1.6100)
[SQUEEZE] 2026-05-18T12:56:02.283652-04:00 PIII seed→live transition (seed_last_price=$7.9000)
[SQUEEZE] 2026-05-18T12:56:15.461718-04:00 SKYQ seed→live transition (seed_last_price=$2.9300)
[SQUEEZE] 2026-05-18T12:57:18.775564-04:00 FCHL seed→live transition (seed_last_price=$1.6800)
[SQUEEZE] 2026-05-18T12:58:02.608687-04:00 AEHL seed→live transition (seed_last_price=$4.0600)
[SQUEEZE] 2026-05-18T12:58:11.124309-04:00 LESL seed→live transition (seed_last_price=$2.5500)
[SQUEEZE] 2026-05-18T12:59:12.494653-04:00 SKK seed→live transition (seed_last_price=$4.2100)
[SQUEEZE] 2026-05-18T13:01:01.131374-04:00 LESL seed→live transition (seed_last_price=$2.5550)
[SQUEEZE] 2026-05-18T13:01:06.291937-04:00 SLE seed→live transition (seed_last_price=$4.8400)
[SQUEEZE] 2026-05-18T13:01:09.366779-04:00 PIII seed→live transition (seed_last_price=$7.8900)
[SQUEEZE] 2026-05-18T13:02:02.110340-04:00 SST seed→live transition (seed_last_price=$2.9700)
[SQUEEZE] 2026-05-18T13:02:06.368010-04:00 ATRA seed→live transition (seed_last_price=$9.0800)
[SQUEEZE] 2026-05-18T13:02:15.135173-04:00 SKYQ seed→live transition (seed_last_price=$2.9299)
[SQUEEZE] 2026-05-18T13:03:13.601069-04:00 FCHL seed→live transition (seed_last_price=$1.6600)
[SQUEEZE] 2026-05-18T13:03:15.284289-04:00 PIII seed→live transition (seed_last_price=$7.9050)
[SQUEEZE] 2026-05-18T13:03:23.049689-04:00 LESL seed→live transition (seed_last_price=$2.5500)
[SQUEEZE] 2026-05-18T13:04:25.006893-04:00 SST seed→live transition (seed_last_price=$2.9850)
[SQUEEZE] 2026-05-18T13:04:26.324656-04:00 LNKS seed→live transition (seed_last_price=$1.5700)
[SQUEEZE] 2026-05-18T13:06:00.191629-04:00 LESL seed→live transition (seed_last_price=$2.5500)
[SQUEEZE] 2026-05-18T13:06:14.960548-04:00 SLE seed→live transition (seed_last_price=$4.9300)
[SQUEEZE] 2026-05-18T13:06:19.300883-04:00 SKYQ seed→live transition (seed_last_price=$2.9200)
[SQUEEZE] 2026-05-18T13:08:02.569010-04:00 SST seed→live transition (seed_last_price=$3.0300)
[SQUEEZE] 2026-05-18T13:08:09.831598-04:00 LESL seed→live transition (seed_last_price=$2.5000)
[SQUEEZE] 2026-05-18T13:08:13.772766-04:00 PIII seed→live transition (seed_last_price=$7.7800)
[SQUEEZE] 2026-05-18T13:09:01.023611-04:00 LNKS seed→live transition (seed_last_price=$1.6700)
[SQUEEZE] 2026-05-18T13:09:18.045949-04:00 ATRA seed→live transition (seed_last_price=$9.2400)
[SQUEEZE] 2026-05-18T13:10:11.314811-04:00 SLE seed→live transition (seed_last_price=$4.8700)
[SQUEEZE] 2026-05-18T13:10:18.473098-04:00 LESL seed→live transition (seed_last_price=$2.5000)
[SQUEEZE] 2026-05-18T13:11:10.293158-04:00 PIII seed→live transition (seed_last_price=$7.8100)
[SQUEEZE] 2026-05-18T13:11:10.363214-04:00 SKYQ seed→live transition (seed_last_price=$2.9200)
[SQUEEZE] 2026-05-18T13:11:12.025420-04:00 SST seed→live transition (seed_last_price=$3.0300)
[SQUEEZE] 2026-05-18T13:11:12.777204-04:00 FCHL seed→live transition (seed_last_price=$1.7000)
[SQUEEZE] 2026-05-18T13:13:01.223031-04:00 PIII seed→live transition (seed_last_price=$7.8070)
[SQUEEZE] 2026-05-18T13:14:01.611168-04:00 FCHL seed→live transition (seed_last_price=$1.6800)
[SQUEEZE] 2026-05-18T13:14:05.871511-04:00 SLE seed→live transition (seed_last_price=$4.7300)
[SQUEEZE] 2026-05-18T13:15:00.788710-04:00 LESL seed→live transition (seed_last_price=$2.5000)
[SQUEEZE] 2026-05-18T13:15:07.371339-04:00 ATRA seed→live transition (seed_last_price=$9.3800)
[SQUEEZE] 2026-05-18T13:16:11.279809-04:00 LNKS seed→live transition (seed_last_price=$1.6992)
[SQUEEZE] 2026-05-18T13:17:00.523315-04:00 SKYQ seed→live transition (seed_last_price=$2.9300)
[SQUEEZE] 2026-05-18T13:18:00.480774-04:00 LNKS seed→live transition (seed_last_price=$1.6500)
[SQUEEZE] 2026-05-18T13:21:00.700805-04:00 SST seed→live transition (seed_last_price=$3.0500)
[SQUEEZE] 2026-05-18T13:22:17.066221-04:00 PIII seed→live transition (seed_last_price=$7.8200)
[SQUEEZE] 2026-05-18T13:23:01.129432-04:00 FCHL seed→live transition (seed_last_price=$1.6800)
[SQUEEZE] 2026-05-18T13:23:12.401885-04:00 SKYQ seed→live transition (seed_last_price=$2.9300)
[SQUEEZE] 2026-05-18T13:25:00.083906-04:00 LNKS seed→live transition (seed_last_price=$1.6600)
[SQUEEZE] 2026-05-18T13:25:07.412356-04:00 FCHL seed→live transition (seed_last_price=$1.6800)
[SQUEEZE] 2026-05-18T13:25:29.706521-04:00 ATRA seed→live transition (seed_last_price=$9.3800)
[SQUEEZE] 2026-05-18T13:26:17.673152-04:00 PIII seed→live transition (seed_last_price=$7.9300)
[SQUEEZE] 2026-05-18T13:26:19.925131-04:00 SKYQ seed→live transition (seed_last_price=$2.9300)
[SQUEEZE] 2026-05-18T13:27:03.220055-04:00 FCHL seed→live transition (seed_last_price=$1.6800)
[SQUEEZE] 2026-05-18T13:27:10.738201-04:00 ATRA seed→live transition (seed_last_price=$9.3400)
[SQUEEZE] 2026-05-18T13:27:11.669724-04:00 SLE seed→live transition (seed_last_price=$4.8400)
[SQUEEZE] 2026-05-18T13:27:20.433807-04:00 LESL seed→live transition (seed_last_price=$2.5100)
[SQUEEZE] 2026-05-18T13:28:10.280088-04:00 SKK seed→live transition (seed_last_price=$4.1700)
[SQUEEZE] 2026-05-18T13:30:00.077908-04:00 SST seed→live transition (seed_last_price=$3.0200)
[SQUEEZE] 2026-05-18T13:30:06.338394-04:00 ATRA seed→live transition (seed_last_price=$9.3900)
[SQUEEZE] 2026-05-18T13:30:10.281232-04:00 AEHL seed→live transition (seed_last_price=$4.0100)
[SQUEEZE] 2026-05-18T13:31:00.522108-04:00 FCHL seed→live transition (seed_last_price=$1.6800)
[SQUEEZE] 2026-05-18T13:31:22.490759-04:00 PIII seed→live transition (seed_last_price=$7.9000)
[SQUEEZE] 2026-05-18T13:31:27.937412-04:00 LNKS seed→live transition (seed_last_price=$1.6800)
[SQUEEZE] 2026-05-18T13:32:08.010137-04:00 LESL seed→live transition (seed_last_price=$2.5100)
[SQUEEZE] 2026-05-18T13:33:09.545988-04:00 SKK seed→live transition (seed_last_price=$4.1700)
[SQUEEZE] 2026-05-18T13:33:11.802692-04:00 SLE seed→live transition (seed_last_price=$4.9300)
[SQUEEZE] 2026-05-18T13:36:29.029912-04:00 PIII seed→live transition (seed_last_price=$7.8700)
[SQUEEZE] 2026-05-18T13:37:06.349522-04:00 ATRA seed→live transition (seed_last_price=$9.3200)
[SQUEEZE] 2026-05-18T13:40:09.982171-04:00 ATRA seed→live transition (seed_last_price=$9.2500)
[SQUEEZE] 2026-05-18T13:40:10.803492-04:00 SKYQ seed→live transition (seed_last_price=$2.9600)
[SQUEEZE] 2026-05-18T13:41:02.340430-04:00 LNKS seed→live transition (seed_last_price=$1.6500)
[SQUEEZE] 2026-05-18T13:42:06.458435-04:00 SKK seed→live transition (seed_last_price=$4.3100)
[SQUEEZE] 2026-05-18T13:44:02.944943-04:00 SKK seed→live transition (seed_last_price=$4.3000)
[SQUEEZE] 2026-05-18T13:44:14.718413-04:00 LNKS seed→live transition (seed_last_price=$1.7099)
[SQUEEZE] 2026-05-18T13:45:25.959664-04:00 FCHL seed→live transition (seed_last_price=$1.6700)
[SQUEEZE] 2026-05-18T13:46:08.648096-04:00 SST seed→live transition (seed_last_price=$2.9900)
[SQUEEZE] 2026-05-18T13:48:10.989832-04:00 AEHL seed→live transition (seed_last_price=$4.0050)
[SQUEEZE] 2026-05-18T13:48:27.518133-04:00 LNKS seed→live transition (seed_last_price=$1.5900)
[SQUEEZE] 2026-05-18T13:49:02.578035-04:00 SKYQ seed→live transition (seed_last_price=$2.9800)
[SQUEEZE] 2026-05-18T13:49:15.166774-04:00 LESL seed→live transition (seed_last_price=$2.5600)
[SQUEEZE] 2026-05-18T13:50:06.189911-04:00 SST seed→live transition (seed_last_price=$2.9900)
[SQUEEZE] 2026-05-18T13:51:00.220144-04:00 LNKS seed→live transition (seed_last_price=$1.6100)
[SQUEEZE] 2026-05-18T13:51:25.003681-04:00 PIII seed→live transition (seed_last_price=$8.1100)
[SQUEEZE] 2026-05-18T13:54:05.243710-04:00 ATRA seed→live transition (seed_last_price=$9.3000)
[SQUEEZE] 2026-05-18T13:55:00.313091-04:00 FCHL seed→live transition (seed_last_price=$1.6800)
[SQUEEZE] 2026-05-18T13:55:16.916902-04:00 LNKS seed→live transition (seed_last_price=$1.6000)
[SQUEEZE] 2026-05-18T13:56:00.034750-04:00 LESL seed→live transition (seed_last_price=$2.5500)
[SQUEEZE] 2026-05-18T13:57:21.845384-04:00 FCHL seed→live transition (seed_last_price=$1.6700)
[SQUEEZE] 2026-05-18T13:59:08.586143-04:00 SKK seed→live transition (seed_last_price=$4.3000)
[SQUEEZE] 2026-05-18T14:00:00.020862-04:00 AEHL seed→live transition (seed_last_price=$3.9800)
[SQUEEZE] 2026-05-18T14:00:06.716285-04:00 LNKS seed→live transition (seed_last_price=$1.6100)
[SQUEEZE] 2026-05-18T14:00:09.536482-04:00 SKYQ seed→live transition (seed_last_price=$2.9830)
[SQUEEZE] 2026-05-18T14:00:16.309725-04:00 LESL seed→live transition (seed_last_price=$2.5700)
[SQUEEZE] 2026-05-18T14:05:01.728850-04:00 SKYQ seed→live transition (seed_last_price=$2.9800)
[SQUEEZE] 2026-05-18T14:05:14.851109-04:00 LESL seed→live transition (seed_last_price=$2.5700)
[SQUEEZE] 2026-05-18T14:07:01.783783-04:00 AEHL seed→live transition (seed_last_price=$3.9400)
[SQUEEZE] 2026-05-18T14:08:05.949481-04:00 SLE seed→live transition (seed_last_price=$5.0200)
[SQUEEZE] 2026-05-18T14:09:02.225015-04:00 ATRA seed→live transition (seed_last_price=$9.3300)
[SQUEEZE] 2026-05-18T14:09:23.919111-04:00 LESL seed→live transition (seed_last_price=$2.5500)
[SQUEEZE] 2026-05-18T14:10:00.737601-04:00 PIII seed→live transition (seed_last_price=$8.4800)
[SQUEEZE] 2026-05-18T14:10:06.564043-04:00 LNKS seed→live transition (seed_last_price=$1.6400)
[SQUEEZE] 2026-05-18T14:11:11.816394-04:00 SKYQ seed→live transition (seed_last_price=$2.9450)
[SQUEEZE] 2026-05-18T14:12:07.046112-04:00 ATRA seed→live transition (seed_last_price=$9.3300)
[SQUEEZE] 2026-05-18T14:13:02.434990-04:00 FCHL seed→live transition (seed_last_price=$1.6600)
[SQUEEZE] 2026-05-18T14:13:14.883180-04:00 SKYQ seed→live transition (seed_last_price=$2.9400)
[SQUEEZE] 2026-05-18T14:14:00.382099-04:00 LESL seed→live transition (seed_last_price=$2.5800)
[SQUEEZE] 2026-05-18T14:14:01.887701-04:00 AEHL seed→live transition (seed_last_price=$3.9200)
[SQUEEZE] 2026-05-18T14:14:10.584064-04:00 LNKS seed→live transition (seed_last_price=$1.6000)
[SQUEEZE] 2026-05-18T14:14:19.412675-04:00 ATRA seed→live transition (seed_last_price=$9.3300)
[SQUEEZE] 2026-05-18T14:16:07.439436-04:00 SLE seed→live transition (seed_last_price=$4.8700)
[SQUEEZE] 2026-05-18T14:16:18.580783-04:00 FCHL seed→live transition (seed_last_price=$1.6506)
[SQUEEZE] 2026-05-18T14:16:27.093160-04:00 SKYQ seed→live transition (seed_last_price=$2.9450)
[SQUEEZE] 2026-05-18T14:17:00.702370-04:00 PIII seed→live transition (seed_last_price=$8.5000)
[SQUEEZE] 2026-05-18T14:17:06.784152-04:00 SST seed→live transition (seed_last_price=$3.0000)
[SQUEEZE] 2026-05-18T14:19:24.356175-04:00 ATRA seed→live transition (seed_last_price=$9.3300)
[SQUEEZE] 2026-05-18T14:20:01.170866-04:00 SST seed→live transition (seed_last_price=$3.0000)
[SQUEEZE] 2026-05-18T14:20:06.366926-04:00 AEHL seed→live transition (seed_last_price=$3.9200)
[SQUEEZE] 2026-05-18T14:21:14.475864-04:00 MOBX seed→live transition (seed_last_price=$2.4032)
[SQUEEZE] 2026-05-18T14:22:24.779029-04:00 ATRA seed→live transition (seed_last_price=$9.3300)
[SQUEEZE] 2026-05-18T14:23:05.932339-04:00 SKYQ seed→live transition (seed_last_price=$2.9543)
[SQUEEZE] 2026-05-18T14:23:08.936842-04:00 LNKS seed→live transition (seed_last_price=$1.6000)
[SQUEEZE] 2026-05-18T14:24:25.075223-04:00 FCHL seed→live transition (seed_last_price=$1.6500)
[SQUEEZE] 2026-05-18T14:26:01.134119-04:00 LESL seed→live transition (seed_last_price=$2.5600)
[SQUEEZE] 2026-05-18T14:26:01.632207-04:00 SST seed→live transition (seed_last_price=$2.9850)
[SQUEEZE] 2026-05-18T14:27:00.425990-04:00 ATRA seed→live transition (seed_last_price=$9.2600)
[SQUEEZE] 2026-05-18T14:28:28.443317-04:00 SKK seed→live transition (seed_last_price=$4.3000)
[SQUEEZE] 2026-05-18T14:29:08.464405-04:00 LNKS seed→live transition (seed_last_price=$1.6000)
[SQUEEZE] 2026-05-18T14:29:15.609465-04:00 ATRA seed→live transition (seed_last_price=$9.2600)
[SQUEEZE] 2026-05-18T14:30:00.281669-04:00 MOBX seed→live transition (seed_last_price=$2.4100)
[SQUEEZE] 2026-05-18T14:30:10.236598-04:00 LESL seed→live transition (seed_last_price=$2.5500)
[SQUEEZE] 2026-05-18T14:32:06.757864-04:00 MOBX seed→live transition (seed_last_price=$2.4200)
[SQUEEZE] 2026-05-18T14:32:06.833797-04:00 CORD seed→live transition (seed_last_price=$6.7700)
[SQUEEZE] 2026-05-18T14:32:06.834146-04:00 SBFM seed→live transition (seed_last_price=$0.5653)
[SQUEEZE] 2026-05-18T14:32:06.834429-04:00 GOVX seed→live transition (seed_last_price=$2.4500)
[SQUEEZE] 2026-05-18T14:32:06.834806-04:00 ONDG seed→live transition (seed_last_price=$5.1500)
[SQUEEZE] 2026-05-18T14:32:06.835468-04:00 SKYQ seed→live transition (seed_last_price=$3.0300)
[SQUEEZE] 2026-05-18T14:32:06.839665-04:00 QUCY seed→live transition (seed_last_price=$3.5900)
[SQUEEZE] 2026-05-18T14:32:06.839909-04:00 SLE seed→live transition (seed_last_price=$4.8700)
[SQUEEZE] 2026-05-18T14:32:06.840163-04:00 AEHL seed→live transition (seed_last_price=$3.9350)
[SQUEEZE] 2026-05-18T14:32:06.902687-04:00 LNKS seed→live transition (seed_last_price=$1.5650)
[SQUEEZE] 2026-05-18T14:32:06.903299-04:00 LESL seed→live transition (seed_last_price=$2.5500)
[SQUEEZE] 2026-05-18T14:32:06.903741-04:00 PIII seed→live transition (seed_last_price=$8.9101)
[SQUEEZE] 2026-05-18T14:32:13.156396-04:00 ATRA seed→live transition (seed_last_price=$9.3600)
[SQUEEZE] 2026-05-18T14:32:19.809147-04:00 FCHL seed→live transition (seed_last_price=$1.6700)
[SQUEEZE] 2026-05-18T14:34:05.164142-04:00 SKK seed→live transition (seed_last_price=$4.3000)
[SQUEEZE] 2026-05-18T14:34:14.533200-04:00 AEHL seed→live transition (seed_last_price=$3.9200)
[SQUEEZE] 2026-05-18T14:34:19.358178-04:00 SST seed→live transition (seed_last_price=$3.0000)
[SQUEEZE] 2026-05-18T14:36:01.403708-04:00 AEHL seed→live transition (seed_last_price=$3.9300)
[SQUEEZE] 2026-05-18T14:36:02.404585-04:00 SST seed→live transition (seed_last_price=$3.0000)
[SQUEEZE] 2026-05-18T14:36:04.659140-04:00 SLE seed→live transition (seed_last_price=$4.8400)
[SQUEEZE] 2026-05-18T14:37:00.393219-04:00 LESL seed→live transition (seed_last_price=$2.5650)
[SQUEEZE] 2026-05-18T14:38:03.208298-04:00 ATRA seed→live transition (seed_last_price=$9.3600)
[SQUEEZE] 2026-05-18T14:38:23.153391-04:00 AEHL seed→live transition (seed_last_price=$3.9300)
[SQUEEZE] 2026-05-18T14:38:23.387708-04:00 SLE seed→live transition (seed_last_price=$4.8700)
[SQUEEZE] 2026-05-18T14:39:25.556201-04:00 FCHL seed→live transition (seed_last_price=$1.6501)
[SQUEEZE] 2026-05-18T14:41:01.499885-04:00 SLE seed→live transition (seed_last_price=$4.8400)
[SQUEEZE] 2026-05-18T14:42:01.214826-04:00 SKYQ seed→live transition (seed_last_price=$3.0400)
[SQUEEZE] 2026-05-18T14:42:03.250436-04:00 SST seed→live transition (seed_last_price=$2.9650)
[SQUEEZE] 2026-05-18T14:42:05.253539-04:00 LNKS seed→live transition (seed_last_price=$1.5601)
[SQUEEZE] 2026-05-18T14:42:12.334655-04:00 ONDG seed→live transition (seed_last_price=$5.1800)
[SQUEEZE] 2026-05-18T14:43:00.183441-04:00 AEHL seed→live transition (seed_last_price=$3.9600)
[SQUEEZE] 2026-05-18T14:43:04.688147-04:00 SKK seed→live transition (seed_last_price=$4.3000)
[SQUEEZE] 2026-05-18T14:43:11.949498-04:00 LESL seed→live transition (seed_last_price=$2.5650)
[SQUEEZE] 2026-05-18T14:44:02.157252-04:00 PIII seed→live transition (seed_last_price=$8.7100)
[SQUEEZE] 2026-05-18T14:46:00.892602-04:00 SLE seed→live transition (seed_last_price=$4.9000)
[SQUEEZE] 2026-05-18T14:46:12.105018-04:00 ATRA seed→live transition (seed_last_price=$9.3600)
[SQUEEZE] 2026-05-18T14:47:00.377125-04:00 SST seed→live transition (seed_last_price=$2.9600)
[SQUEEZE] 2026-05-18T14:47:12.343673-04:00 SKYQ seed→live transition (seed_last_price=$3.0300)
[SQUEEZE] 2026-05-18T14:48:07.970685-04:00 PIII seed→live transition (seed_last_price=$8.6500)
[SQUEEZE] 2026-05-18T14:49:21.457752-04:00 SLE seed→live transition (seed_last_price=$4.9200)
[SQUEEZE] 2026-05-18T14:49:24.935994-04:00 MOBX seed→live transition (seed_last_price=$2.4115)
[SQUEEZE] 2026-05-18T14:49:25.010297-04:00 SKK seed→live transition (seed_last_price=$4.3000)
[SQUEEZE] 2026-05-18T14:50:00.152888-04:00 SST seed→live transition (seed_last_price=$2.9700)
[SQUEEZE] 2026-05-18T14:51:21.257826-04:00 SLE seed→live transition (seed_last_price=$4.7200)
[SQUEEZE] 2026-05-18T14:51:29.264486-04:00 SKYQ seed→live transition (seed_last_price=$3.0100)
[SQUEEZE] 2026-05-18T14:52:06.536720-04:00 ATRA seed→live transition (seed_last_price=$9.5300)
[SQUEEZE] 2026-05-18T14:53:00.882833-04:00 SLE seed→live transition (seed_last_price=$4.9900)
[SQUEEZE] 2026-05-18T14:53:06.074307-04:00 SKK seed→live transition (seed_last_price=$4.3000)
[SQUEEZE] 2026-05-18T14:54:00.191556-04:00 LNKS seed→live transition (seed_last_price=$1.6000)
