04:57:44  Live Scanner starting — 2026-04-15 
  [float_cache] Cleared 5 stale None entries — will re-attempt lookups
04:57:44  [1/2] Fetching 21-day OHLCV (Databento EQUS.SUMMARY ohlcv-1d)...
04:57:44  Initialized Historical(gateway=https://hist.databento.com)
04:57:44        Requesting OHLCV from 2026-03-17 to 2026-04-14...
04:57:45        FAILED to load prev close: 402 account_delinquent_invoice
Unable to submit the request because there is an unpaid invoice.
documentation: https://databento.com/docs/portal/billing
04:57:45        If EQUS.SUMMARY is not in your plan, confirm dataset access
04:57:45        at https://databento.com/platform/datasets
04:57:45        Scanner cannot run without prev close data — aborting
Traceback (most recent call last):
  File "/Users/duffy/warrior_bot_v2/live_scanner.py", line 717, in <module>
    main()
  File "/Users/duffy/warrior_bot_v2/live_scanner.py", line 713, in main
    scanner.run()
  File "/Users/duffy/warrior_bot_v2/live_scanner.py", line 625, in run
    self.load_prev_close()
  File "/Users/duffy/warrior_bot_v2/live_scanner.py", line 302, in load_prev_close
    data = client.timeseries.get_range(
           ^^^^^^^^^^^^^^^^^^^^^^^^^^^^
  File "/Users/duffy/warrior_bot/venv/lib/python3.12/site-packages/databento/historical/api/timeseries.py", line 127, in get_range
    return self._stream(
           ^^^^^^^^^^^^^
  File "/Users/duffy/warrior_bot/venv/lib/python3.12/site-packages/databento/common/http.py", line 134, in _stream
    check_http_error(response)
  File "/Users/duffy/warrior_bot/venv/lib/python3.12/site-packages/databento/common/http.py", line 249, in check_http_error
    raise BentoClientError(
databento.common.error.BentoClientError: 402 account_delinquent_invoice
Unable to submit the request because there is an unpaid invoice.
documentation: https://databento.com/docs/portal/billing
07:33:27  Live Scanner starting — 2026-04-15 
  [float_cache] Cleared 9 stale None entries — will re-attempt lookups
07:33:27  [1/2] Fetching 21-day OHLCV (Databento EQUS.SUMMARY ohlcv-1d)...
07:33:27  Initialized Historical(gateway=https://hist.databento.com)
07:33:27        Requesting OHLCV from 2026-03-17 to 2026-04-14...
07:33:27        FAILED to load prev close: 402 account_delinquent_invoice
Unable to submit the request because there is an unpaid invoice.
documentation: https://databento.com/docs/portal/billing
07:33:27        If EQUS.SUMMARY is not in your plan, confirm dataset access
07:33:27        at https://databento.com/platform/datasets
07:33:27        Scanner cannot run without prev close data — aborting
Traceback (most recent call last):
  File "/Users/duffy/warrior_bot_v2/live_scanner.py", line 717, in <module>
    main()
  File "/Users/duffy/warrior_bot_v2/live_scanner.py", line 713, in main
    scanner.run()
  File "/Users/duffy/warrior_bot_v2/live_scanner.py", line 625, in run
    self.load_prev_close()
  File "/Users/duffy/warrior_bot_v2/live_scanner.py", line 302, in load_prev_close
    data = client.timeseries.get_range(
           ^^^^^^^^^^^^^^^^^^^^^^^^^^^^
  File "/Users/duffy/warrior_bot/venv/lib/python3.12/site-packages/databento/historical/api/timeseries.py", line 127, in get_range
    return self._stream(
           ^^^^^^^^^^^^^
  File "/Users/duffy/warrior_bot/venv/lib/python3.12/site-packages/databento/common/http.py", line 134, in _stream
    check_http_error(response)
  File "/Users/duffy/warrior_bot/venv/lib/python3.12/site-packages/databento/common/http.py", line 249, in check_http_error
    raise BentoClientError(
databento.common.error.BentoClientError: 402 account_delinquent_invoice
Unable to submit the request because there is an unpaid invoice.
documentation: https://databento.com/docs/portal/billing
07:47:06  Live Scanner starting — 2026-04-15 
  [float_cache] Cleared 3 stale None entries — will re-attempt lookups
07:47:06  [1/2] Fetching 21-day OHLCV (Databento EQUS.SUMMARY ohlcv-1d)...
07:47:06  Initialized Historical(gateway=https://hist.databento.com)
07:47:06        Requesting OHLCV from 2026-03-17 to 2026-04-14...
07:47:06        FAILED to load prev close: 402 account_delinquent_invoice
Unable to submit the request because there is an unpaid invoice.
documentation: https://databento.com/docs/portal/billing
07:47:06        If EQUS.SUMMARY is not in your plan, confirm dataset access
07:47:06        at https://databento.com/platform/datasets
07:47:06        Scanner cannot run without prev close data — aborting
Traceback (most recent call last):
  File "/Users/duffy/warrior_bot_v2/live_scanner.py", line 717, in <module>
    main()
  File "/Users/duffy/warrior_bot_v2/live_scanner.py", line 713, in main
    scanner.run()
  File "/Users/duffy/warrior_bot_v2/live_scanner.py", line 625, in run
    self.load_prev_close()
  File "/Users/duffy/warrior_bot_v2/live_scanner.py", line 302, in load_prev_close
    data = client.timeseries.get_range(
           ^^^^^^^^^^^^^^^^^^^^^^^^^^^^
  File "/Users/duffy/warrior_bot/venv/lib/python3.12/site-packages/databento/historical/api/timeseries.py", line 127, in get_range
    return self._stream(
           ^^^^^^^^^^^^^
  File "/Users/duffy/warrior_bot/venv/lib/python3.12/site-packages/databento/common/http.py", line 134, in _stream
    check_http_error(response)
  File "/Users/duffy/warrior_bot/venv/lib/python3.12/site-packages/databento/common/http.py", line 249, in check_http_error
    raise BentoClientError(
databento.common.error.BentoClientError: 402 account_delinquent_invoice
Unable to submit the request because there is an unpaid invoice.
documentation: https://databento.com/docs/portal/billing
07:50:08  Live Scanner starting — 2026-04-15 
  [float_cache] Cleared 2 stale None entries — will re-attempt lookups
07:50:08  [1/2] Fetching 21-day OHLCV (Databento EQUS.SUMMARY ohlcv-1d)...
07:50:08  Initialized Historical(gateway=https://hist.databento.com)
07:50:08        Requesting OHLCV from 2026-03-17 to 2026-04-14...
07:50:08        FAILED to load prev close: 402 account_delinquent_invoice
Unable to submit the request because there is an unpaid invoice.
documentation: https://databento.com/docs/portal/billing
07:50:08        If EQUS.SUMMARY is not in your plan, confirm dataset access
07:50:08        at https://databento.com/platform/datasets
07:50:08        Scanner cannot run without prev close data — aborting
Traceback (most recent call last):
  File "/Users/duffy/warrior_bot_v2/live_scanner.py", line 717, in <module>
    main()
  File "/Users/duffy/warrior_bot_v2/live_scanner.py", line 713, in main
    scanner.run()
  File "/Users/duffy/warrior_bot_v2/live_scanner.py", line 625, in run
    self.load_prev_close()
  File "/Users/duffy/warrior_bot_v2/live_scanner.py", line 302, in load_prev_close
    data = client.timeseries.get_range(
           ^^^^^^^^^^^^^^^^^^^^^^^^^^^^
  File "/Users/duffy/warrior_bot/venv/lib/python3.12/site-packages/databento/historical/api/timeseries.py", line 127, in get_range
    return self._stream(
           ^^^^^^^^^^^^^
  File "/Users/duffy/warrior_bot/venv/lib/python3.12/site-packages/databento/common/http.py", line 134, in _stream
    check_http_error(response)
  File "/Users/duffy/warrior_bot/venv/lib/python3.12/site-packages/databento/common/http.py", line 249, in check_http_error
    raise BentoClientError(
databento.common.error.BentoClientError: 402 account_delinquent_invoice
Unable to submit the request because there is an unpaid invoice.
documentation: https://databento.com/docs/portal/billing
07:54:13  Live Scanner starting — 2026-04-15 
  [float_cache] Cleared 3 stale None entries — will re-attempt lookups
07:54:13  [1/2] Fetching 21-day OHLCV (Databento EQUS.SUMMARY ohlcv-1d)...
07:54:13  Initialized Historical(gateway=https://hist.databento.com)
07:54:13        Requesting OHLCV from 2026-03-17 to 2026-04-14...
07:54:17        FAILED to load prev close: 402 account_delinquent_invoice
Unable to submit the request because there is an unpaid invoice.
documentation: https://databento.com/docs/portal/billing
07:54:17        If EQUS.SUMMARY is not in your plan, confirm dataset access
07:54:17        at https://databento.com/platform/datasets
07:54:17        Scanner cannot run without prev close data — aborting
Traceback (most recent call last):
  File "/Users/duffy/warrior_bot_v2/live_scanner.py", line 717, in <module>
    main()
  File "/Users/duffy/warrior_bot_v2/live_scanner.py", line 713, in main
    scanner.run()
  File "/Users/duffy/warrior_bot_v2/live_scanner.py", line 625, in run
    self.load_prev_close()
  File "/Users/duffy/warrior_bot_v2/live_scanner.py", line 302, in load_prev_close
    data = client.timeseries.get_range(
           ^^^^^^^^^^^^^^^^^^^^^^^^^^^^
  File "/Users/duffy/warrior_bot/venv/lib/python3.12/site-packages/databento/historical/api/timeseries.py", line 127, in get_range
    return self._stream(
           ^^^^^^^^^^^^^
  File "/Users/duffy/warrior_bot/venv/lib/python3.12/site-packages/databento/common/http.py", line 134, in _stream
    check_http_error(response)
  File "/Users/duffy/warrior_bot/venv/lib/python3.12/site-packages/databento/common/http.py", line 249, in check_http_error
    raise BentoClientError(
databento.common.error.BentoClientError: 402 account_delinquent_invoice
Unable to submit the request because there is an unpaid invoice.
documentation: https://databento.com/docs/portal/billing
08:05:57  Live Scanner starting — 2026-04-15 
  [float_cache] Cleared 3 stale None entries — will re-attempt lookups
08:05:57  [1/2] Fetching 21-day OHLCV (Databento EQUS.SUMMARY ohlcv-1d)...
08:05:57  Initialized Historical(gateway=https://hist.databento.com)
08:05:57        Requesting OHLCV from 2026-03-17 to 2026-04-14...
08:05:57        FAILED to load prev close: 402 account_delinquent_invoice
Unable to submit the request because there is an unpaid invoice.
documentation: https://databento.com/docs/portal/billing
08:05:57        If EQUS.SUMMARY is not in your plan, confirm dataset access
08:05:57        at https://databento.com/platform/datasets
08:05:57        Scanner cannot run without prev close data — aborting
Traceback (most recent call last):
  File "/Users/duffy/warrior_bot_v2/live_scanner.py", line 717, in <module>
    main()
  File "/Users/duffy/warrior_bot_v2/live_scanner.py", line 713, in main
    scanner.run()
  File "/Users/duffy/warrior_bot_v2/live_scanner.py", line 625, in run
    self.load_prev_close()
  File "/Users/duffy/warrior_bot_v2/live_scanner.py", line 302, in load_prev_close
    data = client.timeseries.get_range(
           ^^^^^^^^^^^^^^^^^^^^^^^^^^^^
  File "/Users/duffy/warrior_bot/venv/lib/python3.12/site-packages/databento/historical/api/timeseries.py", line 127, in get_range
    return self._stream(
           ^^^^^^^^^^^^^
  File "/Users/duffy/warrior_bot/venv/lib/python3.12/site-packages/databento/common/http.py", line 134, in _stream
    check_http_error(response)
  File "/Users/duffy/warrior_bot/venv/lib/python3.12/site-packages/databento/common/http.py", line 249, in check_http_error
    raise BentoClientError(
databento.common.error.BentoClientError: 402 account_delinquent_invoice
Unable to submit the request because there is an unpaid invoice.
documentation: https://databento.com/docs/portal/billing
09:05:19  Live Scanner starting — 2026-04-15 
  [float_cache] Cleared 7 stale None entries — will re-attempt lookups
09:05:19  [1/2] Fetching 21-day OHLCV (Databento EQUS.SUMMARY ohlcv-1d)...
09:05:19  Initialized Historical(gateway=https://hist.databento.com)
09:05:19        Requesting OHLCV from 2026-03-17 to 2026-04-14...
09:05:20        FAILED to load prev close: 402 account_delinquent_invoice
Unable to submit the request because there is an unpaid invoice.
documentation: https://databento.com/docs/portal/billing
09:05:20        If EQUS.SUMMARY is not in your plan, confirm dataset access
09:05:20        at https://databento.com/platform/datasets
09:05:20        Scanner cannot run without prev close data — aborting
Traceback (most recent call last):
  File "/Users/duffy/warrior_bot_v2/live_scanner.py", line 717, in <module>
    main()
  File "/Users/duffy/warrior_bot_v2/live_scanner.py", line 713, in main
    scanner.run()
  File "/Users/duffy/warrior_bot_v2/live_scanner.py", line 625, in run
    self.load_prev_close()
  File "/Users/duffy/warrior_bot_v2/live_scanner.py", line 302, in load_prev_close
    data = client.timeseries.get_range(
           ^^^^^^^^^^^^^^^^^^^^^^^^^^^^
  File "/Users/duffy/warrior_bot/venv/lib/python3.12/site-packages/databento/historical/api/timeseries.py", line 127, in get_range
    return self._stream(
           ^^^^^^^^^^^^^
  File "/Users/duffy/warrior_bot/venv/lib/python3.12/site-packages/databento/common/http.py", line 134, in _stream
    check_http_error(response)
  File "/Users/duffy/warrior_bot/venv/lib/python3.12/site-packages/databento/common/http.py", line 249, in check_http_error
    raise BentoClientError(
databento.common.error.BentoClientError: 402 account_delinquent_invoice
Unable to submit the request because there is an unpaid invoice.
documentation: https://databento.com/docs/portal/billing
09:10:29  Live Scanner starting — 2026-04-15 
09:10:29  [1/2] Fetching 21-day OHLCV (Databento EQUS.SUMMARY ohlcv-1d)...
09:10:29  Initialized Historical(gateway=https://hist.databento.com)
09:10:29        Requesting OHLCV from 2026-03-17 to 2026-04-14...
09:10:29        FAILED to load prev close: 402 account_delinquent_invoice
Unable to submit the request because there is an unpaid invoice.
documentation: https://databento.com/docs/portal/billing
09:10:29        If EQUS.SUMMARY is not in your plan, confirm dataset access
09:10:29        at https://databento.com/platform/datasets
09:10:29        Scanner cannot run without prev close data — aborting
Traceback (most recent call last):
  File "/Users/duffy/warrior_bot_v2/live_scanner.py", line 717, in <module>
    main()
  File "/Users/duffy/warrior_bot_v2/live_scanner.py", line 713, in main
    scanner.run()
  File "/Users/duffy/warrior_bot_v2/live_scanner.py", line 625, in run
    self.load_prev_close()
  File "/Users/duffy/warrior_bot_v2/live_scanner.py", line 302, in load_prev_close
    data = client.timeseries.get_range(
           ^^^^^^^^^^^^^^^^^^^^^^^^^^^^
  File "/Users/duffy/warrior_bot/venv/lib/python3.12/site-packages/databento/historical/api/timeseries.py", line 127, in get_range
    return self._stream(
           ^^^^^^^^^^^^^
  File "/Users/duffy/warrior_bot/venv/lib/python3.12/site-packages/databento/common/http.py", line 134, in _stream
    check_http_error(response)
  File "/Users/duffy/warrior_bot/venv/lib/python3.12/site-packages/databento/common/http.py", line 249, in check_http_error
    raise BentoClientError(
databento.common.error.BentoClientError: 402 account_delinquent_invoice
Unable to submit the request because there is an unpaid invoice.
documentation: https://databento.com/docs/portal/billing
09:11:40  Live Scanner starting — 2026-04-15 
09:11:40  [1/2] Fetching 21-day OHLCV (Databento EQUS.SUMMARY ohlcv-1d)...
09:11:40  Initialized Historical(gateway=https://hist.databento.com)
09:11:40        Requesting OHLCV from 2026-03-17 to 2026-04-14...
09:11:42        FAILED to load prev close: 402 account_delinquent_invoice
Unable to submit the request because there is an unpaid invoice.
documentation: https://databento.com/docs/portal/billing
09:11:42        If EQUS.SUMMARY is not in your plan, confirm dataset access
09:11:42        at https://databento.com/platform/datasets
09:11:42        Scanner cannot run without prev close data — aborting
Traceback (most recent call last):
  File "/Users/duffy/warrior_bot_v2/live_scanner.py", line 717, in <module>
    main()
  File "/Users/duffy/warrior_bot_v2/live_scanner.py", line 713, in main
    scanner.run()
  File "/Users/duffy/warrior_bot_v2/live_scanner.py", line 625, in run
    self.load_prev_close()
  File "/Users/duffy/warrior_bot_v2/live_scanner.py", line 302, in load_prev_close
    data = client.timeseries.get_range(
           ^^^^^^^^^^^^^^^^^^^^^^^^^^^^
  File "/Users/duffy/warrior_bot/venv/lib/python3.12/site-packages/databento/historical/api/timeseries.py", line 127, in get_range
    return self._stream(
           ^^^^^^^^^^^^^
  File "/Users/duffy/warrior_bot/venv/lib/python3.12/site-packages/databento/common/http.py", line 134, in _stream
    check_http_error(response)
  File "/Users/duffy/warrior_bot/venv/lib/python3.12/site-packages/databento/common/http.py", line 249, in check_http_error
    raise BentoClientError(
databento.common.error.BentoClientError: 402 account_delinquent_invoice
Unable to submit the request because there is an unpaid invoice.
documentation: https://databento.com/docs/portal/billing
09:12:42  Live Scanner starting — 2026-04-15 
09:12:42  [1/2] Fetching 21-day OHLCV (Databento EQUS.SUMMARY ohlcv-1d)...
09:12:42  Initialized Historical(gateway=https://hist.databento.com)
09:12:42        Requesting OHLCV from 2026-03-17 to 2026-04-14...
09:12:55        FAILED to load prev close: 402 account_delinquent_invoice
Unable to submit the request because there is an unpaid invoice.
documentation: https://databento.com/docs/portal/billing
09:12:55        If EQUS.SUMMARY is not in your plan, confirm dataset access
09:12:55        at https://databento.com/platform/datasets
09:12:55        Scanner cannot run without prev close data — aborting
Traceback (most recent call last):
  File "/Users/duffy/warrior_bot_v2/live_scanner.py", line 717, in <module>
    main()
  File "/Users/duffy/warrior_bot_v2/live_scanner.py", line 713, in main
    scanner.run()
  File "/Users/duffy/warrior_bot_v2/live_scanner.py", line 625, in run
    self.load_prev_close()
  File "/Users/duffy/warrior_bot_v2/live_scanner.py", line 302, in load_prev_close
    data = client.timeseries.get_range(
           ^^^^^^^^^^^^^^^^^^^^^^^^^^^^
  File "/Users/duffy/warrior_bot/venv/lib/python3.12/site-packages/databento/historical/api/timeseries.py", line 127, in get_range
    return self._stream(
           ^^^^^^^^^^^^^
  File "/Users/duffy/warrior_bot/venv/lib/python3.12/site-packages/databento/common/http.py", line 134, in _stream
    check_http_error(response)
  File "/Users/duffy/warrior_bot/venv/lib/python3.12/site-packages/databento/common/http.py", line 249, in check_http_error
    raise BentoClientError(
databento.common.error.BentoClientError: 402 account_delinquent_invoice
Unable to submit the request because there is an unpaid invoice.
documentation: https://databento.com/docs/portal/billing
