Connected: True, Account: ['DUQ143444']
Backfill: 74 dates from 2026-01-02 to 2026-04-16

[1/74] 2026-01-02

============================================================
  IBKR SCANNER — 2026-01-02
============================================================
  Seed: 0 symbols from existing scanner_results
  WARNING: No seed data — historical scanner requires existing scanner_results
  Use scan_premarket_live() for live mode instead

[2/74] 2026-01-03

============================================================
  IBKR SCANNER — 2026-01-03
============================================================
  Seed: 0 symbols from existing scanner_results
  WARNING: No seed data — historical scanner requires existing scanner_results
  Use scan_premarket_live() for live mode instead

[3/74] 2026-01-05

============================================================
  IBKR SCANNER — 2026-01-05
============================================================
  Seed: 0 symbols from existing scanner_results
  WARNING: No seed data — historical scanner requires existing scanner_results
  Use scan_premarket_live() for live mode instead

[4/74] 2026-01-06

============================================================
  IBKR SCANNER — 2026-01-06
============================================================
  Seed: 1 symbols from existing scanner_results
  ✅ CYCN: gap=+61.9% rvol=12.1x vol=24,518,284.0 float=2.71M price=$2.17

  Total candidates: 1
  Saved: /Users/duffy/warrior_bot_v2/scanner_results/2026-01-06.json

[5/74] 2026-01-07

============================================================
  IBKR SCANNER — 2026-01-07
============================================================
  Seed: 1 symbols from existing scanner_results
  ✅ CDIO: gap=+8.4% rvol=70.1x vol=11,231,227.0 float=1.7M price=$3.23

  Total candidates: 1
  Saved: /Users/duffy/warrior_bot_v2/scanner_results/2026-01-07.json

[6/74] 2026-01-08

============================================================
  IBKR SCANNER — 2026-01-08
============================================================
  Seed: 1 symbols from existing scanner_results
  ✅ ACON: gap=+52.1% rvol=12.1x vol=11,784,125.0 float=0.7M price=$8.17

  Total candidates: 1
  Saved: /Users/duffy/warrior_bot_v2/scanner_results/2026-01-08.json

[7/74] 2026-01-09

============================================================
  IBKR SCANNER — 2026-01-09
============================================================
  Seed: 3 symbols from existing scanner_results
  ✅ APVO: gap=+11.1% rvol=25.6x vol=3,517,340.0 float=0.9M price=$9.89
  ✅ ICON: gap=+36.4% rvol=16.6x vol=3,982,030.0 float=0.69M price=$3.69
  ✅ KUST: gap=+23.9% rvol=26.1x vol=3,108,145.0 float=0.19M price=$3.24

  Total candidates: 3
  Saved: /Users/duffy/warrior_bot_v2/scanner_results/2026-01-09.json

[8/74] 2026-01-12

============================================================
  IBKR SCANNER — 2026-01-12
============================================================
  Seed: 4 symbols from existing scanner_results
  ✅ OM: gap=+39.2% rvol=10.6x vol=9,559,536.0 float=13.06M price=$6.50
  ✅ NCEL: gap=+8.6% rvol=12.5x vol=1,189,628.0 float=2.06M price=$2.40
  ✅ BDSX: gap=+25.4% rvol=2.3x vol=6,603,568.0 float=3.7M price=$7.00

  Total candidates: 3
  Saved: /Users/duffy/warrior_bot_v2/scanner_results/2026-01-12.json

[9/74] 2026-01-13

============================================================
  IBKR SCANNER — 2026-01-13
============================================================
  Seed: 6 symbols from existing scanner_results
  ✅ AHMA: gap=+120.3% rvol=17.0x vol=14,958,906.0 float=2.02M price=$11.30
Error 162, reqId 59: Historical Market Data Service error message:HMDS query returned no data: PMAX@SMART Trades, contract: Stock(conId=873827377, symbol='PMAX', exchange='SMART', primaryExchange='NASDAQ', currency='USD', localSymbol='PMAX', tradingClass='SCM')
  ✅ BCTX: gap=+65.2% rvol=16.4x vol=2,768,739.0 float=1.7M price=$11.98
  ✅ IOTR: gap=+25.3% rvol=84.7x vol=12,847,145.0 float=0.73M price=$3.22

  Total candidates: 3
  Saved: /Users/duffy/warrior_bot_v2/scanner_results/2026-01-13.json

[10/74] 2026-01-14

============================================================
  IBKR SCANNER — 2026-01-14
============================================================
  Seed: 6 symbols from existing scanner_results
  ✅ ROLR: gap=+420.3% rvol=8.1x vol=17,810,770.0 float=3.6M price=$15.61
  ✅ MVO: gap=+38.0% rvol=3.2x vol=1,741,256.0 float=7.61M price=$2.25
  ✅ BEEM: gap=+23.0% rvol=12.5x vol=21,555,609.0 float=14.11M price=$2.19
  ✅ CMND: gap=+15.7% rvol=8.3x vol=753,435.0 float=0.12M price=$2.50

  Total candidates: 4
  Saved: /Users/duffy/warrior_bot_v2/scanner_results/2026-01-14.json

[11/74] 2026-01-15

============================================================
  IBKR SCANNER — 2026-01-15
============================================================
  Seed: 5 symbols from existing scanner_results
  ✅ AGPU: gap=+12.8% rvol=11.5x vol=1,417,444.0 float=1.82M price=$8.13
  ✅ BNKK: gap=+54.9% rvol=22.4x vol=34,912,388.0 float=2.88M price=$4.15
  ✅ CJMB: gap=+121.0% rvol=3.4x vol=24,916,150.0 float=1.39M price=$2.63
  ✅ SPHL: gap=+227.7% rvol=11.4x vol=28,802,736.0 float=0.47M price=$7.80

  Total candidates: 4
  Saved: /Users/duffy/warrior_bot_v2/scanner_results/2026-01-15.json

[12/74] 2026-01-16

============================================================
  IBKR SCANNER — 2026-01-16
============================================================
  Seed: 5 symbols from existing scanner_results
  ✅ BIYA: gap=+57.0% rvol=15.3x vol=6,025,767.0 float=0.1M price=$6.14
  ✅ GWAV: gap=+9.7% rvol=31.9x vol=3,042,954.0 float=0.8M price=$5.19
  ✅ TNMG: gap=+51.5% rvol=8.5x vol=7,779,900.0 float=1.15M price=$2.97
  ✅ LCFY: gap=+85.4% rvol=21.3x vol=17,084,453.0 float=1.4M price=$5.82
  ✅ ACCL: gap=+45.3% rvol=52.3x vol=12,207,399.0 float=2.93M price=$4.36

  Total candidates: 5
  Saved: /Users/duffy/warrior_bot_v2/scanner_results/2026-01-16.json

[13/74] 2026-01-20

============================================================
  IBKR SCANNER — 2026-01-20
============================================================
  Seed: 7 symbols from existing scanner_results
  ✅ TWG: gap=+132.6% rvol=28.9x vol=20,256,874.0 float=0.44M price=$8.00
  ✅ ICON: gap=+9.5% rvol=22.0x vol=13,137,218.0 float=0.69M price=$2.64
  ✅ IVF: gap=+312.2% rvol=7.5x vol=12,460,182.8 float=1.73M price=$16.73
  ✅ BTTC: gap=+66.1% rvol=37.7x vol=36,881,033.0 float=1.27M price=$2.74
  ✅ POLA: gap=+46.5% rvol=2.2x vol=6,495,307.0 float=1.85M price=$2.11
  ✅ SHPH: gap=+166.2% rvol=18.7x vol=58,513,550.0 float=1.6M price=$3.94

  Total candidates: 6
  Saved: /Users/duffy/warrior_bot_v2/scanner_results/2026-01-20.json

[14/74] 2026-01-21

============================================================
  IBKR SCANNER — 2026-01-21
============================================================
  Seed: 7 symbols from existing scanner_results
  ✅ MLEC: gap=+21.2% rvol=4.8x vol=2,466,761.0 float=0.7M price=$6.12
  ✅ BOXL: gap=+61.5% rvol=20.3x vol=53,073,853.0 float=0.66M price=$2.18
  ✅ LSTA: gap=+84.3% rvol=17.9x vol=2,448,095.0 float=7.06M price=$3.98
  ✅ SLGB: gap=+198.3% rvol=23.2x vol=33,814,616.0 float=0.98M price=$3.58
  ✅ AQMS: gap=+13.2% rvol=27.0x vol=6,253,591.0 float=2.66M price=$6.96

  Total candidates: 5
  Saved: /Users/duffy/warrior_bot_v2/scanner_results/2026-01-21.json

[15/74] 2026-01-22

============================================================
  IBKR SCANNER — 2026-01-22
============================================================
  Seed: 4 symbols from existing scanner_results
  ✅ NXTS: gap=+21.7% rvol=50.5x vol=3,511,239.631614 float=1.12M price=$13.37
  ✅ SXTP: gap=+201.0% rvol=18.2x vol=71,255,485.0 float=0.9M price=$6.05
  ✅ IOTR: gap=+151.0% rvol=29.0x vol=21,000,221.0 float=0.73M price=$6.55

  Total candidates: 3
  Saved: /Users/duffy/warrior_bot_v2/scanner_results/2026-01-22.json

[16/74] 2026-01-23

============================================================
  IBKR SCANNER — 2026-01-23
============================================================
  Seed: 8 symbols from existing scanner_results
  ✅ BGL: gap=+156.9% rvol=4.6x vol=7,935,163.0 float=13.58M price=$5.37
  MAXN: FILTERED (RVOL 0.49x < 1.5x, ADV=220,024)
  ✅ SLE: gap=+30.1% rvol=19.0x vol=2,323,965.0 float=0.06M price=$7.90
  ✅ MOVE: gap=+185.5% rvol=11.7x vol=14,053,227.692 float=0.6M price=$14.99
  ✅ RAYA: gap=+6.2% rvol=32.2x vol=11,684,550.0 float=0.6M price=$2.55
  ✅ DRCT: gap=+205.6% rvol=16.6x vol=42,462,199.0 float=0.56M price=$5.44
  ✅ YDDL: gap=+5.5% rvol=3.0x vol=114,944.0 float=6.37M price=$6.70
  ✅ RVYL: gap=+53.9% rvol=14.2x vol=4,751,174.0 float=0.31M price=$7.31

  Total candidates: 7
  Saved: /Users/duffy/warrior_bot_v2/scanner_results/2026-01-23.json

[17/74] 2026-01-26

============================================================
  IBKR SCANNER — 2026-01-26
============================================================
  Seed: 4 symbols from existing scanner_results
  ✅ BATL: gap=+436.1% rvol=24.9x vol=93,528,376.0 float=7.23M price=$6.54
  ✅ ARAI: gap=+10.0% rvol=17.4x vol=15,535,024.0 float=6.23M price=$2.97
  ✅ GXAI: gap=+83.5% rvol=25.2x vol=55,428,473.0 float=6.5M price=$2.00

  Total candidates: 3
  Saved: /Users/duffy/warrior_bot_v2/scanner_results/2026-01-26.json

[18/74] 2026-01-27

============================================================
  IBKR SCANNER — 2026-01-27
============================================================
  Seed: 6 symbols from existing scanner_results
  ✅ NUWE: gap=+99.1% rvol=24.6x vol=46,133,979.0 float=0.88M price=$4.42
  ✅ HIND: gap=+14.1% rvol=76.8x vol=28,457,154.0 float=1.5M price=$3.64
  ✅ CYN: gap=+23.3% rvol=34.5x vol=40,720,913.0 float=7.97M price=$2.75
  ✅ PHGE: gap=+47.9% rvol=3.1x vol=4,143,064.0 float=1.24M price=$5.93
  ✅ NETG: gap=+49.0% rvol=18.6x vol=79,949.0 float=0.02M price=$14.36

  Total candidates: 5
  Saved: /Users/duffy/warrior_bot_v2/scanner_results/2026-01-27.json

[19/74] 2026-01-28

============================================================
  IBKR SCANNER — 2026-01-28
============================================================
  Seed: 4 symbols from existing scanner_results
  ✅ BBGI: gap=+9.3% rvol=2.4x vol=239,727.0 float=0.62M price=$6.10
  ✅ MRNO: gap=+220.7% rvol=7.8x vol=30,841,530.0 float=1.35M price=$2.79
  ✅ AIMD: gap=+18.3% rvol=27.6x vol=16,568,995.0 float=1.69M price=$2.04

  Total candidates: 3
  Saved: /Users/duffy/warrior_bot_v2/scanner_results/2026-01-28.json

[20/74] 2026-01-29

============================================================
  IBKR SCANNER — 2026-01-29
============================================================
  Seed: 4 symbols from existing scanner_results
  ✅ SER: gap=+38.0% rvol=31.0x vol=31,413,597.0 float=3.58M price=$3.78
  ✅ DCX: gap=+22.5% rvol=28.2x vol=12,413,258.0 float=N/AM price=$3.92
  ✅ ZSTK: gap=+14.5% rvol=3.8x vol=370,387.0 float=2.32M price=$12.56

  Total candidates: 3
  Saved: /Users/duffy/warrior_bot_v2/scanner_results/2026-01-29.json

[21/74] 2026-01-30

============================================================
  IBKR SCANNER — 2026-01-30
============================================================
  Seed: 3 symbols from existing scanner_results
  ✅ VIVS: gap=+70.5% rvol=7.4x vol=16,214,876.0 float=2.58M price=$2.95
  ✅ DZZ: gap=+47.7% rvol=1.5x vol=60,943.0 float=2.72M price=$4.80
  ✅ PMN: gap=+54.6% rvol=25.0x vol=2,944,784.0 float=1.27M price=$18.67

  Total candidates: 3
  Saved: /Users/duffy/warrior_bot_v2/scanner_results/2026-01-30.json

[22/74] 2026-02-02

============================================================
  IBKR SCANNER — 2026-02-02
============================================================
  Seed: 5 symbols from existing scanner_results
  ✅ SWVL: gap=+26.7% rvol=68.3x vol=23,542,960.0 float=5.46M price=$2.37
  ✅ FATN: gap=+15.6% rvol=4.1x vol=232,387.0 float=6.23M price=$2.00
  ✅ FUSE: gap=+42.5% rvol=5.3x vol=37,425,542.0 float=14.97M price=$2.28
  ✅ IPW: gap=+37.8% rvol=9.6x vol=2,147,509.0 float=0.45M price=$5.76
  ✅ CISS: gap=+72.2% rvol=16.0x vol=19,734,846.0 float=0.05M price=$2.48

  Total candidates: 5
  Saved: /Users/duffy/warrior_bot_v2/scanner_results/2026-02-02.json

[23/74] 2026-02-03

============================================================
  IBKR SCANNER — 2026-02-03
============================================================
  Seed: 3 symbols from existing scanner_results
  ✅ FATN: gap=+77.5% rvol=27.7x vol=26,103,089.0 float=6.23M price=$3.16
  ✅ NPT: gap=+18.0% rvol=11.5x vol=9,473,451.0 float=3.51M price=$8.07
  ✅ FIEE: gap=+30.4% rvol=9.9x vol=825,963.0 float=0.39M price=$6.18

  Total candidates: 3
  Saved: /Users/duffy/warrior_bot_v2/scanner_results/2026-02-03.json

[24/74] 2026-02-04

============================================================
  IBKR SCANNER — 2026-02-04
============================================================
  Seed: 3 symbols from existing scanner_results
  ✅ YOOV: gap=+44.0% rvol=21.7x vol=6,485,980.0 float=N/AM price=$3.73
  [FMP] YOOV: 5.91M
  ✅ TLF: gap=+15.2% rvol=3.1x vol=54,854.0 float=3.78M price=$3.25

  Total candidates: 2
  Saved: /Users/duffy/warrior_bot_v2/scanner_results/2026-02-04.json

[25/74] 2026-02-05

============================================================
  IBKR SCANNER — 2026-02-05
============================================================
  Seed: 1 symbols from existing scanner_results
  ✅ RNAZ: gap=+31.2% rvol=26.0x vol=4,679,443.0 float=0.83M price=$11.78

  Total candidates: 1
  Saved: /Users/duffy/warrior_bot_v2/scanner_results/2026-02-05.json

[26/74] 2026-02-06

============================================================
  IBKR SCANNER — 2026-02-06
============================================================
  Seed: 2 symbols from existing scanner_results
  ✅ WHLR: gap=+5.2% rvol=38.6x vol=14,963,116.0 float=0.19M price=$2.82
  ✅ FLYE: gap=+14.1% rvol=7.7x vol=3,438,653.0 float=1.46M price=$5.91

  Total candidates: 2
  Saved: /Users/duffy/warrior_bot_v2/scanner_results/2026-02-06.json

[27/74] 2026-02-09

============================================================
  IBKR SCANNER — 2026-02-09
============================================================
  Seed: 1 symbols from existing scanner_results

  Total candidates: 0
  Saved: /Users/duffy/warrior_bot_v2/scanner_results/2026-02-09.json

[28/74] 2026-02-10

============================================================
  IBKR SCANNER — 2026-02-10
============================================================
  Seed: 1 symbols from existing scanner_results
  ✅ SPOG: gap=+18.0% rvol=6.1x vol=409,845.0 float=0.03M price=$7.35

  Total candidates: 1
  Saved: /Users/duffy/warrior_bot_v2/scanner_results/2026-02-10.json

[29/74] 2026-02-11

============================================================
  IBKR SCANNER — 2026-02-11
============================================================
  Seed: 0 symbols from existing scanner_results
  WARNING: No seed data — historical scanner requires existing scanner_results
  Use scan_premarket_live() for live mode instead

[30/74] 2026-02-12

============================================================
  IBKR SCANNER — 2026-02-12
============================================================
  Seed: 1 symbols from existing scanner_results

  Total candidates: 0
  Saved: /Users/duffy/warrior_bot_v2/scanner_results/2026-02-12.json

[31/74] 2026-02-13

============================================================
  IBKR SCANNER — 2026-02-13
============================================================
  Seed: 0 symbols from existing scanner_results
  WARNING: No seed data — historical scanner requires existing scanner_results
  Use scan_premarket_live() for live mode instead

[32/74] 2026-02-17

============================================================
  IBKR SCANNER — 2026-02-17
============================================================
  Seed: 1 symbols from existing scanner_results
  ✅ OBAI: gap=+36.9% rvol=10.3x vol=12,123,021.0 float=3.17M price=$5.82

  Total candidates: 1
  Saved: /Users/duffy/warrior_bot_v2/scanner_results/2026-02-17.json

[33/74] 2026-02-18

============================================================
  IBKR SCANNER — 2026-02-18
============================================================
  Seed: 0 symbols from existing scanner_results
  WARNING: No seed data — historical scanner requires existing scanner_results
  Use scan_premarket_live() for live mode instead

[34/74] 2026-02-19

============================================================
  IBKR SCANNER — 2026-02-19
============================================================
  Seed: 0 symbols from existing scanner_results
  WARNING: No seed data — historical scanner requires existing scanner_results
  Use scan_premarket_live() for live mode instead

[35/74] 2026-02-20

============================================================
  IBKR SCANNER — 2026-02-20
============================================================
  Seed: 0 symbols from existing scanner_results
  WARNING: No seed data — historical scanner requires existing scanner_results
  Use scan_premarket_live() for live mode instead

[36/74] 2026-02-23

============================================================
  IBKR SCANNER — 2026-02-23
============================================================
  Seed: 0 symbols from existing scanner_results
  WARNING: No seed data — historical scanner requires existing scanner_results
  Use scan_premarket_live() for live mode instead

[37/74] 2026-02-24

============================================================
  IBKR SCANNER — 2026-02-24
============================================================
  Seed: 0 symbols from existing scanner_results
  WARNING: No seed data — historical scanner requires existing scanner_results
  Use scan_premarket_live() for live mode instead

[38/74] 2026-02-25

============================================================
  IBKR SCANNER — 2026-02-25
============================================================
  Seed: 0 symbols from existing scanner_results
  WARNING: No seed data — historical scanner requires existing scanner_results
  Use scan_premarket_live() for live mode instead

[39/74] 2026-02-26

============================================================
  IBKR SCANNER — 2026-02-26
============================================================
  Seed: 0 symbols from existing scanner_results
  WARNING: No seed data — historical scanner requires existing scanner_results
  Use scan_premarket_live() for live mode instead

[40/74] 2026-02-27

============================================================
  IBKR SCANNER — 2026-02-27
============================================================
  Seed: 0 symbols from existing scanner_results
  WARNING: No seed data — historical scanner requires existing scanner_results
  Use scan_premarket_live() for live mode instead

[41/74] 2026-03-02

============================================================
  IBKR SCANNER — 2026-03-02
============================================================
  Seed: 0 symbols from existing scanner_results
  WARNING: No seed data — historical scanner requires existing scanner_results
  Use scan_premarket_live() for live mode instead

[42/74] 2026-03-03

============================================================
  IBKR SCANNER — 2026-03-03
============================================================
  Seed: 0 symbols from existing scanner_results
  WARNING: No seed data — historical scanner requires existing scanner_results
  Use scan_premarket_live() for live mode instead

[43/74] 2026-03-04

============================================================
  IBKR SCANNER — 2026-03-04
============================================================
  Seed: 0 symbols from existing scanner_results
  WARNING: No seed data — historical scanner requires existing scanner_results
  Use scan_premarket_live() for live mode instead

[44/74] 2026-03-05

============================================================
  IBKR SCANNER — 2026-03-05
============================================================
  Seed: 1 symbols from existing scanner_results
  ✅ MTEK: gap=+52.5% rvol=10.9x vol=12,603,353.0 float=4.58M price=$2.73

  Total candidates: 1
  Saved: /Users/duffy/warrior_bot_v2/scanner_results/2026-03-05.json

[45/74] 2026-03-06

============================================================
  IBKR SCANNER — 2026-03-06
============================================================
  Seed: 0 symbols from existing scanner_results
  WARNING: No seed data — historical scanner requires existing scanner_results
  Use scan_premarket_live() for live mode instead

[46/74] 2026-03-09

============================================================
  IBKR SCANNER — 2026-03-09
============================================================
  Seed: 1 symbols from existing scanner_results
  ✅ AGH: gap=+19.1% rvol=31.6x vol=13,109,263.0 float=4.6M price=$5.99

  Total candidates: 1
  Saved: /Users/duffy/warrior_bot_v2/scanner_results/2026-03-09.json

[47/74] 2026-03-10

============================================================
  IBKR SCANNER — 2026-03-10
============================================================
  Seed: 0 symbols from existing scanner_results
  WARNING: No seed data — historical scanner requires existing scanner_results
  Use scan_premarket_live() for live mode instead

[48/74] 2026-03-11

============================================================
  IBKR SCANNER — 2026-03-11
============================================================
  Seed: 0 symbols from existing scanner_results
  WARNING: No seed data — historical scanner requires existing scanner_results
  Use scan_premarket_live() for live mode instead

[49/74] 2026-03-12

============================================================
  IBKR SCANNER — 2026-03-12
============================================================
  Seed: 1 symbols from existing scanner_results
  ✅ LCUT: gap=+6.0% rvol=29.9x vol=3,042,200.0 float=11.27M price=$3.20

  Total candidates: 1
  Saved: /Users/duffy/warrior_bot_v2/scanner_results/2026-03-12.json

[50/74] 2026-03-13

============================================================
  IBKR SCANNER — 2026-03-13
============================================================
  Seed: 1 symbols from existing scanner_results

  Total candidates: 0
  Saved: /Users/duffy/warrior_bot_v2/scanner_results/2026-03-13.json

[51/74] 2026-03-16

============================================================
  IBKR SCANNER — 2026-03-16
============================================================
  Seed: 0 symbols from existing scanner_results
  WARNING: No seed data — historical scanner requires existing scanner_results
  Use scan_premarket_live() for live mode instead

[52/74] 2026-03-17

============================================================
  IBKR SCANNER — 2026-03-17
============================================================
  Seed: 0 symbols from existing scanner_results
  WARNING: No seed data — historical scanner requires existing scanner_results
  Use scan_premarket_live() for live mode instead

[53/74] 2026-03-18

============================================================
  IBKR SCANNER — 2026-03-18
============================================================
  Seed: 1 symbols from existing scanner_results
  ✅ ARTL: gap=+48.0% rvol=7.3x vol=12,379,125.0 float=2.12M price=$6.14

  Total candidates: 1
  Saved: /Users/duffy/warrior_bot_v2/scanner_results/2026-03-18.json

[54/74] 2026-03-19

============================================================
  IBKR SCANNER — 2026-03-19
============================================================
  Seed: 1 symbols from existing scanner_results
  ✅ SER: gap=+57.5% rvol=5.2x vol=30,171,461.0 float=3.58M price=$2.11

  Total candidates: 1
  Saved: /Users/duffy/warrior_bot_v2/scanner_results/2026-03-19.json

[55/74] 2026-03-20

============================================================
  IBKR SCANNER — 2026-03-20
============================================================
  Seed: 0 symbols from existing scanner_results
  WARNING: No seed data — historical scanner requires existing scanner_results
  Use scan_premarket_live() for live mode instead

[56/74] 2026-03-23

============================================================
  IBKR SCANNER — 2026-03-23
============================================================
  Seed: 1 symbols from existing scanner_results
  ✅ AHMA: gap=+36.8% rvol=1.7x vol=2,492,017.0 float=2.02M price=$6.28

  Total candidates: 1
  Saved: /Users/duffy/warrior_bot_v2/scanner_results/2026-03-23.json

[57/74] 2026-03-24

============================================================
  IBKR SCANNER — 2026-03-24
============================================================
  Seed: 0 symbols from existing scanner_results
  WARNING: No seed data — historical scanner requires existing scanner_results
  Use scan_premarket_live() for live mode instead

[58/74] 2026-03-25

============================================================
  IBKR SCANNER — 2026-03-25
============================================================
  Seed: 0 symbols from existing scanner_results
  WARNING: No seed data — historical scanner requires existing scanner_results
  Use scan_premarket_live() for live mode instead

[59/74] 2026-03-26

============================================================
  IBKR SCANNER — 2026-03-26
============================================================
  Seed: 0 symbols from existing scanner_results
  WARNING: No seed data — historical scanner requires existing scanner_results
  Use scan_premarket_live() for live mode instead

[60/74] 2026-03-27

============================================================
  IBKR SCANNER — 2026-03-27
============================================================
  Seed: 1 symbols from existing scanner_results

  Total candidates: 0
  Saved: /Users/duffy/warrior_bot_v2/scanner_results/2026-03-27.json

[61/74] 2026-03-30

============================================================
  IBKR SCANNER — 2026-03-30
============================================================
  Seed: 0 symbols from existing scanner_results
  WARNING: No seed data — historical scanner requires existing scanner_results
  Use scan_premarket_live() for live mode instead

[62/74] 2026-03-31

============================================================
  IBKR SCANNER — 2026-03-31
============================================================
  ERROR: 'symbol'

[63/74] 2026-04-01

============================================================
  IBKR SCANNER — 2026-04-01
============================================================
  ERROR: 'symbol'

[64/74] 2026-04-02

============================================================
  IBKR SCANNER — 2026-04-02
============================================================
  ERROR: 'symbol'

[65/74] 2026-04-03

============================================================
  IBKR SCANNER — 2026-04-03
============================================================
  ERROR: 'symbol'

[66/74] 2026-04-06

============================================================
  IBKR SCANNER — 2026-04-06
============================================================
  ERROR: 'symbol'

[67/74] 2026-04-07

============================================================
  IBKR SCANNER — 2026-04-07
============================================================
  ERROR: 'symbol'

[68/74] 2026-04-08

============================================================
  IBKR SCANNER — 2026-04-08
============================================================
  ERROR: 'symbol'

[69/74] 2026-04-09

============================================================
  IBKR SCANNER — 2026-04-09
============================================================
  ERROR: 'symbol'

[70/74] 2026-04-10

============================================================
  IBKR SCANNER — 2026-04-10
============================================================
  Seed: 3 symbols from existing scanner_results
  ✅ SQFT: gap=+66.4% rvol=17.2x vol=19,579,989.0 float=0.69M price=$4.11
  ✅ IQST: gap=+21.8% rvol=16.2x vol=2,241,983.0 float=4.07M price=$2.18

  Total candidates: 2
  Saved: /Users/duffy/warrior_bot_v2/scanner_results/2026-04-10.json

[71/74] 2026-04-13

============================================================
  IBKR SCANNER — 2026-04-13
============================================================
  ERROR: 'symbol'

[72/74] 2026-04-14

============================================================
  IBKR SCANNER — 2026-04-14
============================================================
  ERROR: 'symbol'

[73/74] 2026-04-15

============================================================
  IBKR SCANNER — 2026-04-15
============================================================
  ERROR: 'symbol'

[74/74] 2026-04-16

============================================================
  IBKR SCANNER — 2026-04-16
============================================================
  ERROR: 'symbol'

============================================================
  BACKFILL COMPLETE: 74 dates, 86 total candidates
============================================================
