05:15:08  Live Scanner starting — 2026-04-13 
05:15:08  [1/2] Fetching 21-day OHLCV (Databento EQUS.SUMMARY ohlcv-1d)...
05:15:08  Initialized Historical(gateway=https://hist.databento.com)
05:15:08        Requesting OHLCV from 2026-03-13 to 2026-04-10...
05:15:10        FAILED to load prev close: 402 account_delinquent_invoice
Unable to submit the request because there is an unpaid invoice.
documentation: https://databento.com/docs/portal/billing
05:15:10        If EQUS.SUMMARY is not in your plan, confirm dataset access
05:15:10        at https://databento.com/platform/datasets
05:15:10        Scanner cannot run without prev close data — aborting
Traceback (most recent call last):
  File "/Users/duffy/warrior_bot_v2/live_scanner.py", line 717, in <module>
    main()
  File "/Users/duffy/warrior_bot_v2/live_scanner.py", line 713, in main
    scanner.run()
  File "/Users/duffy/warrior_bot_v2/live_scanner.py", line 625, in run
    self.load_prev_close()
  File "/Users/duffy/warrior_bot_v2/live_scanner.py", line 302, in load_prev_close
    data = client.timeseries.get_range(
           ^^^^^^^^^^^^^^^^^^^^^^^^^^^^
  File "/Users/duffy/warrior_bot/venv/lib/python3.12/site-packages/databento/historical/api/timeseries.py", line 127, in get_range
    return self._stream(
           ^^^^^^^^^^^^^
  File "/Users/duffy/warrior_bot/venv/lib/python3.12/site-packages/databento/common/http.py", line 134, in _stream
    check_http_error(response)
  File "/Users/duffy/warrior_bot/venv/lib/python3.12/site-packages/databento/common/http.py", line 249, in check_http_error
    raise BentoClientError(
databento.common.error.BentoClientError: 402 account_delinquent_invoice
Unable to submit the request because there is an unpaid invoice.
documentation: https://databento.com/docs/portal/billing
