caffeinate started (PID: 13252)
=== V2 Daily run started: Thu Mar 26 02:00:00 MDT 2026 ===
From github.com:mannyluke4/warrior_bot
 * branch            v2-ibkr-migration -> FETCH_HEAD
Already up to date.
Pre-flight: checking Python imports...
V2 Imports OK
Starting TWS via IBC...
TWS started (IBC PID: 13266)
Cleaning up stale connections...
Starting bot_ibkr.py...
Bot started (PID: 13300)
API connection failed: ConnectionRefusedError(61, "Connect call failed ('127.0.0.1', 7497)")
Make sure API port on TWS/IBG is open
============================================================
  WARRIOR BOT V2 — IBKR Edition
  Squeeze: ON
  MP: OFF
  Port: 7497
============================================================
Traceback (most recent call last):
  File "/Users/duffy/warrior_bot_v2/bot_ibkr.py", line 626, in <module>
    main()
  File "/Users/duffy/warrior_bot_v2/bot_ibkr.py", line 558, in main
    ib = connect()
         ^^^^^^^^^
  File "/Users/duffy/warrior_bot_v2/bot_ibkr.py", line 116, in connect
    state.ib.connect(IBKR_HOST, IBKR_PORT, clientId=IBKR_CLIENT_ID)
  File "/Users/duffy/warrior_bot/venv/lib/python3.12/site-packages/ib_insync/ib.py", line 279, in connect
    return self._run(self.connectAsync(
           ^^^^^^^^^^^^^^^^^^^^^^^^^^^^
  File "/Users/duffy/warrior_bot/venv/lib/python3.12/site-packages/ib_insync/ib.py", line 318, in _run
    return util.run(*awaitables, timeout=self.RequestTimeout)
           ^^^^^^^^^^^^^^^^^^^^^^^^^^^^^^^^^^^^^^^^^^^^^^^^^^
  File "/Users/duffy/warrior_bot/venv/lib/python3.12/site-packages/ib_insync/util.py", line 341, in run
    result = loop.run_until_complete(task)
             ^^^^^^^^^^^^^^^^^^^^^^^^^^^^^
  File "/opt/homebrew/Cellar/python@3.12/3.12.13/Frameworks/Python.framework/Versions/3.12/lib/python3.12/asyncio/base_events.py", line 691, in run_until_complete
    return future.result()
           ^^^^^^^^^^^^^^^
  File "/Users/duffy/warrior_bot/venv/lib/python3.12/site-packages/ib_insync/ib.py", line 1748, in connectAsync
    await self.client.connectAsync(host, port, clientId, timeout)
  File "/Users/duffy/warrior_bot/venv/lib/python3.12/site-packages/ib_insync/client.py", line 211, in connectAsync
    await asyncio.wait_for(self.conn.connectAsync(host, port), timeout)
  File "/opt/homebrew/Cellar/python@3.12/3.12.13/Frameworks/Python.framework/Versions/3.12/lib/python3.12/asyncio/tasks.py", line 520, in wait_for
    return await fut
           ^^^^^^^^^
  File "/Users/duffy/warrior_bot/venv/lib/python3.12/site-packages/ib_insync/connection.py", line 39, in connectAsync
    self.transport, _ = await loop.create_connection(
                        ^^^^^^^^^^^^^^^^^^^^^^^^^^^^^
  File "/opt/homebrew/Cellar/python@3.12/3.12.13/Frameworks/Python.framework/Versions/3.12/lib/python3.12/asyncio/base_events.py", line 1132, in create_connection
    raise exceptions[0]
  File "/opt/homebrew/Cellar/python@3.12/3.12.13/Frameworks/Python.framework/Versions/3.12/lib/python3.12/asyncio/base_events.py", line 1107, in create_connection
    sock = await self._connect_sock(
           ^^^^^^^^^^^^^^^^^^^^^^^^^
  File "/opt/homebrew/Cellar/python@3.12/3.12.13/Frameworks/Python.framework/Versions/3.12/lib/python3.12/asyncio/base_events.py", line 1010, in _connect_sock
    await self.sock_connect(sock, address)
  File "/opt/homebrew/Cellar/python@3.12/3.12.13/Frameworks/Python.framework/Versions/3.12/lib/python3.12/asyncio/selector_events.py", line 651, in sock_connect
    return await fut
           ^^^^^^^^^
  File "/opt/homebrew/Cellar/python@3.12/3.12.13/Frameworks/Python.framework/Versions/3.12/lib/python3.12/asyncio/selector_events.py", line 691, in _sock_connect_cb
    raise OSError(err, f'Connect call failed {address}')
ConnectionRefusedError: [Errno 61] Connect call failed ('127.0.0.1', 7497)
FATAL: bot_ibkr.py crashed within 15s of launch. Check /Users/duffy/warrior_bot_v2/logs/2026-03-26_daily.log for details.
=== TRAP: cleanup at Thu Mar 26 02:01:52 MDT 2026 ===
