=== Waking screen ===
Display wake (caffeinate -u) sent
Display state: unknown (continuing — caffeinate keeps system awake regardless)
Persistent caffeinate started (PID: 75017)
=== V3 Hybrid daily run started: Fri May  8 02:00:05 MDT 2026 ===
From github.com:mannyluke4/warrior_bot
 * branch            v2-ibkr-migration -> FETCH_HEAD
Already up to date.
Code version: 82067d1 (auto: v3 daily logs 2026-05-07)
daily_run_v3.sh hash: 7d8ac7460c2218d68953a8b2b43cb89ce5385b82
bot_v3_hybrid.py hash: ee4e25779a33c616ef7bb223f88ffa8d57100923
bot_alpaca_subbot.py hash: ea5d81aca01be1003e904d9327df8164c92c1f7b
alpaca_feed.py hash: 682a855ab7d4135ad611baa7e19a941a00690a38
sntp: Exchange failed: Timeout
sntp: clock_settime: Operation not permitted
sntp_exchange {
        result: 6 (Timeout)
        header: 00 (li:0 vn:0 mode:0)
       stratum: 00 (0)
          poll: 00 (1)
     precision: 00 (1.000000e+00)
         delay: 0000.0000 (0.000000000)
    dispersion: 0000.0000 (0.000000000)
           ref: 00000000 ("    ")
         t_ref: 00000000.00000000 (0.000000000)
            t1: EDA81687.B7DB5D89 (3987216007.718190999)
            t2: 00000000.00000000 (0.000000000)
            t3: 00000000.00000000 (0.000000000)
            t4: 00000000.00000000 (0.000000000)
        offset: FFFFFFFF892BF4BC.2412513B80000000 (-1993608003.859095573)
         delay: FFFFFFFF1257E978.4824A27700000000 (-3987216007.718191147)
          mean: 0000000000000000.0000000000000000 (0.000000000)
         error: 0000000000000000.0000000000000000 (0.000000000)
          addr: 2620:149:a16:4000::31
}
+0.028761 +/- 0.054054 time.apple.com 2620:149:a23:3000::1e2
NTP sync skipped (non-root)
System time: Fri May  8 08:00:08 UTC 2026
Pre-flight: checking Python imports...
V3 Imports OK
Sub-bot Imports OK
Killing stale processes...
Gateway already up on port 4002 — reusing existing session (no kill/restart)
Waiting for IB Gateway on port 4002...
Gateway is up on port 4002 (after ~5s)
Cleaning up stale connections...
Starting live_scanner.py...
Live scanner started (PID: 75066)
Starting bot_v3_hybrid.py (Alpaca execution — main bot account PA3VP0LB4OID)...
Bot started (PID: 75078)
Bot health check passed (still running after 15s, PID: 75078)
HEALTH_OK: Bot connected at 2026-05-08 08:00:33 UTC
Starting bot_alpaca_subbot.py (IBKR data + Alpaca exec; WB Phase 1 paper)...
Sub-bot started (PID: 75090, log: /Users/duffy/warrior_bot_v2/logs/2026-05-08_subbot_alpaca.log)
Sub-bot health check passed (still running after 15s, PID: 75090)
Gateway watchdog started (PID: 75110)
Watchdog: monitoring bot until 6:05 PM MT / 8:05 PM ET (Fri May  8 18:05:00 MDT 2026)...
  Bot runs: morning 7:00-12:00 ET, sleeps 12:00-16:00, evening 16:00-20:00 ET
WARN: bot_alpaca_subbot.py died at Fri May  8 09:40:55 MDT 2026. Main bot continuing alone.
ALERT: bot_v3_hybrid.py died at Fri May  8 18:00:05 MDT 2026! Session ended early. Check /Users/duffy/warrior_bot_v2/logs/2026-05-08_daily.log.
=== Shutting down at Fri May  8 18:00:05 MDT 2026 ===
Pushing logs...
[v2-ibkr-migration 0563ff3] auto: v3 daily logs 2026-05-08
 6 files changed, 101591 insertions(+)
 create mode 100644 logs/2026-05-08_daily.log
 create mode 100644 logs/2026-05-08_scanner.log
 create mode 100644 logs/2026-05-08_subbot_alpaca.log
 create mode 100644 logs/cron_2026-05-08.log
=== V3 Hybrid daily run complete: Fri May  8 18:00:14 MDT 2026 ===
=== TRAP: cleanup at Fri May  8 18:00:14 MDT 2026 ===
/Users/duffy/warrior_bot_v2/daily_run_v3.sh: line 21: 75017 Terminated: 15          caffeinate -dims -w $$  (wd: ~)
/Users/duffy/warrior_bot_v2/daily_run_v3.sh: line 21: 75110 Terminated: 15          ( while true; do
    sleep 60; if ! python3 -c "import socket; s=socket.socket(); s.settimeout(2); s.connect(('127.0.0.1',$IBKR_PORT)); s.close()" 2> /dev/null; then
        echo "WARNING: Gateway port $IBKR_PORT dropped at $(date -u '+%Y-%m-%d %H:%M:%S UTC')" >> "$LOG_DIR/gateway_watchdog.log"; echo "WARNING: Gateway port $IBKR_PORT dropped at $(date -u '+%Y-%m-%d %H:%M:%S UTC')";
    fi;
done )
[v2-ibkr-migration 934ca8d] auto: v3 daily logs 2026-05-08
 2 files changed, 16 insertions(+)
=== Cleanup complete: Fri May  8 18:00:15 MDT 2026 ===
