=== Waking screen ===
Display wake (caffeinate -u) sent
Display state: unknown (continuing — caffeinate keeps system awake regardless)
Persistent caffeinate started (PID: 14907)
=== V3 Hybrid daily run started: Tue May 12 02:00:06 MDT 2026 ===
From github.com:mannyluke4/warrior_bot
 * branch            v2-ibkr-migration -> FETCH_HEAD
Already up to date.
Code version: df551fa (bot_v3_hybrid: Phase 3 — compute_alpaca_aware_limit() helper (DORMANT, gated off))
daily_run_v3.sh hash: 7d8ac7460c2218d68953a8b2b43cb89ce5385b82
bot_v3_hybrid.py hash: 3e8a8c6f9c257a9e5cbafa9cf2112a2d9072f39a
bot_alpaca_subbot.py hash: c7a445eab285551383cb330530fad9df474b7fc0
alpaca_feed.py hash: 682a855ab7d4135ad611baa7e19a941a00690a38
sntp: clock_settime: Operation not permitted
+0.032463 +/- 0.064160 time.apple.com 2620:149:a16:3000::31
NTP sync skipped (non-root)
System time: Tue May 12 08:00:07 UTC 2026
Pre-flight: checking Python imports...
V3 Imports OK
Sub-bot Imports OK
Killing stale processes...
Gateway already up on port 4002 — reusing existing session (no kill/restart)
Waiting for IB Gateway on port 4002...
Gateway is up on port 4002 (after ~5s)
Cleaning up stale connections...
Starting live_scanner.py...
Live scanner started (PID: 14969)
Starting bot_v3_hybrid.py (Alpaca execution — main bot account PA3VP0LB4OID)...
Bot started (PID: 14979)
Bot health check passed (still running after 15s, PID: 14979)
HEALTH_OK: Bot connected at 2026-05-12 08:00:31 UTC
Starting bot_alpaca_subbot.py (IBKR data + Alpaca exec; WB Phase 1 paper)...
Sub-bot started (PID: 14988, log: /Users/duffy/warrior_bot_v2/logs/2026-05-12_subbot_alpaca.log)
Sub-bot health check passed (still running after 15s, PID: 14988)
Gateway watchdog started (PID: 14994)
Watchdog: monitoring bot until 6:05 PM MT / 8:05 PM ET (Tue May 12 18:05:00 MDT 2026)...
  Bot runs: morning 7:00-12:00 ET, sleeps 12:00-16:00, evening 16:00-20:00 ET
ALERT: bot_v3_hybrid.py died at Tue May 12 18:00:41 MDT 2026! Session ended early. Check /Users/duffy/warrior_bot_v2/logs/2026-05-12_daily.log.
=== Shutting down at Tue May 12 18:00:41 MDT 2026 ===
Pushing logs...
