=== Waking screen ===
Display wake (caffeinate -u) sent
Display state: unknown (continuing — caffeinate keeps system awake regardless)
Persistent caffeinate started (PID: 58348)
=== V3 Hybrid daily run started: Thu May  7 02:00:05 MDT 2026 ===
From github.com:mannyluke4/warrior_bot
 * branch            v2-ibkr-migration -> FETCH_HEAD
Already up to date.
Code version: 87d7bf9 (daily_run_v3.sh: WB_TBT_ENABLED=0 on sub-bot launch)
daily_run_v3.sh hash: 719e66ff3828d6881efbfd8e8df77509ece630ec
bot_v3_hybrid.py hash: ee4e25779a33c616ef7bb223f88ffa8d57100923
bot_alpaca_subbot.py hash: ea5d81aca01be1003e904d9327df8164c92c1f7b
alpaca_feed.py hash: 682a855ab7d4135ad611baa7e19a941a00690a38
sntp: clock_settime: Operation not permitted
+0.032115 +/- 0.060197 time.apple.com 2620:149:a23:3000::1f2
NTP sync skipped (non-root)
System time: Thu May  7 08:00:07 UTC 2026
Pre-flight: checking Python imports...
V3 Imports OK
Sub-bot Imports OK
Killing stale processes...
Gateway already up on port 4002 — reusing existing session (no kill/restart)
Waiting for IB Gateway on port 4002...
Gateway is up on port 4002 (after ~5s)
Cleaning up stale connections...
Starting live_scanner.py...
Live scanner started (PID: 58389)
Starting bot_v3_hybrid.py...
Bot started (PID: 58391)
Bot health check passed (still running after 15s, PID: 58391)
HEALTH_OK: Bot connected at 2026-05-07 08:00:32 UTC
Starting bot_alpaca_subbot.py (IBKR data + Alpaca exec; WB Phase 1 paper)...
Sub-bot started (PID: 58407, log: /Users/duffy/warrior_bot_v2/logs/2026-05-07_subbot_alpaca.log)
Sub-bot health check passed (still running after 15s, PID: 58407)
Gateway watchdog started (PID: 58414)
Watchdog: monitoring bot until 6:05 PM MT / 8:05 PM ET (Thu May  7 18:05:00 MDT 2026)...
  Bot runs: morning 7:00-12:00 ET, sleeps 12:00-16:00, evening 16:00-20:00 ET
ALERT: bot_v3_hybrid.py died at Thu May  7 18:00:59 MDT 2026! Session ended early. Check /Users/duffy/warrior_bot_v2/logs/2026-05-07_daily.log.
=== Shutting down at Thu May  7 18:00:59 MDT 2026 ===
Pushing logs...
[v2-ibkr-migration b848ca9] auto: v3 daily logs 2026-05-07
 6 files changed, 101414 insertions(+)
 create mode 100644 logs/2026-05-07_daily.log
 create mode 100644 logs/2026-05-07_scanner.log
 create mode 100644 logs/2026-05-07_subbot_alpaca.log
 create mode 100644 logs/cron_2026-05-07.log
=== V3 Hybrid daily run complete: Thu May  7 18:01:07 MDT 2026 ===
=== TRAP: cleanup at Thu May  7 18:01:07 MDT 2026 ===
