=== Waking screen ===
Display wake (caffeinate -u) sent
Display state: unknown (continuing — caffeinate keeps system awake regardless)
Persistent caffeinate started (PID: 39626)
=== V3 Hybrid daily run started: Wed May  6 02:00:05 MDT 2026 ===
From github.com:mannyluke4/warrior_bot
 * branch            v2-ibkr-migration -> FETCH_HEAD
Already up to date.
Code version: d09c137 (auto: v3 daily logs 2026-05-05)
daily_run_v3.sh hash: fb767957797097a09ca57c36d6bf04dce3fc90d8
bot_v3_hybrid.py hash: 4aa9bc2bc98017d8aaae7fdb6ee427ec9fd21fc1
bot_alpaca_subbot.py hash: da451199fc6320b8d4478ebd8ebc01f6ecc6b4f1
alpaca_feed.py hash: 682a855ab7d4135ad611baa7e19a941a00690a38
sntp: clock_settime: Operation not permitted
+0.033671 +/- 0.056770 time.apple.com 2620:149:a23:3000::1e2
NTP sync skipped (non-root)
System time: Wed May  6 08:00:07 UTC 2026
Pre-flight: checking Python imports...
V3 Imports OK
Sub-bot Imports OK
Killing stale processes...
Gateway already up on port 4002 — reusing existing session (no kill/restart)
Waiting for IB Gateway on port 4002...
Gateway is up on port 4002 (after ~5s)
Cleaning up stale connections...
Starting live_scanner.py...
Live scanner started (PID: 39667)
Starting bot_v3_hybrid.py...
Bot started (PID: 39669)
Bot health check passed (still running after 15s, PID: 39669)
HEALTH_OK: Bot connected at 2026-05-06 08:00:32 UTC
Starting bot_alpaca_subbot.py (IBKR data + Alpaca exec; WB Phase 1 paper)...
Sub-bot started (PID: 39688, log: /Users/duffy/warrior_bot_v2/logs/2026-05-06_subbot_alpaca.log)
Sub-bot health check passed (still running after 15s, PID: 39688)
Gateway watchdog started (PID: 39713)
Watchdog: monitoring bot until 6:05 PM MT / 8:05 PM ET (Wed May  6 18:05:00 MDT 2026)...
  Bot runs: morning 7:00-12:00 ET, sleeps 12:00-16:00, evening 16:00-20:00 ET
=== Waking screen ===
Display wake (caffeinate -u) sent
Display state: unknown (continuing — caffeinate keeps system awake regardless)
Persistent caffeinate started (PID: 44981)
=== V3 Hybrid daily run started: Wed May  6 08:38:22 MDT 2026 ===
From github.com:mannyluke4/warrior_bot
 * branch            v2-ibkr-migration -> FETCH_HEAD
Already up to date.
Code version: d09c137 (auto: v3 daily logs 2026-05-05)
daily_run_v3.sh hash: 9b4a59b6e52bee714178fd7e7899abcb  /Users/duffy/warrior_bot_v2/daily_run_v3.sh
bot_v3_hybrid.py hash: 187b0b714f6ff71a2822647b9106cbf2  /Users/duffy/warrior_bot_v2/bot_v3_hybrid.py
bot_alpaca_subbot.py hash: b6e175d65d986c8b16a0c005d369e768  /Users/duffy/warrior_bot_v2/bot_alpaca_subbot.py
alpaca_feed.py hash: 870553116e841aac75c1f8ac28976191  /Users/duffy/warrior_bot_v2/alpaca_feed.py
sntp: clock_settime: Operation not permitted
+0.025299 +/- 0.051426 time.apple.com 2620:149:a23:4000::1e2
NTP sync skipped (non-root)
System time: Wed May  6 14:38:24 UTC 2026
Pre-flight: checking Python imports...
V3 Imports OK
Sub-bot Imports OK
Killing stale processes...
Gateway already up on port 4002 — reusing existing session (no kill/restart)
Waiting for IB Gateway on port 4002...
Gateway is up on port 4002 (after ~5s)
Cleaning up stale connections...
Starting live_scanner.py...
Live scanner started (PID: 45012)
Starting bot_v3_hybrid.py...
Bot started (PID: 45015)
ALERT: bot_v3_hybrid.py died at Wed May  6 08:38:43 MDT 2026! Session ended early. Check /Users/duffy/warrior_bot_v2/logs/2026-05-06_daily.log.
=== Shutting down at Wed May  6 08:38:43 MDT 2026 ===
Bot health check passed (still running after 15s, PID: 45015)
HEALTH_OK: Bot connected at 2026-05-06 14:38:48 UTC
Starting bot_alpaca_subbot.py (IBKR data + Alpaca exec; WB Phase 1 paper)...
Sub-bot started (PID: 45040, log: /Users/duffy/warrior_bot_v2/logs/2026-05-06_subbot_alpaca.log)
Pushing logs...
[v2-ibkr-migration 14eef51] auto: v3 daily logs 2026-05-06
 4 files changed, 61115 insertions(+)
 create mode 100644 logs/2026-05-06_daily.log
 create mode 100644 logs/2026-05-06_scanner.log
 create mode 100644 logs/2026-05-06_subbot_alpaca.log
 create mode 100644 logs/cron_2026-05-06.log
=== V3 Hybrid daily run complete: Wed May  6 08:38:50 MDT 2026 ===
=== TRAP: cleanup at Wed May  6 08:38:50 MDT 2026 ===
/Users/duffy/warrior_bot_v2/daily_run_v3.sh: line 21: 39626 Terminated: 15          caffeinate -dims -w $$  (wd: ~)
/Users/duffy/warrior_bot_v2/daily_run_v3.sh: line 21: 39713 Terminated: 15          ( while true; do
    sleep 60; if ! python3 -c "import socket; s=socket.socket(); s.settimeout(2); s.connect(('127.0.0.1',$IBKR_PORT)); s.close()" 2> /dev/null; then
        echo "WARNING: Gateway port $IBKR_PORT dropped at $(date -u '+%Y-%m-%d %H:%M:%S UTC')" >> "$LOG_DIR/gateway_watchdog.log"; echo "WARNING: Gateway port $IBKR_PORT dropped at $(date -u '+%Y-%m-%d %H:%M:%S UTC')";
    fi;
done )
[v2-ibkr-migration b5f8438] auto: v3 daily logs 2026-05-06
 3 files changed, 21 insertions(+)
=== Cleanup complete: Wed May  6 08:38:52 MDT 2026 ===
daily_run_v3.sh: line 219: 45040 Terminated: 15          WB_SQUEEZE_ENABLED=0 WB_WAVE_BREAKOUT_ENABLED=1 python3 bot_alpaca_subbot.py >> "$SUBBOT_LOG" 2>&1
WARN: bot_alpaca_subbot.py crashed within 15s — continuing without sub-bot.
      See /Users/duffy/warrior_bot_v2/logs/2026-05-06_subbot_alpaca.log for details.
Gateway watchdog started (PID: 45063)
Watchdog: monitoring bot until 6:05 PM MT / 8:05 PM ET (Wed May  6 18:05:00 MDT 2026)...
  Bot runs: morning 7:00-12:00 ET, sleeps 12:00-16:00, evening 16:00-20:00 ET
ALERT: bot_v3_hybrid.py died at Wed May  6 08:39:03 MDT 2026! Session ended early. Check /Users/duffy/warrior_bot_v2/logs/2026-05-06_daily.log.
=== Shutting down at Wed May  6 08:39:03 MDT 2026 ===
Pushing logs...
