=== Waking screen and ensuring active desktop ===
Display wake signal sent
WARN: keystroke failed — check Accessibility permissions
Waiting 10s for desktop session...
Desktop session: ACTIVE
caffeinate started (PID: 79932)
=== V3 Hybrid daily run started: Thu Apr  2 02:04:18 MDT 2026 ===
From github.com:mannyluke4/warrior_bot
 * branch            v2-ibkr-migration -> FETCH_HEAD
Already up to date.
Code version: 31b0db7 (Investigation: V1 phantom positions — cancel-replace race condition)
/Users/duffy/warrior_bot_v2/daily_run_v3.sh: line 88: md5: command not found
daily_run_v3.sh hash: 
/Users/duffy/warrior_bot_v2/daily_run_v3.sh: line 89: md5: command not found
bot_v3_hybrid.py hash: 
sntp: Exchange failed: Timeout
sntp: clock_settime: Operation not permitted
sntp_exchange {
        result: 6 (Timeout)
        header: 00 (li:0 vn:0 mode:0)
       stratum: 00 (0)
          poll: 00 (1)
     precision: 00 (1.000000e+00)
         delay: 0000.0000 (0.000000000)
    dispersion: 0000.0000 (0.000000000)
           ref: 00000000 ("    ")
         t_ref: 00000000.00000000 (0.000000000)
            t1: ED78A183.9F7D4174 (3984105859.623004999)
            t2: 00000000.00000000 (0.000000000)
            t3: 00000000.00000000 (0.000000000)
            t4: 00000000.00000000 (0.000000000)
        offset: FFFFFFFF8943AF3E.30415F4600000000 (-1992052929.811502457)
         delay: FFFFFFFF12875E7C.6082BE8C00000000 (-3984105859.623004913)
          mean: 0000000000000000.0000000000000000 (0.000000000)
         error: 0000000000000000.0000000000000000 (0.000000000)
          addr: 17.253.6.37
}
+0.023349 +/- 0.041224 time.apple.com 17.253.26.123
NTP sync skipped (non-root)
System time: Thu Apr  2 08:04:20 UTC 2026
Pre-flight: checking Python imports...
V3 Imports OK
Killing stale processes...
All stale processes cleared.
Starting IB Gateway via IBC...
Waiting for IB Gateway on port 4002...
  attempt 1/36: port 4002 not ready yet, waiting 5s...
[1;32m+==============================================================================
+
+ IBC version 3.23.0
+
+ Running GATEWAY 10.37
+
+ Diagnostic information is logged in:
+
+ /Users/duffy/ibc/logs/ibc-3.23.0_GATEWAY-10.37_Thursday.txt
+
+[0m
  attempt 2/36: port 4002 not ready yet, waiting 5s...
  attempt 3/36: port 4002 not ready yet, waiting 5s...
  attempt 4/36: port 4002 not ready yet, waiting 5s...
  attempt 5/36: port 4002 not ready yet, waiting 5s...
  attempt 6/36: port 4002 not ready yet, waiting 5s...
  attempt 7/36: port 4002 not ready yet, waiting 5s...
  attempt 8/36: port 4002 not ready yet, waiting 5s...
  attempt 9/36: port 4002 not ready yet, waiting 5s...
  attempt 10/36: port 4002 not ready yet, waiting 5s...
  attempt 11/36: port 4002 not ready yet, waiting 5s...
  attempt 12/36: port 4002 not ready yet, waiting 5s...
  attempt 13/36: port 4002 not ready yet, waiting 5s...
  attempt 14/36: port 4002 not ready yet, waiting 5s...
  attempt 15/36: port 4002 not ready yet, waiting 5s...
  attempt 16/36: port 4002 not ready yet, waiting 5s...
  attempt 17/36: port 4002 not ready yet, waiting 5s...
  attempt 18/36: port 4002 not ready yet, waiting 5s...
  attempt 19/36: port 4002 not ready yet, waiting 5s...
  attempt 20/36: port 4002 not ready yet, waiting 5s...
  attempt 21/36: port 4002 not ready yet, waiting 5s...
  attempt 22/36: port 4002 not ready yet, waiting 5s...
  attempt 23/36: port 4002 not ready yet, waiting 5s...
  attempt 24/36: port 4002 not ready yet, waiting 5s...
  attempt 25/36: port 4002 not ready yet, waiting 5s...
  attempt 26/36: port 4002 not ready yet, waiting 5s...
  attempt 27/36: port 4002 not ready yet, waiting 5s...
  attempt 28/36: port 4002 not ready yet, waiting 5s...
  attempt 29/36: port 4002 not ready yet, waiting 5s...
  attempt 30/36: port 4002 not ready yet, waiting 5s...
  attempt 31/36: port 4002 not ready yet, waiting 5s...
  attempt 32/36: port 4002 not ready yet, waiting 5s...
  attempt 33/36: port 4002 not ready yet, waiting 5s...
  attempt 34/36: port 4002 not ready yet, waiting 5s...
  attempt 35/36: port 4002 not ready yet, waiting 5s...
  attempt 36/36: port 4002 not ready yet, waiting 5s...
FATAL: IB Gateway did not open port 4002 within 180 seconds. Aborting.
=== TRAP: cleanup at Thu Apr  2 02:07:36 MDT 2026 ===
/Users/duffy/warrior_bot_v2/daily_run_v3.sh: line 16: 79932 Terminated: 15          caffeinate -dims -w $$  (wd: ~)
[v2-ibkr-migration 1a5e676] auto: v3 daily logs 2026-04-02
 2 files changed, 190 insertions(+)
 create mode 100644 logs/2026-04-02_daily.log
 create mode 100644 logs/cron_2026-04-02.log
=== Cleanup complete: Thu Apr  2 02:07:38 MDT 2026 ===
[1;31m+==============================================================================
+
+                       **** An error has occurred ****
+
+                     Please look in the diagnostics file 
+                   mentioned above for further information
+
+                           Press enter to continue.
+
+==============================================================================[0m
=== Waking screen and ensuring active desktop ===
Display wake signal sent
Waiting 10s for desktop session...
Desktop session: ACTIVE
/Users/duffy/warrior_bot_v2/daily_run_v3.sh: line 78: 81260 Terminated: 15          caffeinate -u -t 30
caffeinate started (PID: 81282)
=== V3 Hybrid daily run started: Thu Apr  2 04:16:23 MDT 2026 ===
From github.com:mannyluke4/warrior_bot
 * branch            v2-ibkr-migration -> FETCH_HEAD
Already up to date.
Code version: 1a5e676 (auto: v3 daily logs 2026-04-02)
daily_run_v3.sh hash: 79ca70faa396f476614224dde91d40f7
bot_v3_hybrid.py hash: b8c7d3b2d0f213c9bee7cec520259591
sntp: Exchange failed: Timeout
sntp: Exchange failed: Timeout
sntp: clock_settime: Operation not permitted
sntp_exchange {
        result: 6 (Timeout)
        header: 00 (li:0 vn:0 mode:0)
       stratum: 00 (0)
          poll: 00 (1)
     precision: 00 (1.000000e+00)
         delay: 0000.0000 (0.000000000)
    dispersion: 0000.0000 (0.000000000)
           ref: 00000000 ("    ")
         t_ref: 00000000.00000000 (0.000000000)
            t1: ED78C078.CEAF89C5 (3984113784.807365999)
            t2: 00000000.00000000 (0.000000000)
            t3: 00000000.00000000 (0.000000000)
            t4: 00000000.00000000 (0.000000000)
        offset: FFFFFFFF89439FC3.98A83B1D80000000 (-1992056892.403682947)
         delay: FFFFFFFF12873F87.3150763B00000000 (-3984113784.807365894)
          mean: 0000000000000000.0000000000000000 (0.000000000)
         error: 0000000000000000.0000000000000000 (0.000000000)
          addr: 17.253.6.37
}
sntp_exchange {
        result: 6 (Timeout)
        header: 00 (li:0 vn:0 mode:0)
       stratum: 00 (0)
          poll: 00 (1)
     precision: 00 (1.000000e+00)
         delay: 0000.0000 (0.000000000)
    dispersion: 0000.0000 (0.000000000)
           ref: 00000000 ("    ")
         t_ref: 00000000.00000000 (0.000000000)
            t1: ED78C079.DF54B05B (3984113785.872385999)
            t2: 00000000.00000000 (0.000000000)
            t3: 00000000.00000000 (0.000000000)
            t4: 00000000.00000000 (0.000000000)
        offset: FFFFFFFF89439FC3.1055A7D280000000 (-1992056892.936192989)
         delay: FFFFFFFF12873F86.20AB4FA500000000 (-3984113785.872385979)
          mean: 0000000000000000.0000000000000000 (0.000000000)
         error: 0000000000000000.0000000000000000 (0.000000000)
          addr: 17.253.6.45
}
+0.021741 +/- 0.039093 time.apple.com 17.253.26.125
NTP sync skipped (non-root)
System time: Thu Apr  2 10:16:26 UTC 2026
Pre-flight: checking Python imports...
V3 Imports OK
Killing stale processes...
All stale processes cleared.
Starting IB Gateway via IBC...
Waiting for IB Gateway on port 4002...
  attempt 1/36: port 4002 not ready yet, waiting 5s...
[1;32m+==============================================================================
+
+ IBC version 3.23.0
+
+ Running GATEWAY 10.37
+
+ Diagnostic information is logged in:
+
+ /Users/duffy/ibc/logs/ibc-3.23.0_GATEWAY-10.37_Thursday.txt
+
+[0m
Gateway is up on port 4002 (after ~10s)
Cleaning up stale connections...
Starting live_scanner.py...
Live scanner started (PID: 81351)
Starting bot_v3_hybrid.py...
Bot started (PID: 81358)
Bot health check passed (still running after 15s, PID: 81358)
HEALTH_OK: Bot connected at 2026-04-02 10:16:59 UTC
Gateway watchdog started (PID: 81371)
Watchdog: monitoring bot until 6:05 PM MT / 8:05 PM ET (Thu Apr  2 18:05:00 MDT 2026)...
  Bot runs: morning 7:00-12:00 ET, sleeps 12:00-16:00, evening 16:00-20:00 ET
ALERT: bot_v3_hybrid.py died at Thu Apr  2 18:00:28 MDT 2026! Session ended early. Check /Users/duffy/warrior_bot_v2/logs/2026-04-02_daily.log.
=== Shutting down at Thu Apr  2 18:00:28 MDT 2026 ===
Pushing logs...
[v2-ibkr-migration 124b366] auto: v3 daily logs 2026-04-02
 2 files changed, 251 insertions(+)
=== V3 Hybrid daily run complete: Thu Apr  2 18:00:35 MDT 2026 ===
=== TRAP: cleanup at Thu Apr  2 18:00:35 MDT 2026 ===
