=== Waking screen and ensuring active desktop ===
Display wake signal sent
WARN: keystroke failed — check Accessibility permissions
Waiting 10s for desktop session...
Desktop session: ACTIVE
caffeinate started (PID: 31925)
=== V3 Hybrid daily run started: Fri Apr 17 02:04:18 MDT 2026 ===
From github.com:mannyluke4/warrior_bot
 * branch            v2-ibkr-migration -> FETCH_HEAD
Already up to date.
Code version: 878a0fd (bot: force-cancel stale short orders stuck in PreSubmitted (locate hold))
daily_run_v3.sh hash: 998610b510d5787cb975cea099fe261f760d5986
bot_v3_hybrid.py hash: efa1bebbff954567fd7ea3084a32b5b6feecf6be
sntp: clock_settime: Operation not permitted
+0.029985 +/- 0.057990 time.apple.com 2620:149:a23:3000::1e2
NTP sync skipped (non-root)
System time: Fri Apr 17 08:04:20 UTC 2026
Pre-flight: checking Python imports...
V3 Imports OK
Killing stale processes...
All stale processes cleared.
Starting IB Gateway via IBC...
Waiting for IB Gateway on port 4002...
  attempt 1/72: port 4002 not ready yet, waiting 5s...
[1;32m+==============================================================================
+
+ IBC version 3.23.0
+
+ Running GATEWAY 10.37
+
+ Diagnostic information is logged in:
+
+ /Users/duffy/ibc/logs/ibc-3.23.0_GATEWAY-10.37_Friday.txt
+
+[0m
  attempt 2/72: port 4002 not ready yet, waiting 5s...
  attempt 3/72: port 4002 not ready yet, waiting 5s...
  attempt 4/72: port 4002 not ready yet, waiting 5s...
  attempt 5/72: port 4002 not ready yet, waiting 5s...
  attempt 6/72: port 4002 not ready yet, waiting 5s...
  attempt 7/72: port 4002 not ready yet, waiting 5s...
  attempt 8/72: port 4002 not ready yet, waiting 5s...
  attempt 9/72: port 4002 not ready yet, waiting 5s...
  attempt 10/72: port 4002 not ready yet, waiting 5s...
  attempt 11/72: port 4002 not ready yet, waiting 5s...
  attempt 12/72: port 4002 not ready yet, waiting 5s...
  attempt 13/72: port 4002 not ready yet, waiting 5s...
  attempt 14/72: port 4002 not ready yet, waiting 5s...
  attempt 15/72: port 4002 not ready yet, waiting 5s...
  attempt 16/72: port 4002 not ready yet, waiting 5s...
  attempt 17/72: port 4002 not ready yet, waiting 5s...
  attempt 18/72: port 4002 not ready yet, waiting 5s...
  attempt 19/72: port 4002 not ready yet, waiting 5s...
  attempt 20/72: port 4002 not ready yet, waiting 5s...
  attempt 21/72: port 4002 not ready yet, waiting 5s...
  attempt 22/72: port 4002 not ready yet, waiting 5s...
  attempt 23/72: port 4002 not ready yet, waiting 5s...
  attempt 24/72: port 4002 not ready yet, waiting 5s...
  attempt 25/72: port 4002 not ready yet, waiting 5s...
  attempt 26/72: port 4002 not ready yet, waiting 5s...
  attempt 27/72: port 4002 not ready yet, waiting 5s...
  attempt 28/72: port 4002 not ready yet, waiting 5s...
  attempt 29/72: port 4002 not ready yet, waiting 5s...
  attempt 30/72: port 4002 not ready yet, waiting 5s...
  attempt 31/72: port 4002 not ready yet, waiting 5s...
  attempt 32/72: port 4002 not ready yet, waiting 5s...
  attempt 33/72: port 4002 not ready yet, waiting 5s...
  attempt 34/72: port 4002 not ready yet, waiting 5s...
  attempt 35/72: port 4002 not ready yet, waiting 5s...
  attempt 36/72: port 4002 not ready yet, waiting 5s...
  attempt 37/72: port 4002 not ready yet, waiting 5s...
  attempt 38/72: port 4002 not ready yet, waiting 5s...
  attempt 39/72: port 4002 not ready yet, waiting 5s...
  attempt 40/72: port 4002 not ready yet, waiting 5s...
  attempt 41/72: port 4002 not ready yet, waiting 5s...
  attempt 42/72: port 4002 not ready yet, waiting 5s...
  attempt 43/72: port 4002 not ready yet, waiting 5s...
  attempt 44/72: port 4002 not ready yet, waiting 5s...
  attempt 45/72: port 4002 not ready yet, waiting 5s...
  attempt 46/72: port 4002 not ready yet, waiting 5s...
  attempt 47/72: port 4002 not ready yet, waiting 5s...
  attempt 48/72: port 4002 not ready yet, waiting 5s...
  attempt 49/72: port 4002 not ready yet, waiting 5s...
  attempt 50/72: port 4002 not ready yet, waiting 5s...
  attempt 51/72: port 4002 not ready yet, waiting 5s...
  attempt 52/72: port 4002 not ready yet, waiting 5s...
  attempt 53/72: port 4002 not ready yet, waiting 5s...
  attempt 54/72: port 4002 not ready yet, waiting 5s...
  attempt 55/72: port 4002 not ready yet, waiting 5s...
  attempt 56/72: port 4002 not ready yet, waiting 5s...
  attempt 57/72: port 4002 not ready yet, waiting 5s...
  attempt 58/72: port 4002 not ready yet, waiting 5s...
  attempt 59/72: port 4002 not ready yet, waiting 5s...
  attempt 60/72: port 4002 not ready yet, waiting 5s...
  attempt 61/72: port 4002 not ready yet, waiting 5s...
  attempt 62/72: port 4002 not ready yet, waiting 5s...
  attempt 63/72: port 4002 not ready yet, waiting 5s...
  attempt 64/72: port 4002 not ready yet, waiting 5s...
  attempt 65/72: port 4002 not ready yet, waiting 5s...
  attempt 66/72: port 4002 not ready yet, waiting 5s...
  attempt 67/72: port 4002 not ready yet, waiting 5s...
  attempt 68/72: port 4002 not ready yet, waiting 5s...
  attempt 69/72: port 4002 not ready yet, waiting 5s...
  attempt 70/72: port 4002 not ready yet, waiting 5s...
  attempt 71/72: port 4002 not ready yet, waiting 5s...
  attempt 72/72: port 4002 not ready yet, waiting 5s...
FATAL: IB Gateway did not open port 4002 within 360 seconds. Aborting.
=== TRAP: cleanup at Fri Apr 17 02:10:40 MDT 2026 ===
