=== Waking screen ===
Display wake (caffeinate -u) sent
Display state: unknown (continuing — caffeinate keeps system awake regardless)
Persistent caffeinate started (PID: 10838)
=== V3 Hybrid daily run started: Tue May 19 02:00:06 MDT 2026 ===
From github.com:mannyluke4/warrior_bot
 * branch            v2-ibkr-migration -> FETCH_HEAD
Already up to date.
Code version: 5b69bc4 (Setup B: flip to squeeze for the A/B (was WB))
daily_run_v3.sh hash: d840b9794da486443fb35707b51bb62b34698299
bot_v3_hybrid.py hash: 65b423a72c26d130fb68c3c5bb6b8422e7b44007
bot_alpaca_subbot.py hash: bbb65e01409297d44ab03e78d36cc74fb4a07e45
alpaca_feed.py hash: 682a855ab7d4135ad611baa7e19a941a00690a38
sntp: clock_settime: Operation not permitted
+0.031748 +/- 0.065280 time.apple.com 2620:149:a16:3000::31
NTP sync skipped (non-root)
System time: Tue May 19 08:00:08 UTC 2026
Pre-flight: checking Python imports...
V3 Imports OK
Sub-bot Imports OK
Killing stale processes...
Gateway already up on port 4002 — reusing existing session (no kill/restart)
Waiting for IB Gateway on port 4002...
Gateway is up on port 4002 (after ~5s)
Cleaning up stale connections...
Wiping yesterday's watchlist.txt for a fresh session...
Starting live_scanner.py...
Live scanner started (PID: 10902)
Starting bot_v3_hybrid.py (Alpaca execution — main bot account PA3VP0LB4OID)...
Bot started (PID: 10916)
Bot health check passed (still running after 15s, PID: 10916)
HEALTH_OK: Bot connected at 2026-05-19 08:00:32 UTC
Starting bot_alpaca_subbot.py (Databento data + Alpaca exec; Setup B)...
Sub-bot started (PID: 10932, log: /Users/duffy/warrior_bot_v2/logs/2026-05-19_subbot_databento.log)
Sub-bot health check passed (still running after 15s, PID: 10932)
Starting framework.run_live (Wave 4 paper deploy)...
Framework started (PID: 10946, log: /Users/duffy/warrior_bot_v2/logs/2026-05-19_framework.log)
Framework health check passed (still running after 15s, PID: 10946)
Gateway watchdog started (PID: 10950)
Watchdog: monitoring bot until 6:05 PM MT / 8:05 PM ET (Tue May 19 18:05:00 MDT 2026)...
  Bot runs: morning 7:00-12:00 ET, sleeps 12:00-16:00, evening 16:00-20:00 ET
WARN: bot_alpaca_subbot.py (Setup B) died at Tue May 19 09:09:59 MDT 2026. Setup A continuing alone.
/Users/duffy/warrior_bot_v2/daily_run_v3.sh: line 343: 10916 Killed: 9               APCA_API_KEY_ID="$MAIN_APCA_KEY" APCA_API_SECRET_KEY="$MAIN_APCA_SECRET" WB_BROKER=alpaca WB_EXPECTED_BROKER=alpaca python3 bot_v3_hybrid.py >> "$LOG_FILE" 2>&1
ALERT: bot_v3_hybrid.py died at Tue May 19 11:52:15 MDT 2026! Session ended early. Check /Users/duffy/warrior_bot_v2/logs/2026-05-19_daily.log.
=== Shutting down at Tue May 19 11:52:15 MDT 2026 ===
Pushing logs...
[v2-ibkr-migration 090a3cd] auto: v3 daily logs 2026-05-19
 18 files changed, 241634 insertions(+)
 create mode 100644 logs/2026-05-18_daily.log
 create mode 100644 logs/2026-05-18_framework.log
 create mode 100644 logs/2026-05-18_latency_diagnostic.jsonl
 create mode 100644 logs/2026-05-18_scanner.log
 create mode 100644 logs/2026-05-18_wb_intraday_adder_observe.jsonl
 create mode 100644 logs/2026-05-19_daily.log
 create mode 100644 logs/2026-05-19_framework.log
 create mode 100644 logs/2026-05-19_latency_diagnostic.jsonl
 create mode 100644 logs/2026-05-19_scanner.log
 create mode 100644 logs/2026-05-19_subbot_databento.log
 create mode 100644 logs/2026-05-19_wb_intraday_adder_observe.jsonl
 create mode 100644 logs/cron_2026-05-18.log
 create mode 100644 logs/cron_2026-05-19.log
 create mode 100644 logs/orb_fetch_2020_2024.log
 create mode 100644 logs/orb_fetch_small.log
 create mode 100644 logs/orb_fetch_small2.log
=== V3 Hybrid daily run complete: Tue May 19 11:52:25 MDT 2026 ===
=== TRAP: cleanup at Tue May 19 11:52:25 MDT 2026 ===
/Users/duffy/warrior_bot_v2/daily_run_v3.sh: line 21: 10838 Terminated: 15          caffeinate -dims -w $$  (wd: ~)
/Users/duffy/warrior_bot_v2/daily_run_v3.sh: line 21: 10950 Terminated: 15          ( while true; do
    sleep 60; if ! python3 -c "import socket; s=socket.socket(); s.settimeout(2); s.connect(('127.0.0.1',$IBKR_PORT)); s.close()" 2> /dev/null; then
        echo "WARNING: Gateway port $IBKR_PORT dropped at $(date -u '+%Y-%m-%d %H:%M:%S UTC')" >> "$LOG_DIR/gateway_watchdog.log"; echo "WARNING: Gateway port $IBKR_PORT dropped at $(date -u '+%Y-%m-%d %H:%M:%S UTC')";
    fi;
done )
[v2-ibkr-migration 35ce2c2] auto: v3 daily logs 2026-05-19
 2 files changed, 40 insertions(+)
=== Cleanup complete: Tue May 19 11:52:27 MDT 2026 ===
=== Waking screen ===
Display wake (caffeinate -u) sent
Display state: unknown (continuing — caffeinate keeps system awake regardless)
Persistent caffeinate started (PID: 16745)
=== V3 Hybrid daily run started: Tue May 19 11:53:15 MDT 2026 ===
From github.com:mannyluke4/warrior_bot
 * branch            v2-ibkr-migration -> FETCH_HEAD
Already up to date.
Code version: 35ce2c2 (auto: v3 daily logs 2026-05-19)
daily_run_v3.sh hash: bcbfa6107b98610f1cb7c9c67b65c8a5  /Users/duffy/warrior_bot_v2/daily_run_v3.sh
bot_v3_hybrid.py hash: bceaca4ad14b2ee8aff9cd6064924c83  /Users/duffy/warrior_bot_v2/bot_v3_hybrid.py
bot_alpaca_subbot.py hash: a037c0761d9dd5e1d11f33df333ac1d7  /Users/duffy/warrior_bot_v2/bot_alpaca_subbot.py
alpaca_feed.py hash: 870553116e841aac75c1f8ac28976191  /Users/duffy/warrior_bot_v2/alpaca_feed.py
sntp: Exchange failed: Timeout
sntp: clock_settime: Operation not permitted
sntp_exchange {
        result: 6 (Timeout)
        header: 00 (li:0 vn:0 mode:0)
       stratum: 00 (0)
          poll: 00 (1)
     precision: 00 (1.000000e+00)
         delay: 0000.0000 (0.000000000)
    dispersion: 0000.0000 (0.000000000)
           ref: 00000000 ("    ")
         t_ref: 00000000.00000000 (0.000000000)
            t1: EDB7220C.E9AC258D (3988201996.912782999)
            t2: 00000000.00000000 (0.000000000)
            t3: 00000000.00000000 (0.000000000)
            t4: 00000000.00000000 (0.000000000)
        offset: FFFFFFFF89246EF9.8B29ED3980000000 (-1994100998.456391573)
         delay: FFFFFFFF1248DDF3.1653DA7300000000 (-3988201996.912783146)
          mean: 0000000000000000.0000000000000000 (0.000000000)
         error: 0000000000000000.0000000000000000 (0.000000000)
          addr: 2620:149:a16:4000::31
}
+0.030219 +/- 0.059388 time.apple.com 2620:149:a16:3000::31
NTP sync skipped (non-root)
System time: Tue May 19 17:53:17 UTC 2026
Pre-flight: checking Python imports...
V3 Imports OK
Sub-bot Imports OK
Killing stale processes...
Gateway already up on port 4002 — reusing existing session (no kill/restart)
Waiting for IB Gateway on port 4002...
Gateway is up on port 4002 (after ~5s)
Cleaning up stale connections...
Wiping yesterday's watchlist.txt for a fresh session...
Starting live_scanner.py...
Live scanner started (PID: 16776)
Starting bot_v3_hybrid.py (Alpaca execution — main bot account PA3VP0LB4OID)...
Bot started (PID: 16798)
Bot health check passed (still running after 15s, PID: 16798)
HEALTH_OK: Bot connected at 2026-05-19 17:53:40 UTC
Starting bot_alpaca_subbot.py (Databento data + Alpaca exec; Setup B)...
Sub-bot started (PID: 16807, log: /Users/duffy/warrior_bot_v2/logs/2026-05-19_subbot_databento.log)
Sub-bot health check passed (still running after 15s, PID: 16807)
Starting framework.run_live (Wave 4 paper deploy)...
Framework started (PID: 16813, log: /Users/duffy/warrior_bot_v2/logs/2026-05-19_framework.log)
Framework health check passed (still running after 15s, PID: 16813)
Gateway watchdog started (PID: 16821)
Watchdog: monitoring bot until 6:05 PM MT / 8:05 PM ET (Tue May 19 18:05:00 MDT 2026)...
  Bot runs: morning 7:00-12:00 ET, sleeps 12:00-16:00, evening 16:00-20:00 ET
WARN: bot_alpaca_subbot.py (Setup B) died at Tue May 19 11:55:10 MDT 2026. Setup A continuing alone.
ALERT: bot_v3_hybrid.py died at Tue May 19 18:00:16 MDT 2026! Session ended early. Check /Users/duffy/warrior_bot_v2/logs/2026-05-19_daily.log.
=== Shutting down at Tue May 19 18:00:16 MDT 2026 ===
Pushing logs...
[v2-ibkr-migration 1081d27] auto: v3 daily logs 2026-05-19
 7 files changed, 39452 insertions(+)
WARN: git push failed
=== V3 Hybrid daily run complete: Tue May 19 18:00:23 MDT 2026 ===
=== TRAP: cleanup at Tue May 19 18:00:23 MDT 2026 ===
