=== Waking screen and ensuring active desktop ===
Display wake signal sent
WARN: keystroke failed — check Accessibility permissions
Waiting 10s for desktop session...
Desktop session: ACTIVE
caffeinate started (PID: 54478)
=== V3 Hybrid daily run started: Wed Apr  8 02:04:18 MDT 2026 ===
From github.com:mannyluke4/warrior_bot
 * branch            v2-ibkr-migration -> FETCH_HEAD
Already up to date.
Code version: 64f74b0 (Seed gate: detector-level suppression of stale entries)
/Users/duffy/warrior_bot_v2/daily_run_v3.sh: line 88: md5: command not found
daily_run_v3.sh hash: 
/Users/duffy/warrior_bot_v2/daily_run_v3.sh: line 89: md5: command not found
bot_v3_hybrid.py hash: 
sntp: clock_settime: Operation not permitted
+0.027063 +/- 0.050312 time.apple.com 2620:149:a23:3000::1e2
NTP sync skipped (non-root)
System time: Wed Apr  8 08:04:20 UTC 2026
Pre-flight: checking Python imports...
V3 Imports OK
Killing stale processes...
All stale processes cleared.
Starting IB Gateway via IBC...
Waiting for IB Gateway on port 4002...
  attempt 1/36: port 4002 not ready yet, waiting 5s...
[1;32m+==============================================================================
+
+ IBC version 3.23.0
+
+ Running GATEWAY 10.37
+
+ Diagnostic information is logged in:
+
+ /Users/duffy/ibc/logs/ibc-3.23.0_GATEWAY-10.37_Wednesday.txt
+
+[0m
  attempt 2/36: port 4002 not ready yet, waiting 5s...
  attempt 3/36: port 4002 not ready yet, waiting 5s...
  attempt 4/36: port 4002 not ready yet, waiting 5s...
  attempt 5/36: port 4002 not ready yet, waiting 5s...
  attempt 6/36: port 4002 not ready yet, waiting 5s...
  attempt 7/36: port 4002 not ready yet, waiting 5s...
  attempt 8/36: port 4002 not ready yet, waiting 5s...
  attempt 9/36: port 4002 not ready yet, waiting 5s...
  attempt 10/36: port 4002 not ready yet, waiting 5s...
  attempt 11/36: port 4002 not ready yet, waiting 5s...
  attempt 12/36: port 4002 not ready yet, waiting 5s...
  attempt 13/36: port 4002 not ready yet, waiting 5s...
  attempt 14/36: port 4002 not ready yet, waiting 5s...
  attempt 15/36: port 4002 not ready yet, waiting 5s...
  attempt 16/36: port 4002 not ready yet, waiting 5s...
  attempt 17/36: port 4002 not ready yet, waiting 5s...
  attempt 18/36: port 4002 not ready yet, waiting 5s...
  attempt 19/36: port 4002 not ready yet, waiting 5s...
  attempt 20/36: port 4002 not ready yet, waiting 5s...
  attempt 21/36: port 4002 not ready yet, waiting 5s...
  attempt 22/36: port 4002 not ready yet, waiting 5s...
  attempt 23/36: port 4002 not ready yet, waiting 5s...
  attempt 24/36: port 4002 not ready yet, waiting 5s...
  attempt 25/36: port 4002 not ready yet, waiting 5s...
  attempt 26/36: port 4002 not ready yet, waiting 5s...
  attempt 27/36: port 4002 not ready yet, waiting 5s...
  attempt 28/36: port 4002 not ready yet, waiting 5s...
  attempt 29/36: port 4002 not ready yet, waiting 5s...
  attempt 30/36: port 4002 not ready yet, waiting 5s...
  attempt 31/36: port 4002 not ready yet, waiting 5s...
  attempt 32/36: port 4002 not ready yet, waiting 5s...
  attempt 33/36: port 4002 not ready yet, waiting 5s...
  attempt 34/36: port 4002 not ready yet, waiting 5s...
  attempt 35/36: port 4002 not ready yet, waiting 5s...
  attempt 36/36: port 4002 not ready yet, waiting 5s...
FATAL: IB Gateway did not open port 4002 within 180 seconds. Aborting.
=== TRAP: cleanup at Wed Apr  8 02:07:34 MDT 2026 ===
/Users/duffy/warrior_bot_v2/daily_run_v3.sh: line 16: 54478 Terminated: 15          caffeinate -dims -w $$  (wd: ~)
[v2-ibkr-migration ab5f5a0] auto: v3 daily logs 2026-04-08
 4 files changed, 7097 insertions(+)
 create mode 100644 logs/2026-04-08_daily.log
 create mode 100644 logs/cron_2026-04-08.log
=== Cleanup complete: Wed Apr  8 02:07:36 MDT 2026 ===
=== Waking screen and ensuring active desktop ===
Display wake signal sent
WARN: keystroke failed — check Accessibility permissions
Waiting 10s for desktop session...
Desktop session: ACTIVE
caffeinate started (PID: 54961)
=== V3 Hybrid daily run started: Wed Apr  8 02:34:19 MDT 2026 ===
From github.com:mannyluke4/warrior_bot
 * branch            v2-ibkr-migration -> FETCH_HEAD
Already up to date.
Code version: ab5f5a0 (auto: v3 daily logs 2026-04-08)
daily_run_v3.sh: line 88: md5: command not found
daily_run_v3.sh hash: 
daily_run_v3.sh: line 89: md5: command not found
bot_v3_hybrid.py hash: 
sntp: clock_settime: Operation not permitted
+0.028607 +/- 0.058654 time.apple.com 2620:149:a16:3000::31
NTP sync skipped (non-root)
System time: Wed Apr  8 08:34:20 UTC 2026
Pre-flight: checking Python imports...
V3 Imports OK
Killing stale processes...
[1;31m+==============================================================================
+
+                       **** An error has occurred ****
+
+                     Please look in the diagnostics file 
+                   mentioned above for further information
+
+                           Press enter to continue.
+
+==============================================================================[0m
All stale processes cleared.
Starting IB Gateway via IBC...
Waiting for IB Gateway on port 4002...
  attempt 1/36: port 4002 not ready yet, waiting 5s...
[1;32m+==============================================================================
+
+ IBC version 3.23.0
+
+ Running GATEWAY 10.37
+
+ Diagnostic information is logged in:
+
+ /Users/duffy/ibc/logs/ibc-3.23.0_GATEWAY-10.37_Wednesday.txt
+
+[0m
  attempt 2/36: port 4002 not ready yet, waiting 5s...
  attempt 3/36: port 4002 not ready yet, waiting 5s...
  attempt 4/36: port 4002 not ready yet, waiting 5s...
  attempt 5/36: port 4002 not ready yet, waiting 5s...
  attempt 6/36: port 4002 not ready yet, waiting 5s...
  attempt 7/36: port 4002 not ready yet, waiting 5s...
  attempt 8/36: port 4002 not ready yet, waiting 5s...
  attempt 9/36: port 4002 not ready yet, waiting 5s...
  attempt 10/36: port 4002 not ready yet, waiting 5s...
  attempt 11/36: port 4002 not ready yet, waiting 5s...
  attempt 12/36: port 4002 not ready yet, waiting 5s...
  attempt 13/36: port 4002 not ready yet, waiting 5s...
  attempt 14/36: port 4002 not ready yet, waiting 5s...
  attempt 15/36: port 4002 not ready yet, waiting 5s...
  attempt 16/36: port 4002 not ready yet, waiting 5s...
  attempt 17/36: port 4002 not ready yet, waiting 5s...
  attempt 18/36: port 4002 not ready yet, waiting 5s...
  attempt 19/36: port 4002 not ready yet, waiting 5s...
  attempt 20/36: port 4002 not ready yet, waiting 5s...
  attempt 21/36: port 4002 not ready yet, waiting 5s...
  attempt 22/36: port 4002 not ready yet, waiting 5s...
  attempt 23/36: port 4002 not ready yet, waiting 5s...
  attempt 24/36: port 4002 not ready yet, waiting 5s...
  attempt 25/36: port 4002 not ready yet, waiting 5s...
  attempt 26/36: port 4002 not ready yet, waiting 5s...
  attempt 27/36: port 4002 not ready yet, waiting 5s...
  attempt 28/36: port 4002 not ready yet, waiting 5s...
  attempt 29/36: port 4002 not ready yet, waiting 5s...
  attempt 30/36: port 4002 not ready yet, waiting 5s...
  attempt 31/36: port 4002 not ready yet, waiting 5s...
  attempt 32/36: port 4002 not ready yet, waiting 5s...
  attempt 33/36: port 4002 not ready yet, waiting 5s...
  attempt 34/36: port 4002 not ready yet, waiting 5s...
  attempt 35/36: port 4002 not ready yet, waiting 5s...
  attempt 36/36: port 4002 not ready yet, waiting 5s...
FATAL: IB Gateway did not open port 4002 within 180 seconds. Aborting.
=== TRAP: cleanup at Wed Apr  8 02:37:34 MDT 2026 ===
daily_run_v3.sh: line 16: 54961 Terminated: 15          caffeinate -dims -w $$
[v2-ibkr-migration e334bed] auto: v3 daily logs 2026-04-08
 3 files changed, 185 insertions(+)
 create mode 100644 logs/healthcheck_2026-04-08.log
=== Cleanup complete: Wed Apr  8 02:37:36 MDT 2026 ===
[1;31m+==============================================================================
+
+                       **** An error has occurred ****
+
+                     Please look in the diagnostics file 
+                   mentioned above for further information
+
+                           Press enter to continue.
+
+==============================================================================[0m
