=== Waking screen and ensuring active desktop ===
Display wake signal sent
Waiting 10s for desktop session...
Desktop session: ACTIVE
caffeinate started (PID: 93760)
/Users/duffy/warrior_bot_v2/daily_run_v3.sh: line 80: 93739 Terminated: 15          caffeinate -u -t 30
=== V3 Hybrid daily run started: Fri Apr  3 00:18:14 MDT 2026 ===
From github.com:mannyluke4/warrior_bot
 * branch            v2-ibkr-migration -> FETCH_HEAD
Already up to date.
Code version: 6831ac2 (auto: v3 daily logs 2026-04-02)
daily_run_v3.sh hash: 79ca70faa396f476614224dde91d40f7
bot_v3_hybrid.py hash: c8040963d614047fcf635cc06b69e136
sntp: Exchange failed: Timeout
sntp: clock_settime: Operation not permitted
sntp_exchange {
        result: 6 (Timeout)
        header: 00 (li:0 vn:0 mode:0)
       stratum: 00 (0)
          poll: 00 (1)
     precision: 00 (1.000000e+00)
         delay: 0000.0000 (0.000000000)
    dispersion: 0000.0000 (0.000000000)
           ref: 00000000 ("    ")
         t_ref: 00000000.00000000 (0.000000000)
            t1: ED79DA28.1FB05FAE (3984185896.123784999)
            t2: 00000000.00000000 (0.000000000)
            t3: 00000000.00000000 (0.000000000)
            t4: 00000000.00000000 (0.000000000)
        offset: FFFFFFFF894312EB.F027D02900000000 (-1992092948.061892509)
         delay: FFFFFFFF128625D7.E04FA05200000000 (-3984185896.123785019)
          mean: 0000000000000000.0000000000000000 (0.000000000)
         error: 0000000000000000.0000000000000000 (0.000000000)
          addr: 17.253.6.45
}
+0.022193 +/- 0.041617 time.apple.com 17.253.26.125
NTP sync skipped (non-root)
System time: Fri Apr  3 06:18:17 UTC 2026
Pre-flight: checking Python imports...
V3 Imports OK
Killing stale processes...
All stale processes cleared.
Starting IB Gateway via IBC...
Waiting for IB Gateway on port 4002...
  attempt 1/36: port 4002 not ready yet, waiting 5s...
[1;32m+==============================================================================
+
+ IBC version 3.23.0
+
+ Running GATEWAY 10.37
+
+ Diagnostic information is logged in:
+
+ /Users/duffy/ibc/logs/ibc-3.23.0_GATEWAY-10.37_Friday.txt
+
+[0m
Gateway is up on port 4002 (after ~10s)
Cleaning up stale connections...
Starting live_scanner.py...
Live scanner started (PID: 93824)
Starting bot_v3_hybrid.py...
Bot started (PID: 93826)
Bot health check passed (still running after 15s, PID: 93826)
HEALTH_OK: Bot connected at 2026-04-03 06:18:52 UTC
Gateway watchdog started (PID: 93845)
Watchdog: monitoring bot until 6:05 PM MT / 8:05 PM ET (Fri Apr  3 18:05:00 MDT 2026)...
  Bot runs: morning 7:00-12:00 ET, sleeps 12:00-16:00, evening 16:00-20:00 ET
=== Waking screen and ensuring active desktop ===
Display wake signal sent
WARN: keystroke failed — check Accessibility permissions
Waiting 10s for desktop session...
Desktop session: ACTIVE
caffeinate started (PID: 94898)
=== V3 Hybrid daily run started: Fri Apr  3 02:04:18 MDT 2026 ===
From github.com:mannyluke4/warrior_bot
 * branch            v2-ibkr-migration -> FETCH_HEAD
Already up to date.
Code version: 6831ac2 (auto: v3 daily logs 2026-04-02)
/Users/duffy/warrior_bot_v2/daily_run_v3.sh: line 88: md5: command not found
daily_run_v3.sh hash: 
/Users/duffy/warrior_bot_v2/daily_run_v3.sh: line 89: md5: command not found
bot_v3_hybrid.py hash: 
sntp: Exchange failed: Timeout
sntp: clock_settime: Operation not permitted
sntp_exchange {
        result: 6 (Timeout)
        header: 00 (li:0 vn:0 mode:0)
       stratum: 00 (0)
          poll: 00 (1)
     precision: 00 (1.000000e+00)
         delay: 0000.0000 (0.000000000)
    dispersion: 0000.0000 (0.000000000)
           ref: 00000000 ("    ")
         t_ref: 00000000.00000000 (0.000000000)
            t1: ED79F303.9E52DECA (3984192259.618451999)
            t2: 00000000.00000000 (0.000000000)
            t3: 00000000.00000000 (0.000000000)
            t4: 00000000.00000000 (0.000000000)
        offset: FFFFFFFF8943067E.30D6909B00000000 (-1992096129.809226036)
         delay: FFFFFFFF12860CFC.61AD213600000000 (-3984192259.618452072)
          mean: 0000000000000000.0000000000000000 (0.000000000)
         error: 0000000000000000.0000000000000000 (0.000000000)
          addr: 17.253.6.37
}
+0.023904 +/- 0.043666 time.apple.com 17.253.26.125
NTP sync skipped (non-root)
System time: Fri Apr  3 08:04:20 UTC 2026
Pre-flight: checking Python imports...
V3 Imports OK
Killing stale processes...
[1;31m+==============================================================================
+
+                       **** An error has occurred ****
+
+                     Please look in the diagnostics file 
+                   mentioned above for further information
+
+                           Press enter to continue.
+
+==============================================================================[0m
All stale processes cleared.
Starting IB Gateway via IBC...
Waiting for IB Gateway on port 4002...
[1;32m+==============================================================================
+
+ IBC version 3.23.0
+
+ Running GATEWAY 10.37
+
  attempt 1/36: port 4002 not ready yet, waiting 5s...
+ Diagnostic information is logged in:
+
+ /Users/duffy/ibc/logs/ibc-3.23.0_GATEWAY-10.37_Friday.txt
+
+[0m
  attempt 2/36: port 4002 not ready yet, waiting 5s...
  attempt 3/36: port 4002 not ready yet, waiting 5s...
  attempt 4/36: port 4002 not ready yet, waiting 5s...
  attempt 5/36: port 4002 not ready yet, waiting 5s...
  attempt 6/36: port 4002 not ready yet, waiting 5s...
ALERT: bot_v3_hybrid.py died at Fri Apr  3 02:04:55 MDT 2026! Session ended early. Check /Users/duffy/warrior_bot_v2/logs/2026-04-03_daily.log.
=== Shutting down at Fri Apr  3 02:04:55 MDT 2026 ===
WARNING: Gateway port 4002 dropped at 2026-04-03 08:04:58 UTC
  attempt 7/36: port 4002 not ready yet, waiting 5s...
Pushing logs...
[v2-ibkr-migration 71fceb4] auto: v3 daily logs 2026-04-03
 5 files changed, 502 insertions(+)
 create mode 100644 logs/2026-04-03_daily.log
 create mode 100644 logs/2026-04-03_scanner.log
 create mode 100644 logs/cron_2026-04-03.log
 create mode 100644 logs/gateway_watchdog.log
=== V3 Hybrid daily run complete: Fri Apr  3 02:05:02 MDT 2026 ===
=== TRAP: cleanup at Fri Apr  3 02:05:02 MDT 2026 ===
/Users/duffy/warrior_bot_v2/daily_run_v3.sh: line 16: 93760 Terminated: 15          caffeinate -dims -w $$
/Users/duffy/warrior_bot_v2/daily_run_v3.sh: line 16: 93845 Terminated: 15          ( while true; do
    sleep 60; if ! python3 -c "import socket; s=socket.socket(); s.settimeout(2); s.connect(('127.0.0.1',$IBKR_PORT)); s.close()" 2> /dev/null; then
        echo "WARNING: Gateway port $IBKR_PORT dropped at $(date -u '+%Y-%m-%d %H:%M:%S UTC')" >> "$LOG_DIR/gateway_watchdog.log"; echo "WARNING: Gateway port $IBKR_PORT dropped at $(date -u '+%Y-%m-%d %H:%M:%S UTC')";
    fi;
done )
[v2-ibkr-migration c080b80] auto: v3 daily logs 2026-04-03
 2 files changed, 16 insertions(+)
=== Cleanup complete: Fri Apr  3 02:05:03 MDT 2026 ===
  attempt 8/36: port 4002 not ready yet, waiting 5s...
  attempt 9/36: port 4002 not ready yet, waiting 5s...
  attempt 10/36: port 4002 not ready yet, waiting 5s...
  attempt 11/36: port 4002 not ready yet, waiting 5s...
  attempt 12/36: port 4002 not ready yet, waiting 5s...
  attempt 13/36: port 4002 not ready yet, waiting 5s...
  attempt 14/36: port 4002 not ready yet, waiting 5s...
  attempt 15/36: port 4002 not ready yet, waiting 5s...
  attempt 16/36: port 4002 not ready yet, waiting 5s...
  attempt 17/36: port 4002 not ready yet, waiting 5s...
  attempt 18/36: port 4002 not ready yet, waiting 5s...
  attempt 19/36: port 4002 not ready yet, waiting 5s...
  attempt 20/36: port 4002 not ready yet, waiting 5s...
  attempt 21/36: port 4002 not ready yet, waiting 5s...
  attempt 22/36: port 4002 not ready yet, waiting 5s...
  attempt 23/36: port 4002 not ready yet, waiting 5s...
  attempt 24/36: port 4002 not ready yet, waiting 5s...
  attempt 25/36: port 4002 not ready yet, waiting 5s...
  attempt 26/36: port 4002 not ready yet, waiting 5s...
  attempt 27/36: port 4002 not ready yet, waiting 5s...
  attempt 28/36: port 4002 not ready yet, waiting 5s...
  attempt 29/36: port 4002 not ready yet, waiting 5s...
  attempt 30/36: port 4002 not ready yet, waiting 5s...
  attempt 31/36: port 4002 not ready yet, waiting 5s...
  attempt 32/36: port 4002 not ready yet, waiting 5s...
  attempt 33/36: port 4002 not ready yet, waiting 5s...
  attempt 34/36: port 4002 not ready yet, waiting 5s...
  attempt 35/36: port 4002 not ready yet, waiting 5s...
  attempt 36/36: port 4002 not ready yet, waiting 5s...
FATAL: IB Gateway did not open port 4002 within 180 seconds. Aborting.
=== TRAP: cleanup at Fri Apr  3 02:07:32 MDT 2026 ===
/Users/duffy/warrior_bot_v2/daily_run_v3.sh: line 16: 94898 Terminated: 15          caffeinate -dims -w $$  (wd: ~)
[v2-ibkr-migration f3f37e4] auto: v3 daily logs 2026-04-03
 2 files changed, 80 insertions(+)
=== Cleanup complete: Fri Apr  3 02:07:34 MDT 2026 ===
=== Waking screen and ensuring active desktop ===
Display wake signal sent
WARN: keystroke failed — check Accessibility permissions
Waiting 10s for desktop session...
Desktop session: ACTIVE
caffeinate started (PID: 95467)
=== V3 Hybrid daily run started: Fri Apr  3 02:34:18 MDT 2026 ===
From github.com:mannyluke4/warrior_bot
 * branch            v2-ibkr-migration -> FETCH_HEAD
Already up to date.
Code version: f3f37e4 (auto: v3 daily logs 2026-04-03)
daily_run_v3.sh: line 88: md5: command not found
daily_run_v3.sh hash: 
daily_run_v3.sh: line 89: md5: command not found
bot_v3_hybrid.py hash: 
sntp: clock_settime: Operation not permitted
+0.021012 +/- 0.041026 time.apple.com 17.253.26.251
NTP sync skipped (non-root)
System time: Fri Apr  3 08:34:19 UTC 2026
Pre-flight: checking Python imports...
V3 Imports OK
Killing stale processes...
[1;31m+==============================================================================
+
+                       **** An error has occurred ****
+
+                     Please look in the diagnostics file 
+                   mentioned above for further information
+
+                           Press enter to continue.
+
+==============================================================================[0m
All stale processes cleared.
Starting IB Gateway via IBC...
Waiting for IB Gateway on port 4002...
  attempt 1/36: port 4002 not ready yet, waiting 5s...
[1;32m+==============================================================================
+
+ IBC version 3.23.0
+
+ Running GATEWAY 10.37
+
+ Diagnostic information is logged in:
+
+ /Users/duffy/ibc/logs/ibc-3.23.0_GATEWAY-10.37_Friday.txt
+
+[0m
  attempt 2/36: port 4002 not ready yet, waiting 5s...
  attempt 3/36: port 4002 not ready yet, waiting 5s...
  attempt 4/36: port 4002 not ready yet, waiting 5s...
  attempt 5/36: port 4002 not ready yet, waiting 5s...
  attempt 6/36: port 4002 not ready yet, waiting 5s...
  attempt 7/36: port 4002 not ready yet, waiting 5s...
  attempt 8/36: port 4002 not ready yet, waiting 5s...
  attempt 9/36: port 4002 not ready yet, waiting 5s...
  attempt 10/36: port 4002 not ready yet, waiting 5s...
  attempt 11/36: port 4002 not ready yet, waiting 5s...
  attempt 12/36: port 4002 not ready yet, waiting 5s...
  attempt 13/36: port 4002 not ready yet, waiting 5s...
  attempt 14/36: port 4002 not ready yet, waiting 5s...
  attempt 15/36: port 4002 not ready yet, waiting 5s...
  attempt 16/36: port 4002 not ready yet, waiting 5s...
  attempt 17/36: port 4002 not ready yet, waiting 5s...
  attempt 18/36: port 4002 not ready yet, waiting 5s...
  attempt 19/36: port 4002 not ready yet, waiting 5s...
  attempt 20/36: port 4002 not ready yet, waiting 5s...
  attempt 21/36: port 4002 not ready yet, waiting 5s...
  attempt 22/36: port 4002 not ready yet, waiting 5s...
  attempt 23/36: port 4002 not ready yet, waiting 5s...
  attempt 24/36: port 4002 not ready yet, waiting 5s...
  attempt 25/36: port 4002 not ready yet, waiting 5s...
  attempt 26/36: port 4002 not ready yet, waiting 5s...
  attempt 27/36: port 4002 not ready yet, waiting 5s...
  attempt 28/36: port 4002 not ready yet, waiting 5s...
  attempt 29/36: port 4002 not ready yet, waiting 5s...
  attempt 30/36: port 4002 not ready yet, waiting 5s...
  attempt 31/36: port 4002 not ready yet, waiting 5s...
  attempt 32/36: port 4002 not ready yet, waiting 5s...
  attempt 33/36: port 4002 not ready yet, waiting 5s...
  attempt 34/36: port 4002 not ready yet, waiting 5s...
  attempt 35/36: port 4002 not ready yet, waiting 5s...
  attempt 36/36: port 4002 not ready yet, waiting 5s...
FATAL: IB Gateway did not open port 4002 within 180 seconds. Aborting.
=== TRAP: cleanup at Fri Apr  3 02:37:32 MDT 2026 ===
daily_run_v3.sh: line 16: 95467 Terminated: 15          caffeinate -dims -w $$
[v2-ibkr-migration af7239a] auto: v3 daily logs 2026-04-03
 3 files changed, 181 insertions(+)
 create mode 100644 logs/healthcheck_2026-04-03.log
=== Cleanup complete: Fri Apr  3 02:37:34 MDT 2026 ===
[1;31m+==============================================================================
+
+                       **** An error has occurred ****
+
+                     Please look in the diagnostics file 
+                   mentioned above for further information
+
+                           Press enter to continue.
+
+==============================================================================[0m
=== Waking screen and ensuring active desktop ===
Display wake signal sent
Waiting 10s for desktop session...
Desktop session: ACTIVE
/Users/duffy/warrior_bot_v2/daily_run_v3.sh: line 78: 97371 Terminated: 15          caffeinate -u -t 30
caffeinate started (PID: 97388)
=== V3 Hybrid daily run started: Fri Apr  3 05:01:22 MDT 2026 ===
From github.com:mannyluke4/warrior_bot
 * branch            v2-ibkr-migration -> FETCH_HEAD
Already up to date.
Code version: af7239a (auto: v3 daily logs 2026-04-03)
daily_run_v3.sh hash: 79ca70faa396f476614224dde91d40f7
bot_v3_hybrid.py hash: c8040963d614047fcf635cc06b69e136
sntp: clock_settime: Operation not permitted
+0.022209 +/- 0.042066 time.apple.com 17.253.26.123
NTP sync skipped (non-root)
System time: Fri Apr  3 11:01:24 UTC 2026
Pre-flight: checking Python imports...
V3 Imports OK
Killing stale processes...
All stale processes cleared.
Starting IB Gateway via IBC...
Waiting for IB Gateway on port 4002...
[1;32m+==============================================================================
+
+ IBC version 3.23.0
+
+ Running GATEWAY 10.37
+
+ Diagnostic information is logged in:
+
+ /Users/duffy/ibc/logs/ibc-3.23.0_GATEWAY-10.37_Friday.txt
+
+[0m
  attempt 1/36: port 4002 not ready yet, waiting 5s...
Gateway is up on port 4002 (after ~10s)
Cleaning up stale connections...
Starting live_scanner.py...
Live scanner started (PID: 97455)
Starting bot_v3_hybrid.py...
Bot started (PID: 97457)
Bot health check passed (still running after 15s, PID: 97457)
HEALTH_OK: Bot connected at 2026-04-03 11:01:57 UTC
Gateway watchdog started (PID: 97471)
Watchdog: monitoring bot until 6:05 PM MT / 8:05 PM ET (Fri Apr  3 18:05:00 MDT 2026)...
  Bot runs: morning 7:00-12:00 ET, sleeps 12:00-16:00, evening 16:00-20:00 ET
[1;31m+==============================================================================
+
+                       **** An error has occurred ****
+
+                     Please look in the diagnostics file 
+                   mentioned above for further information
+
+                           Press enter to continue.
+
+==============================================================================[0m
ALERT: bot_v3_hybrid.py died at Fri Apr  3 05:07:57 MDT 2026! Session ended early. Check /Users/duffy/warrior_bot_v2/logs/2026-04-03_daily.log.
=== Shutting down at Fri Apr  3 05:07:57 MDT 2026 ===
WARNING: Gateway port 4002 dropped at 2026-04-03 11:07:57 UTC
=== Waking screen and ensuring active desktop ===
Display wake signal sent
Pushing logs...
