=== Waking screen and ensuring active desktop ===
Display wake signal sent
WARN: keystroke failed — check Accessibility permissions
Waiting 10s for desktop session...
Desktop session: ACTIVE
caffeinate started (PID: 70952)
=== V2 Daily run started: Wed Apr  1 02:04:18 MDT 2026 ===
From github.com:mannyluke4/warrior_bot
 * branch            v2-ibkr-migration -> FETCH_HEAD
Already up to date.
Code version: 2dd2c16 (Audit answers: 5/7 clean, 2 bugs found (evening window + scanner merge))
/Users/duffy/warrior_bot_v2/daily_run.sh: line 83: md5: command not found
daily_run.sh hash: 
/Users/duffy/warrior_bot_v2/daily_run.sh: line 84: md5: command not found
bot_ibkr.py hash: 
sntp: clock_settime: Operation not permitted
+0.021608 +/- 0.038742 time.apple.com 17.253.26.251
NTP sync skipped (non-root)
System time: Wed Apr  1 08:04:19 UTC 2026
Pre-flight: checking Python imports...
V2 Imports OK
Killing stale processes...
All stale processes cleared.
Starting IB Gateway via IBC...
Waiting for IB Gateway on port 4002...
  attempt 1/36: port 4002 not ready yet, waiting 5s...
[1;32m+==============================================================================
+
+ IBC version 3.23.0
+
+ Running GATEWAY 10.37
+
+ Diagnostic information is logged in:
+
+ /Users/duffy/ibc/logs/ibc-3.23.0_GATEWAY-10.37_Wednesday.txt
+
+[0m
  attempt 2/36: port 4002 not ready yet, waiting 5s...
  attempt 3/36: port 4002 not ready yet, waiting 5s...
  attempt 4/36: port 4002 not ready yet, waiting 5s...
  attempt 5/36: port 4002 not ready yet, waiting 5s...
  attempt 6/36: port 4002 not ready yet, waiting 5s...
  attempt 7/36: port 4002 not ready yet, waiting 5s...
  attempt 8/36: port 4002 not ready yet, waiting 5s...
  attempt 9/36: port 4002 not ready yet, waiting 5s...
  attempt 10/36: port 4002 not ready yet, waiting 5s...
  attempt 11/36: port 4002 not ready yet, waiting 5s...
  attempt 12/36: port 4002 not ready yet, waiting 5s...
  attempt 13/36: port 4002 not ready yet, waiting 5s...
  attempt 14/36: port 4002 not ready yet, waiting 5s...
  attempt 15/36: port 4002 not ready yet, waiting 5s...
  attempt 16/36: port 4002 not ready yet, waiting 5s...
  attempt 17/36: port 4002 not ready yet, waiting 5s...
  attempt 18/36: port 4002 not ready yet, waiting 5s...
  attempt 19/36: port 4002 not ready yet, waiting 5s...
  attempt 20/36: port 4002 not ready yet, waiting 5s...
  attempt 21/36: port 4002 not ready yet, waiting 5s...
  attempt 22/36: port 4002 not ready yet, waiting 5s...
  attempt 23/36: port 4002 not ready yet, waiting 5s...
  attempt 24/36: port 4002 not ready yet, waiting 5s...
  attempt 25/36: port 4002 not ready yet, waiting 5s...
  attempt 26/36: port 4002 not ready yet, waiting 5s...
  attempt 27/36: port 4002 not ready yet, waiting 5s...
  attempt 28/36: port 4002 not ready yet, waiting 5s...
  attempt 29/36: port 4002 not ready yet, waiting 5s...
  attempt 30/36: port 4002 not ready yet, waiting 5s...
  attempt 31/36: port 4002 not ready yet, waiting 5s...
  attempt 32/36: port 4002 not ready yet, waiting 5s...
  attempt 33/36: port 4002 not ready yet, waiting 5s...
  attempt 34/36: port 4002 not ready yet, waiting 5s...
  attempt 35/36: port 4002 not ready yet, waiting 5s...
  attempt 36/36: port 4002 not ready yet, waiting 5s...
FATAL: IB Gateway did not open port 4002 within 180 seconds. Aborting.
=== TRAP: cleanup at Wed Apr  1 02:07:32 MDT 2026 ===
/Users/duffy/warrior_bot_v2/daily_run.sh: line 16: 70952 Terminated: 15          caffeinate -dims -w $$  (wd: ~)
[v2-ibkr-migration 50dd8f1] auto: daily logs 2026-04-01
 14 files changed, 6043 insertions(+)
 create mode 100644 logs/2026-03-31_morning.log
 create mode 100644 logs/2026-04-01_daily.log
 create mode 100644 logs/2026-04-01_morning.log
 create mode 100644 logs/2026-04-01_scanner.log
 create mode 100644 logs/cron_2026-04-01.log
 create mode 100644 logs/definitive_ytd_v3.log
 create mode 100644 logs/v3_scanner_backfill.log
 create mode 100644 logs/ytd_1_5x.log
 create mode 100644 logs/ytd_fixed.log
 create mode 100644 logs/ytd_honest.log
 create mode 100644 logs/ytd_honest_v2.log
 create mode 100644 logs/ytd_v3_merged.log
=== Cleanup complete: Wed Apr  1 02:07:34 MDT 2026 ===
/Users/duffy/ibc/scripts/displaybannerandlaunch.sh: line 75: 70994 Killed: 9               "${IBC_PATH}/scripts/ibcstart.sh" "${TWS_MAJOR_VRSN}" ${gw_flag} "--tws-path=${TWS_PATH}" "--tws-settings-path=${TWS_SETTINGS_PATH}" "--ibc-path=${IBC_PATH}" "--ibc-ini=${IBC_INI}" "--user=${TWSUSERID}" "--pw=${TWSPASSWORD}" "--fix-user=${FIXUSERID}" "--fix-pw=${FIXPASSWORD}" "--java-path=${JAVA_PATH}" "--mode=${TRADING_MODE}" "--on2fatimeout=${TWOFA_TIMEOUT_ACTION}" >> "${log_file}" 2>&1
[1;31m+==============================================================================
+
+                       **** An error has occurred ****
+
+                     Please look in the diagnostics file 
+                   mentioned above for further information
+
+                           Press enter to continue.
+
+==============================================================================[0m
