=== Waking screen ===
Display wake (caffeinate -u) sent
Display state: unknown (continuing — caffeinate keeps system awake regardless)
Persistent caffeinate started (PID: 29739)
=== V3 Hybrid daily run started: Wed May 20 02:00:05 MDT 2026 ===
From github.com:mannyluke4/warrior_bot
 * branch            v2-ibkr-migration -> FETCH_HEAD
Already up to date.
Code version: a19daff (Disable Setup B subbot launch (defer IBKR-shared rebuild to daylight))
daily_run_v3.sh hash: 487fa819b8d87687ede97c7d7e679f44742202d9
bot_v3_hybrid.py hash: 3f15f72a97c200766446b0b4c0cd1069b7e9436b
bot_alpaca_subbot.py hash: 35c2164aba4247ce13052023d9b27ab1e3c05d66
alpaca_feed.py hash: 682a855ab7d4135ad611baa7e19a941a00690a38
sntp: Exchange failed: Timeout
sntp: clock_settime: Operation not permitted
sntp_exchange {
        result: 6 (Timeout)
        header: 00 (li:0 vn:0 mode:0)
       stratum: 00 (0)
          poll: 00 (1)
     precision: 00 (1.000000e+00)
         delay: 0000.0000 (0.000000000)
    dispersion: 0000.0000 (0.000000000)
           ref: 00000000 ("    ")
         t_ref: 00000000.00000000 (0.000000000)
            t1: EDB7E887.842F0E0A (3988252807.516342999)
            t2: 00000000.00000000 (0.000000000)
            t3: 00000000.00000000 (0.000000000)
            t4: 00000000.00000000 (0.000000000)
        offset: FFFFFFFF89240BBC.3DE878FB00000000 (-1994126403.758171558)
         delay: FFFFFFFF12481778.7BD0F1F600000000 (-3988252807.516343117)
          mean: 0000000000000000.0000000000000000 (0.000000000)
         error: 0000000000000000.0000000000000000 (0.000000000)
          addr: 2620:149:a16:3000::31
}
+0.032754 +/- 0.058784 time.apple.com 2620:149:a16:3000::31
NTP sync skipped (non-root)
System time: Wed May 20 08:00:08 UTC 2026
Pre-flight: checking Python imports...
V3 Imports OK
Sub-bot Imports OK
Killing stale processes...
Gateway already up on port 4002 — reusing existing session (no kill/restart)
Waiting for IB Gateway on port 4002...
Gateway is up on port 4002 (after ~5s)
Cleaning up stale connections...
Wiping yesterday's watchlist.txt for a fresh session...
Starting live_scanner.py...
Live scanner started (PID: 29780)
Starting bot_v3_hybrid.py (Alpaca execution — main bot account PA3VP0LB4OID)...
Bot started (PID: 29791)
Bot health check passed (still running after 15s, PID: 29791)
HEALTH_OK: Bot connected at 2026-05-20 08:00:35 UTC
Setup B sub-bot: DISABLED (see comment above)
Gateway watchdog started (PID: 29804)
Watchdog: monitoring bot until 6:05 PM MT / 8:05 PM ET (Wed May 20 18:05:00 MDT 2026)...
  Bot runs: morning 7:00-12:00 ET, sleeps 12:00-16:00, evening 16:00-20:00 ET
ALERT: bot_v3_hybrid.py died at Wed May 20 11:09:42 MDT 2026! Session ended early. Check /Users/duffy/warrior_bot_v2/logs/2026-05-20_daily.log.
=== Shutting down at Wed May 20 11:09:42 MDT 2026 ===
Pushing logs...
[v2-ibkr-migration fe914a8] auto: v3 daily logs 2026-05-20
 7 files changed, 102738 insertions(+)
 create mode 100644 logs/2026-05-20_daily.log
 create mode 100644 logs/2026-05-20_latency_diagnostic.jsonl
 create mode 100644 logs/2026-05-20_scanner.log
 create mode 100644 logs/2026-05-20_wb_intraday_adder_observe.jsonl
 create mode 100644 logs/cron_2026-05-20.log
=== V3 Hybrid daily run complete: Wed May 20 11:09:51 MDT 2026 ===
=== TRAP: cleanup at Wed May 20 11:09:51 MDT 2026 ===
/Users/duffy/warrior_bot_v2/daily_run_v3.sh: line 21: 29739 Terminated: 15          caffeinate -dims -w $$  (wd: ~)
/Users/duffy/warrior_bot_v2/daily_run_v3.sh: line 21: 29804 Terminated: 15          ( while true; do
    sleep 60; if ! python3 -c "import socket; s=socket.socket(); s.settimeout(2); s.connect(('127.0.0.1',$IBKR_PORT)); s.close()" 2> /dev/null; then
        echo "WARNING: Gateway port $IBKR_PORT dropped at $(date -u '+%Y-%m-%d %H:%M:%S UTC')" >> "$LOG_DIR/gateway_watchdog.log"; echo "WARNING: Gateway port $IBKR_PORT dropped at $(date -u '+%Y-%m-%d %H:%M:%S UTC')";
    fi;
done )
[v2-ibkr-migration e719ebe] auto: v3 daily logs 2026-05-20
 2 files changed, 18 insertions(+)
=== Cleanup complete: Wed May 20 11:09:54 MDT 2026 ===
=== Waking screen ===
Display wake (caffeinate -u) sent
Display state: unknown (continuing — caffeinate keeps system awake regardless)
Persistent caffeinate started (PID: 34375)
=== V3 Hybrid daily run started: Wed May 20 11:10:10 MDT 2026 ===
From github.com:mannyluke4/warrior_bot
 * branch            v2-ibkr-migration -> FETCH_HEAD
Already up to date.
Code version: e719ebe (auto: v3 daily logs 2026-05-20)
daily_run_v3.sh hash: fcbd6d83cf12d4bd4df81cf95b69408f  /Users/duffy/warrior_bot_v2/daily_run_v3.sh
bot_v3_hybrid.py hash: a053818d908dd05879275d988c0ca750  /Users/duffy/warrior_bot_v2/bot_v3_hybrid.py
bot_alpaca_subbot.py hash: a037c0761d9dd5e1d11f33df333ac1d7  /Users/duffy/warrior_bot_v2/bot_alpaca_subbot.py
alpaca_feed.py hash: 870553116e841aac75c1f8ac28976191  /Users/duffy/warrior_bot_v2/alpaca_feed.py
sntp: clock_settime: Operation not permitted
+0.030010 +/- 0.057419 time.apple.com 2620:149:a16:4000::31
NTP sync skipped (non-root)
System time: Wed May 20 17:10:11 UTC 2026
Pre-flight: checking Python imports...
V3 Imports OK
Sub-bot Imports OK
Killing stale processes...
Gateway already up on port 4002 — reusing existing session (no kill/restart)
Waiting for IB Gateway on port 4002...
Gateway is up on port 4002 (after ~5s)
Cleaning up stale connections...
Wiping yesterday's watchlist.txt for a fresh session...
Starting live_scanner.py...
Live scanner started (PID: 34408)
Starting bot_v3_hybrid.py (Alpaca execution — main bot account PA3VP0LB4OID)...
Bot started (PID: 34418)
Bot health check passed (still running after 15s, PID: 34418)
HEALTH_OK: Bot connected at 2026-05-20 17:10:34 UTC
Setup B sub-bot: DISABLED (see comment above)
Gateway watchdog started (PID: 34427)
Watchdog: monitoring bot until 6:05 PM MT / 8:05 PM ET (Wed May 20 18:05:00 MDT 2026)...
  Bot runs: morning 7:00-12:00 ET, sleeps 12:00-16:00, evening 16:00-20:00 ET
ALERT: bot_v3_hybrid.py died at Wed May 20 18:00:41 MDT 2026! Session ended early. Check /Users/duffy/warrior_bot_v2/logs/2026-05-20_daily.log.
=== Shutting down at Wed May 20 18:00:41 MDT 2026 ===
Pushing logs...
