=== Waking screen ===
Display wake (caffeinate -u) sent
Display state: unknown (continuing — caffeinate keeps system awake regardless)
Persistent caffeinate started (PID: 93699)
=== V3 Hybrid daily run started: Thu Apr 30 02:00:05 MDT 2026 ===
From github.com:mannyluke4/warrior_bot
 * branch            v2-ibkr-migration -> FETCH_HEAD
Already up to date.
Code version: e43d21e (auto: v3 daily logs 2026-04-29)
daily_run_v3.sh hash: ea169dca6cc3f491da6722d1caca28ac6cf7ab9a
bot_v3_hybrid.py hash: 4f7f3166520d1eabebe38f9fbdebe58975c79077
sntp: clock_settime: Operation not permitted
+0.031236 +/- 0.058821 time.apple.com 2620:149:a23:4000::1e2
NTP sync skipped (non-root)
System time: Thu Apr 30 08:00:08 UTC 2026
Pre-flight: checking Python imports...
V3 Imports OK
Killing stale processes...
Gateway already up on port 4002 — reusing existing session (no kill/restart)
Waiting for IB Gateway on port 4002...
Gateway is up on port 4002 (after ~5s)
Cleaning up stale connections...
Starting live_scanner.py...
Live scanner started (PID: 93731)
Starting bot_v3_hybrid.py...
Bot started (PID: 93734)
Bot health check passed (still running after 15s, PID: 93734)
HEALTH_OK: Bot connected at 2026-04-30 08:00:32 UTC
Gateway watchdog started (PID: 93739)
Watchdog: monitoring bot until 6:05 PM MT / 8:05 PM ET (Thu Apr 30 18:05:00 MDT 2026)...
  Bot runs: morning 7:00-12:00 ET, sleeps 12:00-16:00, evening 16:00-20:00 ET
ALERT: bot_v3_hybrid.py died at Thu Apr 30 10:42:37 MDT 2026! Session ended early. Check /Users/duffy/warrior_bot_v2/logs/2026-04-30_daily.log.
=== Shutting down at Thu Apr 30 10:42:37 MDT 2026 ===
Pushing logs...
[v2-ibkr-migration e4ce990] auto: v3 daily logs 2026-04-30
 4 files changed, 46391 insertions(+)
 create mode 100644 logs/2026-04-30_daily.log
 create mode 100644 logs/2026-04-30_scanner.log
 create mode 100644 logs/cron_2026-04-30.log
WARNING: Gateway port 4002 dropped at 2026-04-30 16:43:02 UTC
=== V3 Hybrid daily run complete: Thu Apr 30 10:43:22 MDT 2026 ===
=== TRAP: cleanup at Thu Apr 30 10:43:22 MDT 2026 ===
/Users/duffy/warrior_bot_v2/daily_run_v3.sh: line 21: 93699 Terminated: 15          caffeinate -dims -w $$  (wd: ~)
/Users/duffy/warrior_bot_v2/daily_run_v3.sh: line 21: 93739 Terminated: 15          ( while true; do
    sleep 60; if ! python3 -c "import socket; s=socket.socket(); s.settimeout(2); s.connect(('127.0.0.1',$IBKR_PORT)); s.close()" 2> /dev/null; then
        echo "WARNING: Gateway port $IBKR_PORT dropped at $(date -u '+%Y-%m-%d %H:%M:%S UTC')" >> "$LOG_DIR/gateway_watchdog.log"; echo "WARNING: Gateway port $IBKR_PORT dropped at $(date -u '+%Y-%m-%d %H:%M:%S UTC')";
    fi;
done )
[v2-ibkr-migration 89c5630] auto: v3 daily logs 2026-04-30
 3 files changed, 17 insertions(+)
=== Cleanup complete: Thu Apr 30 10:43:24 MDT 2026 ===
