=== Waking screen ===
Display wake (caffeinate -u) sent
Display state: unknown (continuing — caffeinate keeps system awake regardless)
Persistent caffeinate started (PID: 30590)
=== V3 Hybrid daily run started: Wed May 13 02:00:05 MDT 2026 ===
From github.com:mannyluke4/warrior_bot
 * branch            v2-ibkr-migration -> FETCH_HEAD
   31e4b1d..7568c50  v2-ibkr-migration -> origin/v2-ibkr-migration
Updating 31e4b1d..7568c50
Fast-forward
 DIRECTIVE_2026-05-12_DAILY_RESPONSE.md | 323 +++++++++++++++++++++++++++++++++
 1 file changed, 323 insertions(+)
 create mode 100644 DIRECTIVE_2026-05-12_DAILY_RESPONSE.md
Code version: 7568c50 (Add 2026-05-12 daily response directive)
daily_run_v3.sh hash: 7d8ac7460c2218d68953a8b2b43cb89ce5385b82
bot_v3_hybrid.py hash: 3e8a8c6f9c257a9e5cbafa9cf2112a2d9072f39a
bot_alpaca_subbot.py hash: 46bf5e9342bcd94cc2d6f3b5a4411e3c1d6bb66b
alpaca_feed.py hash: 682a855ab7d4135ad611baa7e19a941a00690a38
sntp: clock_settime: Operation not permitted
+0.045455 +/- 0.078231 time.apple.com 2620:149:a18:4000::31
NTP sync skipped (non-root)
System time: Wed May 13 08:00:07 UTC 2026
Pre-flight: checking Python imports...
V3 Imports OK
Sub-bot Imports OK
Killing stale processes...
Gateway already up on port 4002 — reusing existing session (no kill/restart)
Waiting for IB Gateway on port 4002...
Gateway is up on port 4002 (after ~5s)
Cleaning up stale connections...
Starting live_scanner.py...
Live scanner started (PID: 30653)
Starting bot_v3_hybrid.py (Alpaca execution — main bot account PA3VP0LB4OID)...
Bot started (PID: 30665)
Bot health check passed (still running after 15s, PID: 30665)
HEALTH_OK: Bot connected at 2026-05-13 08:00:31 UTC
Starting bot_alpaca_subbot.py (IBKR data + Alpaca exec; WB Phase 1 paper)...
Sub-bot started (PID: 30683, log: /Users/duffy/warrior_bot_v2/logs/2026-05-13_subbot_alpaca.log)
Sub-bot health check passed (still running after 15s, PID: 30683)
Gateway watchdog started (PID: 30691)
Watchdog: monitoring bot until 6:05 PM MT / 8:05 PM ET (Wed May 13 18:05:00 MDT 2026)...
  Bot runs: morning 7:00-12:00 ET, sleeps 12:00-16:00, evening 16:00-20:00 ET
ALERT: bot_v3_hybrid.py died at Wed May 13 18:00:43 MDT 2026! Session ended early. Check /Users/duffy/warrior_bot_v2/logs/2026-05-13_daily.log.
=== Shutting down at Wed May 13 18:00:43 MDT 2026 ===
Pushing logs...
[v2-ibkr-migration 24dac0d] auto: v3 daily logs 2026-05-13
 7 files changed, 65263 insertions(+)
 create mode 100644 logs/2026-05-13_daily.log
 create mode 100644 logs/2026-05-13_latency_diagnostic.jsonl
 create mode 100644 logs/2026-05-13_scanner.log
 create mode 100644 logs/2026-05-13_subbot_alpaca.log
 create mode 100644 logs/cron_2026-05-13.log
=== V3 Hybrid daily run complete: Wed May 13 18:00:51 MDT 2026 ===
=== TRAP: cleanup at Wed May 13 18:00:51 MDT 2026 ===
/Users/duffy/warrior_bot_v2/daily_run_v3.sh: line 21: 30590 Terminated: 15          caffeinate -dims -w $$  (wd: ~)
/Users/duffy/warrior_bot_v2/daily_run_v3.sh: line 21: 30691 Terminated: 15          ( while true; do
    sleep 60; if ! python3 -c "import socket; s=socket.socket(); s.settimeout(2); s.connect(('127.0.0.1',$IBKR_PORT)); s.close()" 2> /dev/null; then
        echo "WARNING: Gateway port $IBKR_PORT dropped at $(date -u '+%Y-%m-%d %H:%M:%S UTC')" >> "$LOG_DIR/gateway_watchdog.log"; echo "WARNING: Gateway port $IBKR_PORT dropped at $(date -u '+%Y-%m-%d %H:%M:%S UTC')";
    fi;
done )
[v2-ibkr-migration 9c7903d] auto: v3 daily logs 2026-05-13
 2 files changed, 18 insertions(+)
=== Cleanup complete: Wed May 13 18:00:53 MDT 2026 ===
