============================================================
  DEFINITIVE YTD SQ-Only (IBKR Ticks) | Windows: 07:00-12:00, 16:00-20:00
  59 trading days, starting $30,000
  Progress → /Users/duffy/warrior_bot_v2/backtest_status/definitive_ytd.md
============================================================
[4/59] 2026-01-06: —
[6/59] 2026-01-08: 2 trades, $+877, eq=$30,877
[7/59] 2026-01-09: —
[8/59] 2026-01-12: 4 trades, $+1,268, eq=$32,145
[9/59] 2026-01-13: 5 trades, $+20,958, eq=$53,103
[10/59] 2026-01-14: 3 trades, $+22,300, eq=$75,403
[11/59] 2026-01-15: 7 trades, $+16,268, eq=$91,671
[12/59] 2026-01-16: 5 trades, $+1,921, eq=$93,592
[13/59] 2026-01-20: 5 trades, $+20,824, eq=$114,416
[14/59] 2026-01-21: 1 trades, $+9,116, eq=$123,532
[15/59] 2026-01-22: 2 trades, $+1,632, eq=$125,164
[16/59] 2026-01-23: 3 trades, $+12,992, eq=$138,156
[17/59] 2026-01-26: 3 trades, $+6,665, eq=$144,821
[18/59] 2026-01-27: 2 trades, $-662, eq=$144,159
[19/59] 2026-01-28: —
[20/59] 2026-01-29: —
[21/59] 2026-01-30: —
[22/59] 2026-02-02: —
[23/59] 2026-02-03: 3 trades, $+70,771, eq=$214,930
[24/59] 2026-02-04: —
[25/59] 2026-02-05: —
[26/59] 2026-02-06: 2 trades, $+17,094, eq=$232,024
[28/59] 2026-02-10: —
[29/59] 2026-02-11: —
[31/59] 2026-02-13: —
[32/59] 2026-02-17: —
[33/59] 2026-02-18: —
[34/59] 2026-02-19: 3 trades, $+7,737, eq=$239,761
[35/59] 2026-02-20: —
[40/59] 2026-02-27: —
[41/59] 2026-03-02: 1 trades, $+1,158, eq=$240,919
[43/59] 2026-03-04: —
[44/59] 2026-03-05: 1 trades, $+4,779, eq=$245,698
[45/59] 2026-03-06: 2 trades, $+33,782, eq=$279,480
[46/59] 2026-03-09: —
[47/59] 2026-03-10: 2 trades, $+4,815, eq=$284,295
[48/59] 2026-03-11: —
[49/59] 2026-03-12: —
[50/59] 2026-03-13: —
[52/59] 2026-03-18: —
[53/59] 2026-03-19: 1 trades, $+1,429, eq=$285,724
[55/59] 2026-03-23: 1 trades, $+4,194, eq=$289,918
[56/59] 2026-03-24: 1 trades, $+2,852, eq=$292,770
[58/59] 2026-03-26: 1 trades, $+3,488, eq=$296,258

============================================================
  FINAL: DEFINITIVE YTD SQ-Only (IBKR Ticks)
  Trades: 60, WR: 82% (48W/10L)
  P&L: $+266,258 (+887.5%)
  Equity: $296,258
============================================================
