============================================================
  DEFINITIVE YTD V3 Scanner | Windows: 04:00-11:00, 16:00-20:00
  62 trading days, starting $30,000
  Progress → /Users/duffy/warrior_bot_v2/backtest_status/definitive_ytd_v3.md
============================================================
[5/62] 2026-01-07: 1 trades, $-62, eq=$29,938
[6/62] 2026-01-08: 2 trades, $+875, eq=$30,813
[8/62] 2026-01-12: 3 trades, $-12, eq=$30,801
[9/62] 2026-01-13: 5 trades, $+6,345, eq=$37,146
[10/62] 2026-01-14: —
[11/62] 2026-01-15: 5 trades, $+3,297, eq=$40,443
[12/62] 2026-01-16: 5 trades, $+1,299, eq=$41,742
[13/62] 2026-01-20: 4 trades, $+1,714, eq=$43,456
[15/62] 2026-01-22: 5 trades, $+2,056, eq=$45,512
[17/62] 2026-01-26: —
[18/62] 2026-01-27: 2 trades, $-609, eq=$44,903
[19/62] 2026-01-28: —
[20/62] 2026-01-29: —
[21/62] 2026-01-30: —
[22/62] 2026-02-02: 2 trades, $+80, eq=$44,983
[26/62] 2026-02-06: 2 trades, $+8,288, eq=$53,271
[27/62] 2026-02-09: 3 trades, $+9,318, eq=$62,589
[34/62] 2026-02-19: —
[43/62] 2026-03-04: 4 trades, $+17,042, eq=$79,631
[44/62] 2026-03-05: —
[46/62] 2026-03-09: —
[47/62] 2026-03-10: —
[48/62] 2026-03-11: —
[49/62] 2026-03-12: —
[50/62] 2026-03-13: —
[51/62] 2026-03-16: 1 trades, $+426, eq=$80,057
[53/62] 2026-03-18: —
[54/62] 2026-03-19: —
[56/62] 2026-03-23: 1 trades, $+2,319, eq=$82,376
[57/62] 2026-03-24: —
[59/62] 2026-03-26: 1 trades, $+3,565, eq=$85,941
[61/62] 2026-03-30: 1 trades, $+2,465, eq=$88,406

============================================================
  FINAL: DEFINITIVE YTD V3 Scanner
  Trades: 47, WR: 68% (32W/15L)
  P&L: $+58,406 (+194.7%)
  Equity: $88,406
============================================================
