[1;32m+==============================================================================
+
+ IBC version 3.23.0
+
+ Running GATEWAY 10.37
+
+ Diagnostic information is logged in:
+
+ /Users/duffy/ibc/logs/ibc-3.23.0_GATEWAY-10.37_Wednesday.txt
+
+[0m
[1;31m+==============================================================================
+
+                       **** An error has occurred ****
+
+                     Please look in the diagnostics file 
+                   mentioned above for further information
+
+                           Press enter to continue.
+
+==============================================================================[0m
