
[2026-01-06] Fetching 1 symbols (0 already cached)...
  CYCN...     10,155 ticks, up to 04:09:05 ET...
    20,290 ticks, up to 04:41:38 ET...
    30,343 ticks, up to 05:57:15 ET...
    40,699 ticks, up to 07:00:56 ET...
    51,161 ticks, up to 07:03:09 ET...
    61,648 ticks, up to 07:11:35 ET...
    71,918 ticks, up to 07:19:20 ET...
    82,196 ticks, up to 07:39:00 ET...
    93,332 ticks, up to 08:00:03 ET...
    105,670 ticks, up to 08:01:42 ET...
    117,816 ticks, up to 08:07:15 ET...
    129,417 ticks, up to 08:10:25 ET...
    139,642 ticks, up to 08:14:03 ET...
    149,998 ticks, up to 08:22:32 ET...
    160,553 ticks, up to 08:38:15 ET...
    170,624 ticks, up to 09:07:46 ET...
    180,887 ticks, up to 09:25:19 ET...
    191,538 ticks, up to 09:33:54 ET...
    201,886 ticks, up to 09:37:57 ET...
    212,937 ticks, up to 09:39:57 ET...
    223,500 ticks, up to 09:41:51 ET...
    233,873 ticks, up to 09:45:04 ET...
    244,355 ticks, up to 09:49:20 ET...
    254,816 ticks, up to 09:54:22 ET...
    265,593 ticks, up to 10:00:26 ET...
    276,298 ticks, up to 10:11:32 ET...
    286,411 ticks, up to 10:28:18 ET...
    296,632 ticks, up to 10:56:21 ET...
    306,752 ticks, up to 11:23:05 ET...
    316,836 ticks, up to 12:12:46 ET...
    326,880 ticks, up to 13:42:01 ET...
    337,003 ticks, up to 15:17:23 ET...
    347,959 ticks, up to 15:49:35 ET...
    358,069 ticks, up to 19:02:34 ET...
  Saved 358431 ticks → /Users/duffy/warrior_bot_v2/tick_cache/2026-01-06/CYCN.json.gz

[2026-01-08] Fetching 1 symbols (0 already cached)...
  ACON...     10,175 ticks, up to 06:46:23 ET...
    20,621 ticks, up to 06:52:55 ET...
    31,033 ticks, up to 06:59:27 ET...
    42,582 ticks, up to 07:01:06 ET...
    53,690 ticks, up to 07:02:22 ET...
    64,166 ticks, up to 07:06:10 ET...
    74,720 ticks, up to 07:10:25 ET...
    85,675 ticks, up to 07:12:12 ET...
    96,255 ticks, up to 07:15:25 ET...
    107,183 ticks, up to 07:20:18 ET...
    117,492 ticks, up to 07:28:33 ET...
    127,781 ticks, up to 07:36:27 ET...
    138,114 ticks, up to 07:39:32 ET...
    149,040 ticks, up to 07:40:52 ET...
    160,499 ticks, up to 07:43:28 ET...
    171,114 ticks, up to 07:46:05 ET...
    182,195 ticks, up to 07:50:59 ET...
    192,599 ticks, up to 07:57:17 ET...
    204,921 ticks, up to 08:00:05 ET...
    216,588 ticks, up to 08:03:05 ET...
    226,875 ticks, up to 08:09:09 ET...
    237,324 ticks, up to 08:15:00 ET...
    247,523 ticks, up to 08:23:11 ET...
    257,745 ticks, up to 08:43:33 ET...
    268,147 ticks, up to 09:00:46 ET...
    278,246 ticks, up to 09:21:53 ET...
    288,721 ticks, up to 09:31:02 ET...
    299,248 ticks, up to 09:35:09 ET...
    310,127 ticks, up to 09:38:54 ET...
    320,804 ticks, up to 09:41:52 ET...
    331,371 ticks, up to 09:45:19 ET...
    341,643 ticks, up to 09:57:35 ET...
    353,498 ticks, up to 10:04:07 ET...
    363,996 ticks, up to 10:06:35 ET...
    374,536 ticks, up to 10:10:55 ET...
    385,939 ticks, up to 10:15:27 ET...
    398,005 ticks, up to 10:15:52 ET...
    409,225 ticks, up to 10:22:30 ET...
    419,550 ticks, up to 10:31:06 ET...
    429,792 ticks, up to 10:49:31 ET...
    439,950 ticks, up to 11:10:31 ET...
    450,092 ticks, up to 12:09:53 ET...
    460,180 ticks, up to 13:31:04 ET...
    470,284 ticks, up to 14:12:31 ET...
    480,473 ticks, up to 14:48:26 ET...
    490,706 ticks, up to 15:36:22 ET...
    500,751 ticks, up to 19:59:58 ET...
  Saved 500751 ticks → /Users/duffy/warrior_bot_v2/tick_cache/2026-01-08/ACON.json.gz

[2026-01-09] Fetching 2 symbols (0 already cached)...
  KUST...     10,167 ticks, up to 04:57:35 ET...
    20,241 ticks, up to 05:12:11 ET...
    30,284 ticks, up to 06:22:27 ET...
    42,062 ticks, up to 08:00:08 ET...
    53,874 ticks, up to 08:20:16 ET...
    63,948 ticks, up to 11:55:03 ET...
  Saved 66898 ticks → /Users/duffy/warrior_bot_v2/tick_cache/2026-01-09/KUST.json.gz
  ICON...     10,114 ticks, up to 05:12:32 ET...
    20,456 ticks, up to 05:20:29 ET...
    30,575 ticks, up to 05:34:58 ET...
    40,650 ticks, up to 05:57:55 ET...
    50,773 ticks, up to 06:36:51 ET...
    60,944 ticks, up to 07:23:15 ET...
    73,577 ticks, up to 08:00:09 ET...
    85,396 ticks, up to 09:15:22 ET...
    95,452 ticks, up to 11:06:38 ET...
  Saved 102515 ticks → /Users/duffy/warrior_bot_v2/tick_cache/2026-01-09/ICON.json.gz

[2026-01-12] Fetching 2 symbols (0 already cached)...
  OM...     10,482 ticks, up to 08:39:58 ET...
    21,033 ticks, up to 08:44:22 ET...
    31,481 ticks, up to 08:48:14 ET...
    41,978 ticks, up to 08:50:46 ET...
    52,405 ticks, up to 08:56:08 ET...
    62,902 ticks, up to 08:59:56 ET...
    73,401 ticks, up to 09:05:03 ET...
    85,100 ticks, up to 09:06:28 ET...
    96,173 ticks, up to 09:07:41 ET...
    106,984 ticks, up to 09:09:38 ET...
    117,598 ticks, up to 09:11:16 ET...
    127,883 ticks, up to 09:14:46 ET...
    138,221 ticks, up to 09:20:18 ET...
    148,413 ticks, up to 09:29:45 ET...
    159,121 ticks, up to 09:31:49 ET...
    169,929 ticks, up to 09:34:21 ET...
    180,291 ticks, up to 09:38:27 ET...
    190,625 ticks, up to 09:44:34 ET...
    200,803 ticks, up to 09:57:03 ET...
    211,280 ticks, up to 10:22:45 ET...
    221,385 ticks, up to 11:38:21 ET...
    231,481 ticks, up to 13:28:41 ET...
    241,664 ticks, up to 15:57:19 ET...
  Saved 243588 ticks → /Users/duffy/warrior_bot_v2/tick_cache/2026-01-12/OM.json.gz
  BDSX...     10,172 ticks, up to 06:15:25 ET...
    20,700 ticks, up to 06:23:36 ET...
    31,042 ticks, up to 06:29:25 ET...
    41,517 ticks, up to 06:36:35 ET...
    51,915 ticks, up to 06:46:57 ET...
    62,552 ticks, up to 06:54:18 ET...
    73,611 ticks, up to 06:56:28 ET...
    83,916 ticks, up to 07:00:12 ET...
    94,516 ticks, up to 07:02:53 ET...
    104,923 ticks, up to 07:09:44 ET...
    115,027 ticks, up to 07:23:01 ET...
    125,957 ticks, up to 08:00:00 ET...
    137,004 ticks, up to 08:00:11 ET...
    148,959 ticks, up to 08:13:23 ET...
    159,031 ticks, up to 08:57:03 ET...
    169,198 ticks, up to 09:32:59 ET...
    180,337 ticks, up to 09:35:15 ET...
    191,192 ticks, up to 09:36:48 ET...
    202,437 ticks, up to 09:38:15 ET...
    213,269 ticks, up to 09:40:32 ET...
    223,967 ticks, up to 09:42:40 ET...
    234,387 ticks, up to 09:44:34 ET...
    245,063 ticks, up to 09:46:15 ET...
    256,003 ticks, up to 09:47:32 ET...
    268,025 ticks, up to 09:48:51 ET...
    279,263 ticks, up to 09:50:04 ET...
    290,564 ticks, up to 09:51:24 ET...
    302,332 ticks, up to 09:52:21 ET...
    314,028 ticks, up to 09:53:04 ET...
    325,039 ticks, up to 09:54:29 ET...
    336,011 ticks, up to 09:55:43 ET...
    346,578 ticks, up to 09:57:38 ET...
    358,012 ticks, up to 09:59:10 ET...
    368,508 ticks, up to 10:01:50 ET...
    379,407 ticks, up to 10:03:11 ET...
    390,005 ticks, up to 10:05:40 ET...
    400,386 ticks, up to 10:09:15 ET...
    411,093 ticks, up to 10:13:50 ET...
    421,859 ticks, up to 10:18:30 ET...
    432,084 ticks, up to 10:21:49 ET...
    442,484 ticks, up to 10:27:50 ET...
    453,478 ticks, up to 10:30:46 ET...
    463,713 ticks, up to 10:40:20 ET...
    474,077 ticks, up to 10:46:35 ET...
    484,248 ticks, up to 10:59:04 ET...
    494,620 ticks, up to 11:16:52 ET...
    504,908 ticks, up to 11:21:12 ET...
    515,190 ticks, up to 11:32:21 ET...
    525,351 ticks, up to 11:43:10 ET...
    537,216 ticks, up to 11:50:52 ET...
    548,115 ticks, up to 11:51:56 ET...
    558,314 ticks, up to 11:56:28 ET...
    568,805 ticks, up to 12:00:59 ET...
    579,489 ticks, up to 12:03:30 ET...
    590,755 ticks, up to 12:05:03 ET...
    601,741 ticks, up to 12:06:24 ET...
    612,495 ticks, up to 12:08:09 ET...
    622,807 ticks, up to 12:13:35 ET...
    633,229 ticks, up to 12:21:06 ET...
    643,884 ticks, up to 12:31:03 ET...
    653,956 ticks, up to 12:45:20 ET...
    664,178 ticks, up to 13:06:41 ET...
    674,298 ticks, up to 13:25:05 ET...
    685,019 ticks, up to 13:37:18 ET...
    695,276 ticks, up to 13:51:08 ET...
    706,119 ticks, up to 14:24:21 ET...
    716,487 ticks, up to 14:57:57 ET...
    726,561 ticks, up to 15:31:56 ET...
    736,649 ticks, up to 16:06:08 ET...
  Saved 739765 ticks → /Users/duffy/warrior_bot_v2/tick_cache/2026-01-12/BDSX.json.gz

[2026-01-13] Fetching 3 symbols (0 already cached)...
  AHMA...     10,290 ticks, up to 07:25:56 ET...
    20,773 ticks, up to 07:28:36 ET...
    31,701 ticks, up to 07:29:55 ET...
    42,968 ticks, up to 07:32:12 ET...
    53,521 ticks, up to 07:35:20 ET...
    64,301 ticks, up to 07:37:30 ET...
    74,724 ticks, up to 07:38:46 ET...
    86,294 ticks, up to 07:39:43 ET...
    96,799 ticks, up to 07:41:30 ET...
    107,892 ticks, up to 07:42:19 ET...
    118,574 ticks, up to 07:44:05 ET...
    129,073 ticks, up to 07:47:32 ET...
    140,001 ticks, up to 07:50:13 ET...
    150,827 ticks, up to 07:51:22 ET...
    161,734 ticks, up to 07:53:22 ET...
    172,397 ticks, up to 07:56:03 ET...
    183,046 ticks, up to 07:59:47 ET...
    194,739 ticks, up to 08:00:10 ET...
    207,011 ticks, up to 08:03:03 ET...
    217,585 ticks, up to 08:05:08 ET...
    228,409 ticks, up to 08:08:09 ET...
    238,751 ticks, up to 08:13:38 ET...
    249,529 ticks, up to 08:19:23 ET...
    260,437 ticks, up to 08:21:53 ET...
    272,748 ticks, up to 08:22:19 ET...
    285,273 ticks, up to 08:22:46 ET...
    296,418 ticks, up to 08:23:38 ET...
    306,883 ticks, up to 08:25:17 ET...
    317,614 ticks, up to 08:27:16 ET...
    328,587 ticks, up to 08:29:03 ET...
    339,204 ticks, up to 08:32:19 ET...
    349,759 ticks, up to 08:35:58 ET...
    360,922 ticks, up to 08:38:05 ET...
    371,471 ticks, up to 08:40:26 ET...
    382,235 ticks, up to 08:42:53 ET...
    392,671 ticks, up to 08:48:05 ET...
    403,252 ticks, up to 08:51:43 ET...
    414,262 ticks, up to 08:53:20 ET...
    426,319 ticks, up to 08:54:55 ET...
    437,713 ticks, up to 08:55:41 ET...
    449,586 ticks, up to 08:56:33 ET...
    459,903 ticks, up to 08:59:20 ET...
    470,340 ticks, up to 09:03:41 ET...
    480,634 ticks, up to 09:06:53 ET...
    490,741 ticks, up to 09:14:18 ET...
    500,975 ticks, up to 09:24:35 ET...
    511,307 ticks, up to 09:31:30 ET...
    522,545 ticks, up to 09:40:06 ET...
    533,746 ticks, up to 09:51:38 ET...
    543,907 ticks, up to 09:55:51 ET...
    554,406 ticks, up to 10:01:18 ET...
    564,730 ticks, up to 10:08:26 ET...
    575,036 ticks, up to 10:18:01 ET...
    585,569 ticks, up to 10:21:25 ET...
    595,749 ticks, up to 10:31:02 ET...
    606,107 ticks, up to 10:44:00 ET...
    616,349 ticks, up to 11:04:51 ET...
    626,485 ticks, up to 11:29:39 ET...
    636,709 ticks, up to 11:49:16 ET...
    647,066 ticks, up to 11:55:02 ET...
    657,344 ticks, up to 12:02:56 ET...
    667,395 ticks, up to 12:33:10 ET...
    677,504 ticks, up to 13:11:21 ET...
    688,064 ticks, up to 13:55:00 ET...
    698,133 ticks, up to 14:10:09 ET...
    708,540 ticks, up to 14:33:57 ET...
    719,114 ticks, up to 14:55:59 ET...
    730,019 ticks, up to 15:05:03 ET...
    740,136 ticks, up to 15:46:13 ET...
    750,272 ticks, up to 16:33:25 ET...
  Saved 755349 ticks → /Users/duffy/warrior_bot_v2/tick_cache/2026-01-13/AHMA.json.gz
  IOTR...     10,303 ticks, up to 05:07:26 ET...
    20,656 ticks, up to 05:10:12 ET...
    31,497 ticks, up to 05:11:35 ET...
    42,298 ticks, up to 05:13:02 ET...
    52,933 ticks, up to 05:14:35 ET...
    63,445 ticks, up to 05:16:06 ET...
    74,179 ticks, up to 05:17:59 ET...
    84,656 ticks, up to 05:21:24 ET...
    95,663 ticks, up to 05:22:31 ET...
    106,157 ticks, up to 05:25:06 ET...
    116,679 ticks, up to 05:29:04 ET...
    127,011 ticks, up to 05:32:21 ET...
    137,388 ticks, up to 05:35:54 ET...
    147,812 ticks, up to 05:42:52 ET...
    157,986 ticks, up to 05:54:57 ET...
    168,086 ticks, up to 06:04:26 ET...
    178,422 ticks, up to 06:15:26 ET...
    188,516 ticks, up to 06:43:03 ET...
    198,792 ticks, up to 06:50:32 ET...
    208,937 ticks, up to 06:59:53 ET...
    219,321 ticks, up to 07:02:18 ET...
    229,473 ticks, up to 07:16:17 ET...
    240,154 ticks, up to 08:00:00 ET...
    252,053 ticks, up to 08:00:09 ET...
    265,913 ticks, up to 08:04:10 ET...
    277,791 ticks, up to 08:10:22 ET...
    291,143 ticks, up to 08:12:13 ET...
    303,411 ticks, up to 08:17:52 ET...
    313,446 ticks, up to 09:51:11 ET...
    323,778 ticks, up to 11:19:21 ET...
    333,908 ticks, up to 15:32:14 ET...
    344,010 ticks, up to 16:02:12 ET...
  Saved 350898 ticks → /Users/duffy/warrior_bot_v2/tick_cache/2026-01-13/IOTR.json.gz
  BCTX...     10,385 ticks, up to 07:45:28 ET...
    20,580 ticks, up to 07:56:24 ET...
    33,085 ticks, up to 08:00:11 ET...
    44,073 ticks, up to 08:07:24 ET...
    54,792 ticks, up to 08:09:13 ET...
    65,272 ticks, up to 08:12:13 ET...
    76,129 ticks, up to 08:17:54 ET...
    86,245 ticks, up to 08:26:13 ET...
    96,521 ticks, up to 08:40:40 ET...
    106,567 ticks, up to 09:22:39 ET...
    116,888 ticks, up to 09:45:50 ET...
    127,114 ticks, up to 10:36:37 ET...
    137,294 ticks, up to 13:34:12 ET...
  Saved 146099 ticks → /Users/duffy/warrior_bot_v2/tick_cache/2026-01-13/BCTX.json.gz

[2026-01-14] Fetching 4 symbols (0 already cached)...
  ROLR...     11,205 ticks, up to 08:19:30 ET...
    22,477 ticks, up to 08:20:04 ET...
    33,316 ticks, up to 08:20:56 ET...
    44,642 ticks, up to 08:21:41 ET...
    56,098 ticks, up to 08:22:27 ET...
    67,591 ticks, up to 08:23:04 ET...
    79,912 ticks, up to 08:23:52 ET...
    94,537 ticks, up to 08:24:04 ET...
    108,032 ticks, up to 08:24:20 ET...
    119,325 ticks, up to 08:24:35 ET...
    130,985 ticks, up to 08:25:14 ET...
    141,843 ticks, up to 08:26:10 ET...
    153,824 ticks, up to 08:26:58 ET...
    165,518 ticks, up to 08:27:48 ET...
    178,334 ticks, up to 08:28:14 ET...
    191,041 ticks, up to 08:28:45 ET...
    205,547 ticks, up to 08:28:55 ET...
    219,362 ticks, up to 08:29:07 ET...
    231,601 ticks, up to 08:29:30 ET...
    245,509 ticks, up to 08:29:41 ET...
    257,593 ticks, up to 08:30:05 ET...
    268,792 ticks, up to 08:30:40 ET...
    281,143 ticks, up to 08:31:02 ET...
    292,420 ticks, up to 08:31:24 ET...
    303,570 ticks, up to 08:32:08 ET...
    315,217 ticks, up to 08:33:02 ET...
    328,804 ticks, up to 08:33:16 ET...
    340,491 ticks, up to 08:33:42 ET...
    352,729 ticks, up to 08:33:58 ET...
    366,610 ticks, up to 08:34:10 ET...
    378,465 ticks, up to 08:34:32 ET...
    389,257 ticks, up to 08:35:07 ET...
    401,195 ticks, up to 08:35:41 ET...
    412,522 ticks, up to 08:36:25 ET...
    424,714 ticks, up to 08:37:12 ET...
    436,386 ticks, up to 08:37:46 ET...
    447,651 ticks, up to 08:38:57 ET...
    459,426 ticks, up to 08:39:19 ET...
    471,414 ticks, up to 08:39:54 ET...
    482,166 ticks, up to 08:40:42 ET...
    493,860 ticks, up to 08:41:22 ET...
    504,820 ticks, up to 08:42:48 ET...
    516,572 ticks, up to 08:44:06 ET...
    527,695 ticks, up to 08:45:30 ET...
    538,207 ticks, up to 08:47:45 ET...
    548,861 ticks, up to 08:49:35 ET...
    560,938 ticks, up to 08:50:48 ET...
    572,033 ticks, up to 08:51:22 ET...
    582,869 ticks, up to 08:53:36 ET...
    594,192 ticks, up to 08:54:28 ET...
    605,256 ticks, up to 08:55:11 ET...
    616,453 ticks, up to 08:56:07 ET...
    627,027 ticks, up to 08:57:46 ET...
    638,214 ticks, up to 08:59:12 ET...
    649,035 ticks, up to 09:00:56 ET...
    659,765 ticks, up to 09:03:21 ET...
    670,472 ticks, up to 09:06:02 ET...
    681,619 ticks, up to 09:08:48 ET...
    692,126 ticks, up to 09:11:54 ET...
    702,484 ticks, up to 09:15:16 ET...
    712,956 ticks, up to 09:19:14 ET...
    723,522 ticks, up to 09:23:34 ET...
    733,970 ticks, up to 09:26:58 ET...
    744,814 ticks, up to 09:30:21 ET...
    756,254 ticks, up to 09:30:53 ET...
    767,462 ticks, up to 09:32:04 ET...
    779,382 ticks, up to 09:33:14 ET...
    790,989 ticks, up to 09:39:10 ET...
    802,668 ticks, up to 09:45:18 ET...
    814,648 ticks, up to 09:51:23 ET...
    825,373 ticks, up to 09:52:53 ET...
    836,249 ticks, up to 09:56:03 ET...
    847,212 ticks, up to 09:58:28 ET...
    858,067 ticks, up to 10:01:05 ET...
    868,846 ticks, up to 10:04:30 ET...
    879,871 ticks, up to 10:11:22 ET...
    890,222 ticks, up to 10:18:52 ET...
    900,775 ticks, up to 10:24:25 ET...
    911,112 ticks, up to 10:30:04 ET...
    922,437 ticks, up to 10:34:52 ET...
    934,455 ticks, up to 10:40:49 ET...
    945,279 ticks, up to 10:42:28 ET...
    955,603 ticks, up to 10:46:28 ET...
    966,315 ticks, up to 10:49:30 ET...
    976,830 ticks, up to 10:55:14 ET...
    987,799 ticks, up to 10:59:41 ET...
    998,028 ticks, up to 11:07:02 ET...
    1,008,849 ticks, up to 11:13:52 ET...
    1,019,307 ticks, up to 11:17:11 ET...
    1,029,836 ticks, up to 11:23:36 ET...
    1,040,194 ticks, up to 11:27:39 ET...
    1,052,419 ticks, up to 11:28:41 ET...
    1,065,227 ticks, up to 11:39:16 ET...
    1,076,253 ticks, up to 11:40:15 ET...
    1,087,681 ticks, up to 11:41:44 ET...
    1,098,130 ticks, up to 11:44:55 ET...
    1,108,939 ticks, up to 11:49:03 ET...
    1,119,827 ticks, up to 11:52:25 ET...
    1,130,566 ticks, up to 11:58:17 ET...
    1,140,894 ticks, up to 12:05:13 ET...
    1,152,977 ticks, up to 12:29:18 ET...
    1,164,504 ticks, up to 12:30:08 ET...
    1,174,923 ticks, up to 12:32:15 ET...
    1,185,866 ticks, up to 12:35:16 ET...
    1,196,650 ticks, up to 12:37:21 ET...
    1,208,199 ticks, up to 12:43:31 ET...
    1,218,754 ticks, up to 12:46:00 ET...
    1,229,150 ticks, up to 12:49:37 ET...
    1,239,619 ticks, up to 12:53:11 ET...
    1,250,065 ticks, up to 12:58:03 ET...
    1,261,059 ticks, up to 13:02:54 ET...
    1,271,204 ticks, up to 13:09:50 ET...
    1,282,294 ticks, up to 13:14:19 ET...
    1,293,433 ticks, up to 13:20:03 ET...
    1,304,624 ticks, up to 13:21:56 ET...
    1,315,725 ticks, up to 13:29:45 ET...
    1,326,129 ticks, up to 13:31:13 ET...
    1,337,108 ticks, up to 13:33:36 ET...
    1,348,051 ticks, up to 13:35:43 ET...
    1,359,840 ticks, up to 13:36:56 ET...
    1,370,520 ticks, up to 13:39:01 ET...
    1,381,829 ticks, up to 13:40:34 ET...
    1,392,972 ticks, up to 13:42:07 ET...
    1,403,718 ticks, up to 13:44:37 ET...
    1,415,014 ticks, up to 13:47:40 ET...
    1,425,347 ticks, up to 13:51:16 ET...
    1,436,235 ticks, up to 13:54:49 ET...
    1,446,873 ticks, up to 13:56:43 ET...
    1,457,205 ticks, up to 13:59:39 ET...
    1,467,312 ticks, up to 14:06:02 ET...
    1,478,119 ticks, up to 14:12:10 ET...
    1,489,665 ticks, up to 14:20:55 ET...
    1,499,808 ticks, up to 14:27:05 ET...
    1,509,958 ticks, up to 14:33:29 ET...
    1,520,861 ticks, up to 14:38:04 ET...
    1,531,620 ticks, up to 14:43:07 ET...
    1,541,979 ticks, up to 14:51:18 ET...
    1,552,168 ticks, up to 14:59:44 ET...
    1,562,500 ticks, up to 15:09:06 ET...
    1,572,632 ticks, up to 15:19:33 ET...
    1,582,895 ticks, up to 15:27:54 ET...
    1,593,499 ticks, up to 15:37:45 ET...
    1,603,848 ticks, up to 15:43:32 ET...
    1,614,682 ticks, up to 15:54:38 ET...
    1,624,856 ticks, up to 16:03:02 ET...
    1,635,008 ticks, up to 16:13:23 ET...
    1,645,085 ticks, up to 16:39:52 ET...
    1,655,196 ticks, up to 17:12:15 ET...
    1,665,269 ticks, up to 17:46:40 ET...
    1,675,311 ticks, up to 19:30:18 ET...
  Saved 1677067 ticks → /Users/duffy/warrior_bot_v2/tick_cache/2026-01-14/ROLR.json.gz
  BEEM...     10,169 ticks, up to 06:11:11 ET...
    20,435 ticks, up to 06:16:15 ET...
    31,248 ticks, up to 06:23:34 ET...
    42,095 ticks, up to 06:28:32 ET...
    52,549 ticks, up to 06:37:06 ET...
    62,810 ticks, up to 06:51:29 ET...
    73,565 ticks, up to 06:58:54 ET...
    83,760 ticks, up to 07:21:44 ET...
    95,359 ticks, up to 08:00:03 ET...
    107,175 ticks, up to 08:08:29 ET...
    117,503 ticks, up to 08:50:18 ET...
    127,970 ticks, up to 09:30:51 ET...
    138,330 ticks, up to 09:36:27 ET...
    148,535 ticks, up to 09:41:52 ET...
    159,312 ticks, up to 09:48:25 ET...
    169,814 ticks, up to 09:53:10 ET...
    180,049 ticks, up to 10:09:01 ET...
    190,167 ticks, up to 10:32:34 ET...
    200,459 ticks, up to 11:03:34 ET...
    210,622 ticks, up to 12:01:39 ET...
    221,062 ticks, up to 13:26:20 ET...
    231,199 ticks, up to 15:22:50 ET...
  Saved 239300 ticks → /Users/duffy/warrior_bot_v2/tick_cache/2026-01-14/BEEM.json.gz
  CMND...     10,060 ticks, up to 12:00:39 ET...
  Saved 10998 ticks → /Users/duffy/warrior_bot_v2/tick_cache/2026-01-14/CMND.json.gz
  MVO...     10,157 ticks, up to 04:43:48 ET...
    20,215 ticks, up to 05:41:17 ET...
    30,327 ticks, up to 11:51:26 ET...
  Saved 33913 ticks → /Users/duffy/warrior_bot_v2/tick_cache/2026-01-14/MVO.json.gz

[2026-01-15] Fetching 4 symbols (0 already cached)...
  SPHL...     10,440 ticks, up to 07:05:05 ET...
    20,925 ticks, up to 07:07:17 ET...
    31,512 ticks, up to 07:10:04 ET...
    42,190 ticks, up to 07:11:48 ET...
    53,135 ticks, up to 07:14:29 ET...
    63,337 ticks, up to 07:18:57 ET...
    73,902 ticks, up to 07:22:06 ET...
    84,530 ticks, up to 07:25:34 ET...
    95,206 ticks, up to 07:27:13 ET...
    105,629 ticks, up to 07:30:20 ET...
    116,639 ticks, up to 07:32:50 ET...
    126,989 ticks, up to 07:37:49 ET...
    137,150 ticks, up to 07:44:37 ET...
    147,915 ticks, up to 07:47:08 ET...
    158,906 ticks, up to 07:48:37 ET...
    169,586 ticks, up to 07:50:26 ET...
    180,432 ticks, up to 07:51:54 ET...
    190,711 ticks, up to 07:53:13 ET...
    201,280 ticks, up to 07:54:15 ET...
    212,539 ticks, up to 07:55:00 ET...
    223,244 ticks, up to 07:56:10 ET...
    233,911 ticks, up to 07:58:20 ET...
    245,240 ticks, up to 08:00:05 ET...
    256,365 ticks, up to 08:01:03 ET...
    267,453 ticks, up to 08:01:41 ET...
    279,416 ticks, up to 08:02:02 ET...
    289,943 ticks, up to 08:03:29 ET...
    300,405 ticks, up to 08:05:26 ET...
    311,075 ticks, up to 08:06:26 ET...
    322,543 ticks, up to 08:07:12 ET...
    333,916 ticks, up to 08:08:33 ET...
    346,940 ticks, up to 08:09:22 ET...
    357,381 ticks, up to 08:10:59 ET...
    368,120 ticks, up to 08:13:23 ET...
    380,729 ticks, up to 08:14:50 ET...
    391,374 ticks, up to 08:17:15 ET...
    402,793 ticks, up to 08:18:02 ET...
    413,785 ticks, up to 08:19:22 ET...
    424,414 ticks, up to 08:21:38 ET...
    434,660 ticks, up to 08:24:05 ET...
    445,437 ticks, up to 08:27:26 ET...
    455,764 ticks, up to 08:33:03 ET...
    467,233 ticks, up to 08:36:52 ET...
    477,572 ticks, up to 08:43:53 ET...
    488,444 ticks, up to 08:47:58 ET...
    498,775 ticks, up to 08:50:40 ET...
    509,292 ticks, up to 08:55:53 ET...
    519,696 ticks, up to 09:06:16 ET...
    529,977 ticks, up to 09:11:29 ET...
    540,123 ticks, up to 09:18:08 ET...
    550,587 ticks, up to 09:28:03 ET...
    561,295 ticks, up to 09:31:12 ET...
    571,737 ticks, up to 09:33:53 ET...
    582,268 ticks, up to 09:36:21 ET...
    592,509 ticks, up to 09:40:39 ET...
    603,002 ticks, up to 09:43:38 ET...
    613,463 ticks, up to 09:48:13 ET...
    624,448 ticks, up to 09:52:19 ET...
    634,732 ticks, up to 09:59:38 ET...
    645,077 ticks, up to 10:09:50 ET...
    657,444 ticks, up to 10:13:09 ET...
    668,152 ticks, up to 10:14:17 ET...
    679,093 ticks, up to 10:15:18 ET...
    689,469 ticks, up to 10:17:23 ET...
    700,138 ticks, up to 10:19:34 ET...
    710,827 ticks, up to 10:22:50 ET...
    723,425 ticks, up to 10:23:44 ET...
    735,272 ticks, up to 10:24:30 ET...
    746,185 ticks, up to 10:26:15 ET...
    756,954 ticks, up to 10:28:09 ET...
    767,543 ticks, up to 10:29:41 ET...
    778,262 ticks, up to 10:30:46 ET...
    788,647 ticks, up to 10:34:11 ET...
    798,932 ticks, up to 10:36:56 ET...
    809,229 ticks, up to 10:43:20 ET...
    821,378 ticks, up to 10:45:50 ET...
    832,866 ticks, up to 10:46:43 ET...
    843,747 ticks, up to 10:47:40 ET...
    854,800 ticks, up to 10:48:45 ET...
    866,105 ticks, up to 10:50:21 ET...
    876,749 ticks, up to 10:52:42 ET...
    887,301 ticks, up to 10:54:50 ET...
    900,968 ticks, up to 10:55:37 ET...
    912,138 ticks, up to 11:01:23 ET...
    923,233 ticks, up to 11:02:36 ET...
    935,303 ticks, up to 11:03:53 ET...
    946,655 ticks, up to 11:04:29 ET...
    959,457 ticks, up to 11:10:11 ET...
    971,278 ticks, up to 11:10:40 ET...
    982,364 ticks, up to 11:11:05 ET...
    993,518 ticks, up to 11:11:48 ET...
    1,004,761 ticks, up to 11:12:32 ET...
    1,016,105 ticks, up to 11:14:09 ET...
    1,026,870 ticks, up to 11:15:18 ET...
    1,038,668 ticks, up to 11:16:26 ET...
    1,049,313 ticks, up to 11:17:02 ET...
    1,060,924 ticks, up to 11:17:45 ET...
    1,073,171 ticks, up to 11:18:14 ET...
    1,085,256 ticks, up to 11:19:27 ET...
    1,096,364 ticks, up to 11:20:47 ET...
    1,108,407 ticks, up to 11:22:16 ET...
    1,119,341 ticks, up to 11:23:53 ET...
    1,130,143 ticks, up to 11:25:26 ET...
    1,140,627 ticks, up to 11:27:17 ET...
    1,152,076 ticks, up to 11:28:41 ET...
    1,163,314 ticks, up to 11:29:38 ET...
    1,173,915 ticks, up to 11:32:19 ET...
    1,184,600 ticks, up to 11:34:43 ET...
    1,195,417 ticks, up to 11:38:50 ET...
    1,207,750 ticks, up to 11:42:10 ET...
    1,219,182 ticks, up to 11:43:36 ET...
    1,229,924 ticks, up to 11:45:24 ET...
    1,240,718 ticks, up to 11:48:11 ET...
    1,251,206 ticks, up to 11:52:25 ET...
    1,261,559 ticks, up to 11:56:49 ET...
    1,271,894 ticks, up to 11:59:46 ET...
    1,282,201 ticks, up to 12:05:38 ET...
    1,292,553 ticks, up to 12:11:55 ET...
    1,302,848 ticks, up to 12:18:56 ET...
    1,313,827 ticks, up to 12:23:35 ET...
    1,324,243 ticks, up to 12:27:28 ET...
    1,334,599 ticks, up to 12:33:03 ET...
    1,344,921 ticks, up to 12:37:48 ET...
    1,355,695 ticks, up to 12:46:57 ET...
    1,366,027 ticks, up to 12:54:22 ET...
    1,376,234 ticks, up to 13:01:15 ET...
    1,386,353 ticks, up to 13:10:37 ET...
    1,396,737 ticks, up to 13:20:00 ET...
    1,408,748 ticks, up to 13:24:22 ET...
    1,419,316 ticks, up to 13:27:10 ET...
    1,429,740 ticks, up to 13:32:18 ET...
    1,439,897 ticks, up to 13:37:41 ET...
    1,450,443 ticks, up to 13:44:07 ET...
    1,461,167 ticks, up to 13:53:45 ET...
    1,471,269 ticks, up to 14:07:25 ET...
    1,481,430 ticks, up to 14:17:11 ET...
    1,492,066 ticks, up to 14:27:18 ET...
    1,503,083 ticks, up to 14:40:28 ET...
    1,513,487 ticks, up to 14:46:17 ET...
    1,525,022 ticks, up to 14:52:30 ET...
    1,535,781 ticks, up to 15:05:15 ET...
    1,546,104 ticks, up to 15:10:44 ET...
    1,557,086 ticks, up to 15:12:55 ET...
    1,567,938 ticks, up to 15:17:50 ET...
    1,579,788 ticks, up to 15:23:30 ET...
    1,590,189 ticks, up to 15:25:05 ET...
    1,600,431 ticks, up to 15:29:07 ET...
    1,611,458 ticks, up to 15:32:28 ET...
    1,622,131 ticks, up to 15:34:35 ET...
    1,632,680 ticks, up to 15:37:59 ET...
    1,643,368 ticks, up to 15:42:07 ET...
    1,654,214 ticks, up to 15:48:09 ET...
    1,665,854 ticks, up to 15:50:17 ET...
    1,676,177 ticks, up to 15:55:20 ET...
    1,686,381 ticks, up to 16:01:22 ET...
    1,696,846 ticks, up to 16:05:51 ET...
    1,707,047 ticks, up to 16:14:19 ET...
    1,717,253 ticks, up to 16:20:52 ET...
    1,727,505 ticks, up to 16:39:30 ET...
    1,737,675 ticks, up to 17:03:37 ET...
    1,747,739 ticks, up to 18:23:17 ET...
    1,757,860 ticks, up to 19:46:43 ET...
  Saved 1758530 ticks → /Users/duffy/warrior_bot_v2/tick_cache/2026-01-15/SPHL.json.gz
  BNKK...     10,713 ticks, up to 08:02:58 ET...
    21,908 ticks, up to 08:03:33 ET...
    34,285 ticks, up to 08:04:05 ET...
    45,191 ticks, up to 08:05:03 ET...
    56,671 ticks, up to 08:05:46 ET...
    67,854 ticks, up to 08:06:26 ET...
    78,621 ticks, up to 08:07:59 ET...
    89,216 ticks, up to 08:09:12 ET...
    99,792 ticks, up to 08:10:18 ET...
    110,698 ticks, up to 08:11:59 ET...
    123,762 ticks, up to 08:13:03 ET...
    134,612 ticks, up to 08:14:17 ET...
    145,433 ticks, up to 08:15:28 ET...
    157,360 ticks, up to 08:15:51 ET...
    169,624 ticks, up to 08:16:16 ET...
    182,034 ticks, up to 08:16:36 ET...
    193,568 ticks, up to 08:17:06 ET...
    205,202 ticks, up to 08:17:43 ET...
    218,039 ticks, up to 08:18:03 ET...
    229,561 ticks, up to 08:18:39 ET...
    245,208 ticks, up to 08:18:53 ET...
    259,260 ticks, up to 08:19:03 ET...
    271,714 ticks, up to 08:19:22 ET...
    283,083 ticks, up to 08:19:55 ET...
    295,454 ticks, up to 08:20:36 ET...
    306,881 ticks, up to 08:21:08 ET...
    317,791 ticks, up to 08:22:06 ET...
    328,775 ticks, up to 08:23:33 ET...
    339,799 ticks, up to 08:24:26 ET...
    350,701 ticks, up to 08:25:30 ET...
    361,644 ticks, up to 08:26:40 ET...
    372,098 ticks, up to 08:28:40 ET...
    382,904 ticks, up to 08:30:30 ET...
    393,528 ticks, up to 08:32:04 ET...
    404,094 ticks, up to 08:34:40 ET...
    414,549 ticks, up to 08:36:07 ET...
    424,843 ticks, up to 08:38:38 ET...
    435,216 ticks, up to 08:41:45 ET...
    446,093 ticks, up to 08:43:53 ET...
    456,703 ticks, up to 08:47:31 ET...
    467,294 ticks, up to 08:49:37 ET...
    477,569 ticks, up to 08:54:11 ET...
    487,945 ticks, up to 09:01:14 ET...
    498,238 ticks, up to 09:09:07 ET...
    508,451 ticks, up to 09:21:22 ET...
    518,792 ticks, up to 09:30:03 ET...
    529,132 ticks, up to 09:34:15 ET...
    539,513 ticks, up to 09:38:32 ET...
    549,786 ticks, up to 09:44:47 ET...
    560,125 ticks, up to 09:54:15 ET...
    570,368 ticks, up to 10:10:48 ET...
    580,526 ticks, up to 10:27:09 ET...
    591,361 ticks, up to 10:34:26 ET...
    602,179 ticks, up to 10:37:29 ET...
    612,762 ticks, up to 10:40:24 ET...
    623,583 ticks, up to 10:44:39 ET...
    634,263 ticks, up to 10:54:02 ET...
    644,442 ticks, up to 11:11:54 ET...
    654,512 ticks, up to 11:40:08 ET...
    664,845 ticks, up to 12:05:43 ET...
    675,198 ticks, up to 12:32:41 ET...
    685,433 ticks, up to 13:18:31 ET...
    695,715 ticks, up to 14:00:00 ET...
    706,100 ticks, up to 15:08:08 ET...
    716,193 ticks, up to 15:55:40 ET...
  Saved 721902 ticks → /Users/duffy/warrior_bot_v2/tick_cache/2026-01-15/BNKK.json.gz
  CJMB...     10,770 ticks, up to 08:46:35 ET...
    21,659 ticks, up to 08:47:24 ET...
    33,685 ticks, up to 08:48:02 ET...
    48,835 ticks, up to 08:48:15 ET...
    60,851 ticks, up to 08:48:43 ET...
    72,630 ticks, up to 08:49:15 ET...
    84,260 ticks, up to 08:49:50 ET...
    95,330 ticks, up to 08:50:31 ET...
    106,150 ticks, up to 08:51:15 ET...
    117,644 ticks, up to 08:51:58 ET...
    130,110 ticks, up to 08:52:30 ET...
    142,282 ticks, up to 08:52:51 ET...
    153,523 ticks, up to 08:53:24 ET...
    164,834 ticks, up to 08:54:27 ET...
    175,560 ticks, up to 08:56:02 ET...
    186,357 ticks, up to 08:57:28 ET...
    196,832 ticks, up to 08:59:09 ET...
    207,757 ticks, up to 09:01:40 ET...
    218,476 ticks, up to 09:03:54 ET...
    229,076 ticks, up to 09:05:37 ET...
    239,669 ticks, up to 09:08:41 ET...
    250,377 ticks, up to 09:10:33 ET...
    260,612 ticks, up to 09:13:02 ET...
    271,758 ticks, up to 09:14:13 ET...
    282,785 ticks, up to 09:15:02 ET...
    293,214 ticks, up to 09:16:52 ET...
    303,888 ticks, up to 09:19:20 ET...
    314,517 ticks, up to 09:22:30 ET...
    324,775 ticks, up to 09:27:30 ET...
    335,269 ticks, up to 09:30:46 ET...
    346,709 ticks, up to 09:31:57 ET...
    357,683 ticks, up to 09:32:35 ET...
    370,421 ticks, up to 09:38:13 ET...
    382,726 ticks, up to 09:38:35 ET...
    395,456 ticks, up to 09:38:49 ET...
    407,019 ticks, up to 09:39:07 ET...
    418,661 ticks, up to 09:39:57 ET...
    430,165 ticks, up to 09:40:11 ET...
    442,270 ticks, up to 09:40:48 ET...
    454,136 ticks, up to 09:41:10 ET...
    465,906 ticks, up to 09:41:43 ET...
    476,416 ticks, up to 09:42:38 ET...
    488,204 ticks, up to 09:43:14 ET...
    501,341 ticks, up to 09:43:35 ET...
    512,353 ticks, up to 09:44:12 ET...
    524,279 ticks, up to 09:45:02 ET...
    535,171 ticks, up to 09:46:02 ET...
    545,874 ticks, up to 09:47:24 ET...
    557,361 ticks, up to 09:48:11 ET...
    568,271 ticks, up to 09:49:30 ET...
    579,694 ticks, up to 09:50:48 ET...
    591,196 ticks, up to 09:51:39 ET...
    601,653 ticks, up to 09:53:47 ET...
    612,832 ticks, up to 09:55:36 ET...
    623,460 ticks, up to 09:57:37 ET...
    635,406 ticks, up to 09:58:47 ET...
    646,657 ticks, up to 09:59:26 ET...
    657,650 ticks, up to 10:00:20 ET...
    668,009 ticks, up to 10:02:04 ET...
    682,315 ticks, up to 10:02:28 ET...
    692,832 ticks, up to 10:04:20 ET...
    703,304 ticks, up to 10:07:21 ET...
    714,405 ticks, up to 10:10:01 ET...
    725,936 ticks, up to 10:11:49 ET...
    737,166 ticks, up to 10:12:45 ET...
    747,862 ticks, up to 10:14:58 ET...
    758,051 ticks, up to 10:18:13 ET...
    768,500 ticks, up to 10:22:36 ET...
    778,770 ticks, up to 10:27:11 ET...
    789,411 ticks, up to 10:30:33 ET...
    801,466 ticks, up to 10:31:46 ET...
    811,815 ticks, up to 10:34:54 ET...
    822,071 ticks, up to 10:39:17 ET...
    832,726 ticks, up to 10:46:01 ET...
    843,248 ticks, up to 10:50:44 ET...
    853,458 ticks, up to 10:56:56 ET...
    863,848 ticks, up to 10:59:21 ET...
    874,514 ticks, up to 11:01:27 ET...
    884,868 ticks, up to 11:03:28 ET...
    895,460 ticks, up to 11:06:04 ET...
    907,986 ticks, up to 11:06:51 ET...
    919,682 ticks, up to 11:07:43 ET...
    930,770 ticks, up to 11:08:35 ET...
    942,871 ticks, up to 11:09:00 ET...
    953,255 ticks, up to 11:10:44 ET...
    964,206 ticks, up to 11:12:54 ET...
    974,491 ticks, up to 11:15:17 ET...
    984,942 ticks, up to 11:17:56 ET...
    995,474 ticks, up to 11:21:04 ET...
    1,005,989 ticks, up to 11:25:10 ET...
    1,017,660 ticks, up to 11:26:04 ET...
    1,029,772 ticks, up to 11:26:32 ET...
    1,041,117 ticks, up to 11:27:01 ET...
    1,052,646 ticks, up to 11:28:05 ET...
    1,065,105 ticks, up to 11:28:28 ET...
    1,076,899 ticks, up to 11:29:00 ET...
    1,088,355 ticks, up to 11:29:47 ET...
    1,099,353 ticks, up to 11:30:40 ET...
    1,110,098 ticks, up to 11:32:27 ET...
    1,120,632 ticks, up to 11:34:07 ET...
    1,131,900 ticks, up to 11:34:59 ET...
    1,142,784 ticks, up to 11:37:18 ET...
    1,154,024 ticks, up to 11:39:24 ET...
    1,165,844 ticks, up to 11:40:18 ET...
    1,176,504 ticks, up to 11:41:44 ET...
    1,187,072 ticks, up to 11:44:34 ET...
    1,197,436 ticks, up to 11:48:33 ET...
    1,207,692 ticks, up to 11:53:16 ET...
    1,218,701 ticks, up to 11:55:09 ET...
    1,229,463 ticks, up to 11:57:12 ET...
    1,239,842 ticks, up to 12:01:37 ET...
    1,250,209 ticks, up to 12:05:33 ET...
    1,260,382 ticks, up to 12:12:27 ET...
    1,270,616 ticks, up to 12:20:54 ET...
    1,280,951 ticks, up to 12:24:54 ET...
    1,291,379 ticks, up to 12:30:56 ET...
    1,301,663 ticks, up to 12:36:19 ET...
    1,312,243 ticks, up to 12:47:00 ET...
    1,322,678 ticks, up to 12:53:35 ET...
    1,333,068 ticks, up to 13:03:06 ET...
    1,343,342 ticks, up to 13:14:51 ET...
    1,353,525 ticks, up to 13:30:44 ET...
    1,364,011 ticks, up to 13:42:30 ET...
    1,374,211 ticks, up to 13:56:03 ET...
    1,384,320 ticks, up to 14:13:13 ET...
    1,394,664 ticks, up to 14:36:08 ET...
    1,405,558 ticks, up to 14:44:13 ET...
    1,416,159 ticks, up to 15:01:24 ET...
    1,426,551 ticks, up to 15:14:58 ET...
    1,437,038 ticks, up to 15:20:22 ET...
    1,447,176 ticks, up to 15:30:21 ET...
    1,457,363 ticks, up to 15:42:56 ET...
    1,467,626 ticks, up to 15:50:57 ET...
    1,478,467 ticks, up to 15:53:47 ET...
    1,488,816 ticks, up to 15:59:22 ET...
    1,499,130 ticks, up to 16:08:00 ET...
    1,509,160 ticks, up to 16:43:24 ET...
  Saved 1517843 ticks → /Users/duffy/warrior_bot_v2/tick_cache/2026-01-15/CJMB.json.gz
  AGPU...     10,160 ticks, up to 07:30:05 ET...
    21,687 ticks, up to 08:00:03 ET...
    32,968 ticks, up to 08:30:15 ET...
    43,094 ticks, up to 09:48:37 ET...
    53,196 ticks, up to 15:12:28 ET...
  Saved 55710 ticks → /Users/duffy/warrior_bot_v2/tick_cache/2026-01-15/AGPU.json.gz

[2026-01-16] Fetching 5 symbols (0 already cached)...
  VERO...   VERO: no ticks
  LCFY...     10,602 ticks, up to 08:01:47 ET...
    21,474 ticks, up to 08:03:05 ET...
    32,334 ticks, up to 08:04:37 ET...
    43,004 ticks, up to 08:06:24 ET...
    54,005 ticks, up to 08:07:16 ET...
    64,805 ticks, up to 08:09:16 ET...
    75,518 ticks, up to 08:11:03 ET...
    85,806 ticks, up to 08:15:13 ET...
    96,013 ticks, up to 08:24:52 ET...
    106,146 ticks, up to 08:33:51 ET...
    116,641 ticks, up to 08:36:19 ET...
    127,639 ticks, up to 08:37:16 ET...
    138,361 ticks, up to 08:39:03 ET...
    149,265 ticks, up to 08:40:55 ET...
    160,997 ticks, up to 08:41:39 ET...
    171,700 ticks, up to 08:42:15 ET...
    182,683 ticks, up to 08:43:19 ET...
    193,846 ticks, up to 08:44:49 ET...
    204,796 ticks, up to 08:45:55 ET...
    215,829 ticks, up to 08:47:42 ET...
    227,430 ticks, up to 08:48:47 ET...
    238,221 ticks, up to 08:52:48 ET...
    250,670 ticks, up to 08:53:25 ET...
    261,231 ticks, up to 08:53:52 ET...
    273,457 ticks, up to 08:54:16 ET...
    284,983 ticks, up to 08:55:20 ET...
    295,820 ticks, up to 08:56:04 ET...
    307,526 ticks, up to 08:56:44 ET...
    318,873 ticks, up to 08:57:43 ET...
    330,752 ticks, up to 08:59:12 ET...
    341,131 ticks, up to 09:01:27 ET...
    352,256 ticks, up to 09:03:15 ET...
    363,148 ticks, up to 09:05:18 ET...
    373,696 ticks, up to 09:08:03 ET...
    384,208 ticks, up to 09:10:36 ET...
    394,492 ticks, up to 09:13:29 ET...
    404,828 ticks, up to 09:19:10 ET...
    415,015 ticks, up to 09:25:32 ET...
    425,325 ticks, up to 09:31:08 ET...
    435,926 ticks, up to 09:38:11 ET...
    446,783 ticks, up to 09:40:13 ET...
    457,177 ticks, up to 09:43:29 ET...
    467,572 ticks, up to 09:50:07 ET...
    477,946 ticks, up to 09:54:47 ET...
    489,107 ticks, up to 10:02:08 ET...
    500,202 ticks, up to 10:09:03 ET...
    510,395 ticks, up to 10:19:18 ET...
    520,621 ticks, up to 10:35:43 ET...
    530,708 ticks, up to 10:53:01 ET...
    541,137 ticks, up to 11:03:27 ET...
    551,276 ticks, up to 11:29:34 ET...
    561,381 ticks, up to 12:23:15 ET...
    571,519 ticks, up to 13:12:49 ET...
    581,839 ticks, up to 13:31:39 ET...
    592,040 ticks, up to 13:41:22 ET...
    602,149 ticks, up to 14:22:11 ET...
    612,537 ticks, up to 15:31:01 ET...
  Saved 620301 ticks → /Users/duffy/warrior_bot_v2/tick_cache/2026-01-16/LCFY.json.gz
  ACCL...     10,408 ticks, up to 04:06:54 ET...
    21,751 ticks, up to 04:07:42 ET...
    33,801 ticks, up to 04:08:18 ET...
    46,411 ticks, up to 04:08:44 ET...
    57,170 ticks, up to 04:10:44 ET...
    68,749 ticks, up to 04:11:19 ET...
    79,367 ticks, up to 04:12:38 ET...
    90,259 ticks, up to 04:14:32 ET...
    100,871 ticks, up to 04:18:56 ET...
    111,653 ticks, up to 04:22:36 ET...
    122,311 ticks, up to 04:26:30 ET...
    132,895 ticks, up to 04:33:13 ET...
    143,297 ticks, up to 04:41:04 ET...
    153,626 ticks, up to 04:50:11 ET...
    163,899 ticks, up to 05:01:54 ET...
    174,379 ticks, up to 05:09:18 ET...
    184,743 ticks, up to 05:15:56 ET...
    195,152 ticks, up to 05:20:52 ET...
    205,511 ticks, up to 05:32:51 ET...
    215,724 ticks, up to 05:53:09 ET...
    225,991 ticks, up to 05:58:11 ET...
    236,452 ticks, up to 06:01:04 ET...
    246,614 ticks, up to 06:09:40 ET...
    256,737 ticks, up to 06:23:03 ET...
    266,894 ticks, up to 06:52:10 ET...
    276,930 ticks, up to 07:45:09 ET...
    289,341 ticks, up to 08:00:07 ET...
    300,965 ticks, up to 08:00:24 ET...
    312,890 ticks, up to 08:11:40 ET...
    324,041 ticks, up to 08:13:56 ET...
    336,749 ticks, up to 08:15:05 ET...
    348,847 ticks, up to 08:16:20 ET...
    361,655 ticks, up to 08:16:54 ET...
    373,003 ticks, up to 08:17:51 ET...
    384,547 ticks, up to 08:18:53 ET...
    394,822 ticks, up to 08:22:32 ET...
    405,236 ticks, up to 08:28:24 ET...
    415,499 ticks, up to 08:40:35 ET...
    425,614 ticks, up to 09:21:14 ET...
    435,787 ticks, up to 09:43:50 ET...
    445,980 ticks, up to 10:19:08 ET...
    456,095 ticks, up to 11:00:26 ET...
    466,259 ticks, up to 13:10:21 ET...
    476,366 ticks, up to 15:55:06 ET...
  Saved 480884 ticks → /Users/duffy/warrior_bot_v2/tick_cache/2026-01-16/ACCL.json.gz
  BIYA...     10,475 ticks, up to 05:17:21 ET...
    21,333 ticks, up to 05:19:11 ET...
    32,475 ticks, up to 05:21:37 ET...
    42,819 ticks, up to 05:24:27 ET...
    53,229 ticks, up to 05:27:21 ET...
    63,665 ticks, up to 05:30:15 ET...
    74,353 ticks, up to 05:31:32 ET...
    84,822 ticks, up to 05:35:40 ET...
    95,273 ticks, up to 05:38:38 ET...
    105,765 ticks, up to 05:41:19 ET...
    116,598 ticks, up to 05:42:41 ET...
    127,106 ticks, up to 05:44:31 ET...
    138,596 ticks, up to 05:44:50 ET...
    149,916 ticks, up to 05:45:28 ET...
    161,159 ticks, up to 05:46:24 ET...
    171,921 ticks, up to 05:47:30 ET...
    182,630 ticks, up to 05:49:48 ET...
    193,390 ticks, up to 05:51:14 ET...
    203,989 ticks, up to 05:53:59 ET...
    214,451 ticks, up to 05:56:55 ET...
    224,778 ticks, up to 05:59:43 ET...
    235,625 ticks, up to 06:04:34 ET...
    245,941 ticks, up to 06:10:04 ET...
    256,739 ticks, up to 06:16:06 ET...
    267,042 ticks, up to 06:22:13 ET...
    277,145 ticks, up to 06:39:16 ET...
    287,335 ticks, up to 07:01:35 ET...
    297,492 ticks, up to 07:45:20 ET...
    308,886 ticks, up to 08:00:02 ET...
    323,088 ticks, up to 08:00:18 ET...
    334,952 ticks, up to 08:06:38 ET...
    346,716 ticks, up to 08:16:47 ET...
    358,316 ticks, up to 08:21:25 ET...
    368,409 ticks, up to 09:30:08 ET...
    378,817 ticks, up to 09:49:36 ET...
    389,098 ticks, up to 09:59:49 ET...
    399,383 ticks, up to 10:02:51 ET...
    410,106 ticks, up to 10:09:45 ET...
    420,508 ticks, up to 10:13:33 ET...
    431,633 ticks, up to 10:16:20 ET...
    441,946 ticks, up to 10:19:28 ET...
    452,330 ticks, up to 10:23:25 ET...
    462,421 ticks, up to 10:30:21 ET...
    473,228 ticks, up to 10:40:17 ET...
    483,764 ticks, up to 11:04:41 ET...
    493,946 ticks, up to 11:48:23 ET...
    504,028 ticks, up to 13:13:22 ET...
    514,093 ticks, up to 15:21:48 ET...
  Saved 520675 ticks → /Users/duffy/warrior_bot_v2/tick_cache/2026-01-16/BIYA.json.gz
  TNMG...     11,040 ticks, up to 06:59:02 ET...
    22,085 ticks, up to 06:59:51 ET...
    33,439 ticks, up to 07:01:18 ET...
    43,910 ticks, up to 07:04:20 ET...
    54,896 ticks, up to 07:06:24 ET...
    65,313 ticks, up to 07:09:09 ET...
    75,861 ticks, up to 07:11:39 ET...
    86,261 ticks, up to 07:17:11 ET...
    96,505 ticks, up to 07:37:55 ET...
    108,733 ticks, up to 08:00:07 ET...
    120,377 ticks, up to 08:16:36 ET...
    132,930 ticks, up to 08:18:36 ET...
    143,153 ticks, up to 09:22:44 ET...
    153,197 ticks, up to 10:03:39 ET...
    163,294 ticks, up to 10:43:00 ET...
    173,378 ticks, up to 12:53:22 ET...
    183,730 ticks, up to 13:00:32 ET...
    194,115 ticks, up to 13:07:02 ET...
    204,516 ticks, up to 13:34:51 ET...
    214,703 ticks, up to 13:48:51 ET...
    225,055 ticks, up to 13:58:11 ET...
    235,197 ticks, up to 14:31:23 ET...
    245,343 ticks, up to 15:19:19 ET...
    254,714 ticks, up to 19:59:52 ET...
  Saved 254714 ticks → /Users/duffy/warrior_bot_v2/tick_cache/2026-01-16/TNMG.json.gz

[2026-01-20] Fetching 5 symbols (0 already cached)...
  TWG...     10,775 ticks, up to 06:52:12 ET...
    21,548 ticks, up to 06:53:35 ET...
    32,903 ticks, up to 06:54:27 ET...
    43,385 ticks, up to 06:56:15 ET...
    54,198 ticks, up to 06:57:30 ET...
    64,500 ticks, up to 06:59:38 ET...
    74,936 ticks, up to 07:00:37 ET...
    85,547 ticks, up to 07:02:47 ET...
    96,790 ticks, up to 07:03:26 ET...
    107,716 ticks, up to 07:04:20 ET...
    118,341 ticks, up to 07:05:36 ET...
    129,209 ticks, up to 07:07:52 ET...
    141,611 ticks, up to 07:08:49 ET...
    154,360 ticks, up to 07:09:07 ET...
    166,301 ticks, up to 07:09:32 ET...
    178,167 ticks, up to 07:10:30 ET...
    189,442 ticks, up to 07:11:01 ET...
    200,483 ticks, up to 07:11:51 ET...
    213,376 ticks, up to 07:12:24 ET...
    225,203 ticks, up to 07:12:49 ET...
    236,977 ticks, up to 07:13:38 ET...
    247,989 ticks, up to 07:14:57 ET...
    259,279 ticks, up to 07:16:05 ET...
    269,932 ticks, up to 07:18:29 ET...
    280,472 ticks, up to 07:21:08 ET...
    292,063 ticks, up to 07:23:11 ET...
    303,837 ticks, up to 07:24:03 ET...
    315,602 ticks, up to 07:24:38 ET...
    327,756 ticks, up to 07:25:15 ET...
    340,171 ticks, up to 07:25:31 ET...
    352,153 ticks, up to 07:26:10 ET...
    363,229 ticks, up to 07:26:43 ET...
    374,869 ticks, up to 07:27:12 ET...
    385,851 ticks, up to 07:28:22 ET...
    397,215 ticks, up to 07:29:35 ET...
    409,088 ticks, up to 07:30:10 ET...
    419,502 ticks, up to 07:31:53 ET...
    429,943 ticks, up to 07:34:45 ET...
    441,622 ticks, up to 07:35:16 ET...
    452,066 ticks, up to 07:36:35 ET...
    462,867 ticks, up to 07:37:49 ET...
    473,179 ticks, up to 07:41:32 ET...
    484,133 ticks, up to 07:43:35 ET...
    494,635 ticks, up to 07:46:36 ET...
    504,799 ticks, up to 07:50:18 ET...
    515,085 ticks, up to 07:55:27 ET...
    526,149 ticks, up to 08:00:00 ET...
    536,561 ticks, up to 08:00:09 ET...
    549,176 ticks, up to 08:02:02 ET...
    560,026 ticks, up to 08:07:01 ET...
    570,488 ticks, up to 08:09:23 ET...
    580,734 ticks, up to 08:12:48 ET...
    592,117 ticks, up to 08:15:17 ET...
    603,349 ticks, up to 08:18:27 ET...
    613,641 ticks, up to 08:22:46 ET...
    624,403 ticks, up to 08:30:58 ET...
    634,632 ticks, up to 08:35:57 ET...
    644,831 ticks, up to 08:44:03 ET...
    655,227 ticks, up to 08:55:04 ET...
    665,405 ticks, up to 09:00:28 ET...
    675,461 ticks, up to 09:21:37 ET...
    685,875 ticks, up to 09:25:56 ET...
    696,252 ticks, up to 09:29:52 ET...
    706,907 ticks, up to 09:32:57 ET...
    717,187 ticks, up to 09:37:52 ET...
    727,806 ticks, up to 09:46:03 ET...
    738,474 ticks, up to 09:48:18 ET...
    748,722 ticks, up to 09:56:53 ET...
    759,469 ticks, up to 10:03:44 ET...
    770,099 ticks, up to 10:09:24 ET...
    780,745 ticks, up to 10:18:30 ET...
    791,000 ticks, up to 10:24:16 ET...
    801,287 ticks, up to 10:42:56 ET...
    811,473 ticks, up to 10:57:51 ET...
    821,558 ticks, up to 11:24:27 ET...
    831,850 ticks, up to 11:37:48 ET...
    841,933 ticks, up to 12:23:20 ET...
    852,113 ticks, up to 13:42:03 ET...
    862,181 ticks, up to 14:52:10 ET...
    872,379 ticks, up to 15:43:35 ET...
    882,602 ticks, up to 18:39:57 ET...
  Saved 883204 ticks → /Users/duffy/warrior_bot_v2/tick_cache/2026-01-20/TWG.json.gz
  SHPH...     10,987 ticks, up to 07:58:33 ET...
    21,746 ticks, up to 07:59:47 ET...
    35,348 ticks, up to 08:00:22 ET...
    45,947 ticks, up to 08:01:50 ET...
    58,246 ticks, up to 08:02:53 ET...
    70,079 ticks, up to 08:03:38 ET...
    82,031 ticks, up to 08:04:10 ET...
    93,427 ticks, up to 08:04:58 ET...
    104,719 ticks, up to 08:05:54 ET...
    117,414 ticks, up to 08:06:25 ET...
    128,913 ticks, up to 08:07:15 ET...
    139,930 ticks, up to 08:08:38 ET...
    150,692 ticks, up to 08:10:56 ET...
    163,368 ticks, up to 08:11:24 ET...
    175,179 ticks, up to 08:11:58 ET...
    187,591 ticks, up to 08:12:24 ET...
    199,478 ticks, up to 08:13:23 ET...
    210,534 ticks, up to 08:14:45 ET...
    221,455 ticks, up to 08:16:01 ET...
    232,137 ticks, up to 08:17:42 ET...
    242,632 ticks, up to 08:19:51 ET...
    253,551 ticks, up to 08:21:44 ET...
    264,181 ticks, up to 08:23:52 ET...
    274,734 ticks, up to 08:27:19 ET...
    285,360 ticks, up to 08:29:02 ET...
    295,994 ticks, up to 08:30:28 ET...
    306,706 ticks, up to 08:31:43 ET...
    317,706 ticks, up to 08:33:16 ET...
    329,039 ticks, up to 08:34:13 ET...
    340,326 ticks, up to 08:35:01 ET...
    352,168 ticks, up to 08:35:57 ET...
    363,893 ticks, up to 08:36:24 ET...
    375,932 ticks, up to 08:37:00 ET...
    387,145 ticks, up to 08:37:49 ET...
    398,171 ticks, up to 08:38:53 ET...
    408,934 ticks, up to 08:40:16 ET...
    420,361 ticks, up to 08:41:11 ET...
    430,937 ticks, up to 08:43:15 ET...
    442,922 ticks, up to 08:44:16 ET...
    454,164 ticks, up to 08:45:02 ET...
    465,547 ticks, up to 08:46:55 ET...
    476,756 ticks, up to 08:48:01 ET...
    489,934 ticks, up to 08:48:21 ET...
    501,604 ticks, up to 08:48:59 ET...
    514,667 ticks, up to 08:49:25 ET...
    525,804 ticks, up to 08:50:21 ET...
    536,375 ticks, up to 08:51:37 ET...
    547,516 ticks, up to 08:52:20 ET...
    558,173 ticks, up to 08:54:00 ET...
    568,761 ticks, up to 08:55:22 ET...
    579,395 ticks, up to 08:56:48 ET...
    589,739 ticks, up to 08:59:27 ET...
    600,423 ticks, up to 09:01:09 ET...
    610,959 ticks, up to 09:04:16 ET...
    621,328 ticks, up to 09:07:26 ET...
    631,650 ticks, up to 09:12:13 ET...
    642,108 ticks, up to 09:15:40 ET...
    652,241 ticks, up to 09:20:22 ET...
    662,623 ticks, up to 09:22:35 ET...
    672,927 ticks, up to 09:28:48 ET...
    684,089 ticks, up to 09:30:59 ET...
    695,298 ticks, up to 09:31:48 ET...
    705,806 ticks, up to 09:33:35 ET...
    716,457 ticks, up to 09:35:58 ET...
    727,384 ticks, up to 09:38:17 ET...
    738,638 ticks, up to 09:40:00 ET...
    749,834 ticks, up to 09:42:27 ET...
    760,197 ticks, up to 09:46:55 ET...
    770,583 ticks, up to 09:49:48 ET...
    781,368 ticks, up to 09:52:13 ET...
    791,525 ticks, up to 09:58:25 ET...
    801,879 ticks, up to 10:03:20 ET...
    813,778 ticks, up to 10:09:07 ET...
    824,000 ticks, up to 10:14:58 ET...
    834,259 ticks, up to 10:22:06 ET...
    844,455 ticks, up to 10:33:40 ET...
    855,548 ticks, up to 10:34:53 ET...
    866,456 ticks, up to 10:36:00 ET...
    877,298 ticks, up to 10:37:14 ET...
    888,210 ticks, up to 10:38:16 ET...
    898,764 ticks, up to 10:40:40 ET...
    909,264 ticks, up to 10:43:19 ET...
    921,127 ticks, up to 10:46:05 ET...
    931,404 ticks, up to 10:51:58 ET...
    941,586 ticks, up to 10:59:43 ET...
    951,723 ticks, up to 11:12:15 ET...
    961,825 ticks, up to 11:28:33 ET...
    972,458 ticks, up to 11:44:49 ET...
    982,963 ticks, up to 12:07:29 ET...
    993,141 ticks, up to 12:48:18 ET...
    1,003,479 ticks, up to 13:22:05 ET...
    1,013,937 ticks, up to 14:14:26 ET...
    1,024,287 ticks, up to 15:03:50 ET...
    1,034,428 ticks, up to 15:53:02 ET...
  Saved 1042633 ticks → /Users/duffy/warrior_bot_v2/tick_cache/2026-01-20/SHPH.json.gz
  BTTC...     10,303 ticks, up to 05:13:58 ET...
    20,599 ticks, up to 05:17:18 ET...
    30,946 ticks, up to 05:23:02 ET...
    41,382 ticks, up to 05:26:30 ET...
    51,778 ticks, up to 05:28:50 ET...
    62,740 ticks, up to 05:30:19 ET...
    73,400 ticks, up to 05:32:42 ET...
    83,733 ticks, up to 05:35:48 ET...
    95,678 ticks, up to 05:37:03 ET...
    106,580 ticks, up to 05:39:03 ET...
    117,873 ticks, up to 05:40:01 ET...
    128,956 ticks, up to 05:41:14 ET...
    139,740 ticks, up to 05:43:03 ET...
    150,620 ticks, up to 05:45:09 ET...
    161,021 ticks, up to 05:48:21 ET...
    171,344 ticks, up to 05:52:06 ET...
    181,857 ticks, up to 05:55:52 ET...
    192,416 ticks, up to 06:00:47 ET...
    205,448 ticks, up to 06:01:39 ET...
    216,920 ticks, up to 06:02:33 ET...
    227,469 ticks, up to 06:04:54 ET...
    237,772 ticks, up to 06:08:11 ET...
    248,278 ticks, up to 06:11:10 ET...
    258,748 ticks, up to 06:16:49 ET...
    269,059 ticks, up to 06:25:01 ET...
    279,253 ticks, up to 06:30:19 ET...
    289,447 ticks, up to 06:37:58 ET...
    299,978 ticks, up to 06:42:29 ET...
    310,167 ticks, up to 06:49:56 ET...
    320,931 ticks, up to 06:56:46 ET...
    331,893 ticks, up to 06:59:07 ET...
    342,634 ticks, up to 07:02:29 ET...
    352,780 ticks, up to 07:10:25 ET...
    362,893 ticks, up to 07:15:14 ET...
    373,325 ticks, up to 07:23:05 ET...
    383,395 ticks, up to 07:39:13 ET...
    394,277 ticks, up to 08:00:01 ET...
    407,495 ticks, up to 08:00:12 ET...
    419,380 ticks, up to 08:02:00 ET...
    430,069 ticks, up to 08:11:28 ET...
    441,589 ticks, up to 08:14:53 ET...
    455,207 ticks, up to 08:15:20 ET...
    466,392 ticks, up to 08:15:38 ET...
    477,889 ticks, up to 08:18:39 ET...
    488,517 ticks, up to 08:23:28 ET...
    499,484 ticks, up to 08:27:10 ET...
    509,929 ticks, up to 08:33:43 ET...
    520,178 ticks, up to 08:47:08 ET...
    530,696 ticks, up to 09:13:52 ET...
    540,903 ticks, up to 09:33:00 ET...
    552,665 ticks, up to 09:36:34 ET...
    562,974 ticks, up to 09:40:21 ET...
    573,922 ticks, up to 09:44:32 ET...
    584,116 ticks, up to 09:54:40 ET...
    594,364 ticks, up to 10:08:35 ET...
    604,995 ticks, up to 10:24:37 ET...
    615,298 ticks, up to 10:56:50 ET...
    625,419 ticks, up to 11:34:54 ET...
    635,488 ticks, up to 12:58:21 ET...
    645,588 ticks, up to 15:00:47 ET...
    655,901 ticks, up to 15:57:33 ET...
  Saved 661517 ticks → /Users/duffy/warrior_bot_v2/tick_cache/2026-01-20/BTTC.json.gz
  IVF...   IVF: no ticks
  POLA...     10,152 ticks, up to 04:11:16 ET...
    20,306 ticks, up to 04:30:54 ET...
    30,626 ticks, up to 04:50:05 ET...
    40,737 ticks, up to 05:29:41 ET...
    51,004 ticks, up to 07:20:51 ET...
    63,254 ticks, up to 08:00:13 ET...
    73,423 ticks, up to 08:28:31 ET...
    83,545 ticks, up to 09:37:22 ET...
    93,962 ticks, up to 09:44:17 ET...
    104,453 ticks, up to 09:47:38 ET...
    114,990 ticks, up to 09:52:34 ET...
Error 1100, reqId -1: Connectivity between IBKR and Trader Workstation has been lost.
Error 1100, reqId -1: Connectivity between IBKR and Trader Workstation has been lost.
Error 1100, reqId -1: Connectivity between IBKR and Trader Workstation has been lost.
Error 1100, reqId -1: Connectivity between IBKR and Trader Workstation has been lost.
Error 1100, reqId -1: Connectivity between IBKR and Trader Workstation has been lost.
Error 1100, reqId -1: Connectivity between IBKR and Trader Workstation has been lost.
Error 1100, reqId -1: Connectivity between IBKR and Trader Workstation has been lost.
Error 1100, reqId -1: Connectivity between IBKR and Trader Workstation has been lost.
Error 1100, reqId -1: Connectivity between IBKR and Trader Workstation has been lost.
Error 1100, reqId -1: Connectivity between IBKR and Trader Workstation has been lost.
Error 1100, reqId -1: Connectivity between IBKR and Trader Workstation has been lost.
Error 1100, reqId -1: Connectivity between IBKR and Trader Workstation has been lost.
Error 1100, reqId -1: Connectivity between IBKR and Trader Workstation has been lost.
Error 1100, reqId -1: Connectivity between IBKR and Trader Workstation has been lost.
Error 1100, reqId -1: Connectivity between IBKR and Trader Workstation has been lost.
Peer closed connection.
  Error fetching ticks at 20260120 14:52:48 UTC: Socket disconnect
  Saved 116046 ticks → /Users/duffy/warrior_bot_v2/tick_cache/2026-01-20/POLA.json.gz

[2026-01-21] Fetching 4 symbols (0 already cached)...
  SLGB...   Could not qualify SLGB: Not connected
  SLGB: no ticks
  BOXL...   Could not qualify BOXL: Not connected
  BOXL: no ticks
  LSTA...   Could not qualify LSTA: Not connected
  LSTA: no ticks
  AQMS...   Could not qualify AQMS: Not connected
  AQMS: no ticks

[2026-01-22] Fetching 2 symbols (0 already cached)...
  IOTR...   Could not qualify IOTR: Not connected
  IOTR: no ticks
  SXTP...   Could not qualify SXTP: Not connected
  SXTP: no ticks

[2026-01-23] Fetching 3 symbols (0 already cached)...
  RVYL...   Could not qualify RVYL: Not connected
  RVYL: no ticks
  SLE...   Could not qualify SLE: Not connected
  SLE: no ticks
  BGL...   Could not qualify BGL: Not connected
  BGL: no ticks

[2026-01-26] Fetching 3 symbols (0 already cached)...
  BATL...   Could not qualify BATL: Not connected
  BATL: no ticks
  GXAI...   Could not qualify GXAI: Not connected
  GXAI: no ticks
  ARAI...   Could not qualify ARAI: Not connected
  ARAI: no ticks

[2026-01-27] Fetching 5 symbols (0 already cached)...
  NUWE...   Could not qualify NUWE: Not connected
  NUWE: no ticks
  HIND...   Could not qualify HIND: Not connected
  HIND: no ticks
  CYN...   Could not qualify CYN: Not connected
  CYN: no ticks
  NETG...   Could not qualify NETG: Not connected
  NETG: no ticks
  PHGE...   Could not qualify PHGE: Not connected
  PHGE: no ticks

[2026-01-28] Fetching 2 symbols (0 already cached)...
  MRNO...   Could not qualify MRNO: Not connected
  MRNO: no ticks
  AIMD...   Could not qualify AIMD: Not connected
  AIMD: no ticks

[2026-01-29] Fetching 3 symbols (0 already cached)...
  SER...   Could not qualify SER: Not connected
  SER: no ticks
  DCX...   Could not qualify DCX: Not connected
  DCX: no ticks
  ZSTK...   Could not qualify ZSTK: Not connected
  ZSTK: no ticks

[2026-01-30] Fetching 2 symbols (0 already cached)...
  PMN...   Could not qualify PMN: Not connected
  PMN: no ticks
  VIVS...   Could not qualify VIVS: Not connected
  VIVS: no ticks

[2026-02-02] Fetching 3 symbols (0 already cached)...
  CISS...   Could not qualify CISS: Not connected
  CISS: no ticks
  SWVL...   Could not qualify SWVL: Not connected
  SWVL: no ticks
  IPW...   Could not qualify IPW: Not connected
  IPW: no ticks

[2026-02-03] Fetching 3 symbols (0 already cached)...
  FATN...   Could not qualify FATN: Not connected
  FATN: no ticks
  FIEE...   Could not qualify FIEE: Not connected
  FIEE: no ticks
  NPT...   Could not qualify NPT: Not connected
  NPT: no ticks

[2026-02-04] Fetching 1 symbols (0 already cached)...
  CIGL...   Could not qualify CIGL: Not connected
  CIGL: no ticks

[2026-02-05] Fetching 1 symbols (0 already cached)...
  RNAZ...   Could not qualify RNAZ: Not connected
  RNAZ: no ticks

[2026-02-06] Fetching 1 symbols (0 already cached)...
  FLYE...   Could not qualify FLYE: Not connected
  FLYE: no ticks

[2026-02-10] Fetching 1 symbols (0 already cached)...
  SPOG...   Could not qualify SPOG: Not connected
  SPOG: no ticks

[2026-02-11] Fetching 1 symbols (0 already cached)...
  ELAB...   Could not qualify ELAB: Not connected
  ELAB: no ticks

[2026-02-13] Fetching 1 symbols (0 already cached)...
  RAIN...   Could not qualify RAIN: Not connected
  RAIN: no ticks

[2026-02-17] Fetching 2 symbols (0 already cached)...
  OBAI...   Could not qualify OBAI: Not connected
  OBAI: no ticks
  PLYX...   Could not qualify PLYX: Not connected
  PLYX: no ticks

[2026-02-18] Fetching 1 symbols (0 already cached)...
  BENF...   Could not qualify BENF: Not connected
  BENF: no ticks

[2026-02-19] Fetching 1 symbols (0 already cached)...
  RUBI...   Could not qualify RUBI: Not connected
  RUBI: no ticks

[2026-02-20] Fetching 1 symbols (0 already cached)...
  CDIO...   Could not qualify CDIO: Not connected
  CDIO: no ticks

[2026-02-27] Fetching 1 symbols (0 already cached)...
  KORE...   Could not qualify KORE: Not connected
  KORE: no ticks

[2026-03-02] Fetching 3 symbols (0 already cached)...
  TMDE...   Could not qualify TMDE: Not connected
  TMDE: no ticks
  RBNE...   Could not qualify RBNE: Not connected
  RBNE: no ticks
  RLYB...   Could not qualify RLYB: Not connected
  RLYB: no ticks

[2026-03-04] Fetching 1 symbols (0 already cached)...
  ADVB...   Could not qualify ADVB: Not connected
  ADVB: no ticks

[2026-03-05] Fetching 2 symbols (0 already cached)...
  MTEK...   Could not qualify MTEK: Not connected
  MTEK: no ticks
  GXAI...   Could not qualify GXAI: Not connected
  GXAI: no ticks

[2026-03-06] Fetching 2 symbols (0 already cached)...
  CRE...   Could not qualify CRE: Not connected
  CRE: no ticks
  IBG...   Could not qualify IBG: Not connected
  IBG: no ticks

[2026-03-09] Fetching 1 symbols (0 already cached)...
  AGH...   Could not qualify AGH: Not connected
  AGH: no ticks

[2026-03-10] Fetching 2 symbols (0 already cached)...
  VTAK...   Could not qualify VTAK: Not connected
  VTAK: no ticks
  INKT...   Could not qualify INKT: Not connected
  INKT: no ticks

[2026-03-11] Fetching 1 symbols (0 already cached)...
  SXTP...   Could not qualify SXTP: Not connected
  SXTP: no ticks

[2026-03-12] Fetching 2 symbols (0 already cached)...
  POLA...   Could not qualify POLA: Not connected
  POLA: no ticks
  TLYS...   Could not qualify TLYS: Not connected
  TLYS: no ticks

[2026-03-13] Fetching 1 symbols (0 already cached)...
  EDHL...   Could not qualify EDHL: Not connected
  EDHL: no ticks

[2026-03-18] Fetching 2 symbols (0 already cached)...
  ARTL...   Could not qualify ARTL: Not connected
  ARTL: no ticks
  ZENA...   Could not qualify ZENA: Not connected
  ZENA: no ticks

[2026-03-19] Fetching 4 symbols (0 already cached)...
  CHNR...   Could not qualify CHNR: Not connected
  CHNR: no ticks
  SUNE...   Could not qualify SUNE: Not connected
  SUNE: no ticks
  SER...   Could not qualify SER: Not connected
  SER: no ticks
  DLTH...   Could not qualify DLTH: Not connected
  DLTH: no ticks

[2026-03-23] Fetching 1 symbols (0 already cached)...
  UGRO...   Could not qualify UGRO: Not connected
  UGRO: no ticks

[2026-03-24] Fetching 3 symbols (0 already cached)...
  FEED...   Could not qualify FEED: Not connected
  FEED: no ticks
  ELAB...   Could not qualify ELAB: Not connected
  ELAB: no ticks
  LICN...   Could not qualify LICN: Not connected
  LICN: no ticks

[2026-03-26] Fetching 13 symbols (0 already cached)...
  EEIQ...   Could not qualify EEIQ: Not connected
  EEIQ: no ticks
  FCHL...   Could not qualify FCHL: Not connected
  FCHL: no ticks
  NDLS...   Could not qualify NDLS: Not connected
  NDLS: no ticks
  AIFF...   Could not qualify AIFF: Not connected
  AIFF: no ticks
  FATN...   Could not qualify FATN: Not connected
  FATN: no ticks
  ICU...   Could not qualify ICU: Not connected
  ICU: no ticks
  MKDW...   Could not qualify MKDW: Not connected
  MKDW: no ticks
  NDRA...   Could not qualify NDRA: Not connected
  NDRA: no ticks
  LICN...   Could not qualify LICN: Not connected
  LICN: no ticks
  LPA...   Could not qualify LPA: Not connected
  LPA: no ticks
  YDDL...   Could not qualify YDDL: Not connected
  YDDL: no ticks
  LOVE...   Could not qualify LOVE: Not connected
  LOVE: no ticks
  ASTN...   Could not qualify ASTN: Not connected
  ASTN: no ticks

Done. Fetched ticks for 25 symbol-dates.
[2026-01-06] All 1 symbols already cached, skipping
[2026-01-08] All 1 symbols already cached, skipping
[2026-01-09] All 2 symbols already cached, skipping
[2026-01-12] All 2 symbols already cached, skipping
[2026-01-13] All 3 symbols already cached, skipping
[2026-01-14] All 4 symbols already cached, skipping
[2026-01-15] All 4 symbols already cached, skipping
[2026-01-16] All 5 symbols already cached, skipping
[2026-01-20] All 5 symbols already cached, skipping
[2026-01-21] All 4 symbols already cached, skipping
[2026-01-22] All 2 symbols already cached, skipping
[2026-01-23] All 3 symbols already cached, skipping
[2026-01-26] All 3 symbols already cached, skipping
[2026-01-27] All 5 symbols already cached, skipping
[2026-01-28] All 2 symbols already cached, skipping
[2026-01-29] All 3 symbols already cached, skipping
[2026-01-30] All 2 symbols already cached, skipping
[2026-02-02] All 3 symbols already cached, skipping
[2026-02-03] All 3 symbols already cached, skipping
[2026-02-04] All 1 symbols already cached, skipping
[2026-02-05] All 1 symbols already cached, skipping
[2026-02-06] All 1 symbols already cached, skipping
[2026-02-10] All 1 symbols already cached, skipping
[2026-02-11] All 1 symbols already cached, skipping
[2026-02-13] All 1 symbols already cached, skipping
[2026-02-17] All 2 symbols already cached, skipping
[2026-02-18] All 1 symbols already cached, skipping
[2026-02-19] All 1 symbols already cached, skipping
[2026-02-20] All 1 symbols already cached, skipping
[2026-02-27] All 1 symbols already cached, skipping
[2026-03-02] All 3 symbols already cached, skipping
[2026-03-04] All 1 symbols already cached, skipping
[2026-03-05] All 2 symbols already cached, skipping
[2026-03-06] All 2 symbols already cached, skipping
[2026-03-09] All 1 symbols already cached, skipping
[2026-03-10] All 2 symbols already cached, skipping
[2026-03-11] All 1 symbols already cached, skipping
[2026-03-12] All 2 symbols already cached, skipping
[2026-03-13] All 1 symbols already cached, skipping
[2026-03-18] All 2 symbols already cached, skipping
[2026-03-19] All 4 symbols already cached, skipping
[2026-03-23] All 1 symbols already cached, skipping
[2026-03-24] All 3 symbols already cached, skipping
[2026-03-26] All 13 symbols already cached, skipping

Done. Fetched ticks for 0 symbol-dates.
