
[2025-01-02] Fetching 3 symbols (0 cached)...
  [2025-01-02] AEI...
    10,141 ticks, up to 04:14:29 ET...
    20,372 ticks, up to 04:17:37 ET...
    30,661 ticks, up to 04:20:46 ET...
    40,942 ticks, up to 04:26:25 ET...
    51,052 ticks, up to 04:30:58 ET...
    61,307 ticks, up to 04:41:10 ET...
    71,406 ticks, up to 04:55:07 ET...
    81,474 ticks, up to 05:24:04 ET...
    91,606 ticks, up to 05:34:47 ET...
    101,690 ticks, up to 06:17:35 ET...
    111,821 ticks, up to 06:59:58 ET...
    122,313 ticks, up to 07:06:48 ET...
    133,399 ticks, up to 08:00:00 ET...
    143,838 ticks, up to 09:05:44 ET...
    153,935 ticks, up to 09:30:50 ET...
    164,159 ticks, up to 09:35:57 ET...
    174,529 ticks, up to 09:41:57 ET...
    184,902 ticks, up to 09:53:37 ET...
    194,996 ticks, up to 10:18:50 ET...
    205,077 ticks, up to 11:19:24 ET...
    215,224 ticks, up to 12:41:35 ET...
    225,372 ticks, up to 14:21:07 ET...
    235,718 ticks, up to 15:34:41 ET...
    246,044 ticks, up to 15:55:13 ET...
  Saved 249544 ticks → /Users/duffy/warrior_bot_v2/tick_cache/2025-01-02/AEI.json.gz
  [2025-01-02] CRIS...
    10,016 ticks, up to 09:32:18 ET...
    20,091 ticks, up to 15:57:44 ET...
  Saved 20784 ticks → /Users/duffy/warrior_bot_v2/tick_cache/2025-01-02/CRIS.json.gz
  [2025-01-02] HOOK...
  HOOK: no ticks

[2025-01-06] Fetching 1 symbols (0 cached)...
  [2025-01-06] GDTC...
    10,278 ticks, up to 07:06:34 ET...
    20,771 ticks, up to 07:09:41 ET...
    31,127 ticks, up to 07:14:25 ET...
    41,429 ticks, up to 07:20:49 ET...
    51,531 ticks, up to 07:29:18 ET...
    61,655 ticks, up to 07:43:25 ET...
    71,880 ticks, up to 08:08:44 ET...
    82,894 ticks, up to 08:14:51 ET...
    93,018 ticks, up to 08:40:46 ET...
    103,104 ticks, up to 12:53:03 ET...
  Saved 105416 ticks → /Users/duffy/warrior_bot_v2/tick_cache/2025-01-06/GDTC.json.gz

[2025-01-07] Fetching 1 symbols (0 cached)...
  [2025-01-07] AMOD...
  Saved 2969 ticks → /Users/duffy/warrior_bot_v2/tick_cache/2025-01-07/AMOD.json.gz

[2025-01-13] Fetching 1 symbols (0 cached)...
  [2025-01-13] PHIO...
    10,229 ticks, up to 07:50:55 ET...
    20,647 ticks, up to 07:53:25 ET...
    30,981 ticks, up to 07:56:07 ET...
    41,477 ticks, up to 07:58:04 ET...
    52,539 ticks, up to 08:00:02 ET...
    64,866 ticks, up to 08:01:13 ET...
    75,227 ticks, up to 08:06:41 ET...
    85,656 ticks, up to 08:11:51 ET...
    96,911 ticks, up to 08:12:48 ET...
    107,340 ticks, up to 08:14:55 ET...
    118,154 ticks, up to 08:16:29 ET...
    128,718 ticks, up to 08:17:48 ET...
    139,289 ticks, up to 08:20:10 ET...
    150,141 ticks, up to 08:21:24 ET...
    160,892 ticks, up to 08:23:14 ET...
    171,242 ticks, up to 08:25:32 ET...
    181,997 ticks, up to 08:27:00 ET...
    192,661 ticks, up to 08:28:15 ET...
    203,222 ticks, up to 08:30:14 ET...
    213,705 ticks, up to 08:32:25 ET...
    224,543 ticks, up to 08:35:29 ET...
    234,953 ticks, up to 08:37:07 ET...
    246,044 ticks, up to 08:38:23 ET...
    256,536 ticks, up to 08:40:34 ET...
    266,932 ticks, up to 08:42:56 ET...
    277,300 ticks, up to 08:46:53 ET...
    287,713 ticks, up to 08:50:03 ET...
    297,862 ticks, up to 08:55:29 ET...
    308,185 ticks, up to 09:01:07 ET...
    318,383 ticks, up to 09:05:27 ET...
    328,645 ticks, up to 09:11:44 ET...
    339,245 ticks, up to 09:15:27 ET...
    349,557 ticks, up to 09:17:44 ET...
    359,759 ticks, up to 09:23:51 ET...
    370,349 ticks, up to 09:26:19 ET...
    380,871 ticks, up to 09:29:09 ET...
    393,091 ticks, up to 09:30:11 ET...
    404,505 ticks, up to 09:30:40 ET...
    415,887 ticks, up to 09:31:30 ET...
    426,780 ticks, up to 09:32:47 ET...
    439,115 ticks, up to 09:33:14 ET...
    450,430 ticks, up to 09:34:01 ET...
    461,434 ticks, up to 09:34:49 ET...
    473,865 ticks, up to 09:35:10 ET...
    485,264 ticks, up to 09:35:53 ET...
    496,893 ticks, up to 09:36:19 ET...
    508,189 ticks, up to 09:36:55 ET...
    520,141 ticks, up to 09:37:34 ET...
    530,785 ticks, up to 09:38:48 ET...
    541,607 ticks, up to 09:40:05 ET...
    553,533 ticks, up to 09:40:43 ET...
    565,051 ticks, up to 09:41:53 ET...
    575,537 ticks, up to 09:43:31 ET...
    586,565 ticks, up to 09:45:09 ET...
    597,229 ticks, up to 09:47:37 ET...
    607,966 ticks, up to 09:50:02 ET...
    619,751 ticks, up to 09:50:33 ET...
    631,481 ticks, up to 09:51:03 ET...
    645,042 ticks, up to 09:51:18 ET...
    656,610 ticks, up to 09:51:49 ET...
    668,079 ticks, up to 09:52:34 ET...
    679,665 ticks, up to 09:53:37 ET...
    691,678 ticks, up to 09:54:06 ET...
    702,919 ticks, up to 09:55:17 ET...
    713,745 ticks, up to 09:56:43 ET...
    724,432 ticks, up to 09:58:18 ET...
    735,019 ticks, up to 10:00:12 ET...
    745,514 ticks, up to 10:02:26 ET...
    759,393 ticks, up to 10:02:50 ET...
    770,865 ticks, up to 10:03:26 ET...
    782,822 ticks, up to 10:04:10 ET...
    793,627 ticks, up to 10:05:16 ET...
    804,917 ticks, up to 10:06:19 ET...
    816,390 ticks, up to 10:07:01 ET...
    827,695 ticks, up to 10:07:34 ET...
    838,633 ticks, up to 10:08:36 ET...
    850,349 ticks, up to 10:09:36 ET...
    862,205 ticks, up to 10:10:27 ET...
    873,501 ticks, up to 10:11:05 ET...
    884,885 ticks, up to 10:11:55 ET...
    896,624 ticks, up to 10:12:33 ET...
    908,229 ticks, up to 10:13:32 ET...
    920,539 ticks, up to 10:13:55 ET...
    932,464 ticks, up to 10:14:24 ET...
    943,509 ticks, up to 10:15:03 ET...
    955,481 ticks, up to 10:15:32 ET...
    967,083 ticks, up to 10:16:09 ET...
    979,309 ticks, up to 10:16:45 ET...
    991,034 ticks, up to 10:17:08 ET...
    1,002,091 ticks, up to 10:17:41 ET...
    1,014,772 ticks, up to 10:18:08 ET...
    1,026,005 ticks, up to 10:18:44 ET...
    1,037,006 ticks, up to 10:19:31 ET...
    1,048,502 ticks, up to 10:20:20 ET...
    1,060,216 ticks, up to 10:20:45 ET...
    1,070,828 ticks, up to 10:22:09 ET...
    1,081,745 ticks, up to 10:23:25 ET...
    1,092,671 ticks, up to 10:24:58 ET...
    1,103,460 ticks, up to 10:26:20 ET...
    1,114,498 ticks, up to 10:27:17 ET...
    1,125,491 ticks, up to 10:28:45 ET...
    1,136,380 ticks, up to 10:29:46 ET...
    1,147,103 ticks, up to 10:31:20 ET...
    1,157,397 ticks, up to 10:33:55 ET...
    1,167,954 ticks, up to 10:36:23 ET...
    1,179,107 ticks, up to 10:38:45 ET...
    1,190,759 ticks, up to 10:40:06 ET...
    1,201,318 ticks, up to 10:42:00 ET...
    1,211,705 ticks, up to 10:45:37 ET...
    1,222,325 ticks, up to 10:47:06 ET...
    1,233,303 ticks, up to 10:48:33 ET...
    1,244,307 ticks, up to 10:50:19 ET...
    1,255,005 ticks, up to 10:52:04 ET...
    1,265,421 ticks, up to 10:55:26 ET...
    1,276,221 ticks, up to 10:57:29 ET...
    1,289,271 ticks, up to 10:57:57 ET...
    1,301,364 ticks, up to 10:58:21 ET...
    1,312,307 ticks, up to 10:59:21 ET...
    1,323,074 ticks, up to 11:01:06 ET...
    1,333,820 ticks, up to 11:03:01 ET...
    1,345,867 ticks, up to 11:04:23 ET...
    1,356,402 ticks, up to 11:05:48 ET...
    1,367,157 ticks, up to 11:08:22 ET...
    1,377,557 ticks, up to 11:11:19 ET...
    1,387,888 ticks, up to 11:13:51 ET...
    1,398,525 ticks, up to 11:18:20 ET...
    1,409,126 ticks, up to 11:22:01 ET...
    1,419,415 ticks, up to 11:27:07 ET...
    1,429,518 ticks, up to 11:33:54 ET...
    1,440,072 ticks, up to 11:38:54 ET...
    1,450,398 ticks, up to 11:43:46 ET...
    1,461,089 ticks, up to 11:48:45 ET...
    1,471,737 ticks, up to 11:58:10 ET...
    1,482,028 ticks, up to 12:06:32 ET...
    1,492,388 ticks, up to 12:19:36 ET...
    1,502,678 ticks, up to 12:26:00 ET...
    1,512,914 ticks, up to 12:38:13 ET...
    1,523,326 ticks, up to 12:45:21 ET...
    1,533,694 ticks, up to 12:50:44 ET...
    1,544,110 ticks, up to 13:00:58 ET...
    1,554,477 ticks, up to 13:07:07 ET...
    1,565,146 ticks, up to 13:09:24 ET...
    1,575,446 ticks, up to 13:12:20 ET...
    1,585,804 ticks, up to 13:16:05 ET...
    1,596,483 ticks, up to 13:19:59 ET...
    1,606,882 ticks, up to 13:26:14 ET...
    1,617,731 ticks, up to 13:27:33 ET...
    1,628,203 ticks, up to 13:30:28 ET...
    1,638,595 ticks, up to 13:34:09 ET...
    1,650,220 ticks, up to 13:35:04 ET...
    1,660,780 ticks, up to 13:36:41 ET...
    1,671,185 ticks, up to 13:38:59 ET...
    1,681,392 ticks, up to 13:42:41 ET...
    1,691,631 ticks, up to 13:49:12 ET...
    1,701,842 ticks, up to 13:58:06 ET...
    1,712,013 ticks, up to 14:06:44 ET...
    1,722,259 ticks, up to 14:14:11 ET...
    1,732,405 ticks, up to 14:22:51 ET...
    1,742,610 ticks, up to 14:32:34 ET...
    1,752,715 ticks, up to 14:41:54 ET...
    1,762,844 ticks, up to 14:54:55 ET...
    1,773,059 ticks, up to 15:07:53 ET...
    1,783,420 ticks, up to 15:14:41 ET...
    1,793,716 ticks, up to 15:20:27 ET...
    1,804,147 ticks, up to 15:27:34 ET...
    1,814,298 ticks, up to 15:39:40 ET...
    1,824,472 ticks, up to 15:46:15 ET...
    1,834,998 ticks, up to 15:55:10 ET...
    1,845,115 ticks, up to 16:28:41 ET...
    1,855,215 ticks, up to 17:51:46 ET...
  Saved 1859736 ticks → /Users/duffy/warrior_bot_v2/tick_cache/2025-01-13/PHIO.json.gz

[2025-01-16] Fetching 2 symbols (0 cached)...
  [2025-01-16] PMAX...
  PMAX: no ticks
  [2025-01-16] DOYU...
    10,054 ticks, up to 09:57:41 ET...
    19,412 ticks, up to 19:57:42 ET...
  Saved 19412 ticks → /Users/duffy/warrior_bot_v2/tick_cache/2025-01-16/DOYU.json.gz

[2025-01-17] Fetching 2 symbols (0 cached)...
  [2025-01-17] VS...
  VS: no ticks
  [2025-01-17] ISPC...
    10,074 ticks, up to 04:10:14 ET...
    20,238 ticks, up to 04:17:43 ET...
    30,369 ticks, up to 04:28:20 ET...
    40,668 ticks, up to 04:36:05 ET...
    50,829 ticks, up to 04:55:02 ET...
    60,905 ticks, up to 05:37:19 ET...
    71,088 ticks, up to 05:58:26 ET...
    81,185 ticks, up to 06:47:03 ET...
    91,337 ticks, up to 07:14:05 ET...
    101,473 ticks, up to 07:36:12 ET...
    112,064 ticks, up to 08:00:07 ET...
    122,424 ticks, up to 08:41:59 ET...
    132,669 ticks, up to 09:42:08 ET...
    142,710 ticks, up to 14:04:47 ET...
  Saved 146240 ticks → /Users/duffy/warrior_bot_v2/tick_cache/2025-01-17/ISPC.json.gz

[2025-01-21] Fetching 3 symbols (0 cached)...
  [2025-01-21] INM...
    10,278 ticks, up to 07:37:09 ET...
    20,653 ticks, up to 07:40:13 ET...
    31,085 ticks, up to 07:42:19 ET...
    41,606 ticks, up to 07:45:39 ET...
    51,820 ticks, up to 07:50:08 ET...
    62,161 ticks, up to 07:54:23 ET...
    72,767 ticks, up to 07:58:15 ET...
    84,850 ticks, up to 08:00:09 ET...
    95,970 ticks, up to 08:07:01 ET...
    106,251 ticks, up to 08:12:54 ET...
    116,442 ticks, up to 08:28:28 ET...
    126,531 ticks, up to 08:49:17 ET...
    136,666 ticks, up to 09:09:56 ET...
    146,812 ticks, up to 09:31:14 ET...
    157,057 ticks, up to 09:36:28 ET...
    167,675 ticks, up to 09:39:28 ET...
    178,730 ticks, up to 09:40:46 ET...
    189,332 ticks, up to 09:42:18 ET...
    200,014 ticks, up to 09:44:17 ET...
    210,436 ticks, up to 09:47:03 ET...
    220,713 ticks, up to 10:00:03 ET...
    230,887 ticks, up to 10:14:12 ET...
    240,953 ticks, up to 10:59:53 ET...
    250,987 ticks, up to 14:22:50 ET...
  Saved 256531 ticks → /Users/duffy/warrior_bot_v2/tick_cache/2025-01-21/INM.json.gz
  [2025-01-21] LEDS...
    10,158 ticks, up to 08:40:06 ET...
    20,248 ticks, up to 09:13:13 ET...
    30,489 ticks, up to 09:37:22 ET...
    40,598 ticks, up to 10:21:52 ET...
  Saved 48148 ticks → /Users/duffy/warrior_bot_v2/tick_cache/2025-01-21/LEDS.json.gz
  [2025-01-21] DWTX...
    10,179 ticks, up to 04:29:40 ET...
    20,326 ticks, up to 04:40:11 ET...
    30,438 ticks, up to 04:45:07 ET...
    40,666 ticks, up to 04:56:56 ET...
    50,752 ticks, up to 05:19:59 ET...
    60,794 ticks, up to 06:58:55 ET...
    70,893 ticks, up to 09:29:15 ET...
    81,145 ticks, up to 10:00:41 ET...
    91,387 ticks, up to 11:59:03 ET...
    101,556 ticks, up to 14:59:57 ET...
    111,820 ticks, up to 15:09:46 ET...
    122,238 ticks, up to 15:13:37 ET...
    132,466 ticks, up to 15:17:08 ET...
    142,690 ticks, up to 15:20:42 ET...
    152,980 ticks, up to 15:26:37 ET...
    163,282 ticks, up to 15:35:57 ET...
    173,670 ticks, up to 15:53:35 ET...
  Saved 179939 ticks → /Users/duffy/warrior_bot_v2/tick_cache/2025-01-21/DWTX.json.gz

[2025-01-22] Fetching 1 symbols (0 cached)...
  [2025-01-22] GELS...
    10,111 ticks, up to 07:46:38 ET...
    20,403 ticks, up to 07:56:13 ET...
    31,272 ticks, up to 08:00:03 ET...
    42,099 ticks, up to 08:14:32 ET...
    52,182 ticks, up to 10:28:30 ET...
  Saved 59136 ticks → /Users/duffy/warrior_bot_v2/tick_cache/2025-01-22/GELS.json.gz

[2025-01-23] Fetching 2 symbols (0 cached)...
  [2025-01-23] VNCE...
  VNCE: no ticks
  [2025-01-23] HKPD...
    10,094 ticks, up to 05:26:57 ET...
    20,165 ticks, up to 07:21:46 ET...
    30,344 ticks, up to 07:26:58 ET...
    41,581 ticks, up to 08:32:26 ET...
  Saved 50253 ticks → /Users/duffy/warrior_bot_v2/tick_cache/2025-01-23/HKPD.json.gz

[2025-01-24] Fetching 2 symbols (0 cached)...
  [2025-01-24] ALUR...
  ALUR: no ticks
  [2025-01-24] ATXI...
  ATXI: no ticks

[2025-01-27] Fetching 1 symbols (0 cached)...
  [2025-01-27] FMST...
  FMST: no ticks

[2025-01-28] Fetching 1 symbols (0 cached)...
  [2025-01-28] YIBO...
    10,411 ticks, up to 04:17:21 ET...
    20,802 ticks, up to 04:19:57 ET...
    31,249 ticks, up to 04:22:15 ET...
    41,723 ticks, up to 04:23:41 ET...
    52,287 ticks, up to 04:25:31 ET...
    62,801 ticks, up to 04:29:43 ET...
    73,318 ticks, up to 04:34:01 ET...
    83,475 ticks, up to 04:43:07 ET...
    93,818 ticks, up to 04:53:51 ET...
    103,905 ticks, up to 05:11:10 ET...
    114,053 ticks, up to 05:22:30 ET...
    124,323 ticks, up to 05:45:39 ET...
    134,573 ticks, up to 05:59:52 ET...
    144,689 ticks, up to 06:38:34 ET...
    154,972 ticks, up to 06:52:34 ET...
    165,276 ticks, up to 06:56:12 ET...
    176,399 ticks, up to 06:59:15 ET...
    187,164 ticks, up to 07:01:34 ET...
    198,127 ticks, up to 07:02:46 ET...
    208,688 ticks, up to 07:05:09 ET...
    218,918 ticks, up to 07:10:13 ET...
    229,248 ticks, up to 07:16:23 ET...
    239,496 ticks, up to 07:27:18 ET...
    250,014 ticks, up to 07:35:55 ET...
    260,103 ticks, up to 07:55:46 ET...
    272,872 ticks, up to 08:00:09 ET...
    286,267 ticks, up to 08:00:21 ET...
    297,827 ticks, up to 08:00:40 ET...
    310,174 ticks, up to 08:01:01 ET...
    320,917 ticks, up to 08:07:39 ET...
    331,083 ticks, up to 08:22:57 ET...
    341,344 ticks, up to 08:49:41 ET...
    351,530 ticks, up to 08:57:31 ET...
    361,630 ticks, up to 09:14:32 ET...
    371,802 ticks, up to 09:30:49 ET...
    382,872 ticks, up to 09:32:03 ET...
    393,558 ticks, up to 09:33:49 ET...
    404,560 ticks, up to 09:35:23 ET...
    415,350 ticks, up to 09:37:05 ET...
    426,014 ticks, up to 09:39:11 ET...
    436,292 ticks, up to 09:43:11 ET...
    447,076 ticks, up to 09:47:02 ET...
    457,443 ticks, up to 09:50:29 ET...
    467,681 ticks, up to 09:58:30 ET...
    478,205 ticks, up to 10:08:35 ET...
    488,366 ticks, up to 10:26:56 ET...
    499,142 ticks, up to 10:38:20 ET...
    509,518 ticks, up to 11:02:30 ET...
    519,820 ticks, up to 11:27:26 ET...
    529,894 ticks, up to 11:56:13 ET...
    539,937 ticks, up to 12:45:00 ET...
    549,982 ticks, up to 14:35:02 ET...
    560,075 ticks, up to 15:55:15 ET...
  Saved 565076 ticks → /Users/duffy/warrior_bot_v2/tick_cache/2025-01-28/YIBO.json.gz

[2025-01-30] Fetching 1 symbols (0 cached)...
  [2025-01-30] AMOD...
    10,350 ticks, up to 08:20:32 ET...
    20,732 ticks, up to 08:23:27 ET...
    31,405 ticks, up to 08:24:53 ET...
    42,055 ticks, up to 08:27:14 ET...
    52,458 ticks, up to 08:31:07 ET...
    62,792 ticks, up to 08:36:43 ET...
    73,999 ticks, up to 08:38:01 ET...
    84,632 ticks, up to 08:39:49 ET...
    95,098 ticks, up to 08:42:13 ET...
    105,290 ticks, up to 08:46:54 ET...
    115,514 ticks, up to 08:51:09 ET...
    125,975 ticks, up to 08:55:57 ET...
    136,580 ticks, up to 08:59:30 ET...
    146,909 ticks, up to 09:08:15 ET...
    157,048 ticks, up to 09:17:45 ET...
    167,433 ticks, up to 09:29:43 ET...
    178,216 ticks, up to 09:31:14 ET...
    189,597 ticks, up to 09:32:08 ET...
    200,954 ticks, up to 09:32:40 ET...
    213,361 ticks, up to 09:43:12 ET...
    226,043 ticks, up to 09:43:31 ET...
    238,256 ticks, up to 09:43:53 ET...
    250,795 ticks, up to 09:44:11 ET...
    262,591 ticks, up to 09:44:42 ET...
    274,141 ticks, up to 09:45:17 ET...
    286,523 ticks, up to 09:45:48 ET...
    297,561 ticks, up to 09:46:22 ET...
    308,359 ticks, up to 09:47:29 ET...
    321,047 ticks, up to 09:48:03 ET...
    332,240 ticks, up to 09:48:33 ET...
    344,387 ticks, up to 09:50:03 ET...
    355,504 ticks, up to 09:51:30 ET...
    366,386 ticks, up to 09:52:57 ET...
    378,125 ticks, up to 09:54:09 ET...
    388,445 ticks, up to 09:56:13 ET...
    399,163 ticks, up to 09:57:36 ET...
    409,773 ticks, up to 09:59:36 ET...
    422,349 ticks, up to 10:00:02 ET...
    433,506 ticks, up to 10:01:40 ET...
    443,868 ticks, up to 10:04:13 ET...
    454,486 ticks, up to 10:06:21 ET...
    465,814 ticks, up to 10:07:32 ET...
    477,573 ticks, up to 10:08:47 ET...
    488,063 ticks, up to 10:12:22 ET...
    498,534 ticks, up to 10:15:55 ET...
    508,834 ticks, up to 10:20:52 ET...
    519,063 ticks, up to 10:26:16 ET...
    529,401 ticks, up to 10:31:06 ET...
    540,185 ticks, up to 10:32:59 ET...
    551,220 ticks, up to 10:36:04 ET...
    561,727 ticks, up to 10:43:28 ET...
    572,106 ticks, up to 10:51:10 ET...
    582,426 ticks, up to 10:55:29 ET...
    593,130 ticks, up to 11:00:56 ET...
    604,053 ticks, up to 11:03:15 ET...
    614,735 ticks, up to 11:06:10 ET...
    625,125 ticks, up to 11:12:00 ET...
    635,629 ticks, up to 11:15:02 ET...
    646,022 ticks, up to 11:21:02 ET...
    656,581 ticks, up to 11:24:58 ET...
    666,898 ticks, up to 11:29:36 ET...
    677,928 ticks, up to 11:31:19 ET...
    688,389 ticks, up to 11:34:34 ET...
    698,978 ticks, up to 11:38:02 ET...
    710,046 ticks, up to 11:41:29 ET...
    720,264 ticks, up to 11:51:27 ET...
    730,385 ticks, up to 12:03:39 ET...
    740,912 ticks, up to 12:14:31 ET...
    751,074 ticks, up to 12:34:04 ET...
    761,344 ticks, up to 12:49:58 ET...
    771,426 ticks, up to 13:26:18 ET...
    781,639 ticks, up to 13:56:17 ET...
    792,317 ticks, up to 14:17:11 ET...
    802,423 ticks, up to 14:44:08 ET...
    812,508 ticks, up to 15:27:31 ET...
    821,962 ticks, up to 19:59:51 ET...
  Saved 821962 ticks → /Users/duffy/warrior_bot_v2/tick_cache/2025-01-30/AMOD.json.gz

Done. Fetched ticks for 14 symbol-dates.
