
[2025-02-03] Fetching 2 symbols (0 cached)...
  [2025-02-03] REBN...
    10,122 ticks, up to 04:13:22 ET...
    20,239 ticks, up to 04:37:48 ET...
    30,427 ticks, up to 05:00:19 ET...
    40,736 ticks, up to 05:04:42 ET...
    51,126 ticks, up to 05:08:36 ET...
    61,259 ticks, up to 05:17:08 ET...
    71,377 ticks, up to 05:35:01 ET...
    81,425 ticks, up to 05:56:13 ET...
    91,650 ticks, up to 06:16:16 ET...
    101,926 ticks, up to 06:29:48 ET...
    112,327 ticks, up to 06:36:38 ET...
    122,480 ticks, up to 06:46:44 ET...
    132,859 ticks, up to 06:53:40 ET...
    143,600 ticks, up to 06:59:04 ET...
    154,742 ticks, up to 07:00:13 ET...
    165,479 ticks, up to 07:01:29 ET...
    175,833 ticks, up to 07:04:29 ET...
    186,194 ticks, up to 07:08:09 ET...
    196,290 ticks, up to 07:15:26 ET...
    206,634 ticks, up to 07:30:53 ET...
    216,778 ticks, up to 07:50:58 ET...
    228,919 ticks, up to 08:00:06 ET...
    241,035 ticks, up to 08:06:34 ET...
    251,134 ticks, up to 08:23:52 ET...
    261,428 ticks, up to 08:46:03 ET...
    271,682 ticks, up to 09:00:28 ET...
    281,808 ticks, up to 09:30:10 ET...
    292,488 ticks, up to 09:35:09 ET...
    303,307 ticks, up to 09:36:44 ET...
    314,075 ticks, up to 09:37:51 ET...
    326,243 ticks, up to 09:48:32 ET...
    337,639 ticks, up to 09:59:17 ET...
    348,090 ticks, up to 10:02:27 ET...
    358,332 ticks, up to 10:09:26 ET...
    368,497 ticks, up to 10:23:21 ET...
    378,812 ticks, up to 10:42:54 ET...
    389,464 ticks, up to 10:46:00 ET...
    399,888 ticks, up to 10:48:21 ET...
    410,369 ticks, up to 10:56:31 ET...
    420,972 ticks, up to 11:03:47 ET...
    431,162 ticks, up to 11:14:45 ET...
    441,987 ticks, up to 11:17:12 ET...
    452,293 ticks, up to 11:22:00 ET...
    462,964 ticks, up to 11:27:27 ET...
    473,089 ticks, up to 11:34:34 ET...
    483,627 ticks, up to 11:40:08 ET...
    494,213 ticks, up to 11:51:17 ET...
    504,878 ticks, up to 12:02:37 ET...
    515,347 ticks, up to 12:21:56 ET...
    525,526 ticks, up to 13:02:20 ET...
    535,672 ticks, up to 14:02:37 ET...
    545,940 ticks, up to 15:33:32 ET...
  Saved 554277 ticks → /Users/duffy/warrior_bot_v2/tick_cache/2025-02-03/REBN.json.gz
  [2025-02-03] SOPA...
    10,092 ticks, up to 06:26:12 ET...
    20,216 ticks, up to 07:05:44 ET...
    30,593 ticks, up to 07:15:59 ET...
    40,719 ticks, up to 07:26:21 ET...
    51,050 ticks, up to 07:34:56 ET...
    61,205 ticks, up to 07:51:49 ET...
    73,674 ticks, up to 08:00:09 ET...
    84,391 ticks, up to 08:16:45 ET...
    94,491 ticks, up to 08:53:19 ET...
    104,842 ticks, up to 08:56:18 ET...
    115,275 ticks, up to 09:00:48 ET...
    125,461 ticks, up to 09:10:24 ET...
    135,556 ticks, up to 09:30:16 ET...
    146,302 ticks, up to 09:33:13 ET...
    156,495 ticks, up to 09:39:55 ET...
    167,002 ticks, up to 09:45:42 ET...
    178,086 ticks, up to 09:49:23 ET...
    189,346 ticks, up to 09:50:07 ET...
    200,676 ticks, up to 09:50:45 ET...
    211,376 ticks, up to 09:52:01 ET...
    221,950 ticks, up to 09:53:48 ET...
    233,078 ticks, up to 09:55:11 ET...
    243,870 ticks, up to 09:57:14 ET...
    255,210 ticks, up to 09:58:26 ET...
    265,541 ticks, up to 10:05:03 ET...
    275,992 ticks, up to 10:11:35 ET...
    286,553 ticks, up to 10:14:08 ET...
    296,780 ticks, up to 10:20:13 ET...
    307,163 ticks, up to 10:26:12 ET...
    317,455 ticks, up to 10:47:07 ET...
    327,808 ticks, up to 11:06:43 ET...
    337,848 ticks, up to 11:45:24 ET...
    348,165 ticks, up to 11:55:09 ET...
    358,502 ticks, up to 12:05:07 ET...
    368,623 ticks, up to 12:56:30 ET...
    379,222 ticks, up to 13:35:06 ET...
    389,545 ticks, up to 13:46:29 ET...
    400,159 ticks, up to 13:51:43 ET...
    410,431 ticks, up to 14:01:21 ET...
    420,541 ticks, up to 14:22:39 ET...
    430,625 ticks, up to 15:03:04 ET...
    440,750 ticks, up to 15:52:23 ET...
  Saved 445656 ticks → /Users/duffy/warrior_bot_v2/tick_cache/2025-02-03/SOPA.json.gz

[2025-02-04] Fetching 1 symbols (0 cached)...
  [2025-02-04] QNTM...
    10,383 ticks, up to 07:06:32 ET...
    20,850 ticks, up to 07:09:06 ET...
    31,143 ticks, up to 07:12:36 ET...
    41,653 ticks, up to 07:15:22 ET...
    51,956 ticks, up to 07:19:32 ET...
    62,289 ticks, up to 07:26:21 ET...
    72,504 ticks, up to 07:32:39 ET...
    83,202 ticks, up to 07:34:50 ET...
    93,610 ticks, up to 07:42:16 ET...
    103,749 ticks, up to 07:57:54 ET...
    115,664 ticks, up to 08:00:07 ET...
    126,133 ticks, up to 08:07:39 ET...
    136,298 ticks, up to 08:22:25 ET...
    146,437 ticks, up to 08:31:24 ET...
    156,498 ticks, up to 08:43:11 ET...
    166,572 ticks, up to 09:09:46 ET...
    176,883 ticks, up to 09:29:40 ET...
    187,842 ticks, up to 09:31:01 ET...
    198,590 ticks, up to 09:32:48 ET...
    209,582 ticks, up to 09:34:04 ET...
    220,353 ticks, up to 09:36:03 ET...
    230,866 ticks, up to 09:38:58 ET...
    241,716 ticks, up to 09:44:29 ET...
    252,625 ticks, up to 09:46:04 ET...
    263,440 ticks, up to 09:49:06 ET...
    273,666 ticks, up to 09:51:59 ET...
    284,654 ticks, up to 09:55:05 ET...
    295,241 ticks, up to 10:00:48 ET...
    305,747 ticks, up to 10:09:25 ET...
    316,086 ticks, up to 10:18:15 ET...
    327,366 ticks, up to 10:21:41 ET...
    337,548 ticks, up to 10:41:11 ET...
    347,968 ticks, up to 11:16:13 ET...
    358,236 ticks, up to 11:23:19 ET...
    368,591 ticks, up to 11:39:07 ET...
    378,790 ticks, up to 11:45:58 ET...
    389,024 ticks, up to 12:11:46 ET...
    399,275 ticks, up to 13:00:25 ET...
    409,377 ticks, up to 13:31:53 ET...
    419,608 ticks, up to 13:48:24 ET...
    430,031 ticks, up to 13:56:20 ET...
    440,489 ticks, up to 14:13:44 ET...
    451,761 ticks, up to 14:25:25 ET...
    462,503 ticks, up to 14:27:30 ET...
    472,892 ticks, up to 14:31:27 ET...
    483,283 ticks, up to 14:35:58 ET...
    494,081 ticks, up to 14:42:41 ET...
    504,674 ticks, up to 14:54:57 ET...
    514,865 ticks, up to 15:12:59 ET...
    525,280 ticks, up to 15:20:37 ET...
    535,608 ticks, up to 15:24:57 ET...
    545,973 ticks, up to 15:29:11 ET...
    557,479 ticks, up to 15:30:32 ET...
    567,905 ticks, up to 15:34:16 ET...
    578,217 ticks, up to 15:39:17 ET...
    588,504 ticks, up to 15:47:23 ET...
    599,275 ticks, up to 15:56:19 ET...
    609,446 ticks, up to 16:11:43 ET...
    619,504 ticks, up to 19:37:48 ET...
  Saved 619938 ticks → /Users/duffy/warrior_bot_v2/tick_cache/2025-02-04/QNTM.json.gz

[2025-02-05] Fetching 1 symbols (0 cached)...
  [2025-02-05] KTTA...
    10,406 ticks, up to 07:02:13 ET...
    20,744 ticks, up to 07:04:28 ET...
    31,137 ticks, up to 07:07:06 ET...
    41,571 ticks, up to 07:10:32 ET...
    51,898 ticks, up to 07:15:16 ET...
    62,239 ticks, up to 07:19:58 ET...
    72,487 ticks, up to 07:25:09 ET...
    82,747 ticks, up to 07:29:13 ET...
    92,947 ticks, up to 07:36:14 ET...
    103,109 ticks, up to 07:45:29 ET...
    113,258 ticks, up to 07:57:40 ET...
    126,129 ticks, up to 08:00:08 ET...
    136,360 ticks, up to 08:06:17 ET...
    148,361 ticks, up to 08:08:15 ET...
    158,548 ticks, up to 08:14:37 ET...
    168,646 ticks, up to 08:23:07 ET...
    179,055 ticks, up to 08:26:43 ET...
    189,368 ticks, up to 08:32:30 ET...
    199,676 ticks, up to 08:39:28 ET...
    210,135 ticks, up to 08:50:15 ET...
    220,725 ticks, up to 08:53:15 ET...
    231,157 ticks, up to 08:57:36 ET...
    241,415 ticks, up to 09:06:26 ET...
    251,530 ticks, up to 09:13:11 ET...
    262,047 ticks, up to 09:19:56 ET...
    272,759 ticks, up to 09:22:02 ET...
    282,999 ticks, up to 09:28:25 ET...
    294,150 ticks, up to 09:30:32 ET...
    305,648 ticks, up to 09:31:27 ET...
    316,693 ticks, up to 09:32:08 ET...
    327,575 ticks, up to 09:33:39 ET...
    337,823 ticks, up to 09:36:21 ET...
    348,462 ticks, up to 09:37:56 ET...
    359,995 ticks, up to 09:38:33 ET...
    370,352 ticks, up to 09:42:42 ET...
    380,795 ticks, up to 09:46:57 ET...
    390,909 ticks, up to 09:57:07 ET...
    401,094 ticks, up to 10:08:44 ET...
    411,256 ticks, up to 10:19:20 ET...
    421,508 ticks, up to 10:49:58 ET...
    431,663 ticks, up to 11:08:56 ET...
    442,126 ticks, up to 11:46:56 ET...
    452,312 ticks, up to 13:07:59 ET...
    462,507 ticks, up to 15:48:31 ET...
  Saved 468675 ticks → /Users/duffy/warrior_bot_v2/tick_cache/2025-02-05/KTTA.json.gz

[2025-02-06] Fetching 1 symbols (0 cached)...
  [2025-02-06] LIPO...
  LIPO: no ticks

[2025-02-11] Fetching 1 symbols (0 cached)...
  [2025-02-11] LIPO...
  LIPO: no ticks

[2025-02-13] Fetching 1 symbols (0 cached)...
  [2025-02-13] EDSA...
    10,308 ticks, up to 07:39:09 ET...
    20,818 ticks, up to 07:42:01 ET...
    31,181 ticks, up to 07:45:47 ET...
    41,471 ticks, up to 07:47:51 ET...
    51,804 ticks, up to 07:51:50 ET...
    62,112 ticks, up to 07:55:58 ET...
    72,398 ticks, up to 07:59:50 ET...
    85,143 ticks, up to 08:00:09 ET...
    95,376 ticks, up to 08:07:36 ET...
    105,992 ticks, up to 08:11:39 ET...
    116,150 ticks, up to 08:18:20 ET...
    127,042 ticks, up to 08:21:28 ET...
    137,682 ticks, up to 08:22:31 ET...
    148,212 ticks, up to 08:25:34 ET...
    158,658 ticks, up to 08:29:33 ET...
    169,240 ticks, up to 08:32:29 ET...
    179,420 ticks, up to 08:43:28 ET...
    189,837 ticks, up to 08:50:27 ET...
    200,213 ticks, up to 09:01:28 ET...
    210,507 ticks, up to 09:18:11 ET...
    221,034 ticks, up to 09:30:33 ET...
    231,435 ticks, up to 09:35:42 ET...
    241,991 ticks, up to 09:38:05 ET...
    253,254 ticks, up to 09:39:06 ET...
    263,721 ticks, up to 09:42:19 ET...
    275,879 ticks, up to 09:43:04 ET...
    287,044 ticks, up to 09:44:22 ET...
    298,906 ticks, up to 09:45:10 ET...
    310,378 ticks, up to 09:45:51 ET...
    321,723 ticks, up to 09:47:02 ET...
    332,543 ticks, up to 09:48:18 ET...
    343,092 ticks, up to 09:50:32 ET...
    353,972 ticks, up to 09:51:43 ET...
    365,039 ticks, up to 09:53:24 ET...
    375,488 ticks, up to 09:56:08 ET...
    385,914 ticks, up to 10:00:04 ET...
    396,471 ticks, up to 10:04:34 ET...
    406,743 ticks, up to 10:10:59 ET...
    417,086 ticks, up to 10:13:32 ET...
    428,585 ticks, up to 10:14:20 ET...
    439,140 ticks, up to 10:16:43 ET...
    449,751 ticks, up to 10:19:54 ET...
    460,788 ticks, up to 10:21:01 ET...
    473,223 ticks, up to 10:21:38 ET...
    484,015 ticks, up to 10:22:38 ET...
    495,627 ticks, up to 10:24:09 ET...
    506,355 ticks, up to 10:26:01 ET...
    517,537 ticks, up to 10:27:13 ET...
    527,781 ticks, up to 10:30:45 ET...
    538,351 ticks, up to 10:33:48 ET...
    549,097 ticks, up to 10:37:20 ET...
    559,811 ticks, up to 10:41:20 ET...
    570,061 ticks, up to 10:48:25 ET...
    581,031 ticks, up to 10:54:55 ET...
    591,236 ticks, up to 11:04:58 ET...
    601,671 ticks, up to 11:16:22 ET...
    611,990 ticks, up to 11:38:51 ET...
    622,400 ticks, up to 11:55:51 ET...
    632,604 ticks, up to 12:16:20 ET...
    642,774 ticks, up to 12:35:19 ET...
    653,072 ticks, up to 13:08:55 ET...
    663,217 ticks, up to 13:38:00 ET...
    673,367 ticks, up to 14:32:13 ET...
    683,491 ticks, up to 15:33:34 ET...
    693,313 ticks, up to 19:59:41 ET...
  Saved 693313 ticks → /Users/duffy/warrior_bot_v2/tick_cache/2025-02-13/EDSA.json.gz

[2025-02-14] Fetching 1 symbols (0 cached)...
  [2025-02-14] JTAI...
    10,387 ticks, up to 09:02:35 ET...
    20,812 ticks, up to 09:04:44 ET...
    31,358 ticks, up to 09:06:46 ET...
    42,451 ticks, up to 09:08:13 ET...
    53,138 ticks, up to 09:09:26 ET...
    63,630 ticks, up to 09:11:27 ET...
    73,796 ticks, up to 09:14:57 ET...
    84,123 ticks, up to 09:18:58 ET...
    95,146 ticks, up to 09:20:14 ET...
    105,628 ticks, up to 09:21:32 ET...
    116,271 ticks, up to 09:23:38 ET...
    126,486 ticks, up to 09:28:02 ET...
    137,085 ticks, up to 09:30:50 ET...
    147,645 ticks, up to 09:32:05 ET...
    158,489 ticks, up to 09:33:29 ET...
    169,071 ticks, up to 09:34:54 ET...
    180,360 ticks, up to 09:36:22 ET...
    190,643 ticks, up to 09:40:04 ET...
    200,925 ticks, up to 09:43:55 ET...
    211,165 ticks, up to 09:50:01 ET...
    222,137 ticks, up to 09:52:21 ET...
    233,028 ticks, up to 09:53:34 ET...
    245,816 ticks, up to 09:59:05 ET...
    258,156 ticks, up to 09:59:31 ET...
    269,456 ticks, up to 10:00:10 ET...
    280,647 ticks, up to 10:01:08 ET...
    292,345 ticks, up to 10:02:03 ET...
    303,309 ticks, up to 10:03:02 ET...
    314,828 ticks, up to 10:03:55 ET...
    325,359 ticks, up to 10:05:44 ET...
    336,502 ticks, up to 10:06:25 ET...
    346,928 ticks, up to 10:08:18 ET...
    357,304 ticks, up to 10:11:06 ET...
    368,046 ticks, up to 10:12:30 ET...
    378,861 ticks, up to 10:14:10 ET...
    389,551 ticks, up to 10:17:05 ET...
    401,270 ticks, up to 10:19:47 ET...
    411,978 ticks, up to 10:21:43 ET...
    422,595 ticks, up to 10:23:34 ET...
    433,201 ticks, up to 10:25:54 ET...
    443,897 ticks, up to 10:27:34 ET...
    454,391 ticks, up to 10:32:06 ET...
    464,654 ticks, up to 10:35:46 ET...
    474,854 ticks, up to 10:42:54 ET...
    485,272 ticks, up to 10:47:44 ET...
    495,678 ticks, up to 10:53:02 ET...
    505,772 ticks, up to 11:02:22 ET...
    516,026 ticks, up to 11:13:42 ET...
    526,400 ticks, up to 11:28:14 ET...
    536,636 ticks, up to 11:45:37 ET...
    546,817 ticks, up to 12:07:08 ET...
    557,132 ticks, up to 12:11:31 ET...
    567,455 ticks, up to 12:18:49 ET...
    577,595 ticks, up to 12:34:15 ET...
    587,755 ticks, up to 12:45:45 ET...
    598,073 ticks, up to 12:51:38 ET...
    608,482 ticks, up to 12:55:13 ET...
    618,793 ticks, up to 13:01:37 ET...
    628,895 ticks, up to 13:10:36 ET...
    639,375 ticks, up to 13:17:24 ET...
    649,725 ticks, up to 13:26:52 ET...
    659,977 ticks, up to 13:34:18 ET...
    670,138 ticks, up to 13:51:45 ET...
    680,207 ticks, up to 14:24:08 ET...
    690,302 ticks, up to 15:05:39 ET...
    700,475 ticks, up to 15:32:48 ET...
    710,731 ticks, up to 15:52:33 ET...
    720,874 ticks, up to 16:54:44 ET...
  Saved 724041 ticks → /Users/duffy/warrior_bot_v2/tick_cache/2025-02-14/JTAI.json.gz

[2025-02-19] Fetching 1 symbols (0 cached)...
  [2025-02-19] SINT...
    10,169 ticks, up to 06:12:59 ET...
    20,464 ticks, up to 06:18:02 ET...
    30,719 ticks, up to 06:22:43 ET...
    41,000 ticks, up to 06:26:05 ET...
    51,166 ticks, up to 06:32:21 ET...
    61,371 ticks, up to 06:43:13 ET...
    71,678 ticks, up to 06:47:40 ET...
    82,314 ticks, up to 06:51:28 ET...
    92,615 ticks, up to 06:56:17 ET...
    103,231 ticks, up to 07:00:03 ET...
    114,460 ticks, up to 07:00:58 ET...
    125,604 ticks, up to 07:03:38 ET...
    135,847 ticks, up to 07:06:32 ET...
    146,184 ticks, up to 07:10:25 ET...
    156,404 ticks, up to 07:16:27 ET...
    166,665 ticks, up to 07:19:55 ET...
    178,462 ticks, up to 07:20:21 ET...
    189,265 ticks, up to 07:21:28 ET...
    199,852 ticks, up to 07:23:01 ET...
    210,141 ticks, up to 07:25:20 ET...
    221,270 ticks, up to 07:26:34 ET...
    232,201 ticks, up to 07:27:48 ET...
    242,419 ticks, up to 07:30:54 ET...
    252,888 ticks, up to 07:35:40 ET...
    263,267 ticks, up to 07:40:47 ET...
    273,506 ticks, up to 07:51:47 ET...
    283,731 ticks, up to 07:56:40 ET...
    294,261 ticks, up to 07:58:27 ET...
    305,632 ticks, up to 08:00:06 ET...
    315,881 ticks, up to 08:06:40 ET...
    326,071 ticks, up to 08:16:28 ET...
    336,262 ticks, up to 08:27:15 ET...
    346,391 ticks, up to 08:40:34 ET...
    356,472 ticks, up to 08:52:19 ET...
    366,754 ticks, up to 09:13:58 ET...
    377,350 ticks, up to 09:25:48 ET...
    387,763 ticks, up to 09:30:23 ET...
    398,022 ticks, up to 09:33:08 ET...
    409,633 ticks, up to 09:33:38 ET...
    420,088 ticks, up to 09:35:37 ET...
    430,340 ticks, up to 09:41:05 ET...
    440,824 ticks, up to 09:46:49 ET...
    451,205 ticks, up to 09:53:54 ET...
    461,804 ticks, up to 10:01:37 ET...
    472,091 ticks, up to 10:24:33 ET...
    482,376 ticks, up to 10:46:32 ET...
    492,552 ticks, up to 10:53:28 ET...
    503,850 ticks, up to 10:54:53 ET...
    516,626 ticks, up to 10:55:33 ET...
    527,775 ticks, up to 10:56:38 ET...
    538,525 ticks, up to 10:58:16 ET...
    549,204 ticks, up to 11:00:05 ET...
    559,451 ticks, up to 11:04:25 ET...
    569,627 ticks, up to 11:13:26 ET...
    579,710 ticks, up to 11:42:26 ET...
    589,935 ticks, up to 12:53:04 ET...
    600,516 ticks, up to 13:58:28 ET...
    610,603 ticks, up to 15:27:20 ET...
    620,750 ticks, up to 15:59:57 ET...
  Saved 623036 ticks → /Users/duffy/warrior_bot_v2/tick_cache/2025-02-19/SINT.json.gz

[2025-02-24] Fetching 2 symbols (0 cached)...
  [2025-02-24] ATCH...
    10,335 ticks, up to 07:06:19 ET...
    20,705 ticks, up to 07:09:05 ET...
    30,938 ticks, up to 07:12:06 ET...
    41,473 ticks, up to 07:15:07 ET...
    51,706 ticks, up to 07:20:17 ET...
    62,366 ticks, up to 07:22:52 ET...
    72,931 ticks, up to 07:25:36 ET...
    83,372 ticks, up to 07:28:11 ET...
    93,453 ticks, up to 07:33:44 ET...
    103,695 ticks, up to 07:39:43 ET...
    114,093 ticks, up to 07:46:51 ET...
    124,248 ticks, up to 07:57:07 ET...
    137,277 ticks, up to 08:00:09 ET...
    148,523 ticks, up to 08:11:24 ET...
    158,678 ticks, up to 08:23:05 ET...
    168,877 ticks, up to 08:42:39 ET...
    178,979 ticks, up to 09:30:11 ET...
    189,526 ticks, up to 09:33:05 ET...
    200,181 ticks, up to 09:35:33 ET...
    210,729 ticks, up to 09:37:55 ET...
    221,065 ticks, up to 09:41:40 ET...
    232,170 ticks, up to 09:43:24 ET...
    242,784 ticks, up to 09:45:21 ET...
    253,491 ticks, up to 09:49:20 ET...
    265,879 ticks, up to 09:50:18 ET...
    276,514 ticks, up to 09:52:27 ET...
    287,688 ticks, up to 09:54:36 ET...
    299,265 ticks, up to 09:55:32 ET...
    310,590 ticks, up to 09:56:36 ET...
    322,119 ticks, up to 10:02:27 ET...
    333,378 ticks, up to 10:03:02 ET...
    344,866 ticks, up to 10:03:51 ET...
    356,340 ticks, up to 10:04:43 ET...
    366,744 ticks, up to 10:06:02 ET...
    377,511 ticks, up to 10:06:52 ET...
    388,343 ticks, up to 10:08:10 ET...
    399,270 ticks, up to 10:09:02 ET...
    410,098 ticks, up to 10:09:57 ET...
    420,930 ticks, up to 10:10:45 ET...
    431,800 ticks, up to 10:12:08 ET...
    443,007 ticks, up to 10:13:15 ET...
    453,975 ticks, up to 10:15:03 ET...
    465,113 ticks, up to 10:16:08 ET...
    476,643 ticks, up to 10:17:06 ET...
    487,622 ticks, up to 10:17:57 ET...
    498,554 ticks, up to 10:19:22 ET...
    509,352 ticks, up to 10:20:30 ET...
    519,961 ticks, up to 10:22:05 ET...
    530,322 ticks, up to 10:24:23 ET...
    540,853 ticks, up to 10:26:12 ET...
    551,330 ticks, up to 10:28:06 ET...
    561,646 ticks, up to 10:30:46 ET...
    572,420 ticks, up to 10:32:22 ET...
    584,520 ticks, up to 10:34:12 ET...
    595,431 ticks, up to 10:35:04 ET...
    606,075 ticks, up to 10:36:56 ET...
    617,421 ticks, up to 10:38:14 ET...
    628,934 ticks, up to 10:39:09 ET...
    639,688 ticks, up to 10:40:10 ET...
    650,744 ticks, up to 10:41:08 ET...
    661,588 ticks, up to 10:42:16 ET...
    672,519 ticks, up to 10:43:56 ET...
    682,890 ticks, up to 10:45:25 ET...
    693,816 ticks, up to 10:47:02 ET...
    704,013 ticks, up to 10:50:36 ET...
    714,310 ticks, up to 10:52:48 ET...
    724,981 ticks, up to 10:55:39 ET...
    735,815 ticks, up to 10:57:06 ET...
    746,592 ticks, up to 10:58:47 ET...
    756,971 ticks, up to 11:01:22 ET...
    767,267 ticks, up to 11:03:04 ET...
    777,533 ticks, up to 11:06:04 ET...
    788,270 ticks, up to 11:09:02 ET...
    798,912 ticks, up to 11:12:18 ET...
    809,433 ticks, up to 11:14:30 ET...
    819,801 ticks, up to 11:18:04 ET...
    830,146 ticks, up to 11:22:00 ET...
    840,327 ticks, up to 11:29:01 ET...
    850,646 ticks, up to 11:35:14 ET...
    860,875 ticks, up to 11:38:44 ET...
    870,966 ticks, up to 11:45:09 ET...
    881,810 ticks, up to 11:51:16 ET...
    892,853 ticks, up to 11:53:54 ET...
    903,274 ticks, up to 11:57:08 ET...
    913,611 ticks, up to 12:02:44 ET...
    924,159 ticks, up to 12:04:55 ET...
    934,544 ticks, up to 12:08:58 ET...
    945,198 ticks, up to 12:13:41 ET...
    955,666 ticks, up to 12:18:55 ET...
    965,789 ticks, up to 12:27:25 ET...
    975,932 ticks, up to 12:38:06 ET...
    986,286 ticks, up to 12:44:03 ET...
    996,576 ticks, up to 12:56:40 ET...
    1,006,767 ticks, up to 13:10:39 ET...
    1,017,068 ticks, up to 13:18:33 ET...
    1,027,207 ticks, up to 13:26:49 ET...
    1,037,424 ticks, up to 13:42:35 ET...
    1,047,689 ticks, up to 13:55:48 ET...
    1,057,825 ticks, up to 14:07:30 ET...
    1,068,012 ticks, up to 14:18:44 ET...
    1,078,221 ticks, up to 14:34:48 ET...
    1,088,473 ticks, up to 14:51:16 ET...
    1,098,613 ticks, up to 15:16:50 ET...
    1,108,950 ticks, up to 15:36:07 ET...
    1,119,007 ticks, up to 15:56:22 ET...
  Saved 1126800 ticks → /Users/duffy/warrior_bot_v2/tick_cache/2025-02-24/ATCH.json.gz
  [2025-02-24] ISPC...
    10,055 ticks, up to 04:40:43 ET...
    20,129 ticks, up to 05:34:07 ET...
    30,210 ticks, up to 06:30:51 ET...
    40,393 ticks, up to 08:12:19 ET...
    50,443 ticks, up to 10:06:26 ET...
    60,811 ticks, up to 10:33:21 ET...
    71,040 ticks, up to 10:46:59 ET...
    81,550 ticks, up to 10:51:01 ET...
    91,853 ticks, up to 10:56:07 ET...
    102,135 ticks, up to 11:04:00 ET...
    112,270 ticks, up to 11:13:12 ET...
    122,719 ticks, up to 11:37:15 ET...
    132,768 ticks, up to 15:49:50 ET...
  Saved 134578 ticks → /Users/duffy/warrior_bot_v2/tick_cache/2025-02-24/ISPC.json.gz

[2025-02-25] Fetching 2 symbols (0 cached)...
  [2025-02-25] WAFU...
    10,103 ticks, up to 04:15:46 ET...
    20,402 ticks, up to 04:19:45 ET...
    30,663 ticks, up to 04:22:33 ET...
    40,946 ticks, up to 04:25:48 ET...
    51,201 ticks, up to 04:31:09 ET...
    61,323 ticks, up to 04:41:53 ET...
    71,459 ticks, up to 05:00:44 ET...
    81,550 ticks, up to 05:23:38 ET...
    91,636 ticks, up to 05:47:01 ET...
    101,671 ticks, up to 06:47:51 ET...
    112,033 ticks, up to 06:51:30 ET...
    122,299 ticks, up to 06:53:56 ET...
    132,772 ticks, up to 06:58:12 ET...
    143,507 ticks, up to 07:00:24 ET...
    153,830 ticks, up to 07:05:18 ET...
    163,928 ticks, up to 07:15:19 ET...
    174,111 ticks, up to 07:34:50 ET...
    185,573 ticks, up to 08:00:01 ET...
    196,936 ticks, up to 08:24:39 ET...
    207,043 ticks, up to 09:06:07 ET...
    217,130 ticks, up to 09:28:59 ET...
    227,777 ticks, up to 09:33:24 ET...
    239,071 ticks, up to 09:34:05 ET...
    249,918 ticks, up to 09:34:41 ET...
    261,122 ticks, up to 09:35:19 ET...
    272,289 ticks, up to 09:36:12 ET...
    282,913 ticks, up to 09:37:58 ET...
    293,546 ticks, up to 09:39:49 ET...
    304,295 ticks, up to 09:42:18 ET...
    317,654 ticks, up to 09:42:36 ET...
    329,143 ticks, up to 09:43:11 ET...
    340,457 ticks, up to 09:43:50 ET...
    352,088 ticks, up to 09:49:31 ET...
    363,654 ticks, up to 09:49:59 ET...
    374,805 ticks, up to 09:50:34 ET...
    385,562 ticks, up to 09:51:36 ET...
    396,965 ticks, up to 09:52:37 ET...
    409,202 ticks, up to 09:53:17 ET...
    420,376 ticks, up to 09:53:56 ET...
    431,808 ticks, up to 09:54:40 ET...
    442,647 ticks, up to 09:55:44 ET...
    453,431 ticks, up to 09:56:36 ET...
    464,038 ticks, up to 09:57:40 ET...
    476,134 ticks, up to 09:58:58 ET...
    487,069 ticks, up to 10:00:08 ET...
    497,895 ticks, up to 10:01:15 ET...
    509,256 ticks, up to 10:02:27 ET...
    519,964 ticks, up to 10:04:14 ET...
    530,885 ticks, up to 10:05:21 ET...
    541,224 ticks, up to 10:07:52 ET...
    551,678 ticks, up to 10:09:53 ET...
    562,192 ticks, up to 10:13:19 ET...
    572,669 ticks, up to 10:17:05 ET...
    583,416 ticks, up to 10:18:47 ET...
    593,653 ticks, up to 10:22:48 ET...
    604,196 ticks, up to 10:26:33 ET...
    614,742 ticks, up to 10:29:30 ET...
    625,103 ticks, up to 10:32:29 ET...
    635,628 ticks, up to 10:36:50 ET...
    645,869 ticks, up to 10:42:51 ET...
    656,068 ticks, up to 10:45:48 ET...
    666,411 ticks, up to 10:50:18 ET...
    676,600 ticks, up to 11:00:52 ET...
    686,910 ticks, up to 11:16:06 ET...
    697,026 ticks, up to 11:34:47 ET...
    707,411 ticks, up to 12:14:17 ET...
    717,486 ticks, up to 12:33:37 ET...
    727,578 ticks, up to 12:58:11 ET...
    737,714 ticks, up to 14:02:19 ET...
    747,925 ticks, up to 14:18:01 ET...
    758,070 ticks, up to 14:39:03 ET...
    768,328 ticks, up to 15:06:16 ET...
    778,378 ticks, up to 15:29:20 ET...
    788,628 ticks, up to 16:16:20 ET...
  Saved 790512 ticks → /Users/duffy/warrior_bot_v2/tick_cache/2025-02-25/WAFU.json.gz
  [2025-02-25] CHAI...
  CHAI: no ticks

Done. Fetched ticks for 10 symbol-dates.
