============================================================
  Jan 2025 SQ+DP | Windows: 07:00-12:00, 16:00-20:00
  21 trading days, starting $30,000
  Progress тЖТ /Users/duffy/warrior_bot_v2/backtest_status/jan2025_sq_dp.md
============================================================
[1/21] 2025-01-02: тАФ
[3/21] 2025-01-06: 2 trades, $+4,352, eq=$34,352
[4/21] 2025-01-07: тАФ
[8/21] 2025-01-13: 4 trades, $-2,276, eq=$32,076
[11/21] 2025-01-16: тАФ
[12/21] 2025-01-17: тАФ
[13/21] 2025-01-21: 4 trades, $+2,038, eq=$34,114
[14/21] 2025-01-22: тАФ
[15/21] 2025-01-23: 4 trades, $+1,788, eq=$35,902
[16/21] 2025-01-24: 4 trades, $+3,924, eq=$39,826
[17/21] 2025-01-27: тАФ
[18/21] 2025-01-28: тАФ
[20/21] 2025-01-30: 3 trades, $+3,624, eq=$43,450

============================================================
  FINAL: Jan 2025 SQ+DP
  Trades: 21, WR: 71% (15W/6L)
  P&L: $+13,450 (+44.8%)
  Equity: $43,450
============================================================
