============================================================
  Jan 2025 SQ-Only (IBKR Ticks) | Windows: 07:00-12:00, 16:00-20:00
  21 trading days, starting $30,000
  Progress → /Users/duffy/warrior_bot_v2/backtest_status/jan2025_sq.md
============================================================
[1/21] 2025-01-02: —
[3/21] 2025-01-06: 2 trades, $+4,352, eq=$34,352
[4/21] 2025-01-07: —
[8/21] 2025-01-13: 3 trades, $+1,442, eq=$35,794
[11/21] 2025-01-16: —
[12/21] 2025-01-17: —
[13/21] 2025-01-21: 4 trades, $+1,549, eq=$37,343
[14/21] 2025-01-22: —
[15/21] 2025-01-23: 4 trades, $+1,958, eq=$39,301
[16/21] 2025-01-24: 3 trades, $+2,306, eq=$41,607
[17/21] 2025-01-27: —
[18/21] 2025-01-28: —
[20/21] 2025-01-30: 3 trades, $+3,788, eq=$45,395

============================================================
  FINAL: Jan 2025 SQ-Only (IBKR Ticks)
  Trades: 19, WR: 68% (13W/6L)
  P&L: $+15,395 (+51.3%)
  Equity: $45,395
============================================================
