============================================================
  YTD PDT Mode ($5K start, 4x buying power) | Windows: 07:00-12:00, 16:00-20:00 | PDT mode: 3 trades/5 days until $25,000
  59 trading days, starting $5,000
  Progress тЖТ /Users/duffy/warrior_bot_v2/backtest_status/pdt_ytd.md
============================================================
[4/59] 2026-01-06: тАФ [PDT: 0/3 used]
[6/59] 2026-01-08: 2 trades, $+392, eq=$5,392 [PDT: 2/3 used]
[7/59] 2026-01-09: тАФ [PDT: 2/3 used]
[8/59] 2026-01-12: 1 trades, $+652, eq=$6,044 [PDT: 3/3 used]
[9/59] 2026-01-13: тАФ [PDT: 3/3 used]
[10/59] 2026-01-14: тАФ [PDT: 3/3 used]
[11/59] 2026-01-15: 3 trades, $+2,115, eq=$8,159 [PDT: 4/3 used]
[12/59] 2026-01-16: тАФ [PDT: 4/3 used]
[13/59] 2026-01-20: тАФ [PDT: 3/3 used]
[14/59] 2026-01-21: тАФ [PDT: 3/3 used]
[15/59] 2026-01-22: тАФ [PDT: 3/3 used]
[16/59] 2026-01-23: 1 trades, $+2,389, eq=$10,548 [PDT: 1/3 used]
[17/59] 2026-01-26: 3 trades, $+2,782, eq=$13,330 [PDT: 4/3 used]
[18/59] 2026-01-27: тАФ [PDT: 4/3 used]
[19/59] 2026-01-28: тАФ [PDT: 4/3 used]
[20/59] 2026-01-29: тАФ [PDT: 4/3 used]
[21/59] 2026-01-30: тАФ [PDT: 3/3 used]
[22/59] 2026-02-02: тАФ [PDT: 0/3 used]
[23/59] 2026-02-03: 1 trades, $+1,335, eq=$14,665 [PDT: 1/3 used]
[24/59] 2026-02-04: тАФ [PDT: 1/3 used]
[25/59] 2026-02-05: тАФ [PDT: 1/3 used]
[26/59] 2026-02-06: 1 trades, $+5,013, eq=$19,678 [PDT: 2/3 used]
[28/59] 2026-02-10: тАФ [PDT: 1/3 used]
[29/59] 2026-02-11: тАФ [PDT: 1/3 used]
[31/59] 2026-02-13: тАФ [PDT: 0/3 used]
[32/59] 2026-02-17: тАФ [PDT: 0/3 used]
[33/59] 2026-02-18: тАФ [PDT: 0/3 used]
[34/59] 2026-02-19: 3 trades, $+4,938, eq=$24,616 [PDT: 3/3 used]
[35/59] 2026-02-20: тАФ [PDT: 3/3 used]
[40/59] 2026-02-27: тАФ [PDT: 0/3 used]
  ЁЯОЙ PDT CLEARED! Equity $25,756 >= $25,000 тАФ normal trading unlocked
[41/59] 2026-03-02: 1 trades, $+1,140, eq=$25,756
[43/59] 2026-03-04: тАФ
[44/59] 2026-03-05: 2 trades, $+444, eq=$26,200
[45/59] 2026-03-06: 2 trades, $+7,966, eq=$34,166
[46/59] 2026-03-09: тАФ
[47/59] 2026-03-10: 2 trades, $+4,815, eq=$38,981
[48/59] 2026-03-11: тАФ
[49/59] 2026-03-12: тАФ
[50/59] 2026-03-13: тАФ
[52/59] 2026-03-18: тАФ
[53/59] 2026-03-19: 1 trades, $+292, eq=$39,273
[55/59] 2026-03-23: 3 trades, $+367, eq=$39,640
[56/59] 2026-03-24: 4 trades, $+132, eq=$39,772
[58/59] 2026-03-26: 4 trades, $+1,385, eq=$41,157

============================================================
  FINAL: YTD PDT Mode ($5K start, 4x buying power)
  Trades: 34, WR: 67% (23W/11L)
  P&L: $+36,157 (+723.1%)
  Equity: $41,157
============================================================
