============================================================
  YTD Salary Mode (cap $100K) | Windows: 07:00-12:00, 16:00-20:00 | Salary mode: cap $100,000
  59 trading days, starting $30,000
  Progress тЖТ /Users/duffy/warrior_bot_v2/backtest_status/salary_ytd.md
============================================================
[4/59] 2026-01-06: тАФ
[6/59] 2026-01-08: 2 trades, $+877, eq=$30,877
[7/59] 2026-01-09: тАФ
[8/59] 2026-01-12: 4 trades, $+1,268, eq=$32,145
[9/59] 2026-01-13: 5 trades, $+20,958, eq=$53,103
[10/59] 2026-01-14: 3 trades, $+22,300, eq=$75,403
[11/59] 2026-01-15: 7 trades, $+16,268, eq=$91,671
[12/59] 2026-01-16: 5 trades, $+1,921, eq=$93,592
[13/59] 2026-01-20: 5 trades, $+20,824, eq=$100,000 | withdrew $14,416 (total $14,416)
[14/59] 2026-01-21: 1 trades, $+7,968, eq=$100,000 | withdrew $7,968 (total $22,384)
[15/59] 2026-01-22: 2 trades, $+1,632, eq=$100,000 | withdrew $1,632 (total $24,016)
[16/59] 2026-01-23: 3 trades, $+12,992, eq=$100,000 | withdrew $12,992 (total $37,008)
[17/59] 2026-01-26: 3 trades, $+6,596, eq=$100,000 | withdrew $6,596 (total $43,604)
[18/59] 2026-01-27: 2 trades, $-662, eq=$99,338
[19/59] 2026-01-28: тАФ
[20/59] 2026-01-29: тАФ
[21/59] 2026-01-30: тАФ
[22/59] 2026-02-02: тАФ
[23/59] 2026-02-03: 3 trades, $+70,771, eq=$100,000 | withdrew $70,109 (total $113,713)
[24/59] 2026-02-04: тАФ
[25/59] 2026-02-05: тАФ
[26/59] 2026-02-06: 2 trades, $+17,094, eq=$100,000 | withdrew $17,094 (total $130,807)
[28/59] 2026-02-10: тАФ
[29/59] 2026-02-11: тАФ
[31/59] 2026-02-13: тАФ
[32/59] 2026-02-17: тАФ
[33/59] 2026-02-18: тАФ
[34/59] 2026-02-19: 3 trades, $+6,275, eq=$100,000 | withdrew $6,275 (total $137,082)
[35/59] 2026-02-20: тАФ
[40/59] 2026-02-27: тАФ
[41/59] 2026-03-02: 1 trades, $+1,158, eq=$100,000 | withdrew $1,158 (total $138,240)
[43/59] 2026-03-04: тАФ
[44/59] 2026-03-05: 1 trades, $+2,708, eq=$100,000 | withdrew $2,708 (total $140,948)
[45/59] 2026-03-06: 2 trades, $+30,404, eq=$100,000 | withdrew $30,404 (total $171,352)
[46/59] 2026-03-09: тАФ
[47/59] 2026-03-10: 2 trades, $+4,815, eq=$100,000 | withdrew $4,815 (total $176,167)
[48/59] 2026-03-11: тАФ
[49/59] 2026-03-12: тАФ
[50/59] 2026-03-13: тАФ
[52/59] 2026-03-18: тАФ
[53/59] 2026-03-19: 1 trades, $+750, eq=$100,000 | withdrew $750 (total $176,917)
[55/59] 2026-03-23: 1 trades, $+2,898, eq=$100,000 | withdrew $2,898 (total $179,815)
[56/59] 2026-03-24: 1 trades, $+2,567, eq=$100,000 | withdrew $2,567 (total $182,382)
[58/59] 2026-03-26: 2 trades, $+3,363, eq=$100,000 | withdrew $3,363 (total $185,745)

============================================================
  FINAL: YTD Salary Mode (cap $100K)
  Trades: 61, WR: 81% (48W/11L)
  Total Earned: $+255,745
  Withdrawn: $185,745 (16 withdrawals)
  Account: $100,000
============================================================
