
[2026-04-07] Fetching 2 symbols...
  [2026-04-07] ADVB...
    11,840 ticks, up to 04:01:43 ET...
    22,049 ticks, up to 04:14:15 ET...
    32,142 ticks, up to 04:28:20 ET...
    42,187 ticks, up to 04:59:39 ET...
    52,205 ticks, up to 05:55:01 ET...
    62,553 ticks, up to 06:33:42 ET...
    72,892 ticks, up to 06:37:53 ET...
    83,683 ticks, up to 06:41:05 ET...
    93,947 ticks, up to 06:46:10 ET...
    104,296 ticks, up to 06:52:03 ET...
    115,190 ticks, up to 06:56:09 ET...
    126,485 ticks, up to 06:57:22 ET...
    137,375 ticks, up to 07:00:20 ET...
    148,405 ticks, up to 07:01:41 ET...
    158,622 ticks, up to 07:07:47 ET...
    168,797 ticks, up to 07:16:27 ET...
    178,936 ticks, up to 07:33:04 ET...
    189,076 ticks, up to 07:51:36 ET...
    200,517 ticks, up to 08:27:22 ET...
    210,634 ticks, up to 09:17:42 ET...
    220,970 ticks, up to 09:33:58 ET...
    231,380 ticks, up to 09:50:17 ET...
    241,530 ticks, up to 10:35:30 ET...
    251,640 ticks, up to 12:14:51 ET...
    261,761 ticks, up to 15:06:25 ET...
  Saved 267388 ticks → /Users/duffy/warrior_bot_v2/tick_cache/2026-04-07/ADVB.json.gz
    (extended: 41,191 → 267,388 ticks)
  [2026-04-07] KPRX...
    10,355 ticks, up to 07:02:42 ET...
    20,971 ticks, up to 07:04:59 ET...
    31,369 ticks, up to 07:07:53 ET...
    42,151 ticks, up to 07:10:33 ET...
    52,638 ticks, up to 07:13:44 ET...
    62,817 ticks, up to 07:20:09 ET...
    72,993 ticks, up to 07:24:48 ET...
    83,269 ticks, up to 07:33:59 ET...
    93,637 ticks, up to 07:42:17 ET...
    104,568 ticks, up to 07:44:13 ET...
    114,979 ticks, up to 07:47:26 ET...
    125,166 ticks, up to 07:54:11 ET...
    136,860 ticks, up to 08:16:19 ET...
    146,968 ticks, up to 09:31:06 ET...
    157,861 ticks, up to 09:40:37 ET...
    168,116 ticks, up to 09:46:17 ET...
    178,587 ticks, up to 11:00:47 ET...
    188,697 ticks, up to 13:36:23 ET...
    198,851 ticks, up to 15:56:48 ET...
  Saved 201314 ticks → /Users/duffy/warrior_bot_v2/tick_cache/2026-04-07/KPRX.json.gz
    (extended: 55,205 → 201,314 ticks)

[2026-04-08] Fetching 5 symbols...
  [2026-04-08] BBGI...
    10,577 ticks, up to 07:02:44 ET...
    21,183 ticks, up to 07:03:57 ET...
    31,778 ticks, up to 07:04:42 ET...
    42,817 ticks, up to 07:05:33 ET...
    53,845 ticks, up to 07:06:23 ET...
    64,821 ticks, up to 07:07:36 ET...
    76,958 ticks, up to 07:08:24 ET...
    88,361 ticks, up to 07:09:22 ET...
    100,992 ticks, up to 07:10:05 ET...
    113,840 ticks, up to 07:10:21 ET...
    125,154 ticks, up to 07:11:08 ET...
    136,712 ticks, up to 07:12:19 ET...
    148,904 ticks, up to 07:12:46 ET...
    160,619 ticks, up to 07:13:10 ET...
    171,141 ticks, up to 07:14:23 ET...
    182,271 ticks, up to 07:15:50 ET...
    193,365 ticks, up to 07:16:57 ET...
    204,874 ticks, up to 07:18:45 ET...
    215,493 ticks, up to 07:21:36 ET...
    226,932 ticks, up to 07:23:20 ET...
    238,949 ticks, up to 07:23:35 ET...
    250,538 ticks, up to 07:23:59 ET...
    261,939 ticks, up to 07:24:44 ET...
    272,233 ticks, up to 07:27:16 ET...
    282,441 ticks, up to 07:31:50 ET...
    292,896 ticks, up to 07:35:05 ET...
    303,161 ticks, up to 07:41:32 ET...
    313,440 ticks, up to 07:45:24 ET...
    323,679 ticks, up to 07:53:12 ET...
    333,777 ticks, up to 08:02:02 ET...
    344,308 ticks, up to 08:16:42 ET...
    354,519 ticks, up to 08:28:37 ET...
    364,721 ticks, up to 08:47:33 ET...
    375,075 ticks, up to 09:06:21 ET...
    385,210 ticks, up to 09:30:04 ET...
    395,697 ticks, up to 09:35:08 ET...
    406,481 ticks, up to 09:37:06 ET...
    416,936 ticks, up to 09:42:15 ET...
    427,822 ticks, up to 09:50:12 ET...
    438,138 ticks, up to 10:05:13 ET...
    448,295 ticks, up to 10:15:44 ET...
    458,568 ticks, up to 10:40:18 ET...
    469,161 ticks, up to 11:04:43 ET...
    479,342 ticks, up to 11:32:46 ET...
    489,865 ticks, up to 11:41:39 ET...
    500,084 ticks, up to 12:29:08 ET...
    510,429 ticks, up to 13:53:19 ET...
    520,563 ticks, up to 14:03:45 ET...
    530,976 ticks, up to 14:07:04 ET...
    541,462 ticks, up to 14:11:16 ET...
    552,040 ticks, up to 14:15:55 ET...
    562,571 ticks, up to 14:21:44 ET...
    572,899 ticks, up to 14:40:04 ET...
    583,265 ticks, up to 14:50:12 ET...
    593,516 ticks, up to 15:18:32 ET...
    603,705 ticks, up to 15:25:01 ET...
    614,190 ticks, up to 15:37:31 ET...
    624,291 ticks, up to 17:03:53 ET...
  SKIP SAVE: BBGI new=626116 < existing=673780 — keeping existing
  [2026-04-08] CLIK...
    10,196 ticks, up to 10:29:35 ET...
    20,439 ticks, up to 10:35:02 ET...
    30,722 ticks, up to 10:46:36 ET...
    40,777 ticks, up to 12:17:09 ET...
  Saved 45801 ticks → /Users/duffy/warrior_bot_v2/tick_cache/2026-04-08/CLIK.json.gz
    (extended: 1,800 → 45,801 ticks)
  [2026-04-08] UCAR...
    11,561 ticks, up to 04:02:16 ET...
    21,743 ticks, up to 04:23:03 ET...
    31,848 ticks, up to 05:57:19 ET...
    41,935 ticks, up to 06:11:29 ET...
    52,003 ticks, up to 06:41:51 ET...
    62,230 ticks, up to 07:01:23 ET...
    72,279 ticks, up to 07:27:41 ET...
    82,327 ticks, up to 08:32:46 ET...
    92,544 ticks, up to 09:32:54 ET...
    104,338 ticks, up to 09:39:10 ET...
    114,883 ticks, up to 09:40:22 ET...
    126,913 ticks, up to 09:41:20 ET...
    137,512 ticks, up to 09:42:47 ET...
    148,149 ticks, up to 09:45:11 ET...
    159,106 ticks, up to 09:47:31 ET...
    169,791 ticks, up to 09:48:34 ET...
    180,344 ticks, up to 09:50:24 ET...
    191,471 ticks, up to 09:52:16 ET...
    202,393 ticks, up to 09:53:30 ET...
    213,139 ticks, up to 09:55:33 ET...
    223,991 ticks, up to 09:57:05 ET...
    234,347 ticks, up to 10:00:30 ET...
    244,721 ticks, up to 10:03:39 ET...
    255,289 ticks, up to 10:05:38 ET...
    265,494 ticks, up to 10:09:38 ET...
    276,183 ticks, up to 10:13:10 ET...
    286,550 ticks, up to 10:17:56 ET...
    297,018 ticks, up to 10:22:37 ET...
    307,569 ticks, up to 10:26:27 ET...
    318,025 ticks, up to 10:29:04 ET...
    328,435 ticks, up to 10:33:12 ET...
    339,096 ticks, up to 10:34:57 ET...
    350,219 ticks, up to 10:36:31 ET...
    360,945 ticks, up to 10:38:45 ET...
    371,671 ticks, up to 10:40:32 ET...
    382,212 ticks, up to 10:43:01 ET...
    392,780 ticks, up to 10:47:16 ET...
    403,076 ticks, up to 10:52:44 ET...
    413,360 ticks, up to 10:57:57 ET...
    423,943 ticks, up to 11:02:57 ET...
    434,307 ticks, up to 11:11:29 ET...
    444,931 ticks, up to 11:22:00 ET...
    455,123 ticks, up to 11:33:03 ET...
    465,590 ticks, up to 11:44:52 ET...
    476,276 ticks, up to 11:57:13 ET...
    486,745 ticks, up to 12:07:35 ET...
    497,000 ticks, up to 12:15:23 ET...
    508,185 ticks, up to 12:18:55 ET...
    518,443 ticks, up to 12:27:20 ET...
    528,626 ticks, up to 12:44:01 ET...
    539,164 ticks, up to 12:58:20 ET...
    549,425 ticks, up to 13:19:59 ET...
    559,531 ticks, up to 13:58:47 ET...
    569,876 ticks, up to 14:27:51 ET...
    580,797 ticks, up to 14:52:20 ET...
    591,260 ticks, up to 15:11:57 ET...
    601,842 ticks, up to 15:24:49 ET...
    611,917 ticks, up to 15:39:02 ET...
    623,240 ticks, up to 15:41:13 ET...
    633,819 ticks, up to 15:43:33 ET...
    645,097 ticks, up to 16:00:15 ET...
    655,531 ticks, up to 16:01:34 ET...
    665,928 ticks, up to 16:03:25 ET...
    676,402 ticks, up to 16:05:32 ET...
    686,703 ticks, up to 16:08:49 ET...
    697,341 ticks, up to 16:13:31 ET...
    707,554 ticks, up to 16:20:31 ET...
    718,059 ticks, up to 16:21:48 ET...
    728,726 ticks, up to 16:23:06 ET...
    739,338 ticks, up to 16:26:08 ET...
    750,280 ticks, up to 16:28:44 ET...
    761,143 ticks, up to 16:32:36 ET...
    771,835 ticks, up to 16:34:08 ET...
    782,418 ticks, up to 16:36:59 ET...
    792,793 ticks, up to 16:39:12 ET...
    804,422 ticks, up to 16:41:08 ET...
    815,424 ticks, up to 16:42:10 ET...
    825,657 ticks, up to 16:44:43 ET...
    836,165 ticks, up to 16:46:36 ET...
    846,634 ticks, up to 16:48:13 ET...
    857,468 ticks, up to 16:50:16 ET...
    868,274 ticks, up to 16:52:17 ET...
    878,496 ticks, up to 16:55:11 ET...
    888,925 ticks, up to 16:57:43 ET...
    899,092 ticks, up to 17:02:29 ET...
    909,963 ticks, up to 17:07:32 ET...
    920,359 ticks, up to 17:11:23 ET...
    930,874 ticks, up to 17:16:13 ET...
    941,135 ticks, up to 17:18:57 ET...
    952,167 ticks, up to 17:20:35 ET...
    962,691 ticks, up to 17:22:35 ET...
    973,163 ticks, up to 17:24:59 ET...
    983,506 ticks, up to 17:29:44 ET...
    993,812 ticks, up to 17:38:48 ET...
    1,003,946 ticks, up to 17:51:08 ET...
    1,014,203 ticks, up to 17:59:21 ET...
    1,024,650 ticks, up to 18:10:38 ET...
    1,034,778 ticks, up to 18:25:55 ET...
    1,044,865 ticks, up to 18:49:43 ET...
    1,054,962 ticks, up to 19:37:16 ET...
  Saved 1059258 ticks → /Users/duffy/warrior_bot_v2/tick_cache/2026-04-08/UCAR.json.gz
    (extended: 85,247 → 1,059,258 ticks)
  [2026-04-08] MIGI...
Error 200, reqId 2102: No security definition has been found for the request, contract: Stock(symbol='MIGI', exchange='SMART', currency='USD')
Unknown contract: Stock(symbol='MIGI', exchange='SMART', currency='USD')
Error 200, reqId 2103: No security definition has been found for the request, contract: Stock(symbol='MIGI', exchange='SMART', currency='USD')
  MIGI: no ticks
  [2026-04-08] ELPW...
    10,261 ticks, up to 09:07:06 ET...
    21,011 ticks, up to 09:08:18 ET...
    31,603 ticks, up to 09:10:16 ET...
    42,079 ticks, up to 09:11:51 ET...
    52,938 ticks, up to 09:14:10 ET...
    63,636 ticks, up to 09:16:13 ET...
    74,885 ticks, up to 09:19:16 ET...
    85,435 ticks, up to 09:21:30 ET...
    95,869 ticks, up to 09:26:43 ET...
    106,667 ticks, up to 09:29:16 ET...
    117,802 ticks, up to 09:30:29 ET...
    129,426 ticks, up to 09:31:28 ET...
    140,415 ticks, up to 09:32:25 ET...
    151,805 ticks, up to 09:33:14 ET...
    162,551 ticks, up to 09:35:18 ET...
    172,968 ticks, up to 09:38:26 ET...
    183,267 ticks, up to 09:43:06 ET...
    193,721 ticks, up to 09:53:10 ET...
    203,953 ticks, up to 10:09:39 ET...
    214,122 ticks, up to 11:00:58 ET...
    224,270 ticks, up to 15:02:45 ET...
    233,456 ticks, up to 19:59:33 ET...
  Saved 233456 ticks → /Users/duffy/warrior_bot_v2/tick_cache/2026-04-08/ELPW.json.gz
    (extended: 2,853 → 233,456 ticks)

[2026-04-10] Fetching 2 symbols...
  [2026-04-10] SQFT...
    10,345 ticks, up to 04:08:08 ET...
    20,507 ticks, up to 04:15:31 ET...
    30,597 ticks, up to 04:30:36 ET...
    40,692 ticks, up to 05:02:51 ET...
    50,871 ticks, up to 05:17:00 ET...
    60,896 ticks, up to 06:23:56 ET...
    71,185 ticks, up to 06:47:24 ET...
    81,397 ticks, up to 06:52:30 ET...
    91,655 ticks, up to 07:00:02 ET...
    102,503 ticks, up to 07:01:32 ET...
    112,900 ticks, up to 07:03:45 ET...
    123,562 ticks, up to 07:06:26 ET...
    133,625 ticks, up to 07:13:30 ET...
    143,805 ticks, up to 07:20:51 ET...
    153,898 ticks, up to 07:30:29 ET...
    164,149 ticks, up to 07:42:42 ET...
    174,289 ticks, up to 08:13:13 ET...
    184,377 ticks, up to 08:44:43 ET...
    194,620 ticks, up to 09:02:30 ET...
    204,745 ticks, up to 09:13:29 ET...
    214,911 ticks, up to 09:22:06 ET...
    225,114 ticks, up to 09:27:56 ET...
    236,043 ticks, up to 09:30:44 ET...
    247,701 ticks, up to 09:32:01 ET...
    258,020 ticks, up to 09:35:48 ET...
    268,369 ticks, up to 09:38:56 ET...
    278,799 ticks, up to 09:45:58 ET...
    289,563 ticks, up to 09:53:43 ET...
    300,421 ticks, up to 10:05:10 ET...
    310,948 ticks, up to 10:13:08 ET...
    321,211 ticks, up to 10:32:25 ET...
    331,650 ticks, up to 10:36:12 ET...
    342,046 ticks, up to 10:46:27 ET...
    352,231 ticks, up to 11:06:56 ET...
    362,678 ticks, up to 11:10:51 ET...
    372,754 ticks, up to 11:39:49 ET...
    383,392 ticks, up to 12:11:36 ET...
    393,635 ticks, up to 12:59:07 ET...
    403,664 ticks, up to 15:05:11 ET...
  Saved 411890 ticks → /Users/duffy/warrior_bot_v2/tick_cache/2026-04-10/SQFT.json.gz
    (extended: 411,890 → 411,890 ticks)
  [2026-04-10] IQST...
    10,206 ticks, up to 07:12:28 ET...
    20,319 ticks, up to 09:18:55 ET...
  Saved 26849 ticks → /Users/duffy/warrior_bot_v2/tick_cache/2026-04-10/IQST.json.gz
    (extended: 26,849 → 26,849 ticks)

[2026-04-13] Fetching 2 symbols...
  [2026-04-13] IMA...
    10,434 ticks, up to 07:04:20 ET...
    20,962 ticks, up to 07:06:38 ET...
    31,431 ticks, up to 07:10:56 ET...
    41,998 ticks, up to 07:12:03 ET...
    53,023 ticks, up to 07:14:27 ET...
    64,133 ticks, up to 07:15:17 ET...
    75,169 ticks, up to 07:17:01 ET...
    85,812 ticks, up to 07:18:31 ET...
    96,927 ticks, up to 07:20:23 ET...
    107,623 ticks, up to 07:22:25 ET...
    118,118 ticks, up to 07:26:01 ET...
    128,903 ticks, up to 07:29:25 ET...
    139,478 ticks, up to 07:33:01 ET...
    150,256 ticks, up to 07:35:37 ET...
    160,565 ticks, up to 07:44:09 ET...
    170,925 ticks, up to 07:54:47 ET...
    181,091 ticks, up to 08:11:28 ET...
    191,178 ticks, up to 08:51:04 ET...
    201,446 ticks, up to 09:47:05 ET...
    211,556 ticks, up to 10:23:23 ET...
    221,736 ticks, up to 11:31:14 ET...
    231,911 ticks, up to 11:49:41 ET...
    242,131 ticks, up to 14:26:33 ET...
  SKIP SAVE: IMA new=250845 < existing=285439 — keeping existing
  [2026-04-13] RECT...
    10,486 ticks, up to 08:03:15 ET...
    20,881 ticks, up to 08:05:44 ET...
    31,302 ticks, up to 08:09:08 ET...
    41,596 ticks, up to 08:13:17 ET...
    51,893 ticks, up to 08:17:14 ET...
    62,085 ticks, up to 08:31:04 ET...
    72,632 ticks, up to 08:34:25 ET...
    82,858 ticks, up to 08:38:43 ET...
    93,134 ticks, up to 08:45:48 ET...
    103,729 ticks, up to 08:47:36 ET...
    114,121 ticks, up to 08:51:07 ET...
    124,459 ticks, up to 08:57:44 ET...
    134,689 ticks, up to 09:13:20 ET...
    145,108 ticks, up to 09:18:07 ET...
    155,260 ticks, up to 09:30:04 ET...
    165,893 ticks, up to 09:32:38 ET...
    176,342 ticks, up to 09:35:23 ET...
    187,004 ticks, up to 09:36:57 ET...
    197,862 ticks, up to 09:38:19 ET...
    208,759 ticks, up to 09:39:41 ET...
    219,164 ticks, up to 09:44:04 ET...
    229,644 ticks, up to 09:49:08 ET...
    240,681 ticks, up to 09:51:11 ET...
    253,246 ticks, up to 09:56:42 ET...
    265,734 ticks, up to 09:56:59 ET...
    277,522 ticks, up to 09:57:25 ET...
    288,656 ticks, up to 09:58:04 ET...
    299,371 ticks, up to 09:59:03 ET...
    311,076 ticks, up to 10:00:08 ET...
    321,845 ticks, up to 10:01:16 ET...
    332,684 ticks, up to 10:02:19 ET...
    343,480 ticks, up to 10:04:16 ET...
    354,398 ticks, up to 10:06:16 ET...
    366,025 ticks, up to 10:07:42 ET...
    376,589 ticks, up to 10:08:50 ET...
    387,268 ticks, up to 10:10:13 ET...
    397,799 ticks, up to 10:11:57 ET...
    408,444 ticks, up to 10:14:28 ET...
    419,375 ticks, up to 10:15:59 ET...
    430,172 ticks, up to 10:18:25 ET...
    440,903 ticks, up to 10:23:27 ET...
    452,006 ticks, up to 10:26:08 ET...
    462,721 ticks, up to 10:28:11 ET...
    473,690 ticks, up to 10:30:52 ET...
    484,202 ticks, up to 10:32:22 ET...
    494,749 ticks, up to 10:35:15 ET...
    507,681 ticks, up to 10:36:53 ET...
    519,331 ticks, up to 10:37:37 ET...
    530,080 ticks, up to 10:39:24 ET...
    541,130 ticks, up to 10:40:58 ET...
    551,627 ticks, up to 10:43:53 ET...
    562,187 ticks, up to 10:48:36 ET...
    572,564 ticks, up to 10:52:35 ET...
    582,973 ticks, up to 11:00:38 ET...
    593,469 ticks, up to 11:04:48 ET...
    603,724 ticks, up to 11:13:25 ET...
    614,114 ticks, up to 11:22:24 ET...
    625,436 ticks, up to 11:24:19 ET...
    635,980 ticks, up to 11:29:24 ET...
    646,301 ticks, up to 11:39:11 ET...
    656,410 ticks, up to 11:50:19 ET...
    666,949 ticks, up to 11:55:24 ET...
    677,166 ticks, up to 12:08:29 ET...
    687,702 ticks, up to 12:18:48 ET...
    698,727 ticks, up to 12:23:57 ET...
    708,853 ticks, up to 12:44:35 ET...
    719,247 ticks, up to 12:54:29 ET...
    729,729 ticks, up to 13:03:58 ET...
    739,904 ticks, up to 13:20:30 ET...
    750,096 ticks, up to 13:40:09 ET...
    760,432 ticks, up to 13:48:04 ET...
    770,709 ticks, up to 13:58:04 ET...
    780,867 ticks, up to 14:13:54 ET...
    791,128 ticks, up to 14:52:24 ET...
    801,556 ticks, up to 15:04:00 ET...
    811,758 ticks, up to 15:22:30 ET...
    822,106 ticks, up to 15:45:47 ET...
    832,736 ticks, up to 16:09:15 ET...
  Saved 840593 ticks → /Users/duffy/warrior_bot_v2/tick_cache/2026-04-13/RECT.json.gz
    (extended: 162,899 → 840,593 ticks)

[2026-04-14] Fetching 1 symbols...
  [2026-04-14] ROLR...
    10,452 ticks, up to 08:03:47 ET...
    20,708 ticks, up to 08:06:28 ET...
    31,326 ticks, up to 08:08:04 ET...
    43,177 ticks, up to 08:09:15 ET...
    54,063 ticks, up to 08:10:28 ET...
    64,982 ticks, up to 08:11:37 ET...
    75,864 ticks, up to 08:12:35 ET...
    87,117 ticks, up to 08:13:31 ET...
    98,100 ticks, up to 08:14:37 ET...
    108,738 ticks, up to 08:16:02 ET...
    121,081 ticks, up to 08:17:09 ET...
    133,869 ticks, up to 08:17:28 ET...
    145,338 ticks, up to 08:18:07 ET...
    157,470 ticks, up to 08:18:26 ET...
    168,876 ticks, up to 08:19:04 ET...
    180,284 ticks, up to 08:20:05 ET...
    193,140 ticks, up to 08:21:02 ET...
    205,089 ticks, up to 08:21:29 ET...
    216,996 ticks, up to 08:21:47 ET...
    228,660 ticks, up to 08:22:12 ET...
    240,879 ticks, up to 08:22:44 ET...
    252,479 ticks, up to 08:23:30 ET...
    264,568 ticks, up to 08:23:50 ET...
    276,500 ticks, up to 08:24:21 ET...
    288,050 ticks, up to 08:25:29 ET...
    300,931 ticks, up to 08:26:11 ET...
    311,458 ticks, up to 08:27:16 ET...
    322,433 ticks, up to 08:28:54 ET...
    333,666 ticks, up to 08:30:00 ET...
    344,455 ticks, up to 08:31:45 ET...
    356,066 ticks, up to 08:32:54 ET...
    367,285 ticks, up to 08:33:29 ET...
    378,624 ticks, up to 08:35:20 ET...
    389,878 ticks, up to 08:37:16 ET...
    400,868 ticks, up to 08:39:38 ET...
    411,533 ticks, up to 08:41:48 ET...
    422,719 ticks, up to 08:43:37 ET...
    433,506 ticks, up to 08:45:45 ET...
    444,839 ticks, up to 08:47:25 ET...
    455,258 ticks, up to 08:49:39 ET...
    466,326 ticks, up to 08:53:00 ET...
    476,793 ticks, up to 08:56:39 ET...
    488,259 ticks, up to 08:59:11 ET...
    501,288 ticks, up to 08:59:41 ET...
    512,088 ticks, up to 09:02:40 ET...
    522,385 ticks, up to 09:07:16 ET...
    532,947 ticks, up to 09:12:30 ET...
    544,700 ticks, up to 09:13:47 ET...
    556,794 ticks, up to 09:14:04 ET...
    568,457 ticks, up to 09:14:31 ET...
    579,915 ticks, up to 09:15:15 ET...
    590,964 ticks, up to 09:16:51 ET...
    601,803 ticks, up to 09:18:41 ET...
    613,918 ticks, up to 09:19:44 ET...
    625,554 ticks, up to 09:20:12 ET...
    636,430 ticks, up to 09:21:48 ET...
    648,103 ticks, up to 09:22:40 ET...
    659,404 ticks, up to 09:23:42 ET...
    671,008 ticks, up to 09:24:21 ET...
    681,855 ticks, up to 09:25:25 ET...
    692,601 ticks, up to 09:27:26 ET...
    703,238 ticks, up to 09:29:54 ET...
    714,854 ticks, up to 09:30:25 ET...
    726,646 ticks, up to 09:30:54 ET...
    737,723 ticks, up to 09:32:00 ET...
    748,760 ticks, up to 09:33:02 ET...
    760,190 ticks, up to 09:33:56 ET...
    770,899 ticks, up to 09:35:43 ET...
    783,990 ticks, up to 09:37:11 ET...
    795,825 ticks, up to 09:37:47 ET...
    807,032 ticks, up to 09:38:56 ET...
    817,929 ticks, up to 09:40:31 ET...
    828,667 ticks, up to 09:42:21 ET...
    839,205 ticks, up to 09:44:29 ET...
    849,671 ticks, up to 09:46:33 ET...
    860,188 ticks, up to 09:48:54 ET...
    872,220 ticks, up to 09:50:28 ET...
    884,329 ticks, up to 09:51:02 ET...
    894,629 ticks, up to 09:53:45 ET...
    905,249 ticks, up to 09:57:06 ET...
    917,616 ticks, up to 09:57:55 ET...
    928,126 ticks, up to 10:00:29 ET...
    939,295 ticks, up to 10:02:28 ET...
    949,816 ticks, up to 10:05:13 ET...
    959,992 ticks, up to 10:09:12 ET...
    970,387 ticks, up to 10:13:25 ET...
    980,890 ticks, up to 10:15:50 ET...
    991,476 ticks, up to 10:20:02 ET...
    1,001,820 ticks, up to 10:26:06 ET...
    1,012,295 ticks, up to 10:35:04 ET...
    1,022,561 ticks, up to 10:40:07 ET...
    1,034,727 ticks, up to 10:42:42 ET...
    1,044,956 ticks, up to 10:48:34 ET...
    1,055,220 ticks, up to 11:00:35 ET...
    1,065,414 ticks, up to 11:10:01 ET...
    1,076,136 ticks, up to 11:12:49 ET...
    1,086,717 ticks, up to 11:19:41 ET...
    1,096,944 ticks, up to 11:25:02 ET...
    1,107,254 ticks, up to 11:32:15 ET...
    1,118,317 ticks, up to 11:39:42 ET...
    1,128,636 ticks, up to 11:48:43 ET...
    1,138,748 ticks, up to 12:02:24 ET...
    1,148,858 ticks, up to 12:19:13 ET...
    1,158,973 ticks, up to 12:42:07 ET...
    1,169,359 ticks, up to 13:01:07 ET...
    1,179,430 ticks, up to 13:24:35 ET...
    1,189,531 ticks, up to 14:00:34 ET...
    1,199,786 ticks, up to 14:09:53 ET...
    1,210,333 ticks, up to 14:19:42 ET...
    1,220,595 ticks, up to 14:48:31 ET...
    1,230,745 ticks, up to 15:24:49 ET...
    1,240,938 ticks, up to 15:56:23 ET...
    1,251,092 ticks, up to 16:59:35 ET...
  Saved 1256555 ticks → /Users/duffy/warrior_bot_v2/tick_cache/2026-04-14/ROLR.json.gz
    (extended: 331,587 → 1,256,555 ticks)

[2026-04-15] Fetching 3 symbols...
  [2026-04-15] CIIT...
    13,160 ticks, up to 04:01:25 ET...
    23,992 ticks, up to 04:08:36 ET...
    34,191 ticks, up to 04:36:39 ET...
    44,255 ticks, up to 05:12:23 ET...
    54,420 ticks, up to 05:53:24 ET...
    64,505 ticks, up to 06:05:52 ET...
    74,639 ticks, up to 06:28:00 ET...
    84,730 ticks, up to 07:01:59 ET...
    94,905 ticks, up to 07:43:10 ET...
    104,952 ticks, up to 09:23:17 ET...
    115,036 ticks, up to 10:10:58 ET...
    125,070 ticks, up to 14:25:16 ET...
  Saved 133950 ticks → /Users/duffy/warrior_bot_v2/tick_cache/2026-04-15/CIIT.json.gz
    (extended: 133,781 → 133,950 ticks)
  [2026-04-15] BIRD...
    10,350 ticks, up to 08:16:27 ET...
    20,705 ticks, up to 08:20:28 ET...
    31,746 ticks, up to 08:21:28 ET...
    43,237 ticks, up to 08:22:15 ET...
    54,619 ticks, up to 08:22:43 ET...
    65,348 ticks, up to 08:23:58 ET...
    76,564 ticks, up to 08:24:50 ET...
    87,372 ticks, up to 08:26:31 ET...
    100,497 ticks, up to 08:27:20 ET...
    113,357 ticks, up to 08:27:41 ET...
    125,893 ticks, up to 08:28:01 ET...
    139,087 ticks, up to 08:28:17 ET...
    149,967 ticks, up to 08:29:05 ET...
    160,914 ticks, up to 08:30:23 ET...
    172,124 ticks, up to 08:31:14 ET...
    182,771 ticks, up to 08:33:26 ET...
    193,071 ticks, up to 08:35:21 ET...
    203,580 ticks, up to 08:37:37 ET...
    214,161 ticks, up to 08:38:37 ET...
    224,421 ticks, up to 08:41:59 ET...
    234,756 ticks, up to 08:45:50 ET...
    245,802 ticks, up to 08:47:27 ET...
    257,609 ticks, up to 08:48:01 ET...
    271,543 ticks, up to 08:48:20 ET...
    283,999 ticks, up to 08:48:31 ET...
    295,074 ticks, up to 08:49:15 ET...
    306,615 ticks, up to 08:50:11 ET...
    320,635 ticks, up to 08:50:26 ET...
    332,034 ticks, up to 08:51:02 ET...
    342,849 ticks, up to 08:52:13 ET...
    353,837 ticks, up to 08:53:50 ET...
    364,649 ticks, up to 08:55:55 ET...
    376,880 ticks, up to 08:56:10 ET...
    387,130 ticks, up to 08:58:47 ET...
    400,530 ticks, up to 08:59:48 ET...
    414,402 ticks, up to 09:00:01 ET...
    427,910 ticks, up to 09:00:12 ET...
    440,659 ticks, up to 09:00:37 ET...
    451,755 ticks, up to 09:01:24 ET...
    463,140 ticks, up to 09:02:11 ET...
    476,128 ticks, up to 09:02:25 ET...
    489,205 ticks, up to 09:02:38 ET...
    500,979 ticks, up to 09:03:07 ET...
    511,812 ticks, up to 09:03:43 ET...
    523,115 ticks, up to 09:04:45 ET...
    534,392 ticks, up to 09:06:06 ET...
    545,080 ticks, up to 09:07:13 ET...
    557,669 ticks, up to 09:08:11 ET...
    569,436 ticks, up to 09:08:29 ET...
    580,556 ticks, up to 09:08:48 ET...
    592,628 ticks, up to 09:09:11 ET...
    605,028 ticks, up to 09:09:33 ET...
    615,753 ticks, up to 09:10:55 ET...
    626,612 ticks, up to 09:12:55 ET...
    637,868 ticks, up to 09:14:14 ET...
    648,536 ticks, up to 09:16:00 ET...
    659,466 ticks, up to 09:18:28 ET...
    670,115 ticks, up to 09:20:25 ET...
    680,711 ticks, up to 09:22:48 ET...
    691,431 ticks, up to 09:24:13 ET...
    702,058 ticks, up to 09:28:02 ET...
    712,892 ticks, up to 09:30:15 ET...
    724,838 ticks, up to 09:31:01 ET...
    736,583 ticks, up to 09:31:54 ET...
    748,728 ticks, up to 09:32:31 ET...
    760,869 ticks, up to 09:32:48 ET...
    775,495 ticks, up to 09:33:05 ET...
    786,754 ticks, up to 09:33:46 ET...
    798,368 ticks, up to 09:34:39 ET...
    810,518 ticks, up to 09:35:03 ET...
    822,320 ticks, up to 09:35:38 ET...
    835,987 ticks, up to 09:36:03 ET...
    849,584 ticks, up to 09:36:15 ET...
    861,479 ticks, up to 09:41:37 ET...
    875,795 ticks, up to 09:41:52 ET...
    887,721 ticks, up to 09:42:04 ET...
    902,050 ticks, up to 09:42:20 ET...
    915,070 ticks, up to 09:42:32 ET...
    930,804 ticks, up to 09:42:43 ET...
    944,191 ticks, up to 09:42:56 ET...
    957,549 ticks, up to 09:43:14 ET...
    970,029 ticks, up to 09:43:33 ET...
    983,501 ticks, up to 09:43:46 ET...
    995,977 ticks, up to 09:44:08 ET...
    1,007,973 ticks, up to 09:44:37 ET...
    1,020,223 ticks, up to 09:45:05 ET...
    1,032,703 ticks, up to 09:45:29 ET...
    1,045,207 ticks, up to 09:45:56 ET...
    1,056,139 ticks, up to 09:46:33 ET...
    1,069,805 ticks, up to 09:46:47 ET...
    1,082,837 ticks, up to 09:47:01 ET...
    1,095,334 ticks, up to 09:47:20 ET...
    1,107,027 ticks, up to 09:47:52 ET...
    1,120,076 ticks, up to 09:48:06 ET...
    1,132,771 ticks, up to 09:48:22 ET...
    1,147,061 ticks, up to 09:48:35 ET...
    1,159,270 ticks, up to 09:48:52 ET...
    1,171,674 ticks, up to 09:49:11 ET...
    1,184,485 ticks, up to 09:49:35 ET...
    1,196,574 ticks, up to 09:50:05 ET...
    1,208,815 ticks, up to 09:50:36 ET...
    1,220,733 ticks, up to 09:51:00 ET...
    1,232,265 ticks, up to 09:51:32 ET...
    1,243,121 ticks, up to 09:52:38 ET...
    1,255,965 ticks, up to 09:53:15 ET...
    1,268,764 ticks, up to 09:53:49 ET...
    1,280,135 ticks, up to 09:54:29 ET...
    1,293,744 ticks, up to 09:55:04 ET...
    1,304,751 ticks, up to 09:56:00 ET...
    1,317,093 ticks, up to 09:56:42 ET...
    1,329,733 ticks, up to 09:57:10 ET...
    1,341,828 ticks, up to 09:57:36 ET...
    1,353,306 ticks, up to 09:58:43 ET...
    1,365,800 ticks, up to 10:00:00 ET...
    1,378,400 ticks, up to 10:01:02 ET...
    1,391,106 ticks, up to 10:01:34 ET...
    1,401,975 ticks, up to 10:02:58 ET...
    1,414,456 ticks, up to 10:03:25 ET...
    1,426,812 ticks, up to 10:03:49 ET...
    1,437,547 ticks, up to 10:05:07 ET...
    1,450,552 ticks, up to 10:05:39 ET...
    1,461,430 ticks, up to 10:06:46 ET...
    1,471,866 ticks, up to 10:08:46 ET...
    1,484,528 ticks, up to 10:10:12 ET...
    1,496,410 ticks, up to 10:12:20 ET...
    1,508,540 ticks, up to 10:13:14 ET...
    1,520,707 ticks, up to 10:13:37 ET...
    1,532,853 ticks, up to 10:14:16 ET...
    1,543,592 ticks, up to 10:15:30 ET...
    1,553,915 ticks, up to 10:17:35 ET...
    1,565,373 ticks, up to 10:19:50 ET...
    1,577,972 ticks, up to 10:20:49 ET...
    1,588,671 ticks, up to 10:22:52 ET...
    1,600,234 ticks, up to 10:25:31 ET...
    1,611,833 ticks, up to 10:27:50 ET...
    1,623,527 ticks, up to 10:29:29 ET...
    1,635,019 ticks, up to 10:30:59 ET...
    1,646,437 ticks, up to 10:31:39 ET...
    1,657,148 ticks, up to 10:32:53 ET...
    1,669,846 ticks, up to 10:33:05 ET...
    1,682,491 ticks, up to 10:33:31 ET...
    1,695,641 ticks, up to 10:33:47 ET...
    1,707,686 ticks, up to 10:34:10 ET...
    1,718,780 ticks, up to 10:34:53 ET...
    1,730,343 ticks, up to 10:35:31 ET...
    1,741,228 ticks, up to 10:36:33 ET...
    1,754,935 ticks, up to 10:37:06 ET...
    1,768,409 ticks, up to 10:37:23 ET...
    1,779,267 ticks, up to 10:38:11 ET...
    1,790,052 ticks, up to 10:38:53 ET...
    1,800,901 ticks, up to 10:40:28 ET...
    1,812,006 ticks, up to 10:41:42 ET...
    1,822,708 ticks, up to 10:43:34 ET...
    1,834,268 ticks, up to 10:44:58 ET...
    1,845,945 ticks, up to 10:45:59 ET...
    1,857,433 ticks, up to 10:47:10 ET...
    1,869,462 ticks, up to 10:47:45 ET...
    1,882,683 ticks, up to 10:48:29 ET...
    1,894,132 ticks, up to 10:49:29 ET...
    1,906,780 ticks, up to 10:50:54 ET...
    1,917,503 ticks, up to 10:52:32 ET...
    1,928,004 ticks, up to 10:54:37 ET...
    1,938,676 ticks, up to 10:57:07 ET...
    1,950,064 ticks, up to 10:58:54 ET...
    1,960,721 ticks, up to 11:01:07 ET...
    1,971,781 ticks, up to 11:03:51 ET...
    1,983,024 ticks, up to 11:05:25 ET...
    1,993,818 ticks, up to 11:07:05 ET...
    2,005,584 ticks, up to 11:08:33 ET...
    2,018,805 ticks, up to 11:09:04 ET...
    2,030,178 ticks, up to 11:09:57 ET...
    2,040,628 ticks, up to 11:11:48 ET...
    2,052,291 ticks, up to 11:12:41 ET...
    2,064,092 ticks, up to 11:13:18 ET...
    2,075,893 ticks, up to 11:13:53 ET...
    2,087,217 ticks, up to 11:14:18 ET...
    2,099,017 ticks, up to 11:14:44 ET...
    2,112,449 ticks, up to 11:15:01 ET...
    2,124,943 ticks, up to 11:15:25 ET...
    2,135,632 ticks, up to 11:16:08 ET...
    2,146,568 ticks, up to 11:17:05 ET...
    2,159,342 ticks, up to 11:17:37 ET...
    2,171,489 ticks, up to 11:18:01 ET...
    2,183,511 ticks, up to 11:18:21 ET...
    2,194,812 ticks, up to 11:18:53 ET...
    2,207,382 ticks, up to 11:19:12 ET...
    2,219,152 ticks, up to 11:19:57 ET...
    2,231,564 ticks, up to 11:20:41 ET...
    2,243,405 ticks, up to 11:21:08 ET...
    2,254,283 ticks, up to 11:21:57 ET...
    2,266,532 ticks, up to 11:22:36 ET...
    2,277,860 ticks, up to 11:23:18 ET...
    2,289,535 ticks, up to 11:24:12 ET...
    2,301,226 ticks, up to 11:24:37 ET...
    2,312,541 ticks, up to 11:25:53 ET...
    2,324,955 ticks, up to 11:26:37 ET...
    2,336,750 ticks, up to 11:27:41 ET...
    2,349,502 ticks, up to 11:28:13 ET...
    2,360,834 ticks, up to 11:28:38 ET...
    2,373,034 ticks, up to 11:29:06 ET...
  Saved 2373034 ticks → /Users/duffy/warrior_bot_v2/tick_cache/2026-04-15/BIRD.json.gz
    (extended: 2,373,034 → 2,373,034 ticks)
  [2026-04-15] VNCE...
  Saved 5355 ticks → /Users/duffy/warrior_bot_v2/tick_cache/2026-04-15/VNCE.json.gz
    (extended: 5,355 → 5,355 ticks)

[2026-04-16] Fetching 2 symbols...
  [2026-04-16] MYSE...
    10,613 ticks, up to 04:01:59 ET...
    23,453 ticks, up to 04:02:26 ET...
    36,006 ticks, up to 04:02:37 ET...
    49,432 ticks, up to 04:03:38 ET...
    59,764 ticks, up to 04:07:10 ET...
    69,901 ticks, up to 04:13:16 ET...
    80,295 ticks, up to 04:18:55 ET...
    90,582 ticks, up to 04:26:00 ET...
    100,727 ticks, up to 04:33:04 ET...
    111,029 ticks, up to 04:43:07 ET...
    121,469 ticks, up to 04:50:38 ET...
    131,665 ticks, up to 05:00:13 ET...
    141,965 ticks, up to 05:07:54 ET...
    152,325 ticks, up to 05:15:36 ET...
    162,693 ticks, up to 05:20:16 ET...
    172,978 ticks, up to 05:32:09 ET...
    183,439 ticks, up to 05:34:43 ET...
    193,760 ticks, up to 05:37:42 ET...
    204,314 ticks, up to 05:42:04 ET...
    214,705 ticks, up to 05:48:43 ET...
    224,867 ticks, up to 05:54:38 ET...
    235,139 ticks, up to 05:59:55 ET...
    245,259 ticks, up to 06:07:54 ET...
    255,383 ticks, up to 06:21:53 ET...
    265,848 ticks, up to 06:26:38 ET...
    276,452 ticks, up to 06:29:17 ET...
    286,885 ticks, up to 06:32:04 ET...
    297,547 ticks, up to 06:33:51 ET...
    307,986 ticks, up to 06:36:25 ET...
    318,530 ticks, up to 06:38:21 ET...
    329,014 ticks, up to 06:40:11 ET...
    339,659 ticks, up to 06:43:36 ET...
    350,397 ticks, up to 06:46:11 ET...
    360,737 ticks, up to 06:48:36 ET...
    370,916 ticks, up to 06:53:54 ET...
    381,374 ticks, up to 06:58:22 ET...
    391,959 ticks, up to 07:00:59 ET...
    402,161 ticks, up to 07:06:35 ET...
    414,118 ticks, up to 07:07:28 ET...
    425,392 ticks, up to 07:08:00 ET...
    436,037 ticks, up to 07:08:55 ET...
    446,568 ticks, up to 07:09:59 ET...
    457,465 ticks, up to 07:11:23 ET...
    468,322 ticks, up to 07:12:55 ET...
    481,879 ticks, up to 07:13:06 ET...
    493,379 ticks, up to 07:13:24 ET...
    505,141 ticks, up to 07:13:48 ET...
    516,912 ticks, up to 07:14:18 ET...
    527,873 ticks, up to 07:15:15 ET...
    539,941 ticks, up to 07:15:59 ET...
    551,898 ticks, up to 07:16:17 ET...
    563,056 ticks, up to 07:16:51 ET...
    574,665 ticks, up to 07:17:26 ET...
    586,451 ticks, up to 07:18:00 ET...
    597,755 ticks, up to 07:18:52 ET...
    608,664 ticks, up to 07:19:58 ET...
    619,673 ticks, up to 07:20:55 ET...
    631,235 ticks, up to 07:21:41 ET...
    641,695 ticks, up to 07:23:44 ET...
    652,389 ticks, up to 07:24:54 ET...
    662,815 ticks, up to 07:27:25 ET...
    673,558 ticks, up to 07:28:53 ET...
    684,821 ticks, up to 07:29:31 ET...
    695,399 ticks, up to 07:32:06 ET...
    706,529 ticks, up to 07:34:08 ET...
    717,679 ticks, up to 07:35:18 ET...
    729,088 ticks, up to 07:36:58 ET...
    739,666 ticks, up to 07:39:10 ET...
    750,346 ticks, up to 07:41:28 ET...
    760,652 ticks, up to 07:44:10 ET...
    770,986 ticks, up to 07:48:17 ET...
    781,701 ticks, up to 07:51:33 ET...
    792,511 ticks, up to 07:53:17 ET...
    802,947 ticks, up to 07:56:52 ET...
    813,288 ticks, up to 08:00:19 ET...
    823,712 ticks, up to 08:05:07 ET...
    834,296 ticks, up to 08:07:36 ET...
    844,767 ticks, up to 08:09:58 ET...
    855,194 ticks, up to 08:12:34 ET...
    865,464 ticks, up to 08:16:29 ET...
    876,035 ticks, up to 08:17:57 ET...
    886,370 ticks, up to 08:20:27 ET...
    896,520 ticks, up to 08:24:41 ET...
    907,042 ticks, up to 08:27:27 ET...
    917,620 ticks, up to 08:28:31 ET...
    927,945 ticks, up to 08:31:32 ET...
    938,183 ticks, up to 08:37:25 ET...
    948,320 ticks, up to 08:45:05 ET...
    958,994 ticks, up to 08:51:33 ET...
    969,199 ticks, up to 08:57:21 ET...
    979,345 ticks, up to 09:04:01 ET...
    989,862 ticks, up to 09:10:02 ET...
    1,000,414 ticks, up to 09:11:59 ET...
    1,010,699 ticks, up to 09:16:51 ET...
    1,020,873 ticks, up to 09:25:07 ET...
    1,031,423 ticks, up to 09:29:35 ET...
    1,043,083 ticks, up to 09:30:14 ET...
    1,055,749 ticks, up to 09:30:32 ET...
    1,066,697 ticks, up to 09:31:13 ET...
    1,077,726 ticks, up to 09:32:19 ET...
    1,090,330 ticks, up to 09:32:30 ET...
    1,102,976 ticks, up to 09:32:42 ET...
    1,114,541 ticks, up to 09:33:21 ET...
    1,125,545 ticks, up to 09:34:31 ET...
    1,137,901 ticks, up to 09:35:12 ET...
    1,149,139 ticks, up to 09:36:36 ET...
    1,160,406 ticks, up to 09:37:13 ET...
    1,171,027 ticks, up to 09:38:57 ET...
    1,181,290 ticks, up to 09:40:57 ET...
    1,191,567 ticks, up to 09:44:22 ET...
    1,201,968 ticks, up to 09:46:25 ET...
    1,212,705 ticks, up to 09:48:16 ET...
    1,223,448 ticks, up to 09:49:46 ET...
    1,233,974 ticks, up to 09:52:40 ET...
    1,244,436 ticks, up to 09:55:42 ET...
    1,254,944 ticks, up to 10:00:29 ET...
    1,267,477 ticks, up to 10:02:16 ET...
    1,278,272 ticks, up to 10:03:14 ET...
    1,288,766 ticks, up to 10:05:09 ET...
    1,299,879 ticks, up to 10:06:51 ET...
    1,310,228 ticks, up to 10:10:38 ET...
    1,320,745 ticks, up to 10:13:29 ET...
    1,331,157 ticks, up to 10:18:40 ET...
    1,341,501 ticks, up to 10:22:13 ET...
    1,351,935 ticks, up to 10:28:19 ET...
    1,362,271 ticks, up to 10:35:04 ET...
    1,372,842 ticks, up to 10:41:50 ET...
    1,383,094 ticks, up to 10:51:13 ET...
    1,393,534 ticks, up to 10:59:27 ET...
    1,403,797 ticks, up to 11:11:52 ET...
    1,414,591 ticks, up to 11:18:11 ET...
    1,425,053 ticks, up to 11:25:56 ET...
    1,435,273 ticks, up to 11:37:13 ET...
    1,445,465 ticks, up to 11:49:25 ET...
    1,455,530 ticks, up to 12:01:51 ET...
    1,465,720 ticks, up to 12:09:14 ET...
    1,475,788 ticks, up to 12:22:12 ET...
    1,485,896 ticks, up to 12:47:07 ET...
    1,496,192 ticks, up to 13:06:24 ET...
    1,506,391 ticks, up to 13:16:40 ET...
    1,516,545 ticks, up to 13:22:07 ET...
    1,526,754 ticks, up to 13:31:45 ET...
    1,536,922 ticks, up to 13:42:33 ET...
    1,547,354 ticks, up to 13:47:02 ET...
    1,557,790 ticks, up to 13:51:09 ET...
    1,568,158 ticks, up to 13:58:28 ET...
    1,578,308 ticks, up to 14:10:20 ET...
    1,588,739 ticks, up to 14:23:03 ET...
    1,599,091 ticks, up to 14:39:44 ET...
    1,609,179 ticks, up to 15:05:13 ET...
    1,619,557 ticks, up to 15:30:06 ET...
    1,629,752 ticks, up to 15:55:10 ET...
    1,640,132 ticks, up to 16:32:06 ET...
    1,650,351 ticks, up to 17:13:35 ET...
    1,660,429 ticks, up to 18:47:40 ET...
  Saved 1663175 ticks → /Users/duffy/warrior_bot_v2/tick_cache/2026-04-16/MYSE.json.gz
    (extended: 1,663,175 → 1,663,175 ticks)
  [2026-04-16] BTOG...
    10,313 ticks, up to 09:02:40 ET...
    21,556 ticks, up to 09:04:00 ET...
    32,654 ticks, up to 09:04:45 ET...
    43,728 ticks, up to 09:05:48 ET...
    54,459 ticks, up to 09:06:43 ET...
    65,530 ticks, up to 09:07:33 ET...
    76,479 ticks, up to 09:09:02 ET...
    86,833 ticks, up to 09:11:51 ET...
    97,304 ticks, up to 09:14:04 ET...
    107,702 ticks, up to 09:16:06 ET...
    118,052 ticks, up to 09:20:14 ET...
    128,221 ticks, up to 09:24:34 ET...
    138,506 ticks, up to 09:30:57 ET...
    148,749 ticks, up to 09:36:05 ET...
    159,220 ticks, up to 09:39:07 ET...
    169,578 ticks, up to 09:43:21 ET...
    180,389 ticks, up to 09:47:11 ET...
    190,778 ticks, up to 09:50:04 ET...
    201,183 ticks, up to 09:51:22 ET...
    212,923 ticks, up to 09:52:02 ET...
    223,538 ticks, up to 09:53:48 ET...
    235,026 ticks, up to 09:55:46 ET...
    245,579 ticks, up to 10:01:55 ET...
    256,717 ticks, up to 10:03:34 ET...
    267,250 ticks, up to 10:12:44 ET...
    277,386 ticks, up to 10:23:18 ET...
    287,496 ticks, up to 10:51:22 ET...
    297,606 ticks, up to 13:43:52 ET...
  SKIP SAVE: BTOG new=303460 < existing=307622 — keeping existing

[2026-04-20] Fetching 1 symbols...
  [2026-04-20] WLDS...
    11,479 ticks, up to 09:02:18 ET...
    23,419 ticks, up to 09:02:49 ET...
    35,707 ticks, up to 09:03:13 ET...
    48,685 ticks, up to 09:03:25 ET...
    60,969 ticks, up to 09:03:51 ET...
    74,864 ticks, up to 09:04:07 ET...
    87,298 ticks, up to 09:04:20 ET...
    98,379 ticks, up to 09:04:44 ET...
    111,261 ticks, up to 09:05:08 ET...
    124,345 ticks, up to 09:05:34 ET...
    135,267 ticks, up to 09:06:21 ET...
    146,467 ticks, up to 09:07:12 ET...
    158,269 ticks, up to 09:07:45 ET...
    169,164 ticks, up to 09:08:46 ET...
    180,311 ticks, up to 09:09:26 ET...
    190,816 ticks, up to 09:11:03 ET...
    201,765 ticks, up to 09:12:11 ET...
    212,254 ticks, up to 09:14:44 ET...
    222,975 ticks, up to 09:17:22 ET...
    233,646 ticks, up to 09:19:34 ET...
    244,089 ticks, up to 09:22:39 ET...
    254,411 ticks, up to 09:26:17 ET...
    264,778 ticks, up to 09:30:13 ET...
    275,559 ticks, up to 09:32:08 ET...
    286,611 ticks, up to 09:34:06 ET...
    297,229 ticks, up to 09:36:24 ET...
    307,449 ticks, up to 09:44:07 ET...
    317,759 ticks, up to 09:55:09 ET...
    328,145 ticks, up to 09:57:31 ET...
    338,450 ticks, up to 10:04:25 ET...
    349,200 ticks, up to 10:06:36 ET...
    359,744 ticks, up to 10:09:50 ET...
    370,978 ticks, up to 10:13:42 ET...
    381,178 ticks, up to 10:29:48 ET...
    391,326 ticks, up to 10:39:58 ET...
    401,616 ticks, up to 10:46:28 ET...
    412,219 ticks, up to 10:48:46 ET...
    422,593 ticks, up to 10:53:05 ET...
    433,463 ticks, up to 10:54:12 ET...
    444,448 ticks, up to 10:55:11 ET...
    455,660 ticks, up to 10:56:20 ET...
    466,594 ticks, up to 10:57:50 ET...
    477,193 ticks, up to 11:00:00 ET...
    487,644 ticks, up to 11:01:29 ET...
    498,456 ticks, up to 11:03:27 ET...
    508,890 ticks, up to 11:07:33 ET...
    519,098 ticks, up to 11:12:35 ET...
    529,973 ticks, up to 11:14:07 ET...
    540,624 ticks, up to 11:15:57 ET...
    551,630 ticks, up to 11:18:49 ET...
    562,021 ticks, up to 11:22:27 ET...
    573,922 ticks, up to 11:23:58 ET...
    585,305 ticks, up to 11:25:27 ET...
    596,143 ticks, up to 11:27:04 ET...
    607,267 ticks, up to 11:27:52 ET...
    618,063 ticks, up to 11:30:02 ET...
    628,602 ticks, up to 11:33:09 ET...
    638,820 ticks, up to 11:37:50 ET...
    650,268 ticks, up to 11:41:50 ET...
    660,361 ticks, up to 11:52:18 ET...
    670,913 ticks, up to 12:03:45 ET...
    681,014 ticks, up to 12:23:08 ET...
    691,248 ticks, up to 12:27:03 ET...
    701,417 ticks, up to 12:34:42 ET...
    711,795 ticks, up to 12:39:17 ET...
    724,555 ticks, up to 12:47:00 ET...
    734,970 ticks, up to 12:58:56 ET...
    745,446 ticks, up to 13:02:49 ET...
    755,701 ticks, up to 13:10:26 ET...
    765,827 ticks, up to 13:28:22 ET...
    775,979 ticks, up to 14:00:17 ET...
    786,295 ticks, up to 14:29:56 ET...
    796,543 ticks, up to 14:51:30 ET...
    806,709 ticks, up to 15:58:59 ET...
  Saved 811022 ticks → /Users/duffy/warrior_bot_v2/tick_cache/2026-04-20/WLDS.json.gz
    (extended: 141,194 → 811,022 ticks)

[2026-04-21] Fetching 9 symbols...
  [2026-04-21] XRTX...
    11,150 ticks, up to 07:07:28 ET...
    22,616 ticks, up to 07:08:03 ET...
    33,727 ticks, up to 07:08:53 ET...
    45,019 ticks, up to 07:09:41 ET...
    55,601 ticks, up to 07:12:06 ET...
    65,881 ticks, up to 07:15:55 ET...
    76,409 ticks, up to 07:20:45 ET...
    88,486 ticks, up to 07:21:14 ET...
    99,204 ticks, up to 07:22:26 ET...
    110,730 ticks, up to 07:23:23 ET...
    121,606 ticks, up to 07:24:28 ET...
    132,941 ticks, up to 07:25:19 ET...
    143,493 ticks, up to 07:27:07 ET...
    154,572 ticks, up to 07:28:39 ET...
    165,647 ticks, up to 07:30:26 ET...
    176,224 ticks, up to 07:32:43 ET...
    188,331 ticks, up to 07:33:31 ET...
    198,930 ticks, up to 07:35:52 ET...
    209,269 ticks, up to 07:38:38 ET...
    219,655 ticks, up to 07:41:48 ET...
    229,830 ticks, up to 07:45:43 ET...
    240,370 ticks, up to 07:49:36 ET...
    251,221 ticks, up to 07:50:37 ET...
    262,550 ticks, up to 07:52:28 ET...
    273,338 ticks, up to 07:55:00 ET...
    283,809 ticks, up to 08:01:06 ET...
    293,984 ticks, up to 08:05:44 ET...
    304,141 ticks, up to 08:12:23 ET...
    314,392 ticks, up to 08:28:37 ET...
    324,458 ticks, up to 08:51:18 ET...
    334,798 ticks, up to 09:13:57 ET...
    345,211 ticks, up to 09:16:32 ET...
    356,121 ticks, up to 09:18:09 ET...
    367,173 ticks, up to 09:19:01 ET...
    378,601 ticks, up to 09:20:22 ET...
    389,066 ticks, up to 09:23:00 ET...
    399,886 ticks, up to 09:24:34 ET...
    410,279 ticks, up to 09:30:41 ET...
    420,600 ticks, up to 09:33:42 ET...
    430,916 ticks, up to 09:38:51 ET...
    441,412 ticks, up to 09:40:28 ET...
    452,340 ticks, up to 09:43:31 ET...
    462,825 ticks, up to 09:46:45 ET...
    473,621 ticks, up to 09:49:16 ET...
    484,316 ticks, up to 09:52:37 ET...
    495,737 ticks, up to 09:53:45 ET...
    506,730 ticks, up to 09:54:48 ET...
    517,773 ticks, up to 09:57:21 ET...
    529,120 ticks, up to 10:01:40 ET...
    539,443 ticks, up to 10:06:00 ET...
    550,014 ticks, up to 10:14:56 ET...
    560,140 ticks, up to 10:39:37 ET...
    570,419 ticks, up to 11:04:38 ET...
    580,527 ticks, up to 11:15:25 ET...
    590,732 ticks, up to 12:03:12 ET...
    600,884 ticks, up to 13:46:39 ET...
    611,187 ticks, up to 15:51:53 ET...
  Saved 615279 ticks → /Users/duffy/warrior_bot_v2/tick_cache/2026-04-21/XRTX.json.gz
    (extended: 604,001 → 615,279 ticks)
  [2026-04-21] CLIK...
    10,496 ticks, up to 06:16:50 ET...
    21,051 ticks, up to 06:19:17 ET...
    32,755 ticks, up to 06:20:49 ET...
    43,978 ticks, up to 06:22:18 ET...
    54,260 ticks, up to 06:25:00 ET...
    65,075 ticks, up to 06:26:41 ET...
    75,731 ticks, up to 06:28:36 ET...
    86,385 ticks, up to 06:31:34 ET...
    96,885 ticks, up to 06:34:06 ET...
    107,416 ticks, up to 06:37:15 ET...
    117,732 ticks, up to 06:41:21 ET...
    128,001 ticks, up to 06:45:46 ET...
    138,681 ticks, up to 06:51:11 ET...
    149,020 ticks, up to 06:55:00 ET...
    159,796 ticks, up to 06:57:22 ET...
    170,320 ticks, up to 07:00:16 ET...
    180,711 ticks, up to 07:02:21 ET...
    190,972 ticks, up to 07:07:24 ET...
    201,341 ticks, up to 07:14:18 ET...
    212,166 ticks, up to 07:16:45 ET...
    222,731 ticks, up to 07:20:18 ET...
    233,013 ticks, up to 07:29:37 ET...
    243,117 ticks, up to 07:49:30 ET...
    253,396 ticks, up to 08:06:26 ET...
    264,163 ticks, up to 08:14:01 ET...
    274,281 ticks, up to 08:33:46 ET...
    284,384 ticks, up to 09:29:31 ET...
    294,635 ticks, up to 09:41:52 ET...
    304,805 ticks, up to 10:16:34 ET...
    315,249 ticks, up to 10:21:28 ET...
    325,906 ticks, up to 10:26:45 ET...
    336,196 ticks, up to 10:36:15 ET...
    346,456 ticks, up to 10:40:39 ET...
    356,785 ticks, up to 10:48:35 ET...
    367,344 ticks, up to 11:08:27 ET...
    377,498 ticks, up to 12:00:45 ET...
    387,885 ticks, up to 13:32:18 ET...
    398,128 ticks, up to 14:49:02 ET...
    408,394 ticks, up to 15:13:29 ET...
    418,872 ticks, up to 15:57:53 ET...
  Saved 422236 ticks → /Users/duffy/warrior_bot_v2/tick_cache/2026-04-21/CLIK.json.gz
    (extended: 400,886 → 422,236 ticks)
  [2026-04-21] LOCL...
    10,292 ticks, up to 04:03:46 ET...
    20,473 ticks, up to 04:08:27 ET...
    30,691 ticks, up to 04:18:29 ET...
    40,776 ticks, up to 04:31:09 ET...
    50,966 ticks, up to 04:50:40 ET...
    61,030 ticks, up to 05:18:52 ET...
    71,285 ticks, up to 05:25:17 ET...
    81,436 ticks, up to 05:32:35 ET...
    91,718 ticks, up to 05:42:37 ET...
    101,933 ticks, up to 05:47:01 ET...
    112,180 ticks, up to 05:49:29 ET...
    122,433 ticks, up to 05:54:20 ET...
    132,685 ticks, up to 05:58:33 ET...
    143,250 ticks, up to 06:03:28 ET...
    153,408 ticks, up to 06:12:27 ET...
    163,704 ticks, up to 06:20:16 ET...
    174,063 ticks, up to 06:33:02 ET...
    184,236 ticks, up to 06:47:07 ET...
    194,686 ticks, up to 06:51:21 ET...
    205,082 ticks, up to 06:55:32 ET...
    215,278 ticks, up to 07:02:06 ET...
    225,699 ticks, up to 07:04:35 ET...
    236,207 ticks, up to 07:07:26 ET...
    246,404 ticks, up to 07:16:41 ET...
    256,642 ticks, up to 07:26:27 ET...
    266,798 ticks, up to 07:46:23 ET...
    276,978 ticks, up to 08:00:34 ET...
    287,154 ticks, up to 08:15:40 ET...
    297,276 ticks, up to 08:39:30 ET...
    307,461 ticks, up to 08:48:03 ET...
    317,871 ticks, up to 08:54:45 ET...
    327,989 ticks, up to 09:15:55 ET...
    338,550 ticks, up to 09:31:28 ET...
    348,898 ticks, up to 09:34:09 ET...
    359,370 ticks, up to 09:35:41 ET...
    370,992 ticks, up to 09:37:05 ET...
    381,300 ticks, up to 09:42:41 ET...
    391,889 ticks, up to 09:47:17 ET...
    402,156 ticks, up to 09:58:05 ET...
    412,685 ticks, up to 10:07:43 ET...
    423,218 ticks, up to 10:15:17 ET...
    433,328 ticks, up to 10:30:28 ET...
    443,557 ticks, up to 10:51:30 ET...
    453,932 ticks, up to 10:57:49 ET...
    464,295 ticks, up to 11:01:38 ET...
    474,496 ticks, up to 11:13:10 ET...
    485,081 ticks, up to 11:41:45 ET...
    495,268 ticks, up to 12:07:17 ET...
    505,492 ticks, up to 12:42:30 ET...
    515,650 ticks, up to 13:53:35 ET...
    525,753 ticks, up to 14:51:02 ET...
    535,948 ticks, up to 15:19:20 ET...
    546,151 ticks, up to 15:38:59 ET...
    556,247 ticks, up to 16:02:20 ET...
    566,524 ticks, up to 17:31:35 ET...
  Saved 570528 ticks → /Users/duffy/warrior_bot_v2/tick_cache/2026-04-21/LOCL.json.gz
    (extended: 535,876 → 570,528 ticks)
  [2026-04-21] SPRC...
    10,431 ticks, up to 04:21:56 ET...
    20,852 ticks, up to 04:24:44 ET...
    31,061 ticks, up to 04:30:31 ET...
    41,263 ticks, up to 04:39:45 ET...
    51,536 ticks, up to 04:50:04 ET...
    61,998 ticks, up to 04:52:59 ET...
    72,503 ticks, up to 04:56:39 ET...
    82,922 ticks, up to 04:59:41 ET...
    93,895 ticks, up to 05:00:58 ET...
    104,202 ticks, up to 05:04:43 ET...
    114,433 ticks, up to 05:09:38 ET...
    124,632 ticks, up to 05:20:21 ET...
    134,843 ticks, up to 05:35:11 ET...
    144,978 ticks, up to 05:48:12 ET...
    155,123 ticks, up to 06:06:11 ET...
    165,237 ticks, up to 06:30:04 ET...
    175,513 ticks, up to 07:11:50 ET...
    185,642 ticks, up to 07:42:14 ET...
    195,791 ticks, up to 07:51:18 ET...
    205,914 ticks, up to 08:45:24 ET...
    216,365 ticks, up to 09:33:40 ET...
    226,563 ticks, up to 09:52:12 ET...
    236,819 ticks, up to 10:36:26 ET...
    246,850 ticks, up to 12:55:59 ET...
    257,039 ticks, up to 15:56:58 ET...
  Saved 259040 ticks → /Users/duffy/warrior_bot_v2/tick_cache/2026-04-21/SPRC.json.gz
    (extended: 253,628 → 259,040 ticks)
  [2026-04-21] VELO...
    10,222 ticks, up to 09:57:35 ET...
    20,394 ticks, up to 10:16:41 ET...
    30,664 ticks, up to 10:36:38 ET...
    40,838 ticks, up to 11:00:25 ET...
    51,052 ticks, up to 11:11:29 ET...
    61,225 ticks, up to 11:28:23 ET...
    71,462 ticks, up to 12:03:37 ET...
    81,502 ticks, up to 13:10:40 ET...
    91,553 ticks, up to 14:32:07 ET...
    101,720 ticks, up to 15:56:11 ET...
  Saved 104103 ticks → /Users/duffy/warrior_bot_v2/tick_cache/2026-04-21/VELO.json.gz
    (extended: 98,651 → 104,103 ticks)
  [2026-04-21] BATL...
    10,064 ticks, up to 10:55:48 ET...
    20,134 ticks, up to 12:45:18 ET...
    30,563 ticks, up to 13:05:49 ET...
    40,841 ticks, up to 13:20:28 ET...
    50,987 ticks, up to 13:28:48 ET...
    61,288 ticks, up to 13:40:31 ET...
    72,356 ticks, up to 13:47:07 ET...
    82,486 ticks, up to 14:34:15 ET...
    93,019 ticks, up to 15:25:30 ET...
    103,404 ticks, up to 15:47:05 ET...
    113,632 ticks, up to 15:59:27 ET...
    123,715 ticks, up to 16:12:04 ET...
    133,802 ticks, up to 17:41:12 ET...
  Saved 137990 ticks → /Users/duffy/warrior_bot_v2/tick_cache/2026-04-21/BATL.json.gz
    (extended: 94,741 → 137,990 ticks)
  [2026-04-21] AIFF...
    10,209 ticks, up to 13:27:20 ET...
  Saved 15532 ticks → /Users/duffy/warrior_bot_v2/tick_cache/2026-04-21/AIFF.json.gz
    (extended: 14,272 → 15,532 ticks)
  [2026-04-21] SPPL...
  Saved 6053 ticks → /Users/duffy/warrior_bot_v2/tick_cache/2026-04-21/SPPL.json.gz
    (extended: 5,976 → 6,053 ticks)
  [2026-04-21] UNHG...
    10,377 ticks, up to 07:32:28 ET...
    20,414 ticks, up to 09:35:52 ET...
    30,651 ticks, up to 09:53:27 ET...
    40,756 ticks, up to 10:53:43 ET...
    50,802 ticks, up to 13:02:48 ET...
  Saved 57386 ticks → /Users/duffy/warrior_bot_v2/tick_cache/2026-04-21/UNHG.json.gz
    (extended: 55,644 → 57,386 ticks)

[2026-04-22] Fetching 1 symbols...
  [2026-04-22] DCX...
    10,309 ticks, up to 06:50:02 ET...
    20,640 ticks, up to 06:52:15 ET...
    31,570 ticks, up to 06:55:04 ET...
    42,114 ticks, up to 06:57:50 ET...
    52,407 ticks, up to 07:01:21 ET...
    63,280 ticks, up to 07:02:35 ET...
    73,461 ticks, up to 07:06:03 ET...
    83,660 ticks, up to 07:09:54 ET...
    93,960 ticks, up to 07:13:08 ET...
    104,160 ticks, up to 07:19:26 ET...
    114,350 ticks, up to 07:27:12 ET...
    124,588 ticks, up to 07:41:57 ET...
    134,771 ticks, up to 08:25:32 ET...
    144,855 ticks, up to 11:04:23 ET...
    154,665 ticks, up to 19:59:06 ET...
  Saved 154665 ticks → /Users/duffy/warrior_bot_v2/tick_cache/2026-04-22/DCX.json.gz
    (extended: 59,169 → 154,665 ticks)

[2026-04-23] Fetching 2 symbols...
  [2026-04-23] AKAN...
    11,476 ticks, up to 04:01:23 ET...
    21,938 ticks, up to 04:12:16 ET...
    32,757 ticks, up to 04:13:56 ET...
    43,156 ticks, up to 04:17:01 ET...
    53,799 ticks, up to 04:21:35 ET...
    64,789 ticks, up to 04:22:51 ET...
    75,513 ticks, up to 04:24:18 ET...
    86,018 ticks, up to 04:26:15 ET...
    96,402 ticks, up to 04:29:25 ET...
    106,966 ticks, up to 04:32:32 ET...
    117,343 ticks, up to 04:38:05 ET...
    127,576 ticks, up to 04:45:21 ET...
    137,816 ticks, up to 04:56:47 ET...
    148,140 ticks, up to 05:13:47 ET...
    158,275 ticks, up to 05:28:04 ET...
    168,501 ticks, up to 05:38:24 ET...
    178,682 ticks, up to 05:51:28 ET...
    189,050 ticks, up to 06:00:43 ET...
    200,838 ticks, up to 06:02:21 ET...
    211,219 ticks, up to 06:05:31 ET...
    222,165 ticks, up to 06:08:40 ET...
    232,632 ticks, up to 06:11:44 ET...
    243,499 ticks, up to 06:13:21 ET...
    253,776 ticks, up to 06:17:36 ET...
    264,043 ticks, up to 06:23:03 ET...
    274,416 ticks, up to 06:28:58 ET...
    284,648 ticks, up to 06:38:13 ET...
    294,937 ticks, up to 06:47:33 ET...
    305,246 ticks, up to 06:57:15 ET...
    315,437 ticks, up to 07:04:45 ET...
    325,886 ticks, up to 07:12:32 ET...
    336,036 ticks, up to 07:26:38 ET...
    346,275 ticks, up to 07:32:54 ET...
    356,636 ticks, up to 07:42:58 ET...
    367,625 ticks, up to 07:44:25 ET...
    378,063 ticks, up to 07:50:36 ET...
    388,348 ticks, up to 07:58:53 ET...
    398,845 ticks, up to 08:07:58 ET...
    409,300 ticks, up to 08:17:03 ET...
    420,038 ticks, up to 08:22:57 ET...
    432,849 ticks, up to 08:23:29 ET...
    444,526 ticks, up to 08:23:53 ET...
    457,637 ticks, up to 08:24:20 ET...
    468,302 ticks, up to 08:26:15 ET...
    478,906 ticks, up to 08:30:54 ET...
    489,805 ticks, up to 08:36:41 ET...
    501,035 ticks, up to 08:46:13 ET...
    511,217 ticks, up to 08:55:10 ET...
    521,292 ticks, up to 09:15:59 ET...
    531,543 ticks, up to 09:30:04 ET...
    541,720 ticks, up to 09:35:49 ET...
    551,893 ticks, up to 09:45:05 ET...
    562,100 ticks, up to 10:01:02 ET...
    572,566 ticks, up to 10:15:44 ET...
    582,810 ticks, up to 10:20:42 ET...
    593,227 ticks, up to 10:30:46 ET...
    603,412 ticks, up to 10:52:15 ET...
    613,462 ticks, up to 11:21:25 ET...
    624,143 ticks, up to 11:29:45 ET...
    634,538 ticks, up to 11:44:21 ET...
    644,941 ticks, up to 12:12:58 ET...
    655,136 ticks, up to 12:52:10 ET...
    665,323 ticks, up to 13:21:55 ET...
    675,498 ticks, up to 14:23:39 ET...
    685,820 ticks, up to 15:38:32 ET...
    695,874 ticks, up to 18:51:38 ET...
  Saved 696865 ticks → /Users/duffy/warrior_bot_v2/tick_cache/2026-04-23/AKAN.json.gz
    (extended: 689,292 → 696,865 ticks)
  [2026-04-23] MVO...
  Saved 1205 ticks → /Users/duffy/warrior_bot_v2/tick_cache/2026-04-23/MVO.json.gz
    (extended: 1,179 → 1,205 ticks)

[2026-04-24] Fetching 4 symbols...
  [2026-04-24] ARTL...
  Saved 1405 ticks → /Users/duffy/warrior_bot_v2/tick_cache/2026-04-24/ARTL.json.gz
    (extended: 1,285 → 1,405 ticks)
  [2026-04-24] CISS...
  CISS: no ticks
  [2026-04-24] ELPW...
    10,819 ticks, up to 07:19:23 ET...
    21,373 ticks, up to 07:21:05 ET...
    31,971 ticks, up to 07:23:26 ET...
    42,744 ticks, up to 07:26:11 ET...
    52,952 ticks, up to 07:31:48 ET...
    63,131 ticks, up to 07:36:35 ET...
    73,468 ticks, up to 07:45:31 ET...
    84,275 ticks, up to 07:50:26 ET...
    95,164 ticks, up to 07:52:04 ET...
    105,919 ticks, up to 07:54:39 ET...
    117,349 ticks, up to 07:56:12 ET...
    128,436 ticks, up to 07:57:02 ET...
    140,006 ticks, up to 07:57:42 ET...
    150,976 ticks, up to 07:59:08 ET...
    161,476 ticks, up to 08:01:38 ET...
    171,958 ticks, up to 08:03:58 ET...
    182,266 ticks, up to 08:07:56 ET...
    192,689 ticks, up to 08:15:19 ET...
    203,266 ticks, up to 08:17:57 ET...
    214,136 ticks, up to 08:19:29 ET...
    226,024 ticks, up to 08:20:10 ET...
    236,595 ticks, up to 08:22:47 ET...
    247,254 ticks, up to 08:24:42 ET...
    258,926 ticks, up to 08:25:18 ET...
    269,815 ticks, up to 08:26:28 ET...
    280,152 ticks, up to 08:30:27 ET...
    290,298 ticks, up to 08:36:16 ET...
    300,630 ticks, up to 08:42:03 ET...
    311,052 ticks, up to 08:45:33 ET...
    322,028 ticks, up to 08:48:56 ET...
    332,776 ticks, up to 08:51:15 ET...
    343,735 ticks, up to 08:52:57 ET...
    354,242 ticks, up to 08:55:35 ET...
    364,724 ticks, up to 08:58:07 ET...
    375,227 ticks, up to 09:01:32 ET...
    385,758 ticks, up to 09:06:34 ET...
    396,350 ticks, up to 09:10:19 ET...
    406,613 ticks, up to 09:19:13 ET...
    416,819 ticks, up to 09:30:03 ET...
    427,420 ticks, up to 09:32:39 ET...
    437,696 ticks, up to 09:38:09 ET...
    450,270 ticks, up to 09:39:19 ET...
    461,199 ticks, up to 09:40:06 ET...
    472,082 ticks, up to 09:41:07 ET...
    482,395 ticks, up to 09:44:07 ET...
    493,165 ticks, up to 09:46:01 ET...
    503,719 ticks, up to 09:47:52 ET...
    514,440 ticks, up to 09:54:41 ET...
    524,521 ticks, up to 10:08:09 ET...
    534,724 ticks, up to 10:23:54 ET...
    545,771 ticks, up to 10:31:41 ET...
    556,111 ticks, up to 10:52:13 ET...
    566,175 ticks, up to 11:27:04 ET...
    576,261 ticks, up to 13:01:48 ET...
    586,327 ticks, up to 14:12:02 ET...
    596,480 ticks, up to 15:42:01 ET...
  Saved 604283 ticks → /Users/duffy/warrior_bot_v2/tick_cache/2026-04-24/ELPW.json.gz
  [2026-04-24] MIGI...
Error 200, reqId 13146: No security definition has been found for the request, contract: Stock(symbol='MIGI', exchange='SMART', currency='USD')
Unknown contract: Stock(symbol='MIGI', exchange='SMART', currency='USD')
Error 200, reqId 13147: No security definition has been found for the request, contract: Stock(symbol='MIGI', exchange='SMART', currency='USD')
  MIGI: no ticks

[2026-04-27] Fetching 2 symbols...
  [2026-04-27] CLIK...
  Saved 1747 ticks → /Users/duffy/warrior_bot_v2/tick_cache/2026-04-27/CLIK.json.gz
    (extended: 1,677 → 1,747 ticks)
  [2026-04-27] ELPW...
    10,207 ticks, up to 04:37:02 ET...
    20,450 ticks, up to 04:43:54 ET...
    30,636 ticks, up to 04:57:14 ET...
    40,697 ticks, up to 05:22:11 ET...
    50,962 ticks, up to 06:31:33 ET...
    62,794 ticks, up to 06:35:51 ET...
    73,604 ticks, up to 06:39:33 ET...
    83,640 ticks, up to 07:13:49 ET...
    93,760 ticks, up to 09:30:00 ET...
    103,938 ticks, up to 09:34:53 ET...
    113,978 ticks, up to 10:08:06 ET...
    124,123 ticks, up to 14:36:23 ET...
  Saved 129453 ticks → /Users/duffy/warrior_bot_v2/tick_cache/2026-04-27/ELPW.json.gz
    (extended: 128,115 → 129,453 ticks)

[2026-04-28] Fetching 9 symbols...
  [2026-04-28] SBLX...
Error 200, reqId 13278: No security definition has been found for the request, contract: Stock(symbol='SBLX', exchange='SMART', currency='USD')
Unknown contract: Stock(symbol='SBLX', exchange='SMART', currency='USD')
Error 200, reqId 13279: No security definition has been found for the request, contract: Stock(symbol='SBLX', exchange='SMART', currency='USD')
  SBLX: no ticks
  [2026-04-28] AKAN...
    10,099 ticks, up to 10:18:33 ET...
    20,192 ticks, up to 13:01:48 ET...
    30,337 ticks, up to 13:09:01 ET...
    42,031 ticks, up to 13:45:36 ET...
    52,654 ticks, up to 13:52:16 ET...
    63,359 ticks, up to 13:58:58 ET...
    73,886 ticks, up to 14:01:58 ET...
    84,373 ticks, up to 14:11:47 ET...
    94,706 ticks, up to 14:18:46 ET...
    104,818 ticks, up to 14:31:12 ET...
    115,149 ticks, up to 14:39:58 ET...
    125,460 ticks, up to 14:51:29 ET...
    135,934 ticks, up to 15:07:52 ET...
    146,046 ticks, up to 15:32:10 ET...
    156,172 ticks, up to 15:57:35 ET...
    166,225 ticks, up to 16:52:17 ET...
    176,256 ticks, up to 17:34:37 ET...
  Saved 181035 ticks → /Users/duffy/warrior_bot_v2/tick_cache/2026-04-28/AKAN.json.gz
    (extended: 157,353 → 181,035 ticks)
  [2026-04-28] NEXR...
    11,668 ticks, up to 07:41:56 ET...
    24,621 ticks, up to 07:42:14 ET...
    36,318 ticks, up to 07:42:38 ET...
    47,189 ticks, up to 07:43:25 ET...
    58,434 ticks, up to 07:44:19 ET...
    69,107 ticks, up to 07:45:25 ET...
    80,121 ticks, up to 07:46:19 ET...
    90,931 ticks, up to 07:47:41 ET...
    101,807 ticks, up to 07:49:03 ET...
    112,844 ticks, up to 07:50:02 ET...
    123,512 ticks, up to 07:51:43 ET...
    134,338 ticks, up to 07:54:09 ET...
    144,507 ticks, up to 07:57:28 ET...
    155,288 ticks, up to 08:00:19 ET...
    165,914 ticks, up to 08:02:28 ET...
    176,388 ticks, up to 08:05:44 ET...
    186,695 ticks, up to 08:13:30 ET...
    197,033 ticks, up to 08:22:09 ET...
    207,890 ticks, up to 08:25:11 ET...
    218,049 ticks, up to 08:28:29 ET...
    228,179 ticks, up to 08:35:06 ET...
    238,267 ticks, up to 08:45:00 ET...
    248,725 ticks, up to 08:47:45 ET...
    259,065 ticks, up to 08:51:50 ET...
    269,585 ticks, up to 08:57:17 ET...
    279,724 ticks, up to 09:08:01 ET...
    289,931 ticks, up to 09:14:30 ET...
    300,112 ticks, up to 09:25:36 ET...
    310,357 ticks, up to 09:30:08 ET...
    321,055 ticks, up to 09:32:22 ET...
    331,448 ticks, up to 09:35:44 ET...
    342,513 ticks, up to 09:37:12 ET...
    353,006 ticks, up to 09:40:05 ET...
    363,624 ticks, up to 09:44:47 ET...
    373,973 ticks, up to 09:52:53 ET...
    384,101 ticks, up to 10:07:47 ET...
    394,443 ticks, up to 10:14:15 ET...
    404,740 ticks, up to 10:24:41 ET...
    414,884 ticks, up to 10:41:46 ET...
    425,045 ticks, up to 11:32:19 ET...
    435,239 ticks, up to 13:34:48 ET...
    445,356 ticks, up to 15:30:45 ET...
    454,944 ticks, up to 19:59:59 ET...
  Saved 454944 ticks → /Users/duffy/warrior_bot_v2/tick_cache/2026-04-28/NEXR.json.gz
    (extended: 451,803 → 454,944 ticks)
  [2026-04-28] DRCT...
    10,170 ticks, up to 04:55:44 ET...
    20,270 ticks, up to 05:10:57 ET...
    30,353 ticks, up to 05:29:07 ET...
    40,414 ticks, up to 06:03:05 ET...
    50,540 ticks, up to 06:47:40 ET...
    60,562 ticks, up to 08:45:20 ET...
    70,626 ticks, up to 11:06:42 ET...
    80,656 ticks, up to 16:10:47 ET...
  Saved 81145 ticks → /Users/duffy/warrior_bot_v2/tick_cache/2026-04-28/DRCT.json.gz
    (extended: 80,587 → 81,145 ticks)
  [2026-04-28] IREZ...
    10,062 ticks, up to 10:15:49 ET...
    20,354 ticks, up to 15:09:17 ET...
  Saved 21934 ticks → /Users/duffy/warrior_bot_v2/tick_cache/2026-04-28/IREZ.json.gz
    (extended: 21,643 → 21,934 ticks)
  [2026-04-28] EDSA...
    10,144 ticks, up to 10:13:31 ET...
    20,250 ticks, up to 10:22:32 ET...
    30,342 ticks, up to 11:26:08 ET...
    40,476 ticks, up to 15:21:26 ET...
  Saved 45443 ticks → /Users/duffy/warrior_bot_v2/tick_cache/2026-04-28/EDSA.json.gz
    (extended: 44,455 → 45,443 ticks)
  [2026-04-28] SPPL...
  Saved 6017 ticks → /Users/duffy/warrior_bot_v2/tick_cache/2026-04-28/SPPL.json.gz
    (extended: 5,954 → 6,017 ticks)
  [2026-04-28] DAMD...
    10,052 ticks, up to 10:44:38 ET...
  Saved 15250 ticks → /Users/duffy/warrior_bot_v2/tick_cache/2026-04-28/DAMD.json.gz
    (extended: 14,973 → 15,250 ticks)
  [2026-04-28] BEZ...
    10,037 ticks, up to 17:07:30 ET...
  Saved 12246 ticks → /Users/duffy/warrior_bot_v2/tick_cache/2026-04-28/BEZ.json.gz
    (extended: 7,610 → 12,246 ticks)

[2026-04-29] Fetching 9 symbols...
  [2026-04-29] AKAN...
    10,713 ticks, up to 04:07:29 ET...
    20,981 ticks, up to 04:14:05 ET...
    31,351 ticks, up to 04:21:13 ET...
    41,567 ticks, up to 04:34:13 ET...
    51,684 ticks, up to 04:54:12 ET...
    61,860 ticks, up to 05:13:28 ET...
    71,926 ticks, up to 06:11:20 ET...
    82,047 ticks, up to 06:47:43 ET...
    92,186 ticks, up to 06:59:27 ET...
    102,436 ticks, up to 07:08:47 ET...
    112,760 ticks, up to 07:43:02 ET...
    122,805 ticks, up to 09:02:25 ET...
    133,229 ticks, up to 09:38:06 ET...
    143,397 ticks, up to 09:45:30 ET...
    153,560 ticks, up to 10:15:38 ET...
    164,118 ticks, up to 10:47:35 ET...
    174,425 ticks, up to 11:30:40 ET...
    185,322 ticks, up to 11:42:02 ET...
    195,522 ticks, up to 11:51:14 ET...
    206,085 ticks, up to 11:57:20 ET...
    217,120 ticks, up to 12:04:24 ET...
    228,145 ticks, up to 12:07:28 ET...
    239,210 ticks, up to 12:09:47 ET...
    250,349 ticks, up to 12:13:18 ET...
    261,118 ticks, up to 12:17:12 ET...
    272,084 ticks, up to 12:21:36 ET...
    282,374 ticks, up to 12:26:15 ET...
    292,921 ticks, up to 12:29:44 ET...
    303,157 ticks, up to 12:40:58 ET...
    313,403 ticks, up to 12:56:16 ET...
    323,495 ticks, up to 13:12:23 ET...
    333,538 ticks, up to 13:39:08 ET...
    343,670 ticks, up to 14:03:39 ET...
    353,810 ticks, up to 14:36:38 ET...
    364,026 ticks, up to 15:28:44 ET...
    374,123 ticks, up to 17:30:20 ET...
  Saved 377395 ticks → /Users/duffy/warrior_bot_v2/tick_cache/2026-04-29/AKAN.json.gz
    (extended: 294,453 → 377,395 ticks)
  [2026-04-29] MIGI...
Error 200, reqId 14441: No security definition has been found for the request, contract: Stock(symbol='MIGI', exchange='SMART', currency='USD')
Unknown contract: Stock(symbol='MIGI', exchange='SMART', currency='USD')
Error 200, reqId 14442: No security definition has been found for the request, contract: Stock(symbol='MIGI', exchange='SMART', currency='USD')
  MIGI: no ticks
  [2026-04-29] ROLR...
    10,075 ticks, up to 13:40:35 ET...
  Saved 12270 ticks → /Users/duffy/warrior_bot_v2/tick_cache/2026-04-29/ROLR.json.gz
    (extended: 9,200 → 12,270 ticks)
  [2026-04-29] SKYQ...
    10,376 ticks, up to 07:04:15 ET...
    20,612 ticks, up to 07:10:58 ET...
    30,738 ticks, up to 07:27:31 ET...
    40,877 ticks, up to 08:36:01 ET...
    51,304 ticks, up to 10:06:30 ET...
    61,505 ticks, up to 11:26:01 ET...
    71,579 ticks, up to 13:12:42 ET...
  Saved 79866 ticks → /Users/duffy/warrior_bot_v2/tick_cache/2026-04-29/SKYQ.json.gz
    (extended: 66,544 → 79,866 ticks)
  [2026-04-29] XTLB...
    10,597 ticks, up to 09:03:15 ET...
    21,336 ticks, up to 09:05:14 ET...
    32,202 ticks, up to 09:06:31 ET...
    44,234 ticks, up to 09:07:17 ET...
    55,674 ticks, up to 09:07:50 ET...
    68,520 ticks, up to 09:08:03 ET...
    79,968 ticks, up to 09:08:49 ET...
    91,701 ticks, up to 09:09:23 ET...
    102,743 ticks, up to 09:11:06 ET...
    113,431 ticks, up to 09:12:37 ET...
    124,196 ticks, up to 09:14:33 ET...
    134,848 ticks, up to 09:16:51 ET...
    145,524 ticks, up to 09:19:32 ET...
    158,710 ticks, up to 09:20:11 ET...
    172,788 ticks, up to 09:20:25 ET...
    184,206 ticks, up to 09:20:56 ET...
    195,370 ticks, up to 09:22:31 ET...
    206,144 ticks, up to 09:24:41 ET...
    217,033 ticks, up to 09:27:54 ET...
    227,475 ticks, up to 09:30:26 ET...
    238,769 ticks, up to 09:31:27 ET...
    253,410 ticks, up to 09:31:38 ET...
    266,599 ticks, up to 09:31:56 ET...
    279,070 ticks, up to 09:32:18 ET...
    290,596 ticks, up to 09:32:56 ET...
    301,834 ticks, up to 09:33:41 ET...
    315,072 ticks, up to 09:34:03 ET...
    326,558 ticks, up to 09:34:37 ET...
    337,219 ticks, up to 09:36:12 ET...
    347,982 ticks, up to 09:37:53 ET...
    358,651 ticks, up to 09:40:15 ET...
    369,228 ticks, up to 09:42:53 ET...
    380,241 ticks, up to 09:44:22 ET...
    390,476 ticks, up to 09:49:30 ET...
    400,983 ticks, up to 09:52:48 ET...
    413,409 ticks, up to 09:53:33 ET...
    425,249 ticks, up to 09:54:06 ET...
    438,245 ticks, up to 09:54:28 ET...
    449,824 ticks, up to 09:55:08 ET...
    461,067 ticks, up to 09:56:06 ET...
    471,752 ticks, up to 09:57:32 ET...
    482,287 ticks, up to 09:59:44 ET...
    495,854 ticks, up to 10:00:30 ET...
    506,531 ticks, up to 10:01:58 ET...
    517,597 ticks, up to 10:03:54 ET...
    527,970 ticks, up to 10:07:51 ET...
    538,729 ticks, up to 10:11:55 ET...
    549,839 ticks, up to 10:15:44 ET...
    560,560 ticks, up to 10:20:44 ET...
    571,291 ticks, up to 10:24:20 ET...
    581,887 ticks, up to 10:26:36 ET...
    593,752 ticks, up to 10:30:45 ET...
    604,589 ticks, up to 10:32:13 ET...
    615,934 ticks, up to 10:33:35 ET...
    626,423 ticks, up to 10:36:27 ET...
    637,620 ticks, up to 10:37:10 ET...
    650,059 ticks, up to 10:37:49 ET...
    660,543 ticks, up to 10:42:23 ET...
    670,816 ticks, up to 10:49:42 ET...
    681,159 ticks, up to 10:55:01 ET...
    691,754 ticks, up to 10:56:49 ET...
    703,854 ticks, up to 11:00:13 ET...
    715,079 ticks, up to 11:03:53 ET...
    726,143 ticks, up to 11:04:43 ET...
    737,712 ticks, up to 11:06:11 ET...
    748,090 ticks, up to 11:10:16 ET...
    759,287 ticks, up to 11:13:08 ET...
    769,541 ticks, up to 11:18:00 ET...
    780,258 ticks, up to 11:21:00 ET...
    790,783 ticks, up to 11:27:16 ET...
    801,049 ticks, up to 11:36:00 ET...
    811,571 ticks, up to 11:43:27 ET...
    821,788 ticks, up to 11:59:35 ET...
    833,121 ticks, up to 12:09:39 ET...
    843,242 ticks, up to 12:27:12 ET...
    853,642 ticks, up to 12:30:22 ET...
    863,905 ticks, up to 12:38:20 ET...
    874,490 ticks, up to 12:45:08 ET...
    884,662 ticks, up to 13:01:13 ET...
    894,932 ticks, up to 13:12:18 ET...
    905,300 ticks, up to 13:32:33 ET...
    917,746 ticks, up to 13:34:35 ET...
    928,041 ticks, up to 13:40:27 ET...
    939,120 ticks, up to 13:45:08 ET...
    949,922 ticks, up to 13:46:32 ET...
    960,335 ticks, up to 13:50:26 ET...
    970,924 ticks, up to 13:53:19 ET...
    982,429 ticks, up to 13:55:08 ET...
    992,835 ticks, up to 14:01:24 ET...
    1,003,066 ticks, up to 14:13:39 ET...
    1,013,712 ticks, up to 14:24:21 ET...
    1,023,956 ticks, up to 14:40:33 ET...
    1,034,187 ticks, up to 14:54:35 ET...
    1,044,358 ticks, up to 15:08:23 ET...
    1,054,807 ticks, up to 15:22:06 ET...
    1,065,473 ticks, up to 15:30:42 ET...
    1,075,768 ticks, up to 15:46:51 ET...
    1,085,924 ticks, up to 16:54:15 ET...
  Saved 1089642 ticks → /Users/duffy/warrior_bot_v2/tick_cache/2026-04-29/XTLB.json.gz
    (extended: 146,267 → 1,089,642 ticks)
  [2026-04-29] SAGT...
    10,782 ticks, up to 07:18:50 ET...
    23,754 ticks, up to 07:19:20 ET...
    34,624 ticks, up to 07:20:16 ET...
    45,819 ticks, up to 07:21:50 ET...
    56,431 ticks, up to 07:25:03 ET...
    66,736 ticks, up to 07:27:50 ET...
    77,621 ticks, up to 07:30:34 ET...
    87,916 ticks, up to 07:34:52 ET...
    99,723 ticks, up to 07:40:25 ET...
    110,776 ticks, up to 07:41:47 ET...
    121,242 ticks, up to 07:44:23 ET...
    131,735 ticks, up to 07:47:07 ET...
    142,802 ticks, up to 07:49:16 ET...
    153,197 ticks, up to 07:51:39 ET...
    163,615 ticks, up to 07:54:27 ET...
    173,852 ticks, up to 07:58:33 ET...
    184,505 ticks, up to 08:02:30 ET...
    194,870 ticks, up to 08:09:06 ET...
    206,407 ticks, up to 08:10:20 ET...
    217,123 ticks, up to 08:12:49 ET...
    227,607 ticks, up to 08:15:50 ET...
    238,029 ticks, up to 08:19:46 ET...
    248,188 ticks, up to 08:24:20 ET...
    259,052 ticks, up to 08:25:27 ET...
    269,421 ticks, up to 08:29:30 ET...
    279,690 ticks, up to 08:33:12 ET...
    290,480 ticks, up to 08:37:08 ET...
    301,004 ticks, up to 08:44:10 ET...
    311,285 ticks, up to 08:49:20 ET...
    321,869 ticks, up to 08:52:34 ET...
    332,542 ticks, up to 08:56:22 ET...
    343,226 ticks, up to 09:00:47 ET...
    353,673 ticks, up to 09:03:48 ET...
    364,066 ticks, up to 09:06:04 ET...
    375,576 ticks, up to 09:07:14 ET...
    386,150 ticks, up to 09:08:38 ET...
    396,568 ticks, up to 09:10:46 ET...
    406,990 ticks, up to 09:14:16 ET...
    417,266 ticks, up to 09:19:11 ET...
    427,686 ticks, up to 09:22:49 ET...
    437,966 ticks, up to 09:29:23 ET...
    448,872 ticks, up to 09:30:36 ET...
    460,075 ticks, up to 09:31:34 ET...
    470,992 ticks, up to 09:33:04 ET...
    482,125 ticks, up to 09:34:03 ET...
    493,898 ticks, up to 09:34:25 ET...
    506,748 ticks, up to 09:34:48 ET...
    519,211 ticks, up to 09:35:11 ET...
    529,972 ticks, up to 09:36:42 ET...
    541,186 ticks, up to 09:38:05 ET...
    552,352 ticks, up to 09:40:06 ET...
    562,937 ticks, up to 09:42:32 ET...
    573,413 ticks, up to 09:44:43 ET...
    583,708 ticks, up to 09:47:39 ET...
    595,479 ticks, up to 09:48:43 ET...
    605,980 ticks, up to 09:51:35 ET...
    616,181 ticks, up to 09:56:07 ET...
    627,015 ticks, up to 09:58:34 ET...
    637,418 ticks, up to 10:02:40 ET...
    647,833 ticks, up to 10:08:27 ET...
    658,138 ticks, up to 10:16:11 ET...
    668,626 ticks, up to 10:27:50 ET...
    678,924 ticks, up to 10:37:05 ET...
    689,096 ticks, up to 10:54:32 ET...
    699,240 ticks, up to 11:22:45 ET...
    709,779 ticks, up to 11:29:46 ET...
    719,998 ticks, up to 11:52:30 ET...
    730,040 ticks, up to 12:42:05 ET...
    740,660 ticks, up to 13:51:08 ET...
    750,754 ticks, up to 15:15:04 ET...
    760,907 ticks, up to 15:59:25 ET...
  Saved 769723 ticks → /Users/duffy/warrior_bot_v2/tick_cache/2026-04-29/SAGT.json.gz
    (extended: 99,079 → 769,723 ticks)
  [2026-04-29] RDAC...
    10,192 ticks, up to 08:18:40 ET...
    20,435 ticks, up to 08:31:09 ET...
    30,607 ticks, up to 10:06:39 ET...
    41,421 ticks, up to 10:38:40 ET...
    51,878 ticks, up to 10:48:13 ET...
    62,245 ticks, up to 10:53:42 ET...
    72,675 ticks, up to 10:58:29 ET...
    83,920 ticks, up to 11:12:47 ET...
    94,465 ticks, up to 11:15:03 ET...
    105,775 ticks, up to 11:32:51 ET...
    116,432 ticks, up to 11:37:46 ET...
    126,828 ticks, up to 11:42:14 ET...
    137,292 ticks, up to 11:45:34 ET...
    147,985 ticks, up to 11:47:54 ET...
    158,391 ticks, up to 11:50:54 ET...
    168,754 ticks, up to 12:01:02 ET...
    178,915 ticks, up to 12:13:05 ET...
    189,261 ticks, up to 12:30:17 ET...
    199,438 ticks, up to 12:47:13 ET...
    209,563 ticks, up to 13:10:04 ET...
    220,626 ticks, up to 13:30:22 ET...
    230,812 ticks, up to 13:39:20 ET...
    241,349 ticks, up to 13:48:49 ET...
    251,477 ticks, up to 14:03:46 ET...
    261,562 ticks, up to 14:18:44 ET...
    271,900 ticks, up to 14:25:43 ET...
    281,969 ticks, up to 14:43:14 ET...
    292,086 ticks, up to 15:04:32 ET...
    302,266 ticks, up to 15:41:43 ET...
    312,444 ticks, up to 15:54:39 ET...
    322,553 ticks, up to 16:21:50 ET...
    332,662 ticks, up to 16:53:15 ET...
    342,711 ticks, up to 17:31:54 ET...
    352,757 ticks, up to 19:02:36 ET...
  Saved 354404 ticks → /Users/duffy/warrior_bot_v2/tick_cache/2026-04-29/RDAC.json.gz
    (extended: 120,452 → 354,404 ticks)
  [2026-04-29] CRWG...
    10,044 ticks, up to 10:12:03 ET...
    20,112 ticks, up to 12:24:04 ET...
  SKIP SAVE: CRWG new=28088 < existing=49645 — keeping existing
  [2026-04-29] AXIL...
    10,619 ticks, up to 08:02:54 ET...
    21,701 ticks, up to 08:03:49 ET...
    32,575 ticks, up to 08:04:58 ET...
    44,042 ticks, up to 08:05:48 ET...
    54,679 ticks, up to 08:08:05 ET...
    65,918 ticks, up to 08:09:07 ET...
    76,559 ticks, up to 08:11:44 ET...
    86,811 ticks, up to 08:17:14 ET...
    97,085 ticks, up to 08:22:45 ET...
    107,444 ticks, up to 08:38:36 ET...
    117,519 ticks, up to 09:43:28 ET...
    127,644 ticks, up to 15:35:36 ET...
  Saved 128812 ticks → /Users/duffy/warrior_bot_v2/tick_cache/2026-04-29/AXIL.json.gz
    (extended: 4 → 128,812 ticks)

[2026-04-30] Fetching 2 symbols...
  [2026-04-30] FATN...
    10,100 ticks, up to 06:55:51 ET...
    20,464 ticks, up to 07:08:03 ET...
    31,298 ticks, up to 07:09:17 ET...
    41,626 ticks, up to 07:13:19 ET...
    51,838 ticks, up to 07:20:14 ET...
    62,119 ticks, up to 07:24:40 ET...
    72,278 ticks, up to 07:33:09 ET...
    82,420 ticks, up to 07:42:26 ET...
    92,979 ticks, up to 07:45:12 ET...
    103,190 ticks, up to 07:54:06 ET...
    113,452 ticks, up to 08:02:02 ET...
    123,773 ticks, up to 08:05:07 ET...
    134,196 ticks, up to 08:07:55 ET...
    144,878 ticks, up to 08:11:30 ET...
    155,219 ticks, up to 08:16:40 ET...
    165,369 ticks, up to 08:22:51 ET...
    175,519 ticks, up to 08:31:32 ET...
    185,628 ticks, up to 08:42:49 ET...
    195,803 ticks, up to 08:56:06 ET...
    206,163 ticks, up to 09:02:26 ET...
    216,516 ticks, up to 09:07:50 ET...
    226,675 ticks, up to 09:25:22 ET...
    237,256 ticks, up to 09:31:01 ET...
    247,864 ticks, up to 09:33:12 ET...
    258,718 ticks, up to 09:36:12 ET...
    270,060 ticks, up to 09:38:28 ET...
    280,523 ticks, up to 09:42:27 ET...
    290,901 ticks, up to 09:50:51 ET...
    301,577 ticks, up to 09:59:58 ET...
    311,639 ticks, up to 10:15:51 ET...
    321,819 ticks, up to 10:27:09 ET...
    331,933 ticks, up to 10:47:13 ET...
    342,269 ticks, up to 11:20:58 ET...
    352,485 ticks, up to 12:36:48 ET...
    362,519 ticks, up to 14:55:01 ET...
    372,644 ticks, up to 15:49:29 ET...
  Saved 379628 ticks → /Users/duffy/warrior_bot_v2/tick_cache/2026-04-30/FATN.json.gz
    (extended: 249,481 → 379,628 ticks)
  [2026-04-30] CANF...
    10,405 ticks, up to 08:38:43 ET...
    20,691 ticks, up to 08:43:53 ET...
    30,970 ticks, up to 08:50:10 ET...
    41,332 ticks, up to 08:55:05 ET...
    51,484 ticks, up to 09:03:22 ET...
    61,772 ticks, up to 09:10:35 ET...
    72,283 ticks, up to 09:13:24 ET...
    82,705 ticks, up to 09:19:01 ET...
    93,017 ticks, up to 09:30:25 ET...
    103,331 ticks, up to 09:34:04 ET...
    113,812 ticks, up to 09:38:11 ET...
    124,026 ticks, up to 09:44:51 ET...
    134,273 ticks, up to 09:49:31 ET...
    144,937 ticks, up to 09:51:44 ET...
    155,372 ticks, up to 09:55:00 ET...
    165,701 ticks, up to 09:58:37 ET...
    175,937 ticks, up to 10:05:51 ET...
    186,117 ticks, up to 10:16:42 ET...
    196,339 ticks, up to 10:37:45 ET...
    206,417 ticks, up to 12:14:02 ET...
  Saved 214425 ticks → /Users/duffy/warrior_bot_v2/tick_cache/2026-04-30/CANF.json.gz
    (extended: 199,682 → 214,425 ticks)

Done. Fetched ticks for 47 symbol-dates.
