
[2026-03-05] Fetching 1 symbols...
  [2026-03-05] MTEK...
    10,557 ticks, up to 09:19:45 ET...
    22,369 ticks, up to 09:20:34 ET...
    33,238 ticks, up to 09:21:26 ET...
    45,561 ticks, up to 09:21:56 ET...
    57,161 ticks, up to 09:22:30 ET...
    67,939 ticks, up to 09:23:25 ET...
    79,221 ticks, up to 09:24:06 ET...
    90,514 ticks, up to 09:25:09 ET...
    102,992 ticks, up to 09:26:04 ET...
    115,132 ticks, up to 09:26:26 ET...
    127,275 ticks, up to 09:26:55 ET...
    138,017 ticks, up to 09:28:13 ET...
    149,151 ticks, up to 09:29:53 ET...
    160,150 ticks, up to 09:31:00 ET...
    170,949 ticks, up to 09:32:18 ET...
    181,576 ticks, up to 09:33:53 ET...
    192,049 ticks, up to 09:36:08 ET...
    202,915 ticks, up to 09:37:43 ET...
    213,435 ticks, up to 09:40:56 ET...
    223,878 ticks, up to 09:45:35 ET...
    236,004 ticks, up to 09:49:05 ET...
    246,455 ticks, up to 09:55:34 ET...
    256,645 ticks, up to 10:14:07 ET...
    266,762 ticks, up to 10:38:24 ET...
    277,022 ticks, up to 11:27:52 ET...
    287,154 ticks, up to 12:50:24 ET...
    297,362 ticks, up to 14:51:11 ET...
  Saved 306913 ticks → /Users/duffy/warrior_bot_v2/tick_cache/2026-03-05/MTEK.json.gz
    (extended: 306,913 → 306,913 ticks)

[2026-03-09] Fetching 1 symbols...
  [2026-03-09] AGH...
    10,239 ticks, up to 06:18:12 ET...
    21,306 ticks, up to 06:23:39 ET...
    31,845 ticks, up to 06:29:18 ET...
    42,350 ticks, up to 06:32:52 ET...
    53,424 ticks, up to 06:34:51 ET...
    64,745 ticks, up to 06:36:30 ET...
    75,416 ticks, up to 06:38:10 ET...
    85,883 ticks, up to 06:43:05 ET...
    96,526 ticks, up to 06:48:40 ET...
    108,205 ticks, up to 06:50:52 ET...
    118,422 ticks, up to 06:53:22 ET...
    129,851 ticks, up to 06:56:18 ET...
    140,250 ticks, up to 07:00:55 ET...
    150,967 ticks, up to 07:04:22 ET...
    162,735 ticks, up to 07:04:44 ET...
    173,022 ticks, up to 07:07:04 ET...
    183,770 ticks, up to 07:10:00 ET...
    195,353 ticks, up to 07:13:57 ET...
    206,059 ticks, up to 07:17:09 ET...
    216,802 ticks, up to 07:19:42 ET...
    227,251 ticks, up to 07:23:50 ET...
    237,515 ticks, up to 07:32:19 ET...
    248,017 ticks, up to 07:48:05 ET...
    258,388 ticks, up to 07:58:41 ET...
    269,967 ticks, up to 08:00:07 ET...
    284,296 ticks, up to 08:02:01 ET...
    295,359 ticks, up to 08:07:49 ET...
    305,698 ticks, up to 08:12:42 ET...
    316,905 ticks, up to 08:21:46 ET...
    327,993 ticks, up to 08:24:42 ET...
    338,700 ticks, up to 08:42:45 ET...
    348,850 ticks, up to 09:22:52 ET...
    359,605 ticks, up to 09:30:43 ET...
    369,879 ticks, up to 09:36:57 ET...
    380,093 ticks, up to 10:05:01 ET...
    390,411 ticks, up to 10:11:11 ET...
    401,049 ticks, up to 10:50:16 ET...
    411,250 ticks, up to 11:33:07 ET...
    421,439 ticks, up to 13:07:32 ET...
    431,661 ticks, up to 15:05:29 ET...
  Saved 439138 ticks → /Users/duffy/warrior_bot_v2/tick_cache/2026-03-09/AGH.json.gz
    (extended: 439,138 → 439,138 ticks)

[2026-03-12] Fetching 1 symbols...
  [2026-03-12] LCUT...
    10,195 ticks, up to 07:14:08 ET...
    20,513 ticks, up to 07:24:17 ET...
    30,741 ticks, up to 07:31:42 ET...
    40,853 ticks, up to 07:57:16 ET...
    55,153 ticks, up to 08:02:14 ET...
    65,172 ticks, up to 10:49:52 ET...
    75,232 ticks, up to 16:59:26 ET...
  Saved 75762 ticks → /Users/duffy/warrior_bot_v2/tick_cache/2026-03-12/LCUT.json.gz
    (extended: 75,762 → 75,762 ticks)

[2026-03-18] Fetching 1 symbols...
  [2026-03-18] ARTL...
    10,454 ticks, up to 07:44:34 ET...
    21,389 ticks, up to 07:47:46 ET...
    32,755 ticks, up to 07:49:55 ET...
    43,409 ticks, up to 07:51:54 ET...
    54,449 ticks, up to 07:54:29 ET...
    65,155 ticks, up to 07:57:11 ET...
    76,386 ticks, up to 08:00:01 ET...
    86,968 ticks, up to 08:01:37 ET...
    98,794 ticks, up to 08:05:11 ET...
    109,664 ticks, up to 08:07:36 ET...
    121,875 ticks, up to 08:07:54 ET...
    133,213 ticks, up to 08:08:25 ET...
    145,034 ticks, up to 08:10:05 ET...
    158,134 ticks, up to 08:10:25 ET...
    168,779 ticks, up to 08:11:16 ET...
    179,193 ticks, up to 08:13:02 ET...
    190,983 ticks, up to 08:15:06 ET...
    204,442 ticks, up to 08:16:13 ET...
    216,815 ticks, up to 08:16:39 ET...
    228,129 ticks, up to 08:18:04 ET...
    239,088 ticks, up to 08:18:45 ET...
    249,634 ticks, up to 08:20:14 ET...
    260,070 ticks, up to 08:23:10 ET...
    270,636 ticks, up to 08:26:04 ET...
    281,899 ticks, up to 08:28:34 ET...
    292,473 ticks, up to 08:31:23 ET...
    302,823 ticks, up to 08:36:10 ET...
    313,472 ticks, up to 08:40:56 ET...
    323,641 ticks, up to 08:51:41 ET...
    333,835 ticks, up to 09:07:42 ET...
    343,988 ticks, up to 09:29:44 ET...
    355,601 ticks, up to 09:32:11 ET...
    366,154 ticks, up to 09:35:10 ET...
    376,907 ticks, up to 09:38:44 ET...
    388,331 ticks, up to 09:39:22 ET...
    400,000 ticks, up to 09:45:04 ET...
    411,352 ticks, up to 09:45:32 ET...
    422,484 ticks, up to 09:46:13 ET...
    434,368 ticks, up to 09:47:06 ET...
    445,312 ticks, up to 09:48:24 ET...
    456,209 ticks, up to 09:49:42 ET...
    466,859 ticks, up to 09:51:23 ET...
    477,123 ticks, up to 09:53:33 ET...
    488,834 ticks, up to 09:54:17 ET...
    500,358 ticks, up to 09:54:50 ET...
    511,628 ticks, up to 09:55:57 ET...
    522,941 ticks, up to 09:57:07 ET...
    533,674 ticks, up to 09:59:34 ET...
    544,887 ticks, up to 10:01:15 ET...
    555,615 ticks, up to 10:08:44 ET...
    566,226 ticks, up to 10:12:27 ET...
    576,385 ticks, up to 10:19:44 ET...
    586,549 ticks, up to 10:24:00 ET...
    596,762 ticks, up to 10:32:17 ET...
    606,911 ticks, up to 10:48:38 ET...
    617,414 ticks, up to 11:02:08 ET...
    627,616 ticks, up to 11:13:02 ET...
    637,726 ticks, up to 11:35:08 ET...
    648,352 ticks, up to 11:54:07 ET...
    658,601 ticks, up to 12:32:17 ET...
    668,955 ticks, up to 13:03:04 ET...
    679,205 ticks, up to 13:58:50 ET...
    689,370 ticks, up to 15:09:36 ET...
    700,452 ticks, up to 15:15:06 ET...
    710,816 ticks, up to 15:21:54 ET...
    720,983 ticks, up to 15:31:25 ET...
    731,623 ticks, up to 15:36:13 ET...
    741,807 ticks, up to 15:46:36 ET...
    752,105 ticks, up to 15:59:56 ET...
  Saved 760576 ticks → /Users/duffy/warrior_bot_v2/tick_cache/2026-03-18/ARTL.json.gz
    (extended: 760,576 → 760,576 ticks)

[2026-03-19] Fetching 1 symbols...
  [2026-03-19] SER...
    10,076 ticks, up to 07:56:22 ET...
    20,747 ticks, up to 08:05:59 ET...
    31,154 ticks, up to 08:11:17 ET...
    41,354 ticks, up to 08:16:36 ET...
    51,749 ticks, up to 08:18:43 ET...
    62,229 ticks, up to 08:23:33 ET...
    72,452 ticks, up to 08:31:27 ET...
    82,587 ticks, up to 08:43:43 ET...
    92,717 ticks, up to 09:00:28 ET...
    103,162 ticks, up to 09:03:31 ET...
    113,709 ticks, up to 09:07:21 ET...
    123,984 ticks, up to 09:19:53 ET...
    135,180 ticks, up to 09:24:18 ET...
    145,435 ticks, up to 09:28:30 ET...
    156,616 ticks, up to 09:30:22 ET...
    167,540 ticks, up to 09:31:09 ET...
    178,843 ticks, up to 09:31:53 ET...
    190,289 ticks, up to 09:32:49 ET...
    201,259 ticks, up to 09:34:49 ET...
    212,241 ticks, up to 09:35:30 ET...
    223,501 ticks, up to 09:37:25 ET...
    234,147 ticks, up to 09:39:42 ET...
    244,612 ticks, up to 09:41:52 ET...
    255,208 ticks, up to 09:43:47 ET...
    265,526 ticks, up to 09:46:28 ET...
    275,903 ticks, up to 09:49:34 ET...
    286,291 ticks, up to 09:54:54 ET...
    296,850 ticks, up to 09:59:12 ET...
    306,935 ticks, up to 10:06:52 ET...
    317,199 ticks, up to 10:10:12 ET...
    327,651 ticks, up to 10:14:34 ET...
    337,764 ticks, up to 10:25:11 ET...
    348,112 ticks, up to 10:37:14 ET...
    359,314 ticks, up to 10:43:24 ET...
    369,475 ticks, up to 11:01:03 ET...
    379,833 ticks, up to 11:12:44 ET...
    390,087 ticks, up to 11:31:54 ET...
    400,161 ticks, up to 12:01:24 ET...
    411,635 ticks, up to 12:31:56 ET...
    422,281 ticks, up to 12:37:19 ET...
    434,332 ticks, up to 12:39:54 ET...
    444,691 ticks, up to 12:43:15 ET...
    455,065 ticks, up to 12:47:25 ET...
    465,327 ticks, up to 12:54:06 ET...
    475,661 ticks, up to 13:01:23 ET...
    485,814 ticks, up to 13:11:08 ET...
    496,853 ticks, up to 13:16:13 ET...
    507,265 ticks, up to 13:19:20 ET...
    517,531 ticks, up to 13:25:50 ET...
    528,196 ticks, up to 13:33:09 ET...
    538,367 ticks, up to 13:43:22 ET...
    548,494 ticks, up to 13:57:26 ET...
    558,686 ticks, up to 14:15:00 ET...
    569,387 ticks, up to 14:34:29 ET...
    579,590 ticks, up to 15:01:45 ET...
    589,880 ticks, up to 15:23:24 ET...
    600,139 ticks, up to 15:46:23 ET...
    610,447 ticks, up to 15:58:53 ET...
    620,532 ticks, up to 16:28:44 ET...
    630,594 ticks, up to 17:42:13 ET...
  Saved 633865 ticks → /Users/duffy/warrior_bot_v2/tick_cache/2026-03-19/SER.json.gz
    (extended: 633,865 → 633,865 ticks)

[2026-03-23] Fetching 1 symbols...
  [2026-03-23] AHMA...
    10,248 ticks, up to 09:20:06 ET...
    20,600 ticks, up to 09:23:39 ET...
    31,198 ticks, up to 09:27:02 ET...
    41,738 ticks, up to 09:30:51 ET...
    52,886 ticks, up to 09:36:43 ET...
    63,883 ticks, up to 09:37:21 ET...
    74,816 ticks, up to 09:38:55 ET...
    85,430 ticks, up to 09:41:13 ET...
    96,356 ticks, up to 09:48:08 ET...
    106,641 ticks, up to 09:55:59 ET...
    117,109 ticks, up to 10:00:15 ET...
    127,404 ticks, up to 10:03:24 ET...
    138,066 ticks, up to 10:05:41 ET...
    149,375 ticks, up to 10:07:13 ET...
    159,668 ticks, up to 10:10:13 ET...
    170,241 ticks, up to 10:13:37 ET...
    180,630 ticks, up to 10:20:48 ET...
    191,393 ticks, up to 10:23:45 ET...
    201,953 ticks, up to 10:26:56 ET...
    212,296 ticks, up to 10:34:35 ET...
    222,620 ticks, up to 10:41:08 ET...
    232,899 ticks, up to 10:53:34 ET...
    243,244 ticks, up to 11:05:43 ET...
    253,868 ticks, up to 11:11:04 ET...
    264,130 ticks, up to 11:22:23 ET...
    274,568 ticks, up to 12:47:13 ET...
    284,930 ticks, up to 13:23:14 ET...
    294,986 ticks, up to 13:53:10 ET...
    305,301 ticks, up to 14:15:40 ET...
    315,403 ticks, up to 14:30:17 ET...
    325,538 ticks, up to 15:02:15 ET...
    335,680 ticks, up to 15:30:39 ET...
    345,813 ticks, up to 16:19:38 ET...
  Saved 350008 ticks → /Users/duffy/warrior_bot_v2/tick_cache/2026-03-23/AHMA.json.gz
    (extended: 350,008 → 350,008 ticks)

[2026-04-01] Fetching 2 symbols...
  [2026-04-01] BCG...
    10,808 ticks, up to 04:06:30 ET...
    20,893 ticks, up to 04:27:09 ET...
    30,911 ticks, up to 05:04:46 ET...
    41,063 ticks, up to 05:41:31 ET...
    51,144 ticks, up to 06:26:21 ET...
    61,238 ticks, up to 06:40:35 ET...
    71,511 ticks, up to 06:58:22 ET...
    82,303 ticks, up to 07:01:12 ET...
    93,120 ticks, up to 07:02:28 ET...
    103,758 ticks, up to 07:03:46 ET...
    114,327 ticks, up to 07:06:20 ET...
    124,654 ticks, up to 07:11:37 ET...
    134,891 ticks, up to 07:18:32 ET...
    145,029 ticks, up to 07:32:48 ET...
    155,157 ticks, up to 07:50:32 ET...
    165,610 ticks, up to 08:11:45 ET...
    175,627 ticks, up to 08:56:25 ET...
    186,151 ticks, up to 09:30:11 ET...
    196,482 ticks, up to 09:34:22 ET...
    206,583 ticks, up to 09:47:22 ET...
    216,997 ticks, up to 10:01:15 ET...
    227,114 ticks, up to 10:39:12 ET...
    237,242 ticks, up to 11:59:46 ET...
    247,307 ticks, up to 13:35:42 ET...
    257,434 ticks, up to 15:15:09 ET...
  Saved 264156 ticks → /Users/duffy/warrior_bot_v2/tick_cache/2026-04-01/BCG.json.gz
    (extended: 25,170 → 264,156 ticks)
  [2026-04-01] CYCN...
    10,401 ticks, up to 07:07:36 ET...
    20,658 ticks, up to 07:09:36 ET...
    31,445 ticks, up to 07:10:57 ET...
    43,418 ticks, up to 07:12:11 ET...
    54,788 ticks, up to 07:13:02 ET...
    65,819 ticks, up to 07:14:04 ET...
    76,351 ticks, up to 07:15:09 ET...
    87,586 ticks, up to 07:15:52 ET...
    99,665 ticks, up to 07:16:13 ET...
    112,035 ticks, up to 07:16:36 ET...
    123,949 ticks, up to 07:17:11 ET...
    135,369 ticks, up to 07:17:52 ET...
    146,177 ticks, up to 07:18:53 ET...
    157,792 ticks, up to 07:19:42 ET...
    169,025 ticks, up to 07:21:05 ET...
    180,677 ticks, up to 07:22:10 ET...
    192,754 ticks, up to 07:22:30 ET...
    204,797 ticks, up to 07:23:07 ET...
    217,658 ticks, up to 07:23:19 ET...
    230,029 ticks, up to 07:23:38 ET...
    240,924 ticks, up to 07:24:35 ET...
    252,318 ticks, up to 07:25:15 ET...
    263,431 ticks, up to 07:26:05 ET...
    274,120 ticks, up to 07:27:06 ET...
    285,544 ticks, up to 07:28:35 ET...
    298,433 ticks, up to 07:28:51 ET...
    309,557 ticks, up to 07:29:57 ET...
    320,882 ticks, up to 07:31:33 ET...
    331,240 ticks, up to 07:34:17 ET...
    342,898 ticks, up to 07:36:05 ET...
    356,453 ticks, up to 07:36:21 ET...
    367,336 ticks, up to 07:37:00 ET...
    378,178 ticks, up to 07:38:10 ET...
    389,112 ticks, up to 07:39:32 ET...
    399,991 ticks, up to 07:41:02 ET...
    410,622 ticks, up to 07:42:43 ET...
    421,474 ticks, up to 07:44:43 ET...
    432,807 ticks, up to 07:45:19 ET...
    443,843 ticks, up to 07:45:55 ET...
    454,612 ticks, up to 07:48:11 ET...
    465,546 ticks, up to 07:50:09 ET...
    475,864 ticks, up to 07:54:49 ET...
    486,391 ticks, up to 07:57:05 ET...
