======================================================================
  DETAILED YTD: SQ + MP V2 (IBKR Ticks)
  59 dates, $30,000 start, morning + evening
======================================================================
[4/59] 2026-01-06: —
[6/59] 2026-01-08: 3 trades, $+947, eq=$30,947
[7/59] 2026-01-09: —
[8/59] 2026-01-12: 5 trades, $+1,248, eq=$32,195
[9/59] 2026-01-13: 5 trades, $+9,807, eq=$42,002
[10/59] 2026-01-14: 3 trades, $+11,139, eq=$53,141
[11/59] 2026-01-15: 5 trades, $-538, eq=$52,603
[12/59] 2026-01-16: 5 trades, $+845, eq=$53,448
[13/59] 2026-01-20: 5 trades, $+11,626, eq=$65,074
[14/59] 2026-01-21: 4 trades, $+4,474, eq=$69,548
[15/59] 2026-01-22: 3 trades, $+1,171, eq=$70,719
[16/59] 2026-01-23: 3 trades, $+11,644, eq=$82,363
[17/59] 2026-01-26: 3 trades, $+6,023, eq=$88,386
[18/59] 2026-01-27: 2 trades, $-632, eq=$87,754
[19/59] 2026-01-28: —
[20/59] 2026-01-29: —
[21/59] 2026-01-30: —
[22/59] 2026-02-02: —
[23/59] 2026-02-03: 3 trades, $+70,771, eq=$158,525
[24/59] 2026-02-04: —
[25/59] 2026-02-05: —
[26/59] 2026-02-06: 2 trades, $+17,094, eq=$175,619
[28/59] 2026-02-10: —
[29/59] 2026-02-11: —
[31/59] 2026-02-13: —
[32/59] 2026-02-17: —
[33/59] 2026-02-18: —
[34/59] 2026-02-19: 3 trades, $+7,737, eq=$183,356
[35/59] 2026-02-20: —
[40/59] 2026-02-27: —
[41/59] 2026-03-02: 1 trades, $+1,158, eq=$184,514
[43/59] 2026-03-04: —
[44/59] 2026-03-05: 1 trades, $+4,779, eq=$189,293
[45/59] 2026-03-06: 2 trades, $+33,782, eq=$223,075
[46/59] 2026-03-09: —
[47/59] 2026-03-10: 2 trades, $+4,815, eq=$227,890
[48/59] 2026-03-11: —
[49/59] 2026-03-12: —
[50/59] 2026-03-13: —
[52/59] 2026-03-18: 1 trades, $+2,136, eq=$230,026
[53/59] 2026-03-19: 1 trades, $+1,429, eq=$231,455
[55/59] 2026-03-23: 1 trades, $+4,194, eq=$235,649
[56/59] 2026-03-24: 1 trades, $+2,852, eq=$238,501
[58/59] 2026-03-26: 1 trades, $+3,488, eq=$241,989

Report saved: /Users/duffy/warrior_bot_v2/cowork_reports/2026-03-28_detailed_ytd_sq_mp_v2.md

======================================================================
  FINAL: SQ + MP V2 (IBKR Ticks)
  Trades: 65, WR: 73% (46W/17L)
  P&L: $+211,989 (+706.6%)
  Equity: $241,989
======================================================================
