============================================================
  YTD V3+IBKR Merged (5x RVOL) | Windows: 04:00-11:00, 16:00-20:00
  62 trading days, starting $30,000
  Progress тЖТ /Users/duffy/warrior_bot_v2/backtest_status/ytd_v3_merged.md
============================================================
[4/62] 2026-01-06: тАФ
[6/62] 2026-01-08: 2 trades, $+877, eq=$30,877
[7/62] 2026-01-09: 3 trades, $+1,425, eq=$32,302
[8/62] 2026-01-12: 4 trades, $+1,327, eq=$33,629
[9/62] 2026-01-13: 5 trades, $+6,923, eq=$40,552
[10/62] 2026-01-14: 3 trades, $+17,019, eq=$57,571
[11/62] 2026-01-15: 5 trades, $+7,774, eq=$65,345
[12/62] 2026-01-16: 5 trades, $+4,199, eq=$69,544
[13/62] 2026-01-20: 5 trades, $+31,613, eq=$101,157
[14/62] 2026-01-21: 2 trades, $+10,246, eq=$111,403
[15/62] 2026-01-22: 1 trades, $+3,879, eq=$115,282
[16/62] 2026-01-23: 3 trades, $+12,992, eq=$128,274
[17/62] 2026-01-26: тАФ
[18/62] 2026-01-27: 1 trades, $-331, eq=$127,943
[19/62] 2026-01-28: тАФ
[20/62] 2026-01-29: тАФ
[21/62] 2026-01-30: тАФ
[22/62] 2026-02-02: 1 trades, $+1,485, eq=$129,428
[23/62] 2026-02-03: 4 trades, $+70,842, eq=$200,270
[24/62] 2026-02-04: тАФ
[25/62] 2026-02-05: тАФ
[26/62] 2026-02-06: 2 trades, $+17,094, eq=$217,364
[27/62] 2026-02-09: тАФ
[28/62] 2026-02-10: тАФ
[29/62] 2026-02-11: тАФ
[30/62] 2026-02-12: тАФ
[31/62] 2026-02-13: тАФ
[32/62] 2026-02-17: тАФ
[33/62] 2026-02-18: тАФ
[34/62] 2026-02-19: 3 trades, $+7,737, eq=$225,101
[35/62] 2026-02-20: тАФ
[36/62] 2026-02-23: тАФ
[37/62] 2026-02-24: тАФ
[38/62] 2026-02-25: тАФ
[39/62] 2026-02-26: тАФ
[40/62] 2026-02-27: тАФ
[41/62] 2026-03-02: 1 trades, $+1,158, eq=$226,259
[42/62] 2026-03-03: тАФ
[43/62] 2026-03-04: 2 trades, $+9,129, eq=$235,388
[44/62] 2026-03-05: 1 trades, $+4,779, eq=$240,167
[45/62] 2026-03-06: 2 trades, $+33,782, eq=$273,949
[46/62] 2026-03-09: тАФ
[47/62] 2026-03-10: тАФ
[48/62] 2026-03-11: тАФ
[49/62] 2026-03-12: тАФ
[50/62] 2026-03-13: тАФ
[53/62] 2026-03-18: тАФ
[54/62] 2026-03-19: тАФ
[55/62] 2026-03-20: 1 trades, $+3,898, eq=$277,847
[56/62] 2026-03-23: 1 trades, $+4,194, eq=$282,041
[57/62] 2026-03-24: 1 trades, $+2,852, eq=$284,893
[60/62] 2026-03-27: тАФ

============================================================
  FINAL: YTD V3+IBKR Merged (5x RVOL)
  Trades: 58, WR: 84% (48W/9L)
  P&L: $+254,893 (+849.6%)
  Equity: $284,893
============================================================
