============================================================
  HONEST YTD FIXED (no dupes, earliest sim_start) | Windows: 04:00-11:00, 16:00-20:00
  62 trading days, starting $30,000
  Progress → /Users/duffy/warrior_bot_v2/backtest_status/ytd_fixed.md
============================================================
[4/62] 2026-01-06: —
[8/62] 2026-01-12: 4 trades, $+1,233, eq=$31,233
[9/62] 2026-01-13: 3 trades, $+2,214, eq=$33,447
[10/62] 2026-01-14: 3 trades, $+14,046, eq=$47,493
[11/62] 2026-01-15: 2 trades, $-551, eq=$46,942
[12/62] 2026-01-16: 5 trades, $+4,712, eq=$51,654
[13/62] 2026-01-20: 1 trades, $+1,152, eq=$52,806
[14/62] 2026-01-21: —
[16/62] 2026-01-23: 2 trades, $+1,237, eq=$54,043
[17/62] 2026-01-26: —
[18/62] 2026-01-27: —
[20/62] 2026-01-29: —
[21/62] 2026-01-30: —
[22/62] 2026-02-02: 1 trades, $+627, eq=$54,670
[23/62] 2026-02-03: 2 trades, $+57,718, eq=$112,388
[27/62] 2026-02-09: —
[29/62] 2026-02-11: —
[30/62] 2026-02-12: —
[31/62] 2026-02-13: —
[32/62] 2026-02-17: —
[35/62] 2026-02-20: —
[37/62] 2026-02-24: —
[39/62] 2026-02-26: —
[40/62] 2026-02-27: —
[41/62] 2026-03-02: 1 trades, $+1,158, eq=$113,546
[44/62] 2026-03-05: 1 trades, $+3,074, eq=$116,620
[46/62] 2026-03-09: —
[48/62] 2026-03-11: —
[49/62] 2026-03-12: —
[50/62] 2026-03-13: —
[53/62] 2026-03-18: —
[54/62] 2026-03-19: —
[55/62] 2026-03-20: 1 trades, $+3,239, eq=$119,859
[56/62] 2026-03-23: —
[57/62] 2026-03-24: 1 trades, $+2,852, eq=$122,711
[60/62] 2026-03-27: —

============================================================
  FINAL: HONEST YTD FIXED (no dupes, earliest sim_start)
  Trades: 27, WR: 70% (19W/8L)
  P&L: $+92,711 (+309.0%)
  Equity: $122,711
============================================================
