============================================================
  HONEST YTD (V3+IBKR, 3x RVOL, correct times) | Windows: 04:00-11:00, 16:00-20:00
  62 trading days, starting $30,000
  Progress → /Users/duffy/warrior_bot_v2/backtest_status/ytd_honest_v2.md
============================================================
[4/62] 2026-01-06: —
[8/62] 2026-01-12: 4 trades, $+1,233, eq=$31,233
[9/62] 2026-01-13: 4 trades, $+6,482, eq=$37,715
[10/62] 2026-01-14: 3 trades, $+15,830, eq=$53,545
[11/62] 2026-01-15: 2 trades, $-620, eq=$52,925
[12/62] 2026-01-16: 5 trades, $+6,117, eq=$59,042
[14/62] 2026-01-21: —
[16/62] 2026-01-23: 3 trades, $+3,188, eq=$62,230
[17/62] 2026-01-26: —
[18/62] 2026-01-27: —
[20/62] 2026-01-29: —
[21/62] 2026-01-30: —
[22/62] 2026-02-02: 1 trades, $+722, eq=$62,952
[23/62] 2026-02-03: 2 trades, $+65,428, eq=$128,380
[27/62] 2026-02-09: —
[29/62] 2026-02-11: —
[31/62] 2026-02-13: —
[32/62] 2026-02-17: —
[35/62] 2026-02-20: —
[37/62] 2026-02-24: —
[39/62] 2026-02-26: —
[40/62] 2026-02-27: —
[41/62] 2026-03-02: 1 trades, $+1,158, eq=$129,538
[44/62] 2026-03-05: 1 trades, $+3,508, eq=$133,046
[46/62] 2026-03-09: —
[48/62] 2026-03-11: —
[49/62] 2026-03-12: —
[50/62] 2026-03-13: —
[53/62] 2026-03-18: —
[54/62] 2026-03-19: —
[55/62] 2026-03-20: 1 trades, $+3,695, eq=$136,741
[56/62] 2026-03-23: —
[57/62] 2026-03-24: 1 trades, $+2,852, eq=$139,593

============================================================
  FINAL: HONEST YTD (V3+IBKR, 3x RVOL, correct times)
  Trades: 28, WR: 75% (21W/7L)
  P&L: $+109,593 (+365.3%)
  Equity: $139,593
============================================================
