============================================================
  HONEST YTD (1.5x RVOL) | Windows: 04:00-11:00, 16:00-20:00
  62 trading days, starting $30,000
  Progress тЖТ /Users/duffy/warrior_bot_v2/backtest_status/ytd_1_5x.md
============================================================
[4/62] 2026-01-06: тАФ
[8/62] 2026-01-12: 4 trades, $+1,233, eq=$31,233
[9/62] 2026-01-13: 4 trades, $+6,482, eq=$37,715
[10/62] 2026-01-14: 3 trades, $+15,830, eq=$53,545
[11/62] 2026-01-15: 2 trades, $-620, eq=$52,925
[12/62] 2026-01-16: 5 trades, $+6,117, eq=$59,042
[13/62] 2026-01-20: 1 trades, $+1,318, eq=$60,360
[14/62] 2026-01-21: тАФ
[16/62] 2026-01-23: 3 trades, $+3,261, eq=$63,621
[17/62] 2026-01-26: тАФ
[18/62] 2026-01-27: тАФ
[20/62] 2026-01-29: тАФ
[21/62] 2026-01-30: тАФ
[22/62] 2026-02-02: 1 trades, $+738, eq=$64,359
[23/62] 2026-02-03: 2 trades, $+65,420, eq=$129,779
[27/62] 2026-02-09: тАФ
[29/62] 2026-02-11: тАФ
[30/62] 2026-02-12: тАФ
[31/62] 2026-02-13: тАФ
[32/62] 2026-02-17: тАФ
[35/62] 2026-02-20: тАФ
[37/62] 2026-02-24: тАФ
[39/62] 2026-02-26: тАФ
[40/62] 2026-02-27: тАФ
[41/62] 2026-03-02: 1 trades, $+1,158, eq=$130,937
[44/62] 2026-03-05: 1 trades, $+3,546, eq=$134,483
[46/62] 2026-03-09: тАФ
[48/62] 2026-03-11: тАФ
[49/62] 2026-03-12: тАФ
[50/62] 2026-03-13: тАФ
[53/62] 2026-03-18: тАФ
[54/62] 2026-03-19: тАФ
[55/62] 2026-03-20: 1 trades, $+3,735, eq=$138,218
[56/62] 2026-03-23: тАФ
[57/62] 2026-03-24: 1 trades, $+2,852, eq=$141,070
[60/62] 2026-03-27: тАФ

============================================================
  FINAL: HONEST YTD (1.5x RVOL)
  Trades: 29, WR: 75% (22W/7L)
  P&L: $+111,070 (+370.2%)
  Equity: $141,070
============================================================
