
[2026-03-19] Fetching 1 symbols...
  [2026-03-19] SER...
    10,076 ticks, up to 07:56:22 ET...
    20,747 ticks, up to 08:05:59 ET...
    31,154 ticks, up to 08:11:17 ET...
    41,354 ticks, up to 08:16:36 ET...
    51,749 ticks, up to 08:18:43 ET...
    62,229 ticks, up to 08:23:33 ET...
    72,452 ticks, up to 08:31:27 ET...
    82,587 ticks, up to 08:43:43 ET...
    92,717 ticks, up to 09:00:28 ET...
    103,162 ticks, up to 09:03:31 ET...
    113,709 ticks, up to 09:07:21 ET...
    123,984 ticks, up to 09:19:53 ET...
    135,180 ticks, up to 09:24:18 ET...
    145,435 ticks, up to 09:28:30 ET...
    156,616 ticks, up to 09:30:22 ET...
    167,540 ticks, up to 09:31:09 ET...
    178,843 ticks, up to 09:31:53 ET...
    190,289 ticks, up to 09:32:49 ET...
    201,259 ticks, up to 09:34:49 ET...
    212,241 ticks, up to 09:35:30 ET...
    223,501 ticks, up to 09:37:25 ET...
    234,147 ticks, up to 09:39:42 ET...
    244,612 ticks, up to 09:41:52 ET...
    255,208 ticks, up to 09:43:47 ET...
    265,526 ticks, up to 09:46:28 ET...
    275,903 ticks, up to 09:49:34 ET...
    286,291 ticks, up to 09:54:54 ET...
    296,850 ticks, up to 09:59:12 ET...
    306,935 ticks, up to 10:06:52 ET...
    317,199 ticks, up to 10:10:12 ET...
    327,651 ticks, up to 10:14:34 ET...
    337,764 ticks, up to 10:25:11 ET...
    348,112 ticks, up to 10:37:14 ET...
    359,314 ticks, up to 10:43:24 ET...
    369,475 ticks, up to 11:01:03 ET...
    379,833 ticks, up to 11:12:44 ET...
    390,087 ticks, up to 11:31:54 ET...
    400,161 ticks, up to 12:01:24 ET...
    411,635 ticks, up to 12:31:56 ET...
    422,281 ticks, up to 12:37:19 ET...
    434,332 ticks, up to 12:39:54 ET...
    444,691 ticks, up to 12:43:15 ET...
    455,065 ticks, up to 12:47:25 ET...
    465,327 ticks, up to 12:54:06 ET...
    475,661 ticks, up to 13:01:23 ET...
    485,814 ticks, up to 13:11:08 ET...
    496,853 ticks, up to 13:16:13 ET...
    507,265 ticks, up to 13:19:20 ET...
    517,531 ticks, up to 13:25:50 ET...
    528,196 ticks, up to 13:33:09 ET...
    538,367 ticks, up to 13:43:22 ET...
    548,494 ticks, up to 13:57:26 ET...
    558,686 ticks, up to 14:15:00 ET...
    569,387 ticks, up to 14:34:29 ET...
    579,590 ticks, up to 15:01:45 ET...
    589,880 ticks, up to 15:23:24 ET...
    600,139 ticks, up to 15:46:23 ET...
    610,447 ticks, up to 15:58:53 ET...
    620,532 ticks, up to 16:28:44 ET...
    630,594 ticks, up to 17:42:13 ET...
  Saved 633865 ticks → /Users/duffy/warrior_bot_v2/tick_cache/2026-03-19/SER.json.gz
    (extended: 633,865 → 633,865 ticks)

[2026-03-23] Fetching 1 symbols...
  [2026-03-23] AHMA...
    10,248 ticks, up to 09:20:06 ET...
    20,600 ticks, up to 09:23:39 ET...
    31,198 ticks, up to 09:27:02 ET...
    41,738 ticks, up to 09:30:51 ET...
    52,886 ticks, up to 09:36:43 ET...
    63,883 ticks, up to 09:37:21 ET...
    74,816 ticks, up to 09:38:55 ET...
    85,430 ticks, up to 09:41:13 ET...
    96,356 ticks, up to 09:48:08 ET...
    106,641 ticks, up to 09:55:59 ET...
    117,109 ticks, up to 10:00:15 ET...
    127,404 ticks, up to 10:03:24 ET...
    138,066 ticks, up to 10:05:41 ET...
    149,375 ticks, up to 10:07:13 ET...
    159,668 ticks, up to 10:10:13 ET...
    170,241 ticks, up to 10:13:37 ET...
    180,630 ticks, up to 10:20:48 ET...
    191,393 ticks, up to 10:23:45 ET...
    201,953 ticks, up to 10:26:56 ET...
    212,296 ticks, up to 10:34:35 ET...
    222,620 ticks, up to 10:41:08 ET...
    232,899 ticks, up to 10:53:34 ET...
    243,244 ticks, up to 11:05:43 ET...
    253,868 ticks, up to 11:11:04 ET...
    264,130 ticks, up to 11:22:23 ET...
    274,568 ticks, up to 12:47:13 ET...
    284,930 ticks, up to 13:23:14 ET...
    294,986 ticks, up to 13:53:10 ET...
    305,301 ticks, up to 14:15:40 ET...
    315,403 ticks, up to 14:30:17 ET...
    325,538 ticks, up to 15:02:15 ET...
    335,680 ticks, up to 15:30:39 ET...
    345,813 ticks, up to 16:19:38 ET...
  Saved 350008 ticks → /Users/duffy/warrior_bot_v2/tick_cache/2026-03-23/AHMA.json.gz
    (extended: 350,008 → 350,008 ticks)

[2026-04-01] Fetching 2 symbols...
  [2026-04-01] BCG...
    10,808 ticks, up to 04:06:30 ET...
    20,893 ticks, up to 04:27:09 ET...
    30,911 ticks, up to 05:04:46 ET...
    41,063 ticks, up to 05:41:31 ET...
    51,144 ticks, up to 06:26:21 ET...
    61,238 ticks, up to 06:40:35 ET...
    71,511 ticks, up to 06:58:22 ET...
    82,303 ticks, up to 07:01:12 ET...
    93,120 ticks, up to 07:02:28 ET...
    103,758 ticks, up to 07:03:46 ET...
    114,327 ticks, up to 07:06:20 ET...
    124,654 ticks, up to 07:11:37 ET...
    134,891 ticks, up to 07:18:32 ET...
    145,029 ticks, up to 07:32:48 ET...
    155,157 ticks, up to 07:50:32 ET...
    165,610 ticks, up to 08:11:45 ET...
    175,627 ticks, up to 08:56:25 ET...
    186,151 ticks, up to 09:30:11 ET...
    196,482 ticks, up to 09:34:22 ET...
    206,583 ticks, up to 09:47:22 ET...
    216,997 ticks, up to 10:01:15 ET...
    227,114 ticks, up to 10:39:12 ET...
    237,242 ticks, up to 11:59:46 ET...
    247,307 ticks, up to 13:35:42 ET...
    257,434 ticks, up to 15:15:09 ET...
  Saved 264156 ticks → /Users/duffy/warrior_bot_v2/tick_cache/2026-04-01/BCG.json.gz
    (extended: 264,156 → 264,156 ticks)
  [2026-04-01] CYCN...
    10,401 ticks, up to 07:07:36 ET...
    20,658 ticks, up to 07:09:36 ET...
    31,445 ticks, up to 07:10:57 ET...
    43,418 ticks, up to 07:12:11 ET...
    54,788 ticks, up to 07:13:02 ET...
    65,819 ticks, up to 07:14:04 ET...
    76,351 ticks, up to 07:15:09 ET...
    87,586 ticks, up to 07:15:52 ET...
    99,665 ticks, up to 07:16:13 ET...
    112,035 ticks, up to 07:16:36 ET...
    123,949 ticks, up to 07:17:11 ET...
    135,369 ticks, up to 07:17:52 ET...
    146,177 ticks, up to 07:18:53 ET...
    157,792 ticks, up to 07:19:42 ET...
    169,025 ticks, up to 07:21:05 ET...
    180,677 ticks, up to 07:22:10 ET...
    192,754 ticks, up to 07:22:30 ET...
    204,797 ticks, up to 07:23:07 ET...
    217,658 ticks, up to 07:23:19 ET...
    230,029 ticks, up to 07:23:38 ET...
    240,924 ticks, up to 07:24:35 ET...
    252,318 ticks, up to 07:25:15 ET...
    263,431 ticks, up to 07:26:05 ET...
    274,120 ticks, up to 07:27:06 ET...
    285,544 ticks, up to 07:28:35 ET...
    298,433 ticks, up to 07:28:51 ET...
    309,557 ticks, up to 07:29:57 ET...
    320,882 ticks, up to 07:31:33 ET...
    331,240 ticks, up to 07:34:17 ET...
    342,898 ticks, up to 07:36:05 ET...
    356,453 ticks, up to 07:36:21 ET...
    367,336 ticks, up to 07:37:00 ET...
    378,178 ticks, up to 07:38:10 ET...
    389,112 ticks, up to 07:39:32 ET...
    399,991 ticks, up to 07:41:02 ET...
    410,622 ticks, up to 07:42:43 ET...
    421,474 ticks, up to 07:44:43 ET...
    432,807 ticks, up to 07:45:19 ET...
    443,843 ticks, up to 07:45:55 ET...
    454,612 ticks, up to 07:48:11 ET...
    465,546 ticks, up to 07:50:09 ET...
    475,864 ticks, up to 07:54:49 ET...
    486,391 ticks, up to 07:57:05 ET...
    496,766 ticks, up to 08:01:06 ET...
    508,119 ticks, up to 08:02:12 ET...
    518,734 ticks, up to 08:04:40 ET...
    528,921 ticks, up to 08:10:07 ET...
    539,276 ticks, up to 08:13:49 ET...
    550,379 ticks, up to 08:16:19 ET...
    560,910 ticks, up to 08:17:41 ET...
    571,848 ticks, up to 08:20:15 ET...
    582,358 ticks, up to 08:23:36 ET...
    592,716 ticks, up to 08:30:12 ET...
    604,789 ticks, up to 08:32:57 ET...
    615,659 ticks, up to 08:33:38 ET...
    626,234 ticks, up to 08:35:25 ET...
    636,533 ticks, up to 08:38:15 ET...
    646,867 ticks, up to 08:41:09 ET...
    657,721 ticks, up to 08:44:25 ET...
    669,224 ticks, up to 08:45:23 ET...
    679,829 ticks, up to 08:48:27 ET...
    691,969 ticks, up to 08:48:57 ET...
    702,955 ticks, up to 08:50:03 ET...
    713,727 ticks, up to 08:50:48 ET...
    724,811 ticks, up to 08:51:19 ET...
    735,500 ticks, up to 08:52:34 ET...
    746,719 ticks, up to 08:54:35 ET...
    757,612 ticks, up to 08:56:13 ET...
    767,932 ticks, up to 08:58:30 ET...
    780,543 ticks, up to 08:59:09 ET...
    791,452 ticks, up to 09:00:11 ET...
    802,530 ticks, up to 09:01:32 ET...
    813,228 ticks, up to 09:04:50 ET...
    823,999 ticks, up to 09:06:42 ET...
    835,713 ticks, up to 09:07:23 ET...
    846,480 ticks, up to 09:08:52 ET...
    857,249 ticks, up to 09:11:35 ET...
    867,678 ticks, up to 09:15:31 ET...
    878,016 ticks, up to 09:18:39 ET...
    889,635 ticks, up to 09:21:10 ET...
    900,546 ticks, up to 09:22:04 ET...
    911,060 ticks, up to 09:24:41 ET...
    922,917 ticks, up to 09:26:11 ET...
    933,785 ticks, up to 09:27:06 ET...
    945,063 ticks, up to 09:27:45 ET...
    955,884 ticks, up to 09:28:54 ET...
    966,643 ticks, up to 09:30:04 ET...
    979,919 ticks, up to 09:30:18 ET...
    993,547 ticks, up to 09:30:33 ET...
    1,005,726 ticks, up to 09:30:56 ET...
    1,018,527 ticks, up to 09:31:20 ET...
    1,029,983 ticks, up to 09:32:05 ET...
    1,041,396 ticks, up to 09:32:50 ET...
    1,053,391 ticks, up to 09:33:32 ET...
    1,065,309 ticks, up to 09:34:35 ET...
    1,077,529 ticks, up to 09:35:04 ET...
    1,089,485 ticks, up to 09:35:36 ET...
    1,100,801 ticks, up to 09:36:23 ET...
    1,112,257 ticks, up to 09:37:26 ET...
    1,124,067 ticks, up to 09:37:49 ET...
    1,135,255 ticks, up to 09:38:53 ET...
    1,148,425 ticks, up to 09:39:14 ET...
    1,160,736 ticks, up to 09:39:41 ET...
    1,173,227 ticks, up to 09:40:15 ET...
    1,186,846 ticks, up to 09:40:30 ET...
    1,199,006 ticks, up to 09:40:45 ET...
    1,212,582 ticks, up to 09:46:09 ET...
    1,225,819 ticks, up to 09:46:23 ET...
    1,237,686 ticks, up to 09:46:54 ET...
    1,249,075 ticks, up to 09:47:36 ET...
    1,261,239 ticks, up to 09:48:22 ET...
    1,272,470 ticks, up to 09:49:02 ET...
    1,283,290 ticks, up to 09:49:59 ET...
    1,294,489 ticks, up to 09:50:48 ET...
    1,305,321 ticks, up to 09:51:49 ET...
    1,315,951 ticks, up to 09:53:48 ET...
    1,327,392 ticks, up to 09:54:56 ET...
    1,338,912 ticks, up to 09:55:32 ET...
    1,349,714 ticks, up to 09:56:56 ET...
    1,361,741 ticks, up to 09:57:57 ET...
    1,374,886 ticks, up to 09:58:19 ET...
    1,385,571 ticks, up to 10:00:06 ET...
    1,396,598 ticks, up to 10:01:09 ET...
    1,409,312 ticks, up to 10:02:02 ET...
    1,421,761 ticks, up to 10:02:29 ET...
    1,433,310 ticks, up to 10:03:07 ET...
    1,445,801 ticks, up to 10:03:37 ET...
    1,457,413 ticks, up to 10:04:03 ET...
    1,468,907 ticks, up to 10:04:49 ET...
    1,480,352 ticks, up to 10:05:40 ET...
    1,491,988 ticks, up to 10:06:19 ET...
    1,504,464 ticks, up to 10:07:13 ET...
    1,515,203 ticks, up to 10:08:01 ET...
    1,526,215 ticks, up to 10:09:04 ET...
    1,538,548 ticks, up to 10:10:14 ET...
    1,550,084 ticks, up to 10:11:14 ET...
    1,561,993 ticks, up to 10:12:07 ET...
    1,575,472 ticks, up to 10:12:26 ET...
    1,586,768 ticks, up to 10:13:17 ET...
    1,597,423 ticks, up to 10:14:45 ET...
    1,608,136 ticks, up to 10:16:53 ET...
    1,618,567 ticks, up to 10:18:35 ET...
    1,629,754 ticks, up to 10:20:59 ET...
    1,641,482 ticks, up to 10:23:02 ET...
    1,652,969 ticks, up to 10:25:19 ET...
    1,664,654 ticks, up to 10:26:47 ET...
    1,675,094 ticks, up to 10:29:25 ET...
    1,686,251 ticks, up to 10:31:10 ET...
    1,697,237 ticks, up to 10:32:58 ET...
    1,707,991 ticks, up to 10:34:47 ET...
    1,718,846 ticks, up to 10:36:35 ET...
    1,729,509 ticks, up to 10:38:40 ET...
    1,740,258 ticks, up to 10:41:25 ET...
    1,750,580 ticks, up to 10:44:43 ET...
    1,761,018 ticks, up to 10:48:48 ET...
    1,773,710 ticks, up to 10:50:40 ET...
    1,785,349 ticks, up to 10:51:22 ET...
    1,796,418 ticks, up to 10:53:28 ET...
    1,806,583 ticks, up to 10:57:49 ET...
    1,817,001 ticks, up to 11:01:33 ET...
    1,827,568 ticks, up to 11:07:03 ET...
    1,838,767 ticks, up to 11:09:46 ET...
    1,850,380 ticks, up to 11:10:58 ET...
    1,860,993 ticks, up to 11:14:34 ET...
    1,872,448 ticks, up to 11:18:12 ET...
    1,882,638 ticks, up to 11:21:58 ET...
    1,893,888 ticks, up to 11:26:29 ET...
    1,905,704 ticks, up to 11:27:54 ET...
    1,916,394 ticks, up to 11:29:21 ET...
    1,927,989 ticks, up to 11:30:58 ET...
    1,938,473 ticks, up to 11:35:38 ET...
    1,948,685 ticks, up to 11:42:46 ET...
    1,959,307 ticks, up to 11:48:11 ET...
    1,969,448 ticks, up to 11:56:23 ET...
    1,979,903 ticks, up to 12:00:41 ET...
    1,990,288 ticks, up to 12:03:26 ET...
    2,000,580 ticks, up to 12:08:13 ET...
    2,011,125 ticks, up to 12:12:47 ET...
    2,021,571 ticks, up to 12:17:49 ET...
    2,032,484 ticks, up to 12:21:48 ET...
    2,042,978 ticks, up to 12:24:17 ET...
    2,053,314 ticks, up to 12:29:17 ET...
    2,063,860 ticks, up to 12:38:41 ET...
    2,074,125 ticks, up to 12:48:28 ET...
    2,084,427 ticks, up to 12:57:30 ET...
    2,095,684 ticks, up to 12:59:56 ET...
    2,107,384 ticks, up to 13:01:44 ET...
    2,118,303 ticks, up to 13:05:52 ET...
    2,128,488 ticks, up to 13:15:14 ET...
    2,138,967 ticks, up to 13:22:58 ET...
    2,149,209 ticks, up to 13:35:54 ET...
    2,159,489 ticks, up to 13:47:09 ET...
    2,170,850 ticks, up to 13:49:42 ET...
    2,181,335 ticks, up to 13:54:55 ET...
    2,191,617 ticks, up to 14:04:55 ET...
    2,202,490 ticks, up to 14:13:47 ET...
    2,212,705 ticks, up to 14:20:33 ET...
    2,223,245 ticks, up to 14:32:38 ET...
    2,233,552 ticks, up to 14:52:22 ET...
    2,243,664 ticks, up to 15:04:02 ET...
  Saved 2243664 ticks → /Users/duffy/warrior_bot_v2/tick_cache/2026-04-01/CYCN.json.gz
    (extended: 2,243,664 → 2,243,664 ticks)

[2026-04-02] Fetching 1 symbols...
  [2026-04-02] SKYQ...
    10,482 ticks, up to 07:05:10 ET...
    20,964 ticks, up to 07:08:07 ET...
    31,318 ticks, up to 07:10:48 ET...
    41,887 ticks, up to 07:14:04 ET...
    53,386 ticks, up to 07:15:50 ET...
    64,470 ticks, up to 07:16:52 ET...
    75,955 ticks, up to 07:17:29 ET...
    86,748 ticks, up to 07:18:30 ET...
    97,820 ticks, up to 07:19:55 ET...
    108,510 ticks, up to 07:21:02 ET...
    119,553 ticks, up to 07:22:08 ET...
    130,807 ticks, up to 07:23:00 ET...
    141,942 ticks, up to 07:23:51 ET...
    153,181 ticks, up to 07:24:25 ET...
    164,228 ticks, up to 07:25:40 ET...
    176,752 ticks, up to 07:26:08 ET...
    187,633 ticks, up to 07:27:33 ET...
    198,921 ticks, up to 07:28:28 ET...
    211,341 ticks, up to 07:29:02 ET...
    223,292 ticks, up to 07:29:23 ET...
    233,848 ticks, up to 07:30:45 ET...
    245,711 ticks, up to 07:31:26 ET...
    257,321 ticks, up to 07:32:04 ET...
    268,673 ticks, up to 07:32:43 ET...
    279,719 ticks, up to 07:33:35 ET...
    290,869 ticks, up to 07:34:39 ET...
    303,330 ticks, up to 07:35:01 ET...
    314,450 ticks, up to 07:35:44 ET...
    325,549 ticks, up to 07:36:31 ET...
    338,200 ticks, up to 07:36:58 ET...
    349,938 ticks, up to 07:37:28 ET...
    361,429 ticks, up to 07:38:13 ET...
    374,270 ticks, up to 07:38:31 ET...
    385,986 ticks, up to 07:38:59 ET...
    398,004 ticks, up to 07:39:28 ET...
    408,932 ticks, up to 07:40:26 ET...
    419,652 ticks, up to 07:41:45 ET...
    431,655 ticks, up to 07:42:22 ET...
    442,658 ticks, up to 07:43:28 ET...
    453,695 ticks, up to 07:44:31 ET...
    464,404 ticks, up to 07:45:56 ET...
    475,163 ticks, up to 07:47:25 ET...
    486,581 ticks, up to 07:49:27 ET...
    497,170 ticks, up to 07:51:11 ET...
    507,910 ticks, up to 07:54:00 ET...
    519,218 ticks, up to 07:55:02 ET...
    529,754 ticks, up to 07:56:56 ET...
    540,128 ticks, up to 07:59:24 ET...
    550,562 ticks, up to 08:01:50 ET...
    561,924 ticks, up to 08:04:05 ET...
    572,541 ticks, up to 08:06:13 ET...
    583,389 ticks, up to 08:08:27 ET...
    593,954 ticks, up to 08:11:07 ET...
    604,967 ticks, up to 08:13:22 ET...
    615,412 ticks, up to 08:16:01 ET...
    625,771 ticks, up to 08:19:28 ET...
    636,952 ticks, up to 08:20:20 ET...
    647,516 ticks, up to 08:22:09 ET...
    657,975 ticks, up to 08:24:29 ET...
    668,459 ticks, up to 08:29:34 ET...
    678,692 ticks, up to 08:34:48 ET...
    689,009 ticks, up to 08:39:26 ET...
    699,427 ticks, up to 08:45:19 ET...
    709,653 ticks, up to 08:51:12 ET...
    719,902 ticks, up to 08:56:07 ET...
    732,088 ticks, up to 08:56:38 ET...
    743,981 ticks, up to 08:57:05 ET...
    755,647 ticks, up to 08:57:41 ET...
    767,367 ticks, up to 08:58:39 ET...
    778,898 ticks, up to 08:59:31 ET...
    789,936 ticks, up to 09:00:07 ET...
    801,423 ticks, up to 09:00:48 ET...
    812,750 ticks, up to 09:01:45 ET...
    825,288 ticks, up to 09:02:10 ET...
    835,741 ticks, up to 09:03:52 ET...
    846,668 ticks, up to 09:05:54 ET...
    856,944 ticks, up to 09:10:53 ET...
    867,792 ticks, up to 09:15:39 ET...
    878,313 ticks, up to 09:20:20 ET...
    888,511 ticks, up to 09:26:41 ET...
    899,167 ticks, up to 09:30:10 ET...
    910,538 ticks, up to 09:30:37 ET...
    922,033 ticks, up to 09:31:28 ET...
    932,616 ticks, up to 09:32:58 ET...
    943,819 ticks, up to 09:35:03 ET...
    955,875 ticks, up to 09:35:31 ET...
    966,408 ticks, up to 09:37:05 ET...
    977,343 ticks, up to 09:38:04 ET...
    988,173 ticks, up to 09:39:29 ET...
    999,141 ticks, up to 09:41:09 ET...
    1,009,915 ticks, up to 09:42:39 ET...
    1,020,527 ticks, up to 09:44:33 ET...
    1,031,185 ticks, up to 09:46:36 ET...
    1,042,401 ticks, up to 09:48:40 ET...
    1,054,444 ticks, up to 09:49:43 ET...
    1,065,264 ticks, up to 09:51:11 ET...
    1,075,710 ticks, up to 09:53:43 ET...
    1,086,837 ticks, up to 09:54:56 ET...
    1,097,178 ticks, up to 09:58:43 ET...
    1,107,663 ticks, up to 10:02:20 ET...
    1,118,088 ticks, up to 10:06:39 ET...
    1,128,447 ticks, up to 10:13:09 ET...
    1,138,939 ticks, up to 10:18:14 ET...
    1,149,183 ticks, up to 10:26:44 ET...
    1,160,129 ticks, up to 10:29:47 ET...
    1,170,272 ticks, up to 10:34:58 ET...
    1,180,851 ticks, up to 10:38:38 ET...
    1,191,213 ticks, up to 10:47:45 ET...
    1,201,645 ticks, up to 10:57:28 ET...
    1,211,971 ticks, up to 11:06:27 ET...
    1,222,154 ticks, up to 11:15:51 ET...
    1,232,328 ticks, up to 11:22:17 ET...
    1,242,558 ticks, up to 11:31:41 ET...
    1,252,690 ticks, up to 11:38:38 ET...
    1,262,941 ticks, up to 11:51:26 ET...
    1,273,179 ticks, up to 12:10:43 ET...
    1,283,901 ticks, up to 12:15:09 ET...
    1,294,436 ticks, up to 12:17:56 ET...
    1,304,889 ticks, up to 12:21:06 ET...
    1,315,116 ticks, up to 12:28:20 ET...
    1,325,660 ticks, up to 12:39:08 ET...
    1,335,964 ticks, up to 12:52:15 ET...
    1,346,064 ticks, up to 13:12:07 ET...
    1,356,746 ticks, up to 13:21:23 ET...
    1,367,448 ticks, up to 13:23:53 ET...
    1,377,951 ticks, up to 13:28:15 ET...
    1,388,046 ticks, up to 13:37:23 ET...
    1,398,815 ticks, up to 13:42:31 ET...
    1,409,223 ticks, up to 13:46:51 ET...
    1,419,749 ticks, up to 13:50:05 ET...
    1,429,966 ticks, up to 13:57:40 ET...
    1,440,153 ticks, up to 14:07:21 ET...
    1,451,283 ticks, up to 14:11:03 ET...
    1,461,582 ticks, up to 14:18:31 ET...
    1,471,868 ticks, up to 14:28:38 ET...
    1,482,539 ticks, up to 14:40:37 ET...
    1,492,639 ticks, up to 14:54:37 ET...
    1,502,788 ticks, up to 15:03:21 ET...
    1,513,756 ticks, up to 15:15:48 ET...
    1,523,932 ticks, up to 15:31:18 ET...
    1,534,250 ticks, up to 15:43:37 ET...
    1,544,621 ticks, up to 15:50:55 ET...
    1,555,150 ticks, up to 15:58:33 ET...
    1,565,379 ticks, up to 16:05:38 ET...
    1,575,447 ticks, up to 16:24:51 ET...
    1,585,609 ticks, up to 16:37:07 ET...
    1,595,785 ticks, up to 17:04:04 ET...
    1,605,921 ticks, up to 17:57:18 ET...
  Saved 1614418 ticks → /Users/duffy/warrior_bot_v2/tick_cache/2026-04-02/SKYQ.json.gz
    (extended: 1,614,418 → 1,614,418 ticks)

[2026-04-03] Fetching 12 symbols...
  [2026-04-03] SKYQ...
  SKYQ: no ticks
  [2026-04-03] LUD...
  LUD: no ticks
  [2026-04-03] GVH...
  GVH: no ticks
  [2026-04-03] TURB...
  TURB: no ticks
  [2026-04-03] LUNL...
  LUNL: no ticks
  [2026-04-03] VOYX...
Error 200, reqId 4715: No security definition has been found for the request, contract: Stock(symbol='VOYX', exchange='SMART', currency='USD')
Unknown contract: Stock(symbol='VOYX', exchange='SMART', currency='USD')
Error 200, reqId 4716: No security definition has been found for the request, contract: Stock(symbol='VOYX', exchange='SMART', currency='USD')
  VOYX: no ticks
  [2026-04-03] VELO...
  VELO: no ticks
  [2026-04-03] MGRT...
  MGRT: no ticks
  [2026-04-03] ICU...
  ICU: no ticks
  [2026-04-03] LABX...
  LABX: no ticks
  [2026-04-03] ILAG...
  ILAG: no ticks
  [2026-04-03] ONDU...
  ONDU: no ticks

[2026-04-06] Fetching 5 symbols...
  [2026-04-06] PRFX...
    10,248 ticks, up to 06:34:47 ET...
    21,028 ticks, up to 06:37:22 ET...
    32,131 ticks, up to 06:38:53 ET...
    42,504 ticks, up to 06:41:25 ET...
    53,208 ticks, up to 06:44:31 ET...
    63,530 ticks, up to 06:48:19 ET...
    74,419 ticks, up to 06:49:07 ET...
    85,054 ticks, up to 06:50:25 ET...
    95,635 ticks, up to 06:52:37 ET...
    106,461 ticks, up to 06:56:04 ET...
    116,962 ticks, up to 06:59:31 ET...
    130,015 ticks, up to 07:00:50 ET...
    140,836 ticks, up to 07:02:23 ET...
    151,603 ticks, up to 07:04:13 ET...
    161,957 ticks, up to 07:06:53 ET...
    172,289 ticks, up to 07:11:01 ET...
    182,836 ticks, up to 07:13:16 ET...
    193,244 ticks, up to 07:18:15 ET...
    203,569 ticks, up to 07:23:46 ET...
    213,626 ticks, up to 07:46:24 ET...
    225,399 ticks, up to 08:11:04 ET...
    235,642 ticks, up to 09:36:24 ET...
    246,012 ticks, up to 09:47:31 ET...
    256,230 ticks, up to 10:36:01 ET...
    266,367 ticks, up to 12:50:23 ET...
    275,752 ticks, up to 19:59:19 ET...
  Saved 275752 ticks → /Users/duffy/warrior_bot_v2/tick_cache/2026-04-06/PRFX.json.gz
    (extended: 52,364 → 275,752 ticks)
  [2026-04-06] MLEC...
    10,479 ticks, up to 07:23:47 ET...
    21,274 ticks, up to 07:24:35 ET...
    32,264 ticks, up to 07:26:19 ET...
    42,748 ticks, up to 07:28:35 ET...
    53,180 ticks, up to 07:30:42 ET...
    63,645 ticks, up to 07:34:04 ET...
    74,616 ticks, up to 07:35:03 ET...
    85,582 ticks, up to 07:36:05 ET...
    96,038 ticks, up to 07:38:46 ET...
    108,416 ticks, up to 07:39:36 ET...
    120,235 ticks, up to 07:40:22 ET...
    131,018 ticks, up to 07:42:23 ET...
    141,416 ticks, up to 07:44:49 ET...
    152,243 ticks, up to 07:46:10 ET...
    162,553 ticks, up to 07:51:34 ET...
    172,985 ticks, up to 07:56:11 ET...
    184,765 ticks, up to 08:12:38 ET...
    195,897 ticks, up to 08:44:15 ET...
    206,044 ticks, up to 09:43:07 ET...
    216,210 ticks, up to 10:08:35 ET...
    226,473 ticks, up to 10:51:06 ET...
    236,896 ticks, up to 13:56:09 ET...
    246,947 ticks, up to 16:04:35 ET...
  Saved 249985 ticks → /Users/duffy/warrior_bot_v2/tick_cache/2026-04-06/MLEC.json.gz
    (extended: 27,038 → 249,985 ticks)
  [2026-04-06] FCUV...
    10,673 ticks, up to 07:48:42 ET...
    21,189 ticks, up to 07:50:42 ET...
    32,109 ticks, up to 07:52:12 ET...
    42,623 ticks, up to 07:53:25 ET...
    53,610 ticks, up to 07:54:35 ET...
    64,423 ticks, up to 07:55:23 ET...
    75,188 ticks, up to 07:57:01 ET...
    86,277 ticks, up to 07:58:00 ET...
    96,728 ticks, up to 07:59:54 ET...
    108,284 ticks, up to 08:00:51 ET...
    119,526 ticks, up to 08:02:37 ET...
    130,168 ticks, up to 08:05:59 ET...
    140,835 ticks, up to 08:08:18 ET...
    151,265 ticks, up to 08:11:09 ET...
    163,200 ticks, up to 08:11:57 ET...
    174,207 ticks, up to 08:12:57 ET...
    185,008 ticks, up to 08:14:41 ET...
    195,962 ticks, up to 08:16:00 ET...
    206,225 ticks, up to 08:19:22 ET...
    216,755 ticks, up to 08:23:41 ET...
    227,033 ticks, up to 08:28:13 ET...
    237,473 ticks, up to 08:32:17 ET...
    247,857 ticks, up to 08:36:28 ET...
    258,014 ticks, up to 08:42:12 ET...
    268,259 ticks, up to 08:49:41 ET...
    278,606 ticks, up to 08:53:09 ET...
    288,891 ticks, up to 08:59:44 ET...
    299,050 ticks, up to 09:08:25 ET...
    309,378 ticks, up to 09:12:26 ET...
    319,531 ticks, up to 09:20:35 ET...
    330,225 ticks, up to 09:30:16 ET...
    340,811 ticks, up to 09:31:58 ET...
    351,586 ticks, up to 09:34:43 ET...
    362,484 ticks, up to 09:35:49 ET...
    373,567 ticks, up to 09:41:24 ET...
    386,427 ticks, up to 09:46:55 ET...
    397,745 ticks, up to 09:47:39 ET...
    409,862 ticks, up to 09:47:57 ET...
    420,887 ticks, up to 09:48:52 ET...
    432,035 ticks, up to 09:50:06 ET...
    443,146 ticks, up to 09:52:30 ET...
    454,282 ticks, up to 09:58:26 ET...
    464,647 ticks, up to 10:01:24 ET...
    475,084 ticks, up to 10:04:55 ET...
    485,395 ticks, up to 10:09:00 ET...
    495,816 ticks, up to 10:13:36 ET...
    506,010 ticks, up to 10:19:15 ET...
    516,225 ticks, up to 10:29:36 ET...
    526,491 ticks, up to 10:38:28 ET...
    536,750 ticks, up to 10:51:25 ET...
    546,804 ticks, up to 11:09:55 ET...
    556,940 ticks, up to 11:25:00 ET...
    567,101 ticks, up to 11:44:27 ET...
    577,178 ticks, up to 12:11:17 ET...
    587,225 ticks, up to 12:44:41 ET...
    597,292 ticks, up to 13:02:23 ET...
    607,635 ticks, up to 13:57:03 ET...
    617,906 ticks, up to 14:57:38 ET...
    628,042 ticks, up to 15:29:25 ET...
    638,115 ticks, up to 15:55:22 ET...
    648,270 ticks, up to 18:52:44 ET...
  Saved 648910 ticks → /Users/duffy/warrior_bot_v2/tick_cache/2026-04-06/FCUV.json.gz
    (extended: 92,093 → 648,910 ticks)
  [2026-04-06] IOTR...
    10,263 ticks, up to 08:30:52 ET...
    20,743 ticks, up to 08:36:31 ET...
    31,303 ticks, up to 08:37:59 ET...
    42,711 ticks, up to 08:38:39 ET...
    53,430 ticks, up to 08:39:59 ET...
    64,126 ticks, up to 08:41:15 ET...
    74,386 ticks, up to 08:44:54 ET...
    84,565 ticks, up to 08:55:41 ET...
    94,933 ticks, up to 09:09:08 ET...
    105,082 ticks, up to 11:40:04 ET...
  Saved 109103 ticks → /Users/duffy/warrior_bot_v2/tick_cache/2026-04-06/IOTR.json.gz
    (extended: 109,103 → 109,103 ticks)
  [2026-04-06] PFSA...
    11,053 ticks, up to 04:03:48 ET...
    21,545 ticks, up to 04:05:58 ET...
    31,807 ticks, up to 04:08:54 ET...
    42,067 ticks, up to 04:12:33 ET...
    52,463 ticks, up to 04:21:44 ET...
    62,755 ticks, up to 04:30:04 ET...
    72,973 ticks, up to 04:40:09 ET...
    83,488 ticks, up to 04:47:28 ET...
    93,568 ticks, up to 05:01:40 ET...
    103,684 ticks, up to 05:26:06 ET...
    113,771 ticks, up to 06:00:48 ET...
    123,963 ticks, up to 06:06:20 ET...
    134,027 ticks, up to 06:14:29 ET...
    144,195 ticks, up to 06:29:39 ET...
    154,543 ticks, up to 07:00:38 ET...
    165,227 ticks, up to 07:04:05 ET...
    175,596 ticks, up to 07:07:43 ET...
    186,008 ticks, up to 07:09:04 ET...
    196,384 ticks, up to 07:11:23 ET...
    206,997 ticks, up to 07:12:47 ET...
    217,963 ticks, up to 07:14:08 ET...
    228,736 ticks, up to 07:15:51 ET...
    239,015 ticks, up to 07:18:27 ET...
    249,583 ticks, up to 07:21:16 ET...
    260,048 ticks, up to 07:23:19 ET...
    270,755 ticks, up to 07:25:29 ET...
    280,991 ticks, up to 07:31:05 ET...
    291,144 ticks, up to 07:40:54 ET...
    301,442 ticks, up to 07:47:15 ET...
    311,683 ticks, up to 07:57:19 ET...
    322,294 ticks, up to 08:07:58 ET...
    332,364 ticks, up to 08:24:34 ET...
    342,720 ticks, up to 08:40:18 ET...
    352,906 ticks, up to 08:50:18 ET...
    363,218 ticks, up to 08:56:58 ET...
    373,843 ticks, up to 08:58:34 ET...
    384,292 ticks, up to 09:01:42 ET...
    394,558 ticks, up to 09:07:10 ET...
    404,671 ticks, up to 09:16:39 ET...
Error 1100, reqId -1: Connectivity between IBKR and Trader Workstation has been lost.
Error 1100, reqId -1: Connectivity between IBKR and Trader Workstation has been lost.
Error 1100, reqId -1: Connectivity between IBKR and Trader Workstation has been lost.
Error 1100, reqId -1: Connectivity between IBKR and Trader Workstation has been lost.
Error 1102, reqId -1: Connectivity between IBKR and Trader Workstation has been restored - data maintained. All data farms are connected: usfarm; ushmds; secdefil.
Peer closed connection.
  Error fetching ticks at 20260406 13:18:17 UTC: Socket disconnect
  SKIP SAVE: PFSA new=405677 < existing=831566 — keeping existing

[2026-04-07] Fetching 2 symbols...
  [2026-04-07] ADVB...
  Could not qualify ADVB: Not connected
  ADVB: no ticks
  [2026-04-07] KPRX...
  Could not qualify KPRX: Not connected
  KPRX: no ticks

[2026-04-08] Fetching 5 symbols...
  [2026-04-08] BBGI...
  Could not qualify BBGI: Not connected
  BBGI: no ticks
  [2026-04-08] CLIK...
  Could not qualify CLIK: Not connected
  CLIK: no ticks
  [2026-04-08] UCAR...
  Could not qualify UCAR: Not connected
  UCAR: no ticks
  [2026-04-08] MIGI...
  Could not qualify MIGI: Not connected
  MIGI: no ticks
  [2026-04-08] ELPW...
  Could not qualify ELPW: Not connected
  ELPW: no ticks

[2026-04-10] Fetching 2 symbols...
  [2026-04-10] SQFT...
  Could not qualify SQFT: Not connected
  SQFT: no ticks
  [2026-04-10] IQST...
  Could not qualify IQST: Not connected
  IQST: no ticks

[2026-04-13] Fetching 2 symbols...
  [2026-04-13] IMA...
  Could not qualify IMA: Not connected
  IMA: no ticks
  [2026-04-13] RECT...
  Could not qualify RECT: Not connected
  RECT: no ticks

[2026-04-14] Fetching 1 symbols...
  [2026-04-14] ROLR...
  Could not qualify ROLR: Not connected
  ROLR: no ticks

[2026-04-15] Fetching 3 symbols...
  [2026-04-15] CIIT...
  Could not qualify CIIT: Not connected
  CIIT: no ticks
  [2026-04-15] BIRD...
  Could not qualify BIRD: Not connected
  BIRD: no ticks
  [2026-04-15] VNCE...
  Could not qualify VNCE: Not connected
  VNCE: no ticks

[2026-04-16] Fetching 2 symbols...
  [2026-04-16] MYSE...
  Could not qualify MYSE: Not connected
  MYSE: no ticks
  [2026-04-16] BTOG...
  Could not qualify BTOG: Not connected
  BTOG: no ticks

[2026-04-20] Fetching 1 symbols...
  [2026-04-20] WLDS...
  Could not qualify WLDS: Not connected
  WLDS: no ticks

[2026-04-21] Fetching 9 symbols...
  [2026-04-21] XRTX...
  Could not qualify XRTX: Not connected
  XRTX: no ticks
  [2026-04-21] CLIK...
  Could not qualify CLIK: Not connected
  CLIK: no ticks
  [2026-04-21] LOCL...
  Could not qualify LOCL: Not connected
  LOCL: no ticks
  [2026-04-21] SPRC...
  Could not qualify SPRC: Not connected
  SPRC: no ticks
  [2026-04-21] VELO...
  Could not qualify VELO: Not connected
  VELO: no ticks
  [2026-04-21] BATL...
  Could not qualify BATL: Not connected
  BATL: no ticks
  [2026-04-21] AIFF...
  Could not qualify AIFF: Not connected
  AIFF: no ticks
  [2026-04-21] SPPL...
  Could not qualify SPPL: Not connected
  SPPL: no ticks
  [2026-04-21] UNHG...
  Could not qualify UNHG: Not connected
  UNHG: no ticks

[2026-04-22] Fetching 1 symbols...
  [2026-04-22] DCX...
  Could not qualify DCX: Not connected
  DCX: no ticks

[2026-04-23] Fetching 2 symbols...
  [2026-04-23] AKAN...
  Could not qualify AKAN: Not connected
  AKAN: no ticks
  [2026-04-23] MVO...
  Could not qualify MVO: Not connected
  MVO: no ticks

[2026-04-24] Fetching 4 symbols...
  [2026-04-24] ARTL...
  Could not qualify ARTL: Not connected
  ARTL: no ticks
  [2026-04-24] CISS...
  Could not qualify CISS: Not connected
  CISS: no ticks
  [2026-04-24] ELPW...
  Could not qualify ELPW: Not connected
  ELPW: no ticks
  [2026-04-24] MIGI...
  Could not qualify MIGI: Not connected
  MIGI: no ticks

[2026-04-27] Fetching 2 symbols...
  [2026-04-27] CLIK...
  Could not qualify CLIK: Not connected
  CLIK: no ticks
  [2026-04-27] ELPW...
  Could not qualify ELPW: Not connected
  ELPW: no ticks

[2026-04-28] Fetching 9 symbols...
  [2026-04-28] SBLX...
  Could not qualify SBLX: Not connected
  SBLX: no ticks
  [2026-04-28] AKAN...
  Could not qualify AKAN: Not connected
  AKAN: no ticks
  [2026-04-28] NEXR...
  Could not qualify NEXR: Not connected
  NEXR: no ticks
  [2026-04-28] DRCT...
  Could not qualify DRCT: Not connected
  DRCT: no ticks
  [2026-04-28] IREZ...
  Could not qualify IREZ: Not connected
  IREZ: no ticks
  [2026-04-28] EDSA...
  Could not qualify EDSA: Not connected
  EDSA: no ticks
  [2026-04-28] SPPL...
  Could not qualify SPPL: Not connected
  SPPL: no ticks
  [2026-04-28] DAMD...
  Could not qualify DAMD: Not connected
  DAMD: no ticks
  [2026-04-28] BEZ...
  Could not qualify BEZ: Not connected
  BEZ: no ticks

[2026-04-29] Fetching 9 symbols...
  [2026-04-29] AKAN...
  Could not qualify AKAN: Not connected
  AKAN: no ticks
  [2026-04-29] MIGI...
  Could not qualify MIGI: Not connected
  MIGI: no ticks
  [2026-04-29] ROLR...
  Could not qualify ROLR: Not connected
  ROLR: no ticks
  [2026-04-29] SKYQ...
  Could not qualify SKYQ: Not connected
  SKYQ: no ticks
  [2026-04-29] XTLB...
  Could not qualify XTLB: Not connected
  XTLB: no ticks
  [2026-04-29] SAGT...
  Could not qualify SAGT: Not connected
  SAGT: no ticks
  [2026-04-29] RDAC...
  Could not qualify RDAC: Not connected
  RDAC: no ticks
  [2026-04-29] CRWG...
  Could not qualify CRWG: Not connected
  CRWG: no ticks
  [2026-04-29] AXIL...
  Could not qualify AXIL: Not connected
  AXIL: no ticks

[2026-04-30] Fetching 2 symbols...
  [2026-04-30] FATN...
  Could not qualify FATN: Not connected
  FATN: no ticks
  [2026-04-30] CANF...
  Could not qualify CANF: Not connected
  CANF: no ticks

Done. Fetched ticks for 9 symbol-dates.
