============================================================
  YTD 2026 SQ+DP | Windows: 07:00-12:00, 16:00-20:00
  59 trading days, starting $30,000
  Progress тЖТ /Users/duffy/warrior_bot_v2/backtest_status/ytd_sq_dp.md
============================================================
[4/59] 2026-01-06: тАФ
[6/59] 2026-01-08: 3 trades, $+907, eq=$30,907
[7/59] 2026-01-09: тАФ
[8/59] 2026-01-12: 5 trades, $+1,042, eq=$31,949
[9/59] 2026-01-13: 5 trades, $+20,833, eq=$52,782
[10/59] 2026-01-14: 3 trades, $+22,163, eq=$74,945
[11/59] 2026-01-15: 5 trades, $+6,826, eq=$81,771
[12/59] 2026-01-16: 5 trades, $+1,033, eq=$82,804
[13/59] 2026-01-20: 5 trades, $+15,276, eq=$98,080
[14/59] 2026-01-21: 1 trades, $+7,815, eq=$105,895
[15/59] 2026-01-22: 3 trades, $+468, eq=$106,363
[16/59] 2026-01-23: 4 trades, $+10,302, eq=$116,665
[17/59] 2026-01-26: 3 trades, $+6,665, eq=$123,330
[18/59] 2026-01-27: 2 trades, $-662, eq=$122,668
[19/59] 2026-01-28: тАФ
[20/59] 2026-01-29: тАФ
[21/59] 2026-01-30: тАФ
[22/59] 2026-02-02: тАФ
[23/59] 2026-02-03: 3 trades, $+70,771, eq=$193,439
[24/59] 2026-02-04: тАФ
[25/59] 2026-02-05: тАФ
[26/59] 2026-02-06: 2 trades, $+17,094, eq=$210,533
[28/59] 2026-02-10: тАФ
[29/59] 2026-02-11: тАФ
[31/59] 2026-02-13: тАФ
[32/59] 2026-02-17: тАФ
[33/59] 2026-02-18: тАФ
[34/59] 2026-02-19: 4 trades, $+4,316, eq=$214,849
[35/59] 2026-02-20: 1 trades, $-980, eq=$213,869
[40/59] 2026-02-27: тАФ
[41/59] 2026-03-02: 1 trades, $+1,158, eq=$215,027
[43/59] 2026-03-04: тАФ
[44/59] 2026-03-05: 1 trades, $+4,779, eq=$219,806
[45/59] 2026-03-06: 2 trades, $+33,782, eq=$253,588
[46/59] 2026-03-09: тАФ
[47/59] 2026-03-10: 2 trades, $+4,815, eq=$258,403
[48/59] 2026-03-11: тАФ
[49/59] 2026-03-12: тАФ
[50/59] 2026-03-13: тАФ
[52/59] 2026-03-18: тАФ
[53/59] 2026-03-19: 1 trades, $+1,429, eq=$259,832
[55/59] 2026-03-23: 3 trades, $+5,761, eq=$265,593
[56/59] 2026-03-24: 2 trades, $-3,574, eq=$262,019
[58/59] 2026-03-26: 5 trades, $+4,292, eq=$266,311

============================================================
  FINAL: YTD 2026 SQ+DP
  Trades: 71, WR: 71% (50W/20L)
  P&L: $+236,311 (+787.7%)
  Equity: $266,311
============================================================
