
>>> Running Config A: SQ-Only <<<

============================================================
  Config A (SQ-Only) 2026-01-02 to 2026-03-27 | Windows: 07:00-12:00, 16:00-20:00
  59 trading days, starting $30,000
  Progress → /Users/duffy/warrior_bot_v2/backtest_status/ytd_ab_a.md
============================================================
[4/59] 2026-01-06: —
[6/59] 2026-01-08: 2 trades, $+877, eq=$30,877
[7/59] 2026-01-09: —
[8/59] 2026-01-12: 3 trades, $+1,654, eq=$32,531
[9/59] 2026-01-13: 3 trades, $+23,362, eq=$55,893
[10/59] 2026-01-14: 3 trades, $+23,459, eq=$79,352
[11/59] 2026-01-15: 6 trades, $+18,878, eq=$98,230
[12/59] 2026-01-16: 2 trades, $+2,805, eq=$101,035
[13/59] 2026-01-20: 3 trades, $+11,842, eq=$112,877
[14/59] 2026-01-21: 1 trades, $+8,991, eq=$121,868
[15/59] 2026-01-22: 2 trades, $+1,632, eq=$123,500
[16/59] 2026-01-23: 3 trades, $+12,992, eq=$136,492
[17/59] 2026-01-26: 3 trades, $+6,665, eq=$143,157
[18/59] 2026-01-27: 2 trades, $-662, eq=$142,495
[19/59] 2026-01-28: —
[20/59] 2026-01-29: —
[21/59] 2026-01-30: —
[22/59] 2026-02-02: —
[23/59] 2026-02-03: 3 trades, $+70,771, eq=$213,266
[24/59] 2026-02-04: —
[25/59] 2026-02-05: —
[26/59] 2026-02-06: 2 trades, $+17,094, eq=$230,360
[28/59] 2026-02-10: —
[29/59] 2026-02-11: —
[31/59] 2026-02-13: —
[32/59] 2026-02-17: —
[33/59] 2026-02-18: —
[34/59] 2026-02-19: 3 trades, $+7,737, eq=$238,097
[35/59] 2026-02-20: —
[40/59] 2026-02-27: —
[41/59] 2026-03-02: 1 trades, $+1,158, eq=$239,255
[43/59] 2026-03-04: —
[44/59] 2026-03-05: 1 trades, $+4,779, eq=$244,034
[45/59] 2026-03-06: 2 trades, $+33,782, eq=$277,816
[46/59] 2026-03-09: —
[47/59] 2026-03-10: 2 trades, $+4,815, eq=$282,631
[48/59] 2026-03-11: —
[49/59] 2026-03-12: —
[50/59] 2026-03-13: —
[52/59] 2026-03-18: —
[53/59] 2026-03-19: 1 trades, $+1,429, eq=$284,060
[55/59] 2026-03-23: 1 trades, $+4,194, eq=$288,254
[56/59] 2026-03-24: 1 trades, $+2,852, eq=$291,106
[58/59] 2026-03-26: 1 trades, $+3,488, eq=$294,594

============================================================
  FINAL: Config A (SQ-Only) 2026-01-02 to 2026-03-27
  Trades: 51, WR: 94% (47W/3L)
  P&L: $+264,594 (+882.0%)
  Equity: $294,594
============================================================

>>> Running Config B: SQ + MP V2 <<<

============================================================
  Config B (SQ + MP V2) 2026-01-02 to 2026-03-27 | Windows: 07:00-12:00, 16:00-20:00
  59 trading days, starting $30,000
  Progress → /Users/duffy/warrior_bot_v2/backtest_status/ytd_ab_b.md
============================================================
[4/59] 2026-01-06: —
[6/59] 2026-01-08: 3 trades, $+951, eq=$30,951
[7/59] 2026-01-09: —
[8/59] 2026-01-12: 4 trades, $+1,634, eq=$32,585
[9/59] 2026-01-13: 3 trades, $+23,394, eq=$55,979
[10/59] 2026-01-14: 3 trades, $+14,876, eq=$70,855
[11/59] 2026-01-15: 6 trades, $+8,993, eq=$79,848
[12/59] 2026-01-16: 2 trades, $+2,281, eq=$82,129
[13/59] 2026-01-20: 5 trades, $+9,256, eq=$91,385
[14/59] 2026-01-21: 3 trades, $+6,937, eq=$98,322
[15/59] 2026-01-22: 2 trades, $+1,632, eq=$99,954
[16/59] 2026-01-23: 3 trades, $+12,992, eq=$112,946
[17/59] 2026-01-26: 3 trades, $+6,665, eq=$119,611
[18/59] 2026-01-27: 2 trades, $-662, eq=$118,949
[19/59] 2026-01-28: —
[20/59] 2026-01-29: —
[21/59] 2026-01-30: —
[22/59] 2026-02-02: —
[23/59] 2026-02-03: 3 trades, $+70,771, eq=$189,720
[24/59] 2026-02-04: —
[25/59] 2026-02-05: —
[26/59] 2026-02-06: 2 trades, $+17,094, eq=$206,814
[28/59] 2026-02-10: —
[29/59] 2026-02-11: —
[31/59] 2026-02-13: —
[32/59] 2026-02-17: —
[33/59] 2026-02-18: —
[34/59] 2026-02-19: 3 trades, $+7,737, eq=$214,551
[35/59] 2026-02-20: —
[40/59] 2026-02-27: —
[41/59] 2026-03-02: 1 trades, $+1,158, eq=$215,709
[43/59] 2026-03-04: —
[44/59] 2026-03-05: 1 trades, $+4,779, eq=$220,488
[45/59] 2026-03-06: 2 trades, $+33,782, eq=$254,270
[46/59] 2026-03-09: —
[47/59] 2026-03-10: 2 trades, $+4,815, eq=$259,085
[48/59] 2026-03-11: —
[49/59] 2026-03-12: —
[50/59] 2026-03-13: —
[52/59] 2026-03-18: 1 trades, $+2,429, eq=$261,514
[53/59] 2026-03-19: 1 trades, $+1,429, eq=$262,943
[55/59] 2026-03-23: 1 trades, $+4,194, eq=$267,137
[56/59] 2026-03-24: 1 trades, $+2,852, eq=$269,989
[58/59] 2026-03-26: 1 trades, $+3,488, eq=$273,477

============================================================
  FINAL: Config B (SQ + MP V2) 2026-01-02 to 2026-03-27
  Trades: 58, WR: 87% (50W/7L)
  P&L: $+243,477 (+811.6%)
  Equity: $273,477
============================================================

============================================================
  A/B COMPARISON: SQ-Only vs SQ + MP V2
  Period: 2026-01-02 to 2026-03-27 (59 days)
============================================================
  Config A (SQ-Only):   $+264,594 (+882.0%) | 51 trades, 47W/3L
  Config B (SQ+MP V2):  $+243,477 (+811.6%) | 58 trades, 50W/7L
  MP V2 impact:         $-21,117
============================================================
